{"/Users/yiangosstroppos/Documents/MarlowProjects/MarlowApp/aphrodite/aws-exports.js": {"path":"/Users/yiangosstroppos/Documents/MarlowProjects/MarlowApp/aphrodite/aws-exports.js","statementMap":{"0":{"start":{"line":3,"column":19},"end":{"line":3,"column":49}}},"fnMap":{},"branchMap":{},"s":{"0":1},"f":{},"b":{},"_coverageSchema":"1a1c01bbd47fc00a2c39e90264f33305004495a9","hash":"7fbff9ad6587d7d293377ea0ef31bbcb8d5ba17f"}
,"/Users/yiangosstroppos/Documents/MarlowProjects/MarlowApp/aphrodite/assets/icons/more_screen/years_10.png": {"path":"/Users/yiangosstroppos/Documents/MarlowProjects/MarlowApp/aphrodite/assets/icons/more_screen/years_10.png","statementMap":{"0":{"start":{"line":1,"column":0},"end":{"line":1,"column":20}}},"fnMap":{},"branchMap":{},"s":{"0":7},"f":{},"b":{},"inputSourceMap":null,"_coverageSchema":"1a1c01bbd47fc00a2c39e90264f33305004495a9","hash":"4ac7dcfc376d1c9dab76ad1ad28a765ff6e8775c"}
,"/Users/yiangosstroppos/Documents/MarlowProjects/MarlowApp/aphrodite/assets/icons/more_screen/years_25.png": {"path":"/Users/yiangosstroppos/Documents/MarlowProjects/MarlowApp/aphrodite/assets/icons/more_screen/years_25.png","statementMap":{"0":{"start":{"line":1,"column":0},"end":{"line":1,"column":20}}},"fnMap":{},"branchMap":{},"s":{"0":7},"f":{},"b":{},"inputSourceMap":null,"_coverageSchema":"1a1c01bbd47fc00a2c39e90264f33305004495a9","hash":"485adfcba190cfc555cc2e27fdac956d2b827b23"}
,"/Users/yiangosstroppos/Documents/MarlowProjects/MarlowApp/aphrodite/assets/images/ic_nextjob_bg.png": {"path":"/Users/yiangosstroppos/Documents/MarlowProjects/MarlowApp/aphrodite/assets/images/ic_nextjob_bg.png","statementMap":{"0":{"start":{"line":1,"column":0},"end":{"line":1,"column":20}}},"fnMap":{},"branchMap":{},"s":{"0":3},"f":{},"b":{},"inputSourceMap":null,"_coverageSchema":"1a1c01bbd47fc00a2c39e90264f33305004495a9","hash":"25c4d309eef58f5dd65ff88b3417daa7a8337a75"}
,"/Users/yiangosstroppos/Documents/MarlowProjects/MarlowApp/aphrodite/assets/images/ic_pin_small.png": {"path":"/Users/yiangosstroppos/Documents/MarlowProjects/MarlowApp/aphrodite/assets/images/ic_pin_small.png","statementMap":{"0":{"start":{"line":1,"column":0},"end":{"line":1,"column":20}}},"fnMap":{},"branchMap":{},"s":{"0":4},"f":{},"b":{},"inputSourceMap":null,"_coverageSchema":"1a1c01bbd47fc00a2c39e90264f33305004495a9","hash":"ad44ac35c497fbeaeb7c70830901b05b28819a5f"}
,"/Users/yiangosstroppos/Documents/MarlowProjects/MarlowApp/aphrodite/assets/images/marlow_gif.gif": {"path":"/Users/yiangosstroppos/Documents/MarlowProjects/MarlowApp/aphrodite/assets/images/marlow_gif.gif","statementMap":{"0":{"start":{"line":1,"column":0},"end":{"line":1,"column":20}}},"fnMap":{},"branchMap":{},"s":{"0":14},"f":{},"b":{},"inputSourceMap":null,"_coverageSchema":"1a1c01bbd47fc00a2c39e90264f33305004495a9","hash":"5153d66484639c4450a8120aa68f130811b77fbd"}
,"/Users/yiangosstroppos/Documents/MarlowProjects/MarlowApp/aphrodite/src/index.tsx": {"path":"/Users/yiangosstroppos/Documents/MarlowProjects/MarlowApp/aphrodite/src/index.tsx","statementMap":{"0":{"start":{"line":27,"column":0},"end":{"line":35,"column":3}},"1":{"start":{"line":37,"column":0},"end":{"line":37,"column":30}},"2":{"start":{"line":38,"column":0},"end":{"line":41,"column":3}},"3":{"start":{"line":43,"column":30},"end":{"line":43,"column":38}},"4":{"start":{"line":46,"column":0},"end":{"line":46,"column":20}},"5":{"start":{"line":47,"column":27},"end":{"line":47,"column":32}},"6":{"start":{"line":49,"column":12},"end":{"line":144,"column":1}},"7":{"start":{"line":50,"column":16},"end":{"line":50,"column":29}},"8":{"start":{"line":52,"column":2},"end":{"line":81,"column":9}},"9":{"start":{"line":55,"column":4},"end":{"line":59,"column":7}},"10":{"start":{"line":56,"column":6},"end":{"line":58,"column":25}},"11":{"start":{"line":60,"column":4},"end":{"line":67,"column":23}},"12":{"start":{"line":62,"column":8},"end":{"line":65,"column":29}},"13":{"start":{"line":69,"column":4},"end":{"line":80,"column":5}},"14":{"start":{"line":70,"column":6},"end":{"line":79,"column":8}},"15":{"start":{"line":76,"column":27},"end":{"line":76,"column":46}},"16":{"start":{"line":83,"column":2},"end":{"line":104,"column":9}},"17":{"start":{"line":84,"column":20},"end":{"line":101,"column":5}},"18":{"start":{"line":85,"column":27},"end":{"line":85,"column":75}},"19":{"start":{"line":87,"column":8},"end":{"line":87,"column":119}},"20":{"start":{"line":89,"column":23},"end":{"line":92,"column":51}},"21":{"start":{"line":92,"column":23},"end":{"line":92,"column":33}},"22":{"start":{"line":93,"column":6},"end":{"line":100,"column":7}},"23":{"start":{"line":94,"column":8},"end":{"line":94,"column":37}},"24":{"start":{"line":95,"column":13},"end":{"line":100,"column":7}},"25":{"start":{"line":99,"column":8},"end":{"line":99,"column":38}},"26":{"start":{"line":103,"column":4},"end":{"line":103,"column":14}},"27":{"start":{"line":106,"column":26},"end":{"line":122,"column":3}},"28":{"start":{"line":107,"column":4},"end":{"line":121,"column":6}},"29":{"start":{"line":117,"column":25},"end":{"line":117,"column":45}},"30":{"start":{"line":124,"column":2},"end":{"line":143,"column":4}}},"fnMap":{"0":{"name":"(anonymous_0)","decl":{"start":{"line":49,"column":12},"end":{"line":49,"column":13}},"loc":{"start":{"line":49,"column":18},"end":{"line":144,"column":1}},"line":49},"1":{"name":"(anonymous_1)","decl":{"start":{"line":52,"column":12},"end":{"line":52,"column":13}},"loc":{"start":{"line":52,"column":18},"end":{"line":81,"column":3}},"line":52},"2":{"name":"(anonymous_2)","decl":{"start":{"line":55,"column":32},"end":{"line":55,"column":33}},"loc":{"start":{"line":55,"column":63},"end":{"line":59,"column":5}},"line":55},"3":{"name":"(anonymous_3)","decl":{"start":{"line":57,"column":14},"end":{"line":57,"column":15}},"loc":{"start":{"line":57,"column":20},"end":{"line":57,"column":22}},"line":57},"4":{"name":"(anonymous_4)","decl":{"start":{"line":58,"column":15},"end":{"line":58,"column":16}},"loc":{"start":{"line":58,"column":21},"end":{"line":58,"column":23}},"line":58},"5":{"name":"(anonymous_5)","decl":{"start":{"line":61,"column":12},"end":{"line":61,"column":13}},"loc":{"start":{"line":61,"column":29},"end":{"line":66,"column":7}},"line":61},"6":{"name":"(anonymous_6)","decl":{"start":{"line":64,"column":18},"end":{"line":64,"column":19}},"loc":{"start":{"line":64,"column":24},"end":{"line":64,"column":26}},"line":64},"7":{"name":"(anonymous_7)","decl":{"start":{"line":65,"column":19},"end":{"line":65,"column":20}},"loc":{"start":{"line":65,"column":25},"end":{"line":65,"column":27}},"line":65},"8":{"name":"(anonymous_8)","decl":{"start":{"line":67,"column":13},"end":{"line":67,"column":14}},"loc":{"start":{"line":67,"column":19},"end":{"line":67,"column":21}},"line":67},"9":{"name":"(anonymous_9)","decl":{"start":{"line":76,"column":21},"end":{"line":76,"column":22}},"loc":{"start":{"line":76,"column":27},"end":{"line":76,"column":46}},"line":76},"10":{"name":"(anonymous_10)","decl":{"start":{"line":83,"column":12},"end":{"line":83,"column":13}},"loc":{"start":{"line":83,"column":18},"end":{"line":104,"column":3}},"line":83},"11":{"name":"(anonymous_11)","decl":{"start":{"line":84,"column":20},"end":{"line":84,"column":21}},"loc":{"start":{"line":84,"column":32},"end":{"line":101,"column":5}},"line":84},"12":{"name":"(anonymous_12)","decl":{"start":{"line":92,"column":14},"end":{"line":92,"column":15}},"loc":{"start":{"line":92,"column":23},"end":{"line":92,"column":33}},"line":92},"13":{"name":"(anonymous_13)","decl":{"start":{"line":106,"column":26},"end":{"line":106,"column":27}},"loc":{"start":{"line":106,"column":43},"end":{"line":122,"column":3}},"line":106},"14":{"name":"(anonymous_14)","decl":{"start":{"line":117,"column":19},"end":{"line":117,"column":20}},"loc":{"start":{"line":117,"column":25},"end":{"line":117,"column":45}},"line":117}},"branchMap":{"0":{"loc":{"start":{"line":62,"column":8},"end":{"line":65,"column":28}},"type":"binary-expr","locations":[{"start":{"line":62,"column":8},"end":{"line":62,"column":19}},{"start":{"line":63,"column":10},"end":{"line":65,"column":28}}],"line":62},"1":{"loc":{"start":{"line":69,"column":4},"end":{"line":80,"column":5}},"type":"if","locations":[{"start":{"line":69,"column":4},"end":{"line":80,"column":5}},{"start":{"line":69,"column":4},"end":{"line":80,"column":5}}],"line":69},"2":{"loc":{"start":{"line":69,"column":8},"end":{"line":69,"column":64}},"type":"binary-expr","locations":[{"start":{"line":69,"column":8},"end":{"line":69,"column":26}},{"start":{"line":69,"column":30},"end":{"line":69,"column":38}},{"start":{"line":69,"column":42},"end":{"line":69,"column":64}}],"line":69},"3":{"loc":{"start":{"line":93,"column":6},"end":{"line":100,"column":7}},"type":"if","locations":[{"start":{"line":93,"column":6},"end":{"line":100,"column":7}},{"start":{"line":93,"column":6},"end":{"line":100,"column":7}}],"line":93},"4":{"loc":{"start":{"line":93,"column":10},"end":{"line":93,"column":75}},"type":"binary-expr","locations":[{"start":{"line":93,"column":10},"end":{"line":93,"column":31}},{"start":{"line":93,"column":35},"end":{"line":93,"column":75}}],"line":93},"5":{"loc":{"start":{"line":95,"column":13},"end":{"line":100,"column":7}},"type":"if","locations":[{"start":{"line":95,"column":13},"end":{"line":100,"column":7}},{"start":{"line":95,"column":13},"end":{"line":100,"column":7}}],"line":95},"6":{"loc":{"start":{"line":96,"column":8},"end":{"line":97,"column":52}},"type":"binary-expr","locations":[{"start":{"line":96,"column":8},"end":{"line":96,"column":33}},{"start":{"line":97,"column":8},"end":{"line":97,"column":52}}],"line":96}},"s":{"0":1,"1":1,"2":1,"3":1,"4":1,"5":1,"6":1,"7":5,"8":5,"9":5,"10":0,"11":5,"12":5,"13":5,"14":0,"15":0,"16":5,"17":5,"18":5,"19":5,"20":5,"21":5,"22":5,"23":2,"24":3,"25":1,"26":5,"27":5,"28":3,"29":0,"30":5},"f":{"0":5,"1":5,"2":0,"3":0,"4":0,"5":5,"6":0,"7":0,"8":0,"9":0,"10":5,"11":5,"12":5,"13":3,"14":0},"b":{"0":[5,0],"1":[0,5],"2":[5,0,0],"3":[2,3],"4":[5,3],"5":[1,2],"6":[3,2]},"_coverageSchema":"1a1c01bbd47fc00a2c39e90264f33305004495a9","hash":"57c698eb07b7c497dd769500c893f46218a427cd"}
,"/Users/yiangosstroppos/Documents/MarlowProjects/MarlowApp/aphrodite/src/api/assignmentDetailsApi.ts": {"path":"/Users/yiangosstroppos/Documents/MarlowProjects/MarlowApp/aphrodite/src/api/assignmentDetailsApi.ts","statementMap":{"0":{"start":{"line":4,"column":14},"end":{"line":4,"column":15}},"1":{"start":{"line":6,"column":29},"end":{"line":12,"column":1}},"2":{"start":{"line":7,"column":2},"end":{"line":11,"column":5}},"3":{"start":{"line":8,"column":4},"end":{"line":10,"column":14}},"4":{"start":{"line":9,"column":6},"end":{"line":9,"column":70}},"5":{"start":{"line":9,"column":46},"end":{"line":9,"column":65}}},"fnMap":{"0":{"name":"(anonymous_0)","decl":{"start":{"line":6,"column":29},"end":{"line":6,"column":30}},"loc":{"start":{"line":6,"column":77},"end":{"line":12,"column":1}},"line":6},"1":{"name":"(anonymous_1)","decl":{"start":{"line":7,"column":21},"end":{"line":7,"column":22}},"loc":{"start":{"line":7,"column":34},"end":{"line":11,"column":3}},"line":7},"2":{"name":"(anonymous_2)","decl":{"start":{"line":8,"column":15},"end":{"line":8,"column":16}},"loc":{"start":{"line":8,"column":21},"end":{"line":10,"column":5}},"line":8},"3":{"name":"(anonymous_3)","decl":{"start":{"line":9,"column":40},"end":{"line":9,"column":41}},"loc":{"start":{"line":9,"column":46},"end":{"line":9,"column":65}},"line":9}},"branchMap":{},"s":{"0":32,"1":32,"2":7,"3":7,"4":7,"5":11},"f":{"0":7,"1":7,"2":7,"3":11},"b":{},"_coverageSchema":"1a1c01bbd47fc00a2c39e90264f33305004495a9","hash":"19713c7c770a79713684a7e804ad327cdfe8ccf7"}
,"/Users/yiangosstroppos/Documents/MarlowProjects/MarlowApp/aphrodite/src/api/contactApi.ts": {"path":"/Users/yiangosstroppos/Documents/MarlowProjects/MarlowApp/aphrodite/src/api/contactApi.ts","statementMap":{"0":{"start":{"line":4,"column":14},"end":{"line":4,"column":15}},"1":{"start":{"line":6,"column":26},"end":{"line":12,"column":1}},"2":{"start":{"line":7,"column":2},"end":{"line":11,"column":5}},"3":{"start":{"line":8,"column":4},"end":{"line":10,"column":14}},"4":{"start":{"line":9,"column":6},"end":{"line":9,"column":65}},"5":{"start":{"line":9,"column":46},"end":{"line":9,"column":60}}},"fnMap":{"0":{"name":"(anonymous_0)","decl":{"start":{"line":6,"column":26},"end":{"line":6,"column":27}},"loc":{"start":{"line":6,"column":69},"end":{"line":12,"column":1}},"line":6},"1":{"name":"(anonymous_1)","decl":{"start":{"line":7,"column":21},"end":{"line":7,"column":22}},"loc":{"start":{"line":7,"column":34},"end":{"line":11,"column":3}},"line":7},"2":{"name":"(anonymous_2)","decl":{"start":{"line":8,"column":15},"end":{"line":8,"column":16}},"loc":{"start":{"line":8,"column":21},"end":{"line":10,"column":5}},"line":8},"3":{"name":"(anonymous_3)","decl":{"start":{"line":9,"column":40},"end":{"line":9,"column":41}},"loc":{"start":{"line":9,"column":46},"end":{"line":9,"column":60}},"line":9}},"branchMap":{},"s":{"0":32,"1":32,"2":6,"3":6,"4":5,"5":6},"f":{"0":6,"1":6,"2":5,"3":6},"b":{},"_coverageSchema":"1a1c01bbd47fc00a2c39e90264f33305004495a9","hash":"1dd538dbcccb3f5a9b2c3010c3924d91e2678771"}
,"/Users/yiangosstroppos/Documents/MarlowProjects/MarlowApp/aphrodite/src/api/covidDocumentApi.ts": {"path":"/Users/yiangosstroppos/Documents/MarlowProjects/MarlowApp/aphrodite/src/api/covidDocumentApi.ts","statementMap":{"0":{"start":{"line":4,"column":2},"end":{"line":4,"column":1040460}},"1":{"start":{"line":6,"column":14},"end":{"line":6,"column":15}},"2":{"start":{"line":8,"column":25},"end":{"line":16,"column":1}},"3":{"start":{"line":9,"column":2},"end":{"line":15,"column":5}},"4":{"start":{"line":10,"column":4},"end":{"line":14,"column":14}},"5":{"start":{"line":11,"column":6},"end":{"line":13,"column":8}},"6":{"start":{"line":12,"column":40},"end":{"line":12,"column":49}},"7":{"start":{"line":12,"column":63},"end":{"line":12,"column":76}}},"fnMap":{"0":{"name":"(anonymous_0)","decl":{"start":{"line":8,"column":25},"end":{"line":8,"column":26}},"loc":{"start":{"line":8,"column":70},"end":{"line":16,"column":1}},"line":8},"1":{"name":"(anonymous_1)","decl":{"start":{"line":9,"column":21},"end":{"line":9,"column":22}},"loc":{"start":{"line":9,"column":34},"end":{"line":15,"column":3}},"line":9},"2":{"name":"(anonymous_2)","decl":{"start":{"line":10,"column":15},"end":{"line":10,"column":16}},"loc":{"start":{"line":10,"column":21},"end":{"line":14,"column":5}},"line":10},"3":{"name":"(anonymous_3)","decl":{"start":{"line":12,"column":34},"end":{"line":12,"column":35}},"loc":{"start":{"line":12,"column":40},"end":{"line":12,"column":49}},"line":12},"4":{"name":"(anonymous_4)","decl":{"start":{"line":12,"column":57},"end":{"line":12,"column":58}},"loc":{"start":{"line":12,"column":63},"end":{"line":12,"column":76}},"line":12}},"branchMap":{},"s":{"0":31,"1":31,"2":31,"3":6,"4":6,"5":6,"6":1,"7":5},"f":{"0":6,"1":6,"2":6,"3":1,"4":5},"b":{},"_coverageSchema":"1a1c01bbd47fc00a2c39e90264f33305004495a9","hash":"af8b2db861b513038db55478887d29e5097a4971"}
,"/Users/yiangosstroppos/Documents/MarlowProjects/MarlowApp/aphrodite/src/api/flightDetailsApi.ts": {"path":"/Users/yiangosstroppos/Documents/MarlowProjects/MarlowApp/aphrodite/src/api/flightDetailsApi.ts","statementMap":{"0":{"start":{"line":4,"column":14},"end":{"line":4,"column":15}},"1":{"start":{"line":6,"column":25},"end":{"line":12,"column":1}},"2":{"start":{"line":7,"column":2},"end":{"line":11,"column":5}},"3":{"start":{"line":8,"column":4},"end":{"line":10,"column":14}},"4":{"start":{"line":9,"column":6},"end":{"line":9,"column":61}},"5":{"start":{"line":9,"column":46},"end":{"line":9,"column":56}}},"fnMap":{"0":{"name":"(anonymous_0)","decl":{"start":{"line":6,"column":25},"end":{"line":6,"column":26}},"loc":{"start":{"line":6,"column":71},"end":{"line":12,"column":1}},"line":6},"1":{"name":"(anonymous_1)","decl":{"start":{"line":7,"column":21},"end":{"line":7,"column":22}},"loc":{"start":{"line":7,"column":34},"end":{"line":11,"column":3}},"line":7},"2":{"name":"(anonymous_2)","decl":{"start":{"line":8,"column":15},"end":{"line":8,"column":16}},"loc":{"start":{"line":8,"column":21},"end":{"line":10,"column":5}},"line":8},"3":{"name":"(anonymous_3)","decl":{"start":{"line":9,"column":40},"end":{"line":9,"column":41}},"loc":{"start":{"line":9,"column":46},"end":{"line":9,"column":56}},"line":9}},"branchMap":{},"s":{"0":32,"1":32,"2":7,"3":7,"4":7,"5":7},"f":{"0":7,"1":7,"2":7,"3":7},"b":{},"_coverageSchema":"1a1c01bbd47fc00a2c39e90264f33305004495a9","hash":"a52eb82570c48fa9bf71a0fb85a4c93b156bda25"}
,"/Users/yiangosstroppos/Documents/MarlowProjects/MarlowApp/aphrodite/src/api/imprintDetailsApi.ts": {"path":"/Users/yiangosstroppos/Documents/MarlowProjects/MarlowApp/aphrodite/src/api/imprintDetailsApi.ts","statementMap":{"0":{"start":{"line":4,"column":14},"end":{"line":4,"column":15}},"1":{"start":{"line":6,"column":26},"end":{"line":12,"column":1}},"2":{"start":{"line":7,"column":2},"end":{"line":11,"column":5}},"3":{"start":{"line":8,"column":4},"end":{"line":10,"column":14}},"4":{"start":{"line":9,"column":6},"end":{"line":9,"column":65}},"5":{"start":{"line":9,"column":46},"end":{"line":9,"column":60}}},"fnMap":{"0":{"name":"(anonymous_0)","decl":{"start":{"line":6,"column":26},"end":{"line":6,"column":27}},"loc":{"start":{"line":6,"column":69},"end":{"line":12,"column":1}},"line":6},"1":{"name":"(anonymous_1)","decl":{"start":{"line":7,"column":21},"end":{"line":7,"column":22}},"loc":{"start":{"line":7,"column":34},"end":{"line":11,"column":3}},"line":7},"2":{"name":"(anonymous_2)","decl":{"start":{"line":8,"column":15},"end":{"line":8,"column":16}},"loc":{"start":{"line":8,"column":21},"end":{"line":10,"column":5}},"line":8},"3":{"name":"(anonymous_3)","decl":{"start":{"line":9,"column":40},"end":{"line":9,"column":41}},"loc":{"start":{"line":9,"column":46},"end":{"line":9,"column":60}},"line":9}},"branchMap":{},"s":{"0":33,"1":33,"2":7,"3":7,"4":6,"5":8},"f":{"0":7,"1":7,"2":6,"3":8},"b":{},"_coverageSchema":"1a1c01bbd47fc00a2c39e90264f33305004495a9","hash":"3af3ea492c90f6f3fede95ca1ac653183b708e6d"}
,"/Users/yiangosstroppos/Documents/MarlowProjects/MarlowApp/aphrodite/src/api/newsApi.ts": {"path":"/Users/yiangosstroppos/Documents/MarlowProjects/MarlowApp/aphrodite/src/api/newsApi.ts","statementMap":{"0":{"start":{"line":4,"column":14},"end":{"line":4,"column":15}},"1":{"start":{"line":6,"column":19},"end":{"line":12,"column":1}},"2":{"start":{"line":7,"column":2},"end":{"line":11,"column":5}},"3":{"start":{"line":8,"column":4},"end":{"line":10,"column":14}},"4":{"start":{"line":9,"column":6},"end":{"line":9,"column":55}},"5":{"start":{"line":9,"column":46},"end":{"line":9,"column":50}}},"fnMap":{"0":{"name":"(anonymous_0)","decl":{"start":{"line":6,"column":19},"end":{"line":6,"column":20}},"loc":{"start":{"line":6,"column":59},"end":{"line":12,"column":1}},"line":6},"1":{"name":"(anonymous_1)","decl":{"start":{"line":7,"column":21},"end":{"line":7,"column":22}},"loc":{"start":{"line":7,"column":34},"end":{"line":11,"column":3}},"line":7},"2":{"name":"(anonymous_2)","decl":{"start":{"line":8,"column":15},"end":{"line":8,"column":16}},"loc":{"start":{"line":8,"column":21},"end":{"line":10,"column":5}},"line":8},"3":{"name":"(anonymous_3)","decl":{"start":{"line":9,"column":40},"end":{"line":9,"column":41}},"loc":{"start":{"line":9,"column":46},"end":{"line":9,"column":50}},"line":9}},"branchMap":{},"s":{"0":32,"1":32,"2":7,"3":7,"4":7,"5":7},"f":{"0":7,"1":7,"2":7,"3":7},"b":{},"_coverageSchema":"1a1c01bbd47fc00a2c39e90264f33305004495a9","hash":"077e11231d4cc2e868f09342f4f1e2ac795dcc32"}
,"/Users/yiangosstroppos/Documents/MarlowProjects/MarlowApp/aphrodite/src/api/notificationsApi.ts": {"path":"/Users/yiangosstroppos/Documents/MarlowProjects/MarlowApp/aphrodite/src/api/notificationsApi.ts","statementMap":{"0":{"start":{"line":4,"column":14},"end":{"line":4,"column":15}},"1":{"start":{"line":6,"column":32},"end":{"line":14,"column":1}},"2":{"start":{"line":9,"column":2},"end":{"line":13,"column":5}},"3":{"start":{"line":10,"column":4},"end":{"line":12,"column":14}},"4":{"start":{"line":11,"column":6},"end":{"line":11,"column":64}},"5":{"start":{"line":11,"column":46},"end":{"line":11,"column":59}}},"fnMap":{"0":{"name":"(anonymous_0)","decl":{"start":{"line":6,"column":32},"end":{"line":6,"column":33}},"loc":{"start":{"line":8,"column":5},"end":{"line":14,"column":1}},"line":8},"1":{"name":"(anonymous_1)","decl":{"start":{"line":9,"column":21},"end":{"line":9,"column":22}},"loc":{"start":{"line":9,"column":34},"end":{"line":13,"column":3}},"line":9},"2":{"name":"(anonymous_2)","decl":{"start":{"line":10,"column":15},"end":{"line":10,"column":16}},"loc":{"start":{"line":10,"column":21},"end":{"line":12,"column":5}},"line":10},"3":{"name":"(anonymous_3)","decl":{"start":{"line":11,"column":40},"end":{"line":11,"column":41}},"loc":{"start":{"line":11,"column":46},"end":{"line":11,"column":59}},"line":11}},"branchMap":{},"s":{"0":32,"1":32,"2":8,"3":8,"4":8,"5":8},"f":{"0":8,"1":8,"2":8,"3":8},"b":{},"_coverageSchema":"1a1c01bbd47fc00a2c39e90264f33305004495a9","hash":"89406d659e3197ef4db810cd4768baed2f5c94c9"}
,"/Users/yiangosstroppos/Documents/MarlowProjects/MarlowApp/aphrodite/src/api/privacyPolicyApi.ts": {"path":"/Users/yiangosstroppos/Documents/MarlowProjects/MarlowApp/aphrodite/src/api/privacyPolicyApi.ts","statementMap":{"0":{"start":{"line":4,"column":14},"end":{"line":4,"column":15}},"1":{"start":{"line":6,"column":25},"end":{"line":12,"column":1}},"2":{"start":{"line":7,"column":2},"end":{"line":11,"column":5}},"3":{"start":{"line":8,"column":4},"end":{"line":10,"column":14}},"4":{"start":{"line":9,"column":6},"end":{"line":9,"column":72}},"5":{"start":{"line":9,"column":46},"end":{"line":9,"column":67}}},"fnMap":{"0":{"name":"(anonymous_0)","decl":{"start":{"line":6,"column":25},"end":{"line":6,"column":26}},"loc":{"start":{"line":6,"column":74},"end":{"line":12,"column":1}},"line":6},"1":{"name":"(anonymous_1)","decl":{"start":{"line":7,"column":21},"end":{"line":7,"column":22}},"loc":{"start":{"line":7,"column":34},"end":{"line":11,"column":3}},"line":7},"2":{"name":"(anonymous_2)","decl":{"start":{"line":8,"column":15},"end":{"line":8,"column":16}},"loc":{"start":{"line":8,"column":21},"end":{"line":10,"column":5}},"line":8},"3":{"name":"(anonymous_3)","decl":{"start":{"line":9,"column":40},"end":{"line":9,"column":41}},"loc":{"start":{"line":9,"column":46},"end":{"line":9,"column":67}},"line":9}},"branchMap":{},"s":{"0":32,"1":32,"2":6,"3":6,"4":6,"5":7},"f":{"0":6,"1":6,"2":6,"3":7},"b":{},"_coverageSchema":"1a1c01bbd47fc00a2c39e90264f33305004495a9","hash":"a52213db777c60bc99a32db0f7da186e22709403"}
,"/Users/yiangosstroppos/Documents/MarlowProjects/MarlowApp/aphrodite/src/api/salaryApi.ts": {"path":"/Users/yiangosstroppos/Documents/MarlowProjects/MarlowApp/aphrodite/src/api/salaryApi.ts","statementMap":{"0":{"start":{"line":5,"column":14},"end":{"line":5,"column":15}},"1":{"start":{"line":7,"column":33},"end":{"line":15,"column":1}},"2":{"start":{"line":10,"column":2},"end":{"line":14,"column":5}},"3":{"start":{"line":11,"column":4},"end":{"line":13,"column":14}},"4":{"start":{"line":12,"column":6},"end":{"line":12,"column":65}},"5":{"start":{"line":12,"column":46},"end":{"line":12,"column":60}},"6":{"start":{"line":16,"column":36},"end":{"line":24,"column":1}},"7":{"start":{"line":19,"column":2},"end":{"line":23,"column":5}},"8":{"start":{"line":20,"column":4},"end":{"line":22,"column":14}},"9":{"start":{"line":21,"column":6},"end":{"line":21,"column":68}},"10":{"start":{"line":21,"column":46},"end":{"line":21,"column":63}}},"fnMap":{"0":{"name":"(anonymous_0)","decl":{"start":{"line":7,"column":33},"end":{"line":7,"column":34}},"loc":{"start":{"line":9,"column":5},"end":{"line":15,"column":1}},"line":9},"1":{"name":"(anonymous_1)","decl":{"start":{"line":10,"column":21},"end":{"line":10,"column":22}},"loc":{"start":{"line":10,"column":34},"end":{"line":14,"column":3}},"line":10},"2":{"name":"(anonymous_2)","decl":{"start":{"line":11,"column":15},"end":{"line":11,"column":16}},"loc":{"start":{"line":11,"column":21},"end":{"line":13,"column":5}},"line":11},"3":{"name":"(anonymous_3)","decl":{"start":{"line":12,"column":40},"end":{"line":12,"column":41}},"loc":{"start":{"line":12,"column":46},"end":{"line":12,"column":60}},"line":12},"4":{"name":"(anonymous_4)","decl":{"start":{"line":16,"column":36},"end":{"line":16,"column":37}},"loc":{"start":{"line":18,"column":5},"end":{"line":24,"column":1}},"line":18},"5":{"name":"(anonymous_5)","decl":{"start":{"line":19,"column":21},"end":{"line":19,"column":22}},"loc":{"start":{"line":19,"column":34},"end":{"line":23,"column":3}},"line":19},"6":{"name":"(anonymous_6)","decl":{"start":{"line":20,"column":15},"end":{"line":20,"column":16}},"loc":{"start":{"line":20,"column":21},"end":{"line":22,"column":5}},"line":20},"7":{"name":"(anonymous_7)","decl":{"start":{"line":21,"column":40},"end":{"line":21,"column":41}},"loc":{"start":{"line":21,"column":46},"end":{"line":21,"column":63}},"line":21}},"branchMap":{},"s":{"0":32,"1":32,"2":14,"3":14,"4":14,"5":14,"6":32,"7":5,"8":5,"9":5,"10":5},"f":{"0":14,"1":14,"2":14,"3":14,"4":5,"5":5,"6":5,"7":5},"b":{},"_coverageSchema":"1a1c01bbd47fc00a2c39e90264f33305004495a9","hash":"4a22f2096f52746e7d1b518decc6894aae77fcb3"}
,"/Users/yiangosstroppos/Documents/MarlowProjects/MarlowApp/aphrodite/src/api/seaServiceApi.ts": {"path":"/Users/yiangosstroppos/Documents/MarlowProjects/MarlowApp/aphrodite/src/api/seaServiceApi.ts","statementMap":{"0":{"start":{"line":4,"column":14},"end":{"line":4,"column":15}},"1":{"start":{"line":6,"column":29},"end":{"line":12,"column":1}},"2":{"start":{"line":7,"column":2},"end":{"line":11,"column":5}},"3":{"start":{"line":8,"column":4},"end":{"line":10,"column":14}},"4":{"start":{"line":9,"column":6},"end":{"line":9,"column":68}},"5":{"start":{"line":9,"column":46},"end":{"line":9,"column":63}}},"fnMap":{"0":{"name":"(anonymous_0)","decl":{"start":{"line":6,"column":29},"end":{"line":6,"column":30}},"loc":{"start":{"line":6,"column":75},"end":{"line":12,"column":1}},"line":6},"1":{"name":"(anonymous_1)","decl":{"start":{"line":7,"column":21},"end":{"line":7,"column":22}},"loc":{"start":{"line":7,"column":34},"end":{"line":11,"column":3}},"line":7},"2":{"name":"(anonymous_2)","decl":{"start":{"line":8,"column":15},"end":{"line":8,"column":16}},"loc":{"start":{"line":8,"column":21},"end":{"line":10,"column":5}},"line":8},"3":{"name":"(anonymous_3)","decl":{"start":{"line":9,"column":40},"end":{"line":9,"column":41}},"loc":{"start":{"line":9,"column":46},"end":{"line":9,"column":63}},"line":9}},"branchMap":{},"s":{"0":33,"1":33,"2":7,"3":7,"4":6,"5":6},"f":{"0":7,"1":7,"2":6,"3":6},"b":{},"_coverageSchema":"1a1c01bbd47fc00a2c39e90264f33305004495a9","hash":"416790b17db9aec3bef8390c8d331ec88431c5d4"}
,"/Users/yiangosstroppos/Documents/MarlowProjects/MarlowApp/aphrodite/src/api/seafarerBadgesApi.ts": {"path":"/Users/yiangosstroppos/Documents/MarlowProjects/MarlowApp/aphrodite/src/api/seafarerBadgesApi.ts","statementMap":{"0":{"start":{"line":4,"column":38},"end":{"line":4,"column":48}},"1":{"start":{"line":6,"column":14},"end":{"line":6,"column":15}},"2":{"start":{"line":8,"column":33},"end":{"line":14,"column":1}},"3":{"start":{"line":9,"column":2},"end":{"line":13,"column":5}},"4":{"start":{"line":10,"column":4},"end":{"line":12,"column":14}},"5":{"start":{"line":11,"column":6},"end":{"line":11,"column":72}},"6":{"start":{"line":11,"column":46},"end":{"line":11,"column":67}}},"fnMap":{"0":{"name":"(anonymous_0)","decl":{"start":{"line":8,"column":33},"end":{"line":8,"column":34}},"loc":{"start":{"line":8,"column":75},"end":{"line":14,"column":1}},"line":8},"1":{"name":"(anonymous_1)","decl":{"start":{"line":9,"column":21},"end":{"line":9,"column":22}},"loc":{"start":{"line":9,"column":34},"end":{"line":13,"column":3}},"line":9},"2":{"name":"(anonymous_2)","decl":{"start":{"line":10,"column":15},"end":{"line":10,"column":16}},"loc":{"start":{"line":10,"column":21},"end":{"line":12,"column":5}},"line":10},"3":{"name":"(anonymous_3)","decl":{"start":{"line":11,"column":40},"end":{"line":11,"column":41}},"loc":{"start":{"line":11,"column":46},"end":{"line":11,"column":67}},"line":11}},"branchMap":{},"s":{"0":33,"1":33,"2":33,"3":8,"4":8,"5":8,"6":8},"f":{"0":8,"1":8,"2":8,"3":8},"b":{},"_coverageSchema":"1a1c01bbd47fc00a2c39e90264f33305004495a9","hash":"e13e6d6dec56265aec665147b15b363eadc054cb"}
,"/Users/yiangosstroppos/Documents/MarlowProjects/MarlowApp/aphrodite/src/api/seafarerDetailsApi.ts": {"path":"/Users/yiangosstroppos/Documents/MarlowProjects/MarlowApp/aphrodite/src/api/seafarerDetailsApi.ts","statementMap":{"0":{"start":{"line":4,"column":14},"end":{"line":4,"column":15}},"1":{"start":{"line":6,"column":30},"end":{"line":14,"column":1}},"2":{"start":{"line":9,"column":2},"end":{"line":13,"column":5}},"3":{"start":{"line":10,"column":4},"end":{"line":12,"column":14}},"4":{"start":{"line":11,"column":6},"end":{"line":11,"column":69}},"5":{"start":{"line":11,"column":46},"end":{"line":11,"column":64}}},"fnMap":{"0":{"name":"(anonymous_0)","decl":{"start":{"line":6,"column":30},"end":{"line":6,"column":31}},"loc":{"start":{"line":8,"column":5},"end":{"line":14,"column":1}},"line":8},"1":{"name":"(anonymous_1)","decl":{"start":{"line":9,"column":21},"end":{"line":9,"column":22}},"loc":{"start":{"line":9,"column":34},"end":{"line":13,"column":3}},"line":9},"2":{"name":"(anonymous_2)","decl":{"start":{"line":10,"column":15},"end":{"line":10,"column":16}},"loc":{"start":{"line":10,"column":21},"end":{"line":12,"column":5}},"line":10},"3":{"name":"(anonymous_3)","decl":{"start":{"line":11,"column":40},"end":{"line":11,"column":41}},"loc":{"start":{"line":11,"column":46},"end":{"line":11,"column":64}},"line":11}},"branchMap":{},"s":{"0":33,"1":33,"2":8,"3":8,"4":8,"5":8},"f":{"0":8,"1":8,"2":8,"3":8},"b":{},"_coverageSchema":"1a1c01bbd47fc00a2c39e90264f33305004495a9","hash":"1064e4e3e1fdb63d51edd5b907ffe52cf9e26bd7"}
,"/Users/yiangosstroppos/Documents/MarlowProjects/MarlowApp/aphrodite/src/api/seafarerDocumentsApi.ts": {"path":"/Users/yiangosstroppos/Documents/MarlowProjects/MarlowApp/aphrodite/src/api/seafarerDocumentsApi.ts","statementMap":{"0":{"start":{"line":7,"column":14},"end":{"line":7,"column":15}},"1":{"start":{"line":9,"column":29},"end":{"line":17,"column":1}},"2":{"start":{"line":12,"column":2},"end":{"line":16,"column":5}},"3":{"start":{"line":13,"column":4},"end":{"line":15,"column":14}},"4":{"start":{"line":14,"column":6},"end":{"line":14,"column":68}},"5":{"start":{"line":14,"column":46},"end":{"line":14,"column":63}}},"fnMap":{"0":{"name":"(anonymous_0)","decl":{"start":{"line":9,"column":29},"end":{"line":9,"column":30}},"loc":{"start":{"line":11,"column":5},"end":{"line":17,"column":1}},"line":11},"1":{"name":"(anonymous_1)","decl":{"start":{"line":12,"column":21},"end":{"line":12,"column":22}},"loc":{"start":{"line":12,"column":34},"end":{"line":16,"column":3}},"line":12},"2":{"name":"(anonymous_2)","decl":{"start":{"line":13,"column":15},"end":{"line":13,"column":16}},"loc":{"start":{"line":13,"column":21},"end":{"line":15,"column":5}},"line":13},"3":{"name":"(anonymous_3)","decl":{"start":{"line":14,"column":40},"end":{"line":14,"column":41}},"loc":{"start":{"line":14,"column":46},"end":{"line":14,"column":63}},"line":14}},"branchMap":{},"s":{"0":32,"1":32,"2":18,"3":18,"4":16,"5":18},"f":{"0":18,"1":18,"2":16,"3":18},"b":{},"_coverageSchema":"1a1c01bbd47fc00a2c39e90264f33305004495a9","hash":"72c0b7c98b67659026b528eb181f4a9f705475f9"}
,"/Users/yiangosstroppos/Documents/MarlowProjects/MarlowApp/aphrodite/src/api/termsAndConditionsApi.ts": {"path":"/Users/yiangosstroppos/Documents/MarlowProjects/MarlowApp/aphrodite/src/api/termsAndConditionsApi.ts","statementMap":{"0":{"start":{"line":3,"column":55},"end":{"line":6,"column":1}},"1":{"start":{"line":8,"column":14},"end":{"line":8,"column":15}},"2":{"start":{"line":10,"column":30},"end":{"line":18,"column":1}},"3":{"start":{"line":13,"column":2},"end":{"line":17,"column":5}},"4":{"start":{"line":14,"column":4},"end":{"line":16,"column":14}},"5":{"start":{"line":15,"column":6},"end":{"line":15,"column":77}},"6":{"start":{"line":15,"column":46},"end":{"line":15,"column":72}}},"fnMap":{"0":{"name":"(anonymous_0)","decl":{"start":{"line":10,"column":30},"end":{"line":10,"column":31}},"loc":{"start":{"line":12,"column":5},"end":{"line":18,"column":1}},"line":12},"1":{"name":"(anonymous_1)","decl":{"start":{"line":13,"column":21},"end":{"line":13,"column":22}},"loc":{"start":{"line":13,"column":34},"end":{"line":17,"column":3}},"line":13},"2":{"name":"(anonymous_2)","decl":{"start":{"line":14,"column":15},"end":{"line":14,"column":16}},"loc":{"start":{"line":14,"column":21},"end":{"line":16,"column":5}},"line":14},"3":{"name":"(anonymous_3)","decl":{"start":{"line":15,"column":40},"end":{"line":15,"column":41}},"loc":{"start":{"line":15,"column":46},"end":{"line":15,"column":72}},"line":15}},"branchMap":{},"s":{"0":32,"1":32,"2":32,"3":6,"4":6,"5":5,"6":5},"f":{"0":6,"1":6,"2":5,"3":5},"b":{},"_coverageSchema":"1a1c01bbd47fc00a2c39e90264f33305004495a9","hash":"097e2ae49933c65e188d0331879cebd8b58e5cee"}
,"/Users/yiangosstroppos/Documents/MarlowProjects/MarlowApp/aphrodite/src/api/versionCheckApi.ts": {"path":"/Users/yiangosstroppos/Documents/MarlowProjects/MarlowApp/aphrodite/src/api/versionCheckApi.ts","statementMap":{"0":{"start":{"line":4,"column":14},"end":{"line":4,"column":15}},"1":{"start":{"line":6,"column":31},"end":{"line":12,"column":1}},"2":{"start":{"line":7,"column":2},"end":{"line":11,"column":5}},"3":{"start":{"line":8,"column":4},"end":{"line":10,"column":14}},"4":{"start":{"line":9,"column":6},"end":{"line":9,"column":62}},"5":{"start":{"line":9,"column":46},"end":{"line":9,"column":57}}},"fnMap":{"0":{"name":"(anonymous_0)","decl":{"start":{"line":6,"column":31},"end":{"line":6,"column":32}},"loc":{"start":{"line":6,"column":79},"end":{"line":12,"column":1}},"line":6},"1":{"name":"(anonymous_1)","decl":{"start":{"line":7,"column":21},"end":{"line":7,"column":22}},"loc":{"start":{"line":7,"column":34},"end":{"line":11,"column":3}},"line":7},"2":{"name":"(anonymous_2)","decl":{"start":{"line":8,"column":15},"end":{"line":8,"column":16}},"loc":{"start":{"line":8,"column":21},"end":{"line":10,"column":5}},"line":8},"3":{"name":"(anonymous_3)","decl":{"start":{"line":9,"column":40},"end":{"line":9,"column":41}},"loc":{"start":{"line":9,"column":46},"end":{"line":9,"column":57}},"line":9}},"branchMap":{},"s":{"0":31,"1":31,"2":7,"3":7,"4":7,"5":7},"f":{"0":7,"1":7,"2":7,"3":7},"b":{},"_coverageSchema":"1a1c01bbd47fc00a2c39e90264f33305004495a9","hash":"5ff0c02858d346b8c0724743cc4699e22364c981"}
,"/Users/yiangosstroppos/Documents/MarlowProjects/MarlowApp/aphrodite/src/api/workingClothesApi.ts": {"path":"/Users/yiangosstroppos/Documents/MarlowProjects/MarlowApp/aphrodite/src/api/workingClothesApi.ts","statementMap":{"0":{"start":{"line":4,"column":14},"end":{"line":4,"column":15}},"1":{"start":{"line":6,"column":33},"end":{"line":14,"column":1}},"2":{"start":{"line":9,"column":2},"end":{"line":13,"column":5}},"3":{"start":{"line":10,"column":4},"end":{"line":12,"column":14}},"4":{"start":{"line":11,"column":6},"end":{"line":11,"column":72}},"5":{"start":{"line":11,"column":46},"end":{"line":11,"column":67}}},"fnMap":{"0":{"name":"(anonymous_0)","decl":{"start":{"line":6,"column":33},"end":{"line":6,"column":34}},"loc":{"start":{"line":8,"column":5},"end":{"line":14,"column":1}},"line":8},"1":{"name":"(anonymous_1)","decl":{"start":{"line":9,"column":21},"end":{"line":9,"column":22}},"loc":{"start":{"line":9,"column":34},"end":{"line":13,"column":3}},"line":9},"2":{"name":"(anonymous_2)","decl":{"start":{"line":10,"column":15},"end":{"line":10,"column":16}},"loc":{"start":{"line":10,"column":21},"end":{"line":12,"column":5}},"line":10},"3":{"name":"(anonymous_3)","decl":{"start":{"line":11,"column":40},"end":{"line":11,"column":41}},"loc":{"start":{"line":11,"column":46},"end":{"line":11,"column":67}},"line":11}},"branchMap":{},"s":{"0":32,"1":32,"2":6,"3":6,"4":6,"5":6},"f":{"0":6,"1":6,"2":6,"3":6},"b":{},"_coverageSchema":"1a1c01bbd47fc00a2c39e90264f33305004495a9","hash":"81c35eae021b6c23c8767078f98d983c9d9d0d1e"}
,"/Users/yiangosstroppos/Documents/MarlowProjects/MarlowApp/aphrodite/src/common/AwsCustomStorage.ts": {"path":"/Users/yiangosstroppos/Documents/MarlowProjects/MarlowApp/aphrodite/src/common/AwsCustomStorage.ts","statementMap":{"0":{"start":{"line":2,"column":24},"end":{"line":2,"column":41}},"1":{"start":{"line":12,"column":2},"end":{"line":22,"column":3}},"2":{"start":{"line":13,"column":4},"end":{"line":19,"column":5}},"3":{"start":{"line":14,"column":6},"end":{"line":14,"column":35}},"4":{"start":{"line":15,"column":11},"end":{"line":19,"column":5}},"5":{"start":{"line":16,"column":6},"end":{"line":16,"column":38}},"6":{"start":{"line":18,"column":6},"end":{"line":18,"column":42}},"7":{"start":{"line":21,"column":4},"end":{"line":21,"column":23}},"8":{"start":{"line":26,"column":34},"end":{"line":26,"column":36}},"9":{"start":{"line":28,"column":20},"end":{"line":40,"column":3}},"10":{"start":{"line":29,"column":4},"end":{"line":39,"column":6}},"11":{"start":{"line":31,"column":8},"end":{"line":31,"column":57}},"12":{"start":{"line":31,"column":35},"end":{"line":31,"column":55}},"13":{"start":{"line":32,"column":8},"end":{"line":37,"column":10}},"14":{"start":{"line":35,"column":12},"end":{"line":35,"column":71}},"15":{"start":{"line":43,"column":19},"end":{"line":51,"column":3}},"16":{"start":{"line":44,"column":4},"end":{"line":48,"column":5}},"17":{"start":{"line":45,"column":6},"end":{"line":45,"column":75}},"18":{"start":{"line":47,"column":6},"end":{"line":47,"column":74}},"19":{"start":{"line":49,"column":4},"end":{"line":49,"column":57}},"20":{"start":{"line":50,"column":4},"end":{"line":50,"column":17}},"21":{"start":{"line":52,"column":19},"end":{"line":55,"column":3}},"22":{"start":{"line":53,"column":18},"end":{"line":53,"column":62}},"23":{"start":{"line":54,"column":4},"end":{"line":54,"column":46}},"24":{"start":{"line":57,"column":22},"end":{"line":64,"column":3}},"25":{"start":{"line":58,"column":4},"end":{"line":63,"column":5}},"26":{"start":{"line":59,"column":6},"end":{"line":59,"column":71}},"27":{"start":{"line":60,"column":6},"end":{"line":60,"column":58}},"28":{"start":{"line":62,"column":6},"end":{"line":62,"column":77}},"29":{"start":{"line":65,"column":17},"end":{"line":72,"column":3}},"30":{"start":{"line":66,"column":17},"end":{"line":66,"column":44}},"31":{"start":{"line":67,"column":23},"end":{"line":69,"column":5}},"32":{"start":{"line":68,"column":6},"end":{"line":68,"column":37}},"33":{"start":{"line":70,"column":4},"end":{"line":70,"column":70}},"34":{"start":{"line":71,"column":4},"end":{"line":71,"column":49}},"35":{"start":{"line":73,"column":29},"end":{"line":89,"column":3}},"36":{"start":{"line":74,"column":4},"end":{"line":74,"column":49}},"37":{"start":{"line":75,"column":17},"end":{"line":75,"column":44}},"38":{"start":{"line":76,"column":23},"end":{"line":78,"column":5}},"39":{"start":{"line":77,"column":6},"end":{"line":77,"column":37}},"40":{"start":{"line":79,"column":18},"end":{"line":82,"column":5}},"41":{"start":{"line":83,"column":4},"end":{"line":88,"column":7}},"42":{"start":{"line":84,"column":6},"end":{"line":87,"column":7}},"43":{"start":{"line":85,"column":20},"end":{"line":85,"column":70}},"44":{"start":{"line":86,"column":8},"end":{"line":86,"column":61}},"45":{"start":{"line":91,"column":16},"end":{"line":97,"column":3}},"46":{"start":{"line":92,"column":4},"end":{"line":92,"column":58}},"47":{"start":{"line":93,"column":4},"end":{"line":95,"column":5}},"48":{"start":{"line":94,"column":6},"end":{"line":94,"column":104}},"49":{"start":{"line":96,"column":4},"end":{"line":96,"column":52}}},"fnMap":{"0":{"name":"handleItemInKeychain","decl":{"start":{"line":7,"column":15},"end":{"line":7,"column":35}},"loc":{"start":{"line":11,"column":2},"end":{"line":23,"column":1}},"line":11},"1":{"name":"(anonymous_1)","decl":{"start":{"line":28,"column":20},"end":{"line":28,"column":21}},"loc":{"start":{"line":28,"column":66},"end":{"line":40,"column":3}},"line":28},"2":{"name":"(anonymous_2)","decl":{"start":{"line":30,"column":15},"end":{"line":30,"column":16}},"loc":{"start":{"line":30,"column":30},"end":{"line":38,"column":7}},"line":30},"3":{"name":"(anonymous_3)","decl":{"start":{"line":31,"column":26},"end":{"line":31,"column":27}},"loc":{"start":{"line":31,"column":35},"end":{"line":31,"column":55}},"line":31},"4":{"name":"(anonymous_4)","decl":{"start":{"line":34,"column":54},"end":{"line":34,"column":55}},"loc":{"start":{"line":35,"column":12},"end":{"line":35,"column":71}},"line":35},"5":{"name":"(anonymous_5)","decl":{"start":{"line":43,"column":19},"end":{"line":43,"column":20}},"loc":{"start":{"line":43,"column":57},"end":{"line":51,"column":3}},"line":43},"6":{"name":"(anonymous_6)","decl":{"start":{"line":52,"column":19},"end":{"line":52,"column":20}},"loc":{"start":{"line":52,"column":36},"end":{"line":55,"column":3}},"line":52},"7":{"name":"(anonymous_7)","decl":{"start":{"line":57,"column":22},"end":{"line":57,"column":23}},"loc":{"start":{"line":57,"column":45},"end":{"line":64,"column":3}},"line":57},"8":{"name":"(anonymous_8)","decl":{"start":{"line":65,"column":17},"end":{"line":65,"column":18}},"loc":{"start":{"line":65,"column":29},"end":{"line":72,"column":3}},"line":65},"9":{"name":"(anonymous_9)","decl":{"start":{"line":67,"column":35},"end":{"line":67,"column":36}},"loc":{"start":{"line":68,"column":6},"end":{"line":68,"column":37}},"line":68},"10":{"name":"(anonymous_10)","decl":{"start":{"line":73,"column":29},"end":{"line":73,"column":30}},"loc":{"start":{"line":73,"column":55},"end":{"line":89,"column":3}},"line":73},"11":{"name":"(anonymous_11)","decl":{"start":{"line":76,"column":35},"end":{"line":76,"column":36}},"loc":{"start":{"line":77,"column":6},"end":{"line":77,"column":37}},"line":77},"12":{"name":"(anonymous_12)","decl":{"start":{"line":83,"column":18},"end":{"line":83,"column":19}},"loc":{"start":{"line":83,"column":42},"end":{"line":88,"column":5}},"line":83},"13":{"name":"(anonymous_13)","decl":{"start":{"line":91,"column":16},"end":{"line":91,"column":17}},"loc":{"start":{"line":91,"column":28},"end":{"line":97,"column":3}},"line":91}},"branchMap":{"0":{"loc":{"start":{"line":13,"column":4},"end":{"line":19,"column":5}},"type":"if","locations":[{"start":{"line":13,"column":4},"end":{"line":19,"column":5}},{"start":{"line":13,"column":4},"end":{"line":19,"column":5}}],"line":13},"1":{"loc":{"start":{"line":15,"column":11},"end":{"line":19,"column":5}},"type":"if","locations":[{"start":{"line":15,"column":11},"end":{"line":19,"column":5}},{"start":{"line":15,"column":11},"end":{"line":19,"column":5}}],"line":15},"2":{"loc":{"start":{"line":54,"column":11},"end":{"line":54,"column":45}},"type":"cond-expr","locations":[{"start":{"line":54,"column":33},"end":{"line":54,"column":37}},{"start":{"line":54,"column":40},"end":{"line":54,"column":45}}],"line":54},"3":{"loc":{"start":{"line":84,"column":6},"end":{"line":87,"column":7}},"type":"if","locations":[{"start":{"line":84,"column":6},"end":{"line":87,"column":7}},{"start":{"line":84,"column":6},"end":{"line":87,"column":7}}],"line":84},"4":{"loc":{"start":{"line":93,"column":4},"end":{"line":95,"column":5}},"type":"if","locations":[{"start":{"line":93,"column":4},"end":{"line":95,"column":5}},{"start":{"line":93,"column":4},"end":{"line":95,"column":5}}],"line":93}},"s":{"0":4,"1":39,"2":39,"3":9,"4":30,"5":17,"6":13,"7":3,"8":4,"9":4,"10":11,"11":24,"12":24,"13":24,"14":1,"15":4,"16":13,"17":13,"18":1,"19":13,"20":13,"21":4,"22":41,"23":41,"24":4,"25":2,"26":2,"27":1,"28":1,"29":4,"30":7,"31":7,"32":13,"33":7,"34":7,"35":4,"36":3,"37":3,"38":3,"39":9,"40":3,"41":3,"42":9,"43":6,"44":6,"45":4,"46":4,"47":4,"48":3,"49":4},"f":{"0":39,"1":11,"2":24,"3":24,"4":1,"5":13,"6":41,"7":2,"8":7,"9":13,"10":3,"11":9,"12":9,"13":4},"b":{"0":[9,30],"1":[17,13],"2":[34,7],"3":[6,3],"4":[3,1]},"_coverageSchema":"1a1c01bbd47fc00a2c39e90264f33305004495a9","hash":"aca849bf54283bb065ea281d2611781f1e74d48a"}
,"/Users/yiangosstroppos/Documents/MarlowProjects/MarlowApp/aphrodite/src/common/checkResponseStatus.ts": {"path":"/Users/yiangosstroppos/Documents/MarlowProjects/MarlowApp/aphrodite/src/common/checkResponseStatus.ts","statementMap":{"0":{"start":{"line":1,"column":35},"end":{"line":7,"column":1}},"1":{"start":{"line":2,"column":2},"end":{"line":6,"column":3}},"2":{"start":{"line":3,"column":4},"end":{"line":3,"column":14}},"3":{"start":{"line":5,"column":4},"end":{"line":5,"column":16}}},"fnMap":{"0":{"name":"(anonymous_0)","decl":{"start":{"line":1,"column":35},"end":{"line":1,"column":36}},"loc":{"start":{"line":1,"column":66},"end":{"line":7,"column":1}},"line":1}},"branchMap":{"0":{"loc":{"start":{"line":2,"column":2},"end":{"line":6,"column":3}},"type":"if","locations":[{"start":{"line":2,"column":2},"end":{"line":6,"column":3}},{"start":{"line":2,"column":2},"end":{"line":6,"column":3}}],"line":2}},"s":{"0":7,"1":6,"2":5,"3":1},"f":{"0":6},"b":{"0":[5,1]},"_coverageSchema":"1a1c01bbd47fc00a2c39e90264f33305004495a9","hash":"12f0aa06a137449a046b4409c0fa1113f5adff21"}
,"/Users/yiangosstroppos/Documents/MarlowProjects/MarlowApp/aphrodite/src/common/dateUtils.ts": {"path":"/Users/yiangosstroppos/Documents/MarlowProjects/MarlowApp/aphrodite/src/common/dateUtils.ts","statementMap":{"0":{"start":{"line":10,"column":36},"end":{"line":13,"column":7}},"1":{"start":{"line":11,"column":2},"end":{"line":13,"column":7}},"2":{"start":{"line":15,"column":34},"end":{"line":38,"column":1}},"3":{"start":{"line":16,"column":2},"end":{"line":36,"column":3}},"4":{"start":{"line":17,"column":22},"end":{"line":17,"column":68}},"5":{"start":{"line":18,"column":20},"end":{"line":18,"column":64}},"6":{"start":{"line":19,"column":33},"end":{"line":21,"column":17}},"7":{"start":{"line":23,"column":4},"end":{"line":35,"column":5}},"8":{"start":{"line":24,"column":6},"end":{"line":28,"column":7}},"9":{"start":{"line":25,"column":8},"end":{"line":25,"column":50}},"10":{"start":{"line":27,"column":8},"end":{"line":27,"column":46}},"11":{"start":{"line":29,"column":11},"end":{"line":35,"column":5}},"12":{"start":{"line":30,"column":6},"end":{"line":30,"column":49}},"13":{"start":{"line":31,"column":11},"end":{"line":35,"column":5}},"14":{"start":{"line":32,"column":6},"end":{"line":32,"column":51}},"15":{"start":{"line":34,"column":6},"end":{"line":34,"column":18}},"16":{"start":{"line":37,"column":2},"end":{"line":37,"column":58}},"17":{"start":{"line":40,"column":26},"end":{"line":41,"column":56}},"18":{"start":{"line":41,"column":2},"end":{"line":41,"column":56}},"19":{"start":{"line":43,"column":25},"end":{"line":55,"column":1}},"20":{"start":{"line":44,"column":2},"end":{"line":54,"column":3}},"21":{"start":{"line":45,"column":22},"end":{"line":45,"column":68}},"22":{"start":{"line":46,"column":20},"end":{"line":46,"column":64}},"23":{"start":{"line":47,"column":33},"end":{"line":49,"column":17}},"24":{"start":{"line":51,"column":4},"end":{"line":51,"column":80}},"25":{"start":{"line":53,"column":4},"end":{"line":53,"column":60}},"26":{"start":{"line":56,"column":36},"end":{"line":63,"column":1}},"27":{"start":{"line":57,"column":2},"end":{"line":62,"column":3}},"28":{"start":{"line":58,"column":17},"end":{"line":58,"column":64}},"29":{"start":{"line":59,"column":4},"end":{"line":59,"column":43}},"30":{"start":{"line":61,"column":4},"end":{"line":61,"column":45}},"31":{"start":{"line":65,"column":38},"end":{"line":72,"column":1}},"32":{"start":{"line":66,"column":2},"end":{"line":71,"column":3}},"33":{"start":{"line":67,"column":17},"end":{"line":67,"column":74}},"34":{"start":{"line":68,"column":4},"end":{"line":68,"column":46}},"35":{"start":{"line":70,"column":4},"end":{"line":70,"column":45}},"36":{"start":{"line":74,"column":47},"end":{"line":87,"column":1}},"37":{"start":{"line":75,"column":31},"end":{"line":75,"column":37}},"38":{"start":{"line":79,"column":2},"end":{"line":86,"column":3}},"39":{"start":{"line":80,"column":4},"end":{"line":83,"column":6}},"40":{"start":{"line":85,"column":4},"end":{"line":85,"column":61}},"41":{"start":{"line":89,"column":35},"end":{"line":99,"column":1}},"42":{"start":{"line":94,"column":2},"end":{"line":98,"column":3}},"43":{"start":{"line":95,"column":4},"end":{"line":95,"column":64}},"44":{"start":{"line":97,"column":4},"end":{"line":97,"column":51}}},"fnMap":{"0":{"name":"(anonymous_0)","decl":{"start":{"line":10,"column":36},"end":{"line":10,"column":37}},"loc":{"start":{"line":11,"column":2},"end":{"line":13,"column":7}},"line":11},"1":{"name":"(anonymous_1)","decl":{"start":{"line":15,"column":34},"end":{"line":15,"column":35}},"loc":{"start":{"line":15,"column":74},"end":{"line":38,"column":1}},"line":15},"2":{"name":"(anonymous_2)","decl":{"start":{"line":40,"column":26},"end":{"line":40,"column":27}},"loc":{"start":{"line":41,"column":2},"end":{"line":41,"column":56}},"line":41},"3":{"name":"(anonymous_3)","decl":{"start":{"line":43,"column":25},"end":{"line":43,"column":26}},"loc":{"start":{"line":43,"column":65},"end":{"line":55,"column":1}},"line":43},"4":{"name":"(anonymous_4)","decl":{"start":{"line":56,"column":36},"end":{"line":56,"column":37}},"loc":{"start":{"line":56,"column":60},"end":{"line":63,"column":1}},"line":56},"5":{"name":"(anonymous_5)","decl":{"start":{"line":65,"column":38},"end":{"line":65,"column":39}},"loc":{"start":{"line":65,"column":62},"end":{"line":72,"column":1}},"line":65},"6":{"name":"(anonymous_6)","decl":{"start":{"line":74,"column":47},"end":{"line":74,"column":48}},"loc":{"start":{"line":74,"column":71},"end":{"line":87,"column":1}},"line":74},"7":{"name":"(anonymous_7)","decl":{"start":{"line":89,"column":35},"end":{"line":89,"column":36}},"loc":{"start":{"line":93,"column":5},"end":{"line":99,"column":1}},"line":93}},"branchMap":{"0":{"loc":{"start":{"line":11,"column":2},"end":{"line":13,"column":7}},"type":"cond-expr","locations":[{"start":{"line":12,"column":6},"end":{"line":12,"column":73}},{"start":{"line":13,"column":6},"end":{"line":13,"column":7}}],"line":11},"1":{"loc":{"start":{"line":16,"column":2},"end":{"line":36,"column":3}},"type":"if","locations":[{"start":{"line":16,"column":2},"end":{"line":36,"column":3}},{"start":{"line":16,"column":2},"end":{"line":36,"column":3}}],"line":16},"2":{"loc":{"start":{"line":16,"column":6},"end":{"line":16,"column":24}},"type":"binary-expr","locations":[{"start":{"line":16,"column":6},"end":{"line":16,"column":14}},{"start":{"line":16,"column":18},"end":{"line":16,"column":24}}],"line":16},"3":{"loc":{"start":{"line":23,"column":4},"end":{"line":35,"column":5}},"type":"if","locations":[{"start":{"line":23,"column":4},"end":{"line":35,"column":5}},{"start":{"line":23,"column":4},"end":{"line":35,"column":5}}],"line":23},"4":{"loc":{"start":{"line":23,"column":8},"end":{"line":23,"column":34}},"type":"binary-expr","locations":[{"start":{"line":23,"column":8},"end":{"line":23,"column":17}},{"start":{"line":23,"column":21},"end":{"line":23,"column":34}}],"line":23},"5":{"loc":{"start":{"line":24,"column":6},"end":{"line":28,"column":7}},"type":"if","locations":[{"start":{"line":24,"column":6},"end":{"line":28,"column":7}},{"start":{"line":24,"column":6},"end":{"line":28,"column":7}}],"line":24},"6":{"loc":{"start":{"line":24,"column":10},"end":{"line":24,"column":36}},"type":"binary-expr","locations":[{"start":{"line":24,"column":10},"end":{"line":24,"column":19}},{"start":{"line":24,"column":23},"end":{"line":24,"column":36}}],"line":24},"7":{"loc":{"start":{"line":29,"column":11},"end":{"line":35,"column":5}},"type":"if","locations":[{"start":{"line":29,"column":11},"end":{"line":35,"column":5}},{"start":{"line":29,"column":11},"end":{"line":35,"column":5}}],"line":29},"8":{"loc":{"start":{"line":29,"column":15},"end":{"line":29,"column":43}},"type":"binary-expr","locations":[{"start":{"line":29,"column":15},"end":{"line":29,"column":25}},{"start":{"line":29,"column":29},"end":{"line":29,"column":43}}],"line":29},"9":{"loc":{"start":{"line":31,"column":11},"end":{"line":35,"column":5}},"type":"if","locations":[{"start":{"line":31,"column":11},"end":{"line":35,"column":5}},{"start":{"line":31,"column":11},"end":{"line":35,"column":5}}],"line":31},"10":{"loc":{"start":{"line":31,"column":15},"end":{"line":31,"column":47}},"type":"binary-expr","locations":[{"start":{"line":31,"column":15},"end":{"line":31,"column":27}},{"start":{"line":31,"column":31},"end":{"line":31,"column":47}}],"line":31},"11":{"loc":{"start":{"line":40,"column":40},"end":{"line":40,"column":61}},"type":"default-arg","locations":[{"start":{"line":40,"column":49},"end":{"line":40,"column":61}}],"line":40},"12":{"loc":{"start":{"line":41,"column":2},"end":{"line":41,"column":56}},"type":"cond-expr","locations":[{"start":{"line":41,"column":9},"end":{"line":41,"column":51}},{"start":{"line":41,"column":54},"end":{"line":41,"column":56}}],"line":41},"13":{"loc":{"start":{"line":44,"column":2},"end":{"line":54,"column":3}},"type":"if","locations":[{"start":{"line":44,"column":2},"end":{"line":54,"column":3}},{"start":{"line":44,"column":2},"end":{"line":54,"column":3}}],"line":44},"14":{"loc":{"start":{"line":44,"column":6},"end":{"line":44,"column":24}},"type":"binary-expr","locations":[{"start":{"line":44,"column":6},"end":{"line":44,"column":14}},{"start":{"line":44,"column":18},"end":{"line":44,"column":24}}],"line":44},"15":{"loc":{"start":{"line":51,"column":11},"end":{"line":51,"column":79}},"type":"cond-expr","locations":[{"start":{"line":51,"column":32},"end":{"line":51,"column":48}},{"start":{"line":51,"column":51},"end":{"line":51,"column":79}}],"line":51},"16":{"loc":{"start":{"line":51,"column":56},"end":{"line":51,"column":71}},"type":"binary-expr","locations":[{"start":{"line":51,"column":56},"end":{"line":51,"column":66}},{"start":{"line":51,"column":70},"end":{"line":51,"column":71}}],"line":51},"17":{"loc":{"start":{"line":57,"column":2},"end":{"line":62,"column":3}},"type":"if","locations":[{"start":{"line":57,"column":2},"end":{"line":62,"column":3}},{"start":{"line":57,"column":2},"end":{"line":62,"column":3}}],"line":57},"18":{"loc":{"start":{"line":66,"column":2},"end":{"line":71,"column":3}},"type":"if","locations":[{"start":{"line":66,"column":2},"end":{"line":71,"column":3}},{"start":{"line":66,"column":2},"end":{"line":71,"column":3}}],"line":66},"19":{"loc":{"start":{"line":79,"column":2},"end":{"line":86,"column":3}},"type":"if","locations":[{"start":{"line":79,"column":2},"end":{"line":86,"column":3}},{"start":{"line":79,"column":2},"end":{"line":86,"column":3}}],"line":79},"20":{"loc":{"start":{"line":79,"column":6},"end":{"line":79,"column":26}},"type":"binary-expr","locations":[{"start":{"line":79,"column":6},"end":{"line":79,"column":10}},{"start":{"line":79,"column":14},"end":{"line":79,"column":19}},{"start":{"line":79,"column":23},"end":{"line":79,"column":26}}],"line":79},"21":{"loc":{"start":{"line":92,"column":2},"end":{"line":92,"column":29}},"type":"default-arg","locations":[{"start":{"line":92,"column":11},"end":{"line":92,"column":29}}],"line":92},"22":{"loc":{"start":{"line":94,"column":2},"end":{"line":98,"column":3}},"type":"if","locations":[{"start":{"line":94,"column":2},"end":{"line":98,"column":3}},{"start":{"line":94,"column":2},"end":{"line":98,"column":3}}],"line":94}},"s":{"0":12,"1":3,"2":12,"3":19,"4":16,"5":16,"6":16,"7":16,"8":2,"9":1,"10":1,"11":14,"12":1,"13":13,"14":1,"15":12,"16":3,"17":12,"18":3,"19":12,"20":10,"21":7,"22":7,"23":7,"24":7,"25":3,"26":12,"27":3,"28":2,"29":2,"30":1,"31":12,"32":4,"33":3,"34":3,"35":1,"36":12,"37":2,"38":2,"39":1,"40":1,"41":12,"42":5,"43":4,"44":1},"f":{"0":3,"1":19,"2":3,"3":10,"4":3,"5":4,"6":2,"7":5},"b":{"0":[2,1],"1":[16,3],"2":[19,17],"3":[2,14],"4":[16,12],"5":[1,1],"6":[2,2],"7":[1,13],"8":[14,11],"9":[1,12],"10":[13,11],"11":[2],"12":[2,1],"13":[7,3],"14":[10,8],"15":[2,5],"16":[5,5],"17":[2,1],"18":[3,1],"19":[1,1],"20":[2,2,2],"21":[1],"22":[4,1]},"_coverageSchema":"1a1c01bbd47fc00a2c39e90264f33305004495a9","hash":"e6d2de37af7ef5b3e95833207dd0e17b89d9ab01"}
,"/Users/yiangosstroppos/Documents/MarlowProjects/MarlowApp/aphrodite/src/common/errorHandling.ts": {"path":"/Users/yiangosstroppos/Documents/MarlowProjects/MarlowApp/aphrodite/src/common/errorHandling.ts","statementMap":{"0":{"start":{"line":2,"column":2},"end":{"line":17,"column":3}},"1":{"start":{"line":4,"column":6},"end":{"line":4,"column":71}},"2":{"start":{"line":6,"column":6},"end":{"line":6,"column":312}},"3":{"start":{"line":8,"column":6},"end":{"line":8,"column":289}},"4":{"start":{"line":10,"column":6},"end":{"line":10,"column":78}},"5":{"start":{"line":12,"column":6},"end":{"line":12,"column":370}},"6":{"start":{"line":14,"column":6},"end":{"line":14,"column":147}},"7":{"start":{"line":16,"column":6},"end":{"line":16,"column":370}}},"fnMap":{"0":{"name":"(anonymous_0)","decl":{"start":{"line":1,"column":15},"end":{"line":1,"column":16}},"loc":{"start":{"line":1,"column":39},"end":{"line":18,"column":1}},"line":1}},"branchMap":{"0":{"loc":{"start":{"line":2,"column":2},"end":{"line":17,"column":3}},"type":"switch","locations":[{"start":{"line":3,"column":4},"end":{"line":4,"column":71}},{"start":{"line":5,"column":4},"end":{"line":6,"column":312}},{"start":{"line":7,"column":4},"end":{"line":8,"column":289}},{"start":{"line":9,"column":4},"end":{"line":10,"column":78}},{"start":{"line":11,"column":4},"end":{"line":12,"column":370}},{"start":{"line":13,"column":4},"end":{"line":14,"column":147}},{"start":{"line":15,"column":4},"end":{"line":16,"column":370}}],"line":2}},"s":{"0":13,"1":1,"2":1,"3":1,"4":1,"5":3,"6":3,"7":3},"f":{"0":13},"b":{"0":[1,1,1,1,3,3,3]},"_coverageSchema":"1a1c01bbd47fc00a2c39e90264f33305004495a9","hash":"84a91ed75606c2c3761c64bb67482c73de11ff83"}
,"/Users/yiangosstroppos/Documents/MarlowProjects/MarlowApp/aphrodite/src/common/handleLink.ts": {"path":"/Users/yiangosstroppos/Documents/MarlowProjects/MarlowApp/aphrodite/src/common/handleLink.ts","statementMap":{"0":{"start":{"line":3,"column":26},"end":{"line":14,"column":1}},"1":{"start":{"line":7,"column":2},"end":{"line":13,"column":3}},"2":{"start":{"line":8,"column":4},"end":{"line":8,"column":55}},"3":{"start":{"line":9,"column":9},"end":{"line":13,"column":3}},"4":{"start":{"line":10,"column":4},"end":{"line":10,"column":76}},"5":{"start":{"line":12,"column":4},"end":{"line":12,"column":76}}},"fnMap":{"0":{"name":"(anonymous_0)","decl":{"start":{"line":3,"column":26},"end":{"line":3,"column":27}},"loc":{"start":{"line":6,"column":37},"end":{"line":14,"column":1}},"line":6}},"branchMap":{"0":{"loc":{"start":{"line":7,"column":2},"end":{"line":13,"column":3}},"type":"if","locations":[{"start":{"line":7,"column":2},"end":{"line":13,"column":3}},{"start":{"line":7,"column":2},"end":{"line":13,"column":3}}],"line":7},"1":{"loc":{"start":{"line":8,"column":11},"end":{"line":8,"column":54}},"type":"binary-expr","locations":[{"start":{"line":8,"column":11},"end":{"line":8,"column":22}},{"start":{"line":8,"column":26},"end":{"line":8,"column":54}}],"line":8},"2":{"loc":{"start":{"line":9,"column":9},"end":{"line":13,"column":3}},"type":"if","locations":[{"start":{"line":9,"column":9},"end":{"line":13,"column":3}},{"start":{"line":9,"column":9},"end":{"line":13,"column":3}}],"line":9},"3":{"loc":{"start":{"line":10,"column":11},"end":{"line":10,"column":75}},"type":"binary-expr","locations":[{"start":{"line":10,"column":11},"end":{"line":10,"column":22}},{"start":{"line":10,"column":26},"end":{"line":10,"column":75}}],"line":10},"4":{"loc":{"start":{"line":12,"column":11},"end":{"line":12,"column":75}},"type":"binary-expr","locations":[{"start":{"line":12,"column":11},"end":{"line":12,"column":22}},{"start":{"line":12,"column":26},"end":{"line":12,"column":75}}],"line":12}},"s":{"0":17,"1":17,"2":3,"3":14,"4":8,"5":6},"f":{"0":17},"b":{"0":[3,14],"1":[3,2],"2":[8,6],"3":[8,7],"4":[6,5]},"_coverageSchema":"1a1c01bbd47fc00a2c39e90264f33305004495a9","hash":"14afd756f0ce4989f426541834e04e963ab4cd2e"}
,"/Users/yiangosstroppos/Documents/MarlowProjects/MarlowApp/aphrodite/src/common/pushNotifications.ts": {"path":"/Users/yiangosstroppos/Documents/MarlowProjects/MarlowApp/aphrodite/src/common/pushNotifications.ts","statementMap":{"0":{"start":{"line":30,"column":21},"end":{"line":30,"column":56}},"1":{"start":{"line":32,"column":29},"end":{"line":60,"column":1}},"2":{"start":{"line":33,"column":28},"end":{"line":33,"column":68}},"3":{"start":{"line":34,"column":31},"end":{"line":36,"column":3}},"4":{"start":{"line":38,"column":2},"end":{"line":38,"column":49}},"5":{"start":{"line":39,"column":23},"end":{"line":39,"column":63}},"6":{"start":{"line":40,"column":25},"end":{"line":40,"column":56}},"7":{"start":{"line":41,"column":2},"end":{"line":41,"column":54}},"8":{"start":{"line":42,"column":22},"end":{"line":42,"column":61}},"9":{"start":{"line":43,"column":24},"end":{"line":43,"column":54}},"10":{"start":{"line":44,"column":2},"end":{"line":44,"column":52}},"11":{"start":{"line":45,"column":27},"end":{"line":45,"column":58}},"12":{"start":{"line":46,"column":2},"end":{"line":54,"column":3}},"13":{"start":{"line":47,"column":4},"end":{"line":53,"column":6}},"14":{"start":{"line":49,"column":8},"end":{"line":51,"column":9}},"15":{"start":{"line":50,"column":10},"end":{"line":50,"column":45}},"16":{"start":{"line":56,"column":2},"end":{"line":57,"column":66}},"17":{"start":{"line":58,"column":2},"end":{"line":59,"column":79}},"18":{"start":{"line":69,"column":39},"end":{"line":77,"column":1}},"19":{"start":{"line":70,"column":2},"end":{"line":76,"column":3}},"20":{"start":{"line":71,"column":4},"end":{"line":73,"column":54}},"21":{"start":{"line":75,"column":4},"end":{"line":75,"column":44}},"22":{"start":{"line":79,"column":39},"end":{"line":85,"column":1}},"23":{"start":{"line":80,"column":2},"end":{"line":84,"column":3}},"24":{"start":{"line":81,"column":4},"end":{"line":81,"column":29}},"25":{"start":{"line":83,"column":4},"end":{"line":83,"column":37}},"26":{"start":{"line":87,"column":49},"end":{"line":124,"column":1}},"27":{"start":{"line":92,"column":2},"end":{"line":123,"column":3}},"28":{"start":{"line":94,"column":6},"end":{"line":94,"column":56}},"29":{"start":{"line":95,"column":6},"end":{"line":95,"column":12}},"30":{"start":{"line":97,"column":6},"end":{"line":97,"column":57}},"31":{"start":{"line":98,"column":6},"end":{"line":98,"column":12}},"32":{"start":{"line":100,"column":6},"end":{"line":100,"column":54}},"33":{"start":{"line":101,"column":6},"end":{"line":101,"column":12}},"34":{"start":{"line":103,"column":6},"end":{"line":103,"column":52}},"35":{"start":{"line":104,"column":6},"end":{"line":104,"column":12}},"36":{"start":{"line":106,"column":6},"end":{"line":106,"column":51}},"37":{"start":{"line":107,"column":6},"end":{"line":107,"column":12}},"38":{"start":{"line":109,"column":6},"end":{"line":109,"column":56}},"39":{"start":{"line":110,"column":6},"end":{"line":110,"column":12}},"40":{"start":{"line":112,"column":6},"end":{"line":112,"column":53}},"41":{"start":{"line":113,"column":6},"end":{"line":113,"column":12}},"42":{"start":{"line":115,"column":6},"end":{"line":115,"column":48}},"43":{"start":{"line":116,"column":6},"end":{"line":116,"column":12}},"44":{"start":{"line":118,"column":6},"end":{"line":118,"column":57}},"45":{"start":{"line":119,"column":6},"end":{"line":119,"column":12}},"46":{"start":{"line":121,"column":6},"end":{"line":121,"column":57}},"47":{"start":{"line":122,"column":6},"end":{"line":122,"column":12}},"48":{"start":{"line":128,"column":2},"end":{"line":145,"column":3}},"49":{"start":{"line":129,"column":4},"end":{"line":144,"column":6}},"50":{"start":{"line":131,"column":8},"end":{"line":142,"column":9}},"51":{"start":{"line":132,"column":35},"end":{"line":134,"column":11}},"52":{"start":{"line":135,"column":10},"end":{"line":139,"column":64}},"53":{"start":{"line":139,"column":30},"end":{"line":139,"column":62}},"54":{"start":{"line":141,"column":10},"end":{"line":141,"column":70}},"55":{"start":{"line":147,"column":2},"end":{"line":169,"column":4}},"56":{"start":{"line":149,"column":6},"end":{"line":149,"column":44}},"57":{"start":{"line":150,"column":31},"end":{"line":152,"column":7}},"58":{"start":{"line":153,"column":6},"end":{"line":167,"column":7}},"59":{"start":{"line":154,"column":8},"end":{"line":158,"column":9}},"60":{"start":{"line":155,"column":10},"end":{"line":157,"column":63}},"61":{"start":{"line":157,"column":29},"end":{"line":157,"column":61}},"62":{"start":{"line":160,"column":8},"end":{"line":166,"column":9}},"63":{"start":{"line":161,"column":10},"end":{"line":163,"column":63}},"64":{"start":{"line":163,"column":29},"end":{"line":163,"column":61}},"65":{"start":{"line":165,"column":10},"end":{"line":165,"column":70}},"66":{"start":{"line":172,"column":2},"end":{"line":181,"column":4}},"67":{"start":{"line":174,"column":31},"end":{"line":176,"column":7}},"68":{"start":{"line":177,"column":6},"end":{"line":179,"column":59}},"69":{"start":{"line":179,"column":25},"end":{"line":179,"column":57}},"70":{"start":{"line":184,"column":43},"end":{"line":216,"column":3}},"71":{"start":{"line":185,"column":2},"end":{"line":216,"column":3}},"72":{"start":{"line":187,"column":6},"end":{"line":187,"column":39}},"73":{"start":{"line":188,"column":6},"end":{"line":188,"column":55}},"74":{"start":{"line":189,"column":6},"end":{"line":189,"column":38}},"75":{"start":{"line":190,"column":31},"end":{"line":192,"column":7}},"76":{"start":{"line":193,"column":6},"end":{"line":197,"column":7}},"77":{"start":{"line":194,"column":8},"end":{"line":196,"column":11}},"78":{"start":{"line":195,"column":10},"end":{"line":195,"column":71}},"79":{"start":{"line":198,"column":6},"end":{"line":202,"column":7}},"80":{"start":{"line":199,"column":8},"end":{"line":201,"column":10}},"81":{"start":{"line":200,"column":10},"end":{"line":200,"column":70}},"82":{"start":{"line":203,"column":6},"end":{"line":214,"column":7}},"83":{"start":{"line":204,"column":22},"end":{"line":212,"column":9}},"84":{"start":{"line":213,"column":8},"end":{"line":213,"column":72}}},"fnMap":{"0":{"name":"(anonymous_0)","decl":{"start":{"line":32,"column":29},"end":{"line":32,"column":30}},"loc":{"start":{"line":32,"column":64},"end":{"line":60,"column":1}},"line":32},"1":{"name":"(anonymous_1)","decl":{"start":{"line":48,"column":27},"end":{"line":48,"column":28}},"loc":{"start":{"line":48,"column":50},"end":{"line":52,"column":7}},"line":48},"2":{"name":"(anonymous_2)","decl":{"start":{"line":69,"column":39},"end":{"line":69,"column":40}},"loc":{"start":{"line":69,"column":79},"end":{"line":77,"column":1}},"line":69},"3":{"name":"(anonymous_3)","decl":{"start":{"line":79,"column":39},"end":{"line":79,"column":40}},"loc":{"start":{"line":79,"column":79},"end":{"line":85,"column":1}},"line":79},"4":{"name":"(anonymous_4)","decl":{"start":{"line":87,"column":49},"end":{"line":87,"column":50}},"loc":{"start":{"line":91,"column":6},"end":{"line":124,"column":1}},"line":91},"5":{"name":"(anonymous_5)","decl":{"start":{"line":126,"column":15},"end":{"line":126,"column":16}},"loc":{"start":{"line":126,"column":27},"end":{"line":182,"column":1}},"line":126},"6":{"name":"(anonymous_6)","decl":{"start":{"line":130,"column":6},"end":{"line":130,"column":7}},"loc":{"start":{"line":130,"column":49},"end":{"line":143,"column":7}},"line":130},"7":{"name":"(anonymous_7)","decl":{"start":{"line":138,"column":18},"end":{"line":138,"column":19}},"loc":{"start":{"line":138,"column":24},"end":{"line":138,"column":26}},"line":138},"8":{"name":"(anonymous_8)","decl":{"start":{"line":139,"column":19},"end":{"line":139,"column":20}},"loc":{"start":{"line":139,"column":30},"end":{"line":139,"column":62}},"line":139},"9":{"name":"(anonymous_9)","decl":{"start":{"line":148,"column":4},"end":{"line":148,"column":5}},"loc":{"start":{"line":148,"column":53},"end":{"line":168,"column":5}},"line":148},"10":{"name":"(anonymous_10)","decl":{"start":{"line":157,"column":18},"end":{"line":157,"column":19}},"loc":{"start":{"line":157,"column":29},"end":{"line":157,"column":61}},"line":157},"11":{"name":"(anonymous_11)","decl":{"start":{"line":163,"column":18},"end":{"line":163,"column":19}},"loc":{"start":{"line":163,"column":29},"end":{"line":163,"column":61}},"line":163},"12":{"name":"(anonymous_12)","decl":{"start":{"line":173,"column":4},"end":{"line":173,"column":5}},"loc":{"start":{"line":173,"column":53},"end":{"line":180,"column":5}},"line":173},"13":{"name":"(anonymous_13)","decl":{"start":{"line":179,"column":14},"end":{"line":179,"column":15}},"loc":{"start":{"line":179,"column":25},"end":{"line":179,"column":57}},"line":179},"14":{"name":"(anonymous_14)","decl":{"start":{"line":184,"column":43},"end":{"line":184,"column":44}},"loc":{"start":{"line":185,"column":2},"end":{"line":216,"column":3}},"line":185},"15":{"name":"(anonymous_15)","decl":{"start":{"line":186,"column":4},"end":{"line":186,"column":5}},"loc":{"start":{"line":186,"column":53},"end":{"line":215,"column":5}},"line":186},"16":{"name":"(anonymous_16)","decl":{"start":{"line":194,"column":63},"end":{"line":194,"column":64}},"loc":{"start":{"line":194,"column":69},"end":{"line":196,"column":9}},"line":194},"17":{"name":"(anonymous_17)","decl":{"start":{"line":199,"column":64},"end":{"line":199,"column":65}},"loc":{"start":{"line":200,"column":10},"end":{"line":200,"column":70}},"line":200}},"branchMap":{"0":{"loc":{"start":{"line":41,"column":2},"end":{"line":41,"column":53}},"type":"binary-expr","locations":[{"start":{"line":41,"column":2},"end":{"line":41,"column":16}},{"start":{"line":41,"column":21},"end":{"line":41,"column":52}}],"line":41},"1":{"loc":{"start":{"line":44,"column":2},"end":{"line":44,"column":51}},"type":"binary-expr","locations":[{"start":{"line":44,"column":2},"end":{"line":44,"column":15}},{"start":{"line":44,"column":20},"end":{"line":44,"column":50}}],"line":44},"2":{"loc":{"start":{"line":46,"column":2},"end":{"line":54,"column":3}},"type":"if","locations":[{"start":{"line":46,"column":2},"end":{"line":54,"column":3}},{"start":{"line":46,"column":2},"end":{"line":54,"column":3}}],"line":46},"3":{"loc":{"start":{"line":49,"column":8},"end":{"line":51,"column":9}},"type":"if","locations":[{"start":{"line":49,"column":8},"end":{"line":51,"column":9}},{"start":{"line":49,"column":8},"end":{"line":51,"column":9}}],"line":49},"4":{"loc":{"start":{"line":49,"column":12},"end":{"line":49,"column":59}},"type":"binary-expr","locations":[{"start":{"line":49,"column":12},"end":{"line":49,"column":33}},{"start":{"line":49,"column":37},"end":{"line":49,"column":59}}],"line":49},"5":{"loc":{"start":{"line":56,"column":2},"end":{"line":57,"column":65}},"type":"binary-expr","locations":[{"start":{"line":56,"column":2},"end":{"line":56,"column":19}},{"start":{"line":57,"column":5},"end":{"line":57,"column":64}}],"line":56},"6":{"loc":{"start":{"line":58,"column":2},"end":{"line":59,"column":78}},"type":"binary-expr","locations":[{"start":{"line":58,"column":2},"end":{"line":58,"column":22}},{"start":{"line":59,"column":5},"end":{"line":59,"column":77}}],"line":58},"7":{"loc":{"start":{"line":70,"column":2},"end":{"line":76,"column":3}},"type":"if","locations":[{"start":{"line":70,"column":2},"end":{"line":76,"column":3}},{"start":{"line":70,"column":2},"end":{"line":76,"column":3}}],"line":70},"8":{"loc":{"start":{"line":71,"column":11},"end":{"line":73,"column":53}},"type":"cond-expr","locations":[{"start":{"line":72,"column":8},"end":{"line":72,"column":58}},{"start":{"line":73,"column":8},"end":{"line":73,"column":53}}],"line":71},"9":{"loc":{"start":{"line":80,"column":2},"end":{"line":84,"column":3}},"type":"if","locations":[{"start":{"line":80,"column":2},"end":{"line":84,"column":3}},{"start":{"line":80,"column":2},"end":{"line":84,"column":3}}],"line":80},"10":{"loc":{"start":{"line":92,"column":2},"end":{"line":123,"column":3}},"type":"switch","locations":[{"start":{"line":93,"column":4},"end":{"line":95,"column":12}},{"start":{"line":96,"column":4},"end":{"line":98,"column":12}},{"start":{"line":99,"column":4},"end":{"line":101,"column":12}},{"start":{"line":102,"column":4},"end":{"line":104,"column":12}},{"start":{"line":105,"column":4},"end":{"line":107,"column":12}},{"start":{"line":108,"column":4},"end":{"line":110,"column":12}},{"start":{"line":111,"column":4},"end":{"line":113,"column":12}},{"start":{"line":114,"column":4},"end":{"line":116,"column":12}},{"start":{"line":117,"column":4},"end":{"line":119,"column":12}},{"start":{"line":120,"column":4},"end":{"line":122,"column":12}}],"line":92},"11":{"loc":{"start":{"line":128,"column":2},"end":{"line":145,"column":3}},"type":"if","locations":[{"start":{"line":128,"column":2},"end":{"line":145,"column":3}},{"start":{"line":128,"column":2},"end":{"line":145,"column":3}}],"line":128},"12":{"loc":{"start":{"line":131,"column":8},"end":{"line":142,"column":9}},"type":"if","locations":[{"start":{"line":131,"column":8},"end":{"line":142,"column":9}},{"start":{"line":131,"column":8},"end":{"line":142,"column":9}}],"line":131},"13":{"loc":{"start":{"line":153,"column":6},"end":{"line":167,"column":7}},"type":"if","locations":[{"start":{"line":153,"column":6},"end":{"line":167,"column":7}},{"start":{"line":153,"column":6},"end":{"line":167,"column":7}}],"line":153},"14":{"loc":{"start":{"line":154,"column":8},"end":{"line":158,"column":9}},"type":"if","locations":[{"start":{"line":154,"column":8},"end":{"line":158,"column":9}},{"start":{"line":154,"column":8},"end":{"line":158,"column":9}}],"line":154},"15":{"loc":{"start":{"line":160,"column":8},"end":{"line":166,"column":9}},"type":"if","locations":[{"start":{"line":160,"column":8},"end":{"line":166,"column":9}},{"start":{"line":160,"column":8},"end":{"line":166,"column":9}}],"line":160},"16":{"loc":{"start":{"line":160,"column":12},"end":{"line":160,"column":66}},"type":"binary-expr","locations":[{"start":{"line":160,"column":12},"end":{"line":160,"column":50}},{"start":{"line":160,"column":54},"end":{"line":160,"column":66}}],"line":160},"17":{"loc":{"start":{"line":193,"column":6},"end":{"line":197,"column":7}},"type":"if","locations":[{"start":{"line":193,"column":6},"end":{"line":197,"column":7}},{"start":{"line":193,"column":6},"end":{"line":197,"column":7}}],"line":193},"18":{"loc":{"start":{"line":198,"column":6},"end":{"line":202,"column":7}},"type":"if","locations":[{"start":{"line":198,"column":6},"end":{"line":202,"column":7}},{"start":{"line":198,"column":6},"end":{"line":202,"column":7}}],"line":198},"19":{"loc":{"start":{"line":203,"column":6},"end":{"line":214,"column":7}},"type":"if","locations":[{"start":{"line":203,"column":6},"end":{"line":214,"column":7}},{"start":{"line":203,"column":6},"end":{"line":214,"column":7}}],"line":203}},"s":{"0":8,"1":8,"2":2,"3":2,"4":2,"5":2,"6":2,"7":2,"8":2,"9":2,"10":2,"11":2,"12":2,"13":1,"14":3,"15":3,"16":2,"17":2,"18":8,"19":4,"20":2,"21":2,"22":8,"23":3,"24":1,"25":2,"26":8,"27":10,"28":1,"29":1,"30":1,"31":1,"32":1,"33":1,"34":1,"35":1,"36":1,"37":1,"38":1,"39":1,"40":1,"41":1,"42":1,"43":1,"44":1,"45":1,"46":1,"47":1,"48":9,"49":4,"50":4,"51":3,"52":2,"53":1,"54":2,"55":9,"56":8,"57":8,"58":8,"59":5,"60":1,"61":1,"62":3,"63":2,"64":1,"65":2,"66":8,"67":5,"68":5,"69":2,"70":8,"71":11,"72":3,"73":3,"74":3,"75":3,"76":3,"77":1,"78":1,"79":3,"80":1,"81":1,"82":3,"83":1,"84":1},"f":{"0":2,"1":3,"2":4,"3":3,"4":10,"5":9,"6":4,"7":1,"8":1,"9":8,"10":1,"11":1,"12":5,"13":2,"14":11,"15":3,"16":1,"17":1},"b":{"0":[2,2],"1":[2,2],"2":[1,1],"3":[3,0],"4":[3,3],"5":[2,2],"6":[2,2],"7":[2,2],"8":[1,1],"9":[1,2],"10":[1,1,1,1,1,1,1,1,1,1],"11":[4,5],"12":[3,1],"13":[5,3],"14":[1,4],"15":[2,1],"16":[3,3],"17":[1,2],"18":[1,2],"19":[1,2]},"_coverageSchema":"1a1c01bbd47fc00a2c39e90264f33305004495a9","hash":"df74e7420395c18db62ad4e4ea390824523b3856"}
,"/Users/yiangosstroppos/Documents/MarlowProjects/MarlowApp/aphrodite/src/common/reduceToSumNumbersCounter.ts": {"path":"/Users/yiangosstroppos/Documents/MarlowProjects/MarlowApp/aphrodite/src/common/reduceToSumNumbersCounter.ts","statementMap":{"0":{"start":{"line":1,"column":41},"end":{"line":6,"column":1}},"1":{"start":{"line":5,"column":2},"end":{"line":5,"column":79}},"2":{"start":{"line":5,"column":44},"end":{"line":5,"column":73}}},"fnMap":{"0":{"name":"(anonymous_0)","decl":{"start":{"line":1,"column":41},"end":{"line":1,"column":42}},"loc":{"start":{"line":4,"column":5},"end":{"line":6,"column":1}},"line":4},"1":{"name":"(anonymous_1)","decl":{"start":{"line":5,"column":28},"end":{"line":5,"column":29}},"loc":{"start":{"line":5,"column":44},"end":{"line":5,"column":73}},"line":5}},"branchMap":{"0":{"loc":{"start":{"line":5,"column":44},"end":{"line":5,"column":73}},"type":"cond-expr","locations":[{"start":{"line":5,"column":68},"end":{"line":5,"column":69}},{"start":{"line":5,"column":72},"end":{"line":5,"column":73}}],"line":5}},"s":{"0":4,"1":96,"2":16},"f":{"0":96,"1":16},"b":{"0":[12,4]},"_coverageSchema":"1a1c01bbd47fc00a2c39e90264f33305004495a9","hash":"ba5444d7fab2fa2ec24e861ee3bc5f4fa0ad4ef1"}
,"/Users/yiangosstroppos/Documents/MarlowProjects/MarlowApp/aphrodite/src/common/request.ts": {"path":"/Users/yiangosstroppos/Documents/MarlowProjects/MarlowApp/aphrodite/src/common/request.ts","statementMap":{"0":{"start":{"line":59,"column":27},"end":{"line":65,"column":1}},"1":{"start":{"line":60,"column":18},"end":{"line":60,"column":45}},"2":{"start":{"line":61,"column":2},"end":{"line":64,"column":4}},"3":{"start":{"line":67,"column":21},"end":{"line":72,"column":1}},"4":{"start":{"line":68,"column":2},"end":{"line":70,"column":3}},"5":{"start":{"line":69,"column":4},"end":{"line":69,"column":19}},"6":{"start":{"line":71,"column":2},"end":{"line":71,"column":18}},"7":{"start":{"line":74,"column":29},"end":{"line":90,"column":1}},"8":{"start":{"line":81,"column":2},"end":{"line":89,"column":24}},"9":{"start":{"line":92,"column":24},"end":{"line":144,"column":1}},"10":{"start":{"line":93,"column":2},"end":{"line":143,"column":3}},"11":{"start":{"line":95,"column":6},"end":{"line":95,"column":62}},"12":{"start":{"line":95,"column":50},"end":{"line":95,"column":60}},"13":{"start":{"line":97,"column":6},"end":{"line":97,"column":53}},"14":{"start":{"line":97,"column":44},"end":{"line":97,"column":51}},"15":{"start":{"line":99,"column":6},"end":{"line":99,"column":44}},"16":{"start":{"line":99,"column":38},"end":{"line":99,"column":42}},"17":{"start":{"line":101,"column":6},"end":{"line":101,"column":60}},"18":{"start":{"line":101,"column":50},"end":{"line":101,"column":58}},"19":{"start":{"line":103,"column":6},"end":{"line":105,"column":8}},"20":{"start":{"line":104,"column":32},"end":{"line":104,"column":50}},"21":{"start":{"line":107,"column":6},"end":{"line":107,"column":74}},"22":{"start":{"line":107,"column":58},"end":{"line":107,"column":72}},"23":{"start":{"line":109,"column":6},"end":{"line":111,"column":8}},"24":{"start":{"line":110,"column":31},"end":{"line":110,"column":48}},"25":{"start":{"line":113,"column":6},"end":{"line":113,"column":71}},"26":{"start":{"line":113,"column":56},"end":{"line":113,"column":69}},"27":{"start":{"line":115,"column":6},"end":{"line":115,"column":62}},"28":{"start":{"line":115,"column":50},"end":{"line":115,"column":60}},"29":{"start":{"line":117,"column":6},"end":{"line":117,"column":60}},"30":{"start":{"line":117,"column":51},"end":{"line":117,"column":58}},"31":{"start":{"line":119,"column":6},"end":{"line":119,"column":69}},"32":{"start":{"line":119,"column":
[...]
column":71}},"6":{"start":{"line":46,"column":31},"end":{"line":46,"column":70}},"7":{"start":{"line":47,"column":23},"end":{"line":49,"column":3}},"8":{"start":{"line":48,"column":31},"end":{"line":48,"column":61}},"9":{"start":{"line":50,"column":19},"end":{"line":50,"column":32}},"10":{"start":{"line":51,"column":35},"end":{"line":57,"column":3}},"11":{"start":{"line":56,"column":4},"end":{"line":56,"column":108}},"12":{"start":{"line":59,"column":2},"end":{"line":78,"column":31}},"13":{"start":{"line":60,"column":28},"end":{"line":60,"column":57}},"14":{"start":{"line":62,"column":4},"end":{"line":77,"column":5}},"15":{"start":{"line":63,"column":56},"end":{"line":63,"column":71}},"16":{"start":{"line":65,"column":6},"end":{"line":73,"column":11}},"17":{"start":{"line":69,"column":10},"end":{"line":69,"column":61}},"18":{"start":{"line":72,"column":10},"end":{"line":72,"column":29}},"19":{"start":{"line":76,"column":6},"end":{"line":76,"column":65}},"20":{"start":{"line":80,"column":32},"end":{"line":90,"column":3}},"21":{"start":{"line":81,"column":4},"end":{"line":89,"column":6}},"22":{"start":{"line":92,"column":21},"end":{"line":105,"column":3}},"23":{"start":{"line":96,"column":4},"end":{"line":104,"column":5}},"24":{"start":{"line":97,"column":6},"end":{"line":101,"column":8}},"25":{"start":{"line":103,"column":6},"end":{"line":103,"column":66}},"26":{"start":{"line":108,"column":14},"end":{"line":108,"column":75}},"27":{"start":{"line":109,"column":2},"end":{"line":116,"column":4}}},"fnMap":{"0":{"name":"(anonymous_0)","decl":{"start":{"line":37,"column":36},"end":{"line":37,"column":37}},"loc":{"start":{"line":37,"column":54},"end":{"line":117,"column":1}},"line":37},"1":{"name":"(anonymous_1)","decl":{"start":{"line":46,"column":4},"end":{"line":46,"column":5}},"loc":{"start":{"line":46,"column":31},"end":{"line":46,"column":70}},"line":46},"2":{"name":"(anonymous_2)","decl":{"start":{"line":48,"column":4},"end":{"line":48,"column":5}},"loc":{"start":{"line":48,"column":31},"end":{"line":48,"column":61}},"line":48},"3":{"name":"(anonymous_3)","decl":{"start":{"line":51,"column":35},"end":{"line":51,"column":36}},"loc":{"start":{"line":55,"column":7},"end":{"line":57,"column":3}},"line":55},"4":{"name":"(anonymous_4)","decl":{"start":{"line":59,"column":12},"end":{"line":59,"column":13}},"loc":{"start":{"line":59,"column":18},"end":{"line":78,"column":3}},"line":59},"5":{"name":"(anonymous_5)","decl":{"start":{"line":68,"column":14},"end":{"line":68,"column":15}},"loc":{"start":{"line":68,"column":29},"end":{"line":70,"column":9}},"line":68},"6":{"name":"(anonymous_6)","decl":{"start":{"line":71,"column":15},"end":{"line":71,"column":16}},"loc":{"start":{"line":71,"column":31},"end":{"line":73,"column":9}},"line":71},"7":{"name":"(anonymous_7)","decl":{"start":{"line":80,"column":32},"end":{"line":80,"column":33}},"loc":{"start":{"line":80,"column":65},"end":{"line":90,"column":3}},"line":80},"8":{"name":"(anonymous_8)","decl":{"start":{"line":92,"column":21},"end":{"line":92,"column":22}},"loc":{"start":{"line":95,"column":7},"end":{"line":105,"column":3}},"line":95}},"branchMap":{"0":{"loc":{"start":{"line":62,"column":4},"end":{"line":77,"column":5}},"type":"if","locations":[{"start":{"line":62,"column":4},"end":{"line":77,"column":5}},{"start":{"line":62,"column":4},"end":{"line":77,"column":5}}],"line":62},"1":{"loc":{"start":{"line":81,"column":11},"end":{"line":89,"column":5}},"type":"cond-expr","locations":[{"start":{"line":82,"column":6},"end":{"line":82,"column":68}},{"start":{"line":84,"column":6},"end":{"line":88,"column":8}}],"line":81},"2":{"loc":{"start":{"line":96,"column":4},"end":{"line":104,"column":5}},"type":"if","locations":[{"start":{"line":96,"column":4},"end":{"line":104,"column":5}},{"start":{"line":96,"column":4},"end":{"line":104,"column":5}}],"line":96},"3":{"loc":{"start":{"line":103,"column":13},"end":{"line":103,"column":65}},"type":"cond-expr","locations":[{"start":{"line":103,"column":23},"end":{"line":103,"column":53}},{"start":{"line":103,"column":56},"end":{"line":103,"column":65}}],"line":103},"4":{"loc":{"start":{"line":108,"column":14},"end":{"line":108,"column":75}},"type":"cond-expr","locations":[{"start":{"line":108,"column":34},"end":{"line":108,"column":51}},{"start":{"line":108,"column":54},"end":{"line":108,"column":75}}],"line":108}},"s":{"0":7,"1":7,"2":7,"3":8,"4":8,"5":8,"6":17,"7":8,"8":17,"9":8,"10":8,"11":3,"12":8,"13":6,"14":6,"15":3,"16":3,"17":2,"18":1,"19":3,"20":8,"21":6,"22":8,"23":8,"24":1,"25":7,"26":8,"27":8},"f":{"0":8,"1":17,"2":17,"3":3,"4":6,"5":2,"6":1,"7":6,"8":8},"b":{"0":[3,3],"1":[1,5],"2":[1,7],"3":[6,1],"4":[2,6]},"_coverageSchema":"1a1c01bbd47fc00a2c39e90264f33305004495a9","hash":"a268d7d95b30454e71ffa7a9f55a5296f3996b83"}
,"/Users/yiangosstroppos/Documents/MarlowProjects/MarlowApp/aphrodite/src/screens/news/ReadMoreNewsScreen.tsx": {"path":"/Users/yiangosstroppos/Documents/MarlowProjects/MarlowApp/aphrodite/src/screens/news/ReadMoreNewsScreen.tsx","statementMap":{"0":{"start":{"line":17,"column":20},"end":{"line":17,"column":25}},"1":{"start":{"line":18,"column":22},"end":{"line":18,"column":51}},"2":{"start":{"line":20,"column":18},"end":{"line":20,"column":39}},"3":{"start":{"line":21,"column":2},"end":{"line":35,"column":4}}},"fnMap":{"0":{"name":"(anonymous_0)","decl":{"start":{"line":16,"column":15},"end":{"line":16,"column":16}},"loc":{"start":{"line":16,"column":33},"end":{"line":36,"column":1}},"line":16}},"branchMap":{"0":{"loc":{"start":{"line":21,"column":9},"end":{"line":35,"column":3}},"type":"cond-expr","locations":[{"start":{"line":22,"column":4},"end":{"line":22,"column":66}},{"start":{"line":24,"column":4},"end":{"line":34,"column":11}}],"line":21}},"s":{"0":2,"1":2,"2":2,"3":2},"f":{"0":2},"b":{"0":[1,1]},"_coverageSchema":"1a1c01bbd47fc00a2c39e90264f33305004495a9","hash":"ea51c1b7425596fecdfdc7102437165b1bb714ea"}
,"/Users/yiangosstroppos/Documents/MarlowProjects/MarlowApp/aphrodite/src/styles/AppStyles.ts": {"path":"/Users/yiangosstroppos/Documents/MarlowProjects/MarlowApp/aphrodite/src/styles/AppStyles.ts","statementMap":{"0":{"start":{"line":8,"column":29},"end":{"line":8,"column":37}}},"fnMap":{},"branchMap":{},"s":{"0":6},"f":{},"b":{},"_coverageSchema":"1a1c01bbd47fc00a2c39e90264f33305004495a9","hash":"e4455a6f4861d1f3b685e6a73b22f4b3b288aa09"}
,"/Users/yiangosstroppos/Documents/MarlowProjects/MarlowApp/aphrodite/src/styles/AssignmentScreenStyles.ts": {"path":"/Users/yiangosstroppos/Documents/MarlowProjects/MarlowApp/aphrodite/src/styles/AssignmentScreenStyles.ts","statementMap":{},"fnMap":{},"branchMap":{},"s":{},"f":{},"b":{},"_coverageSchema":"1a1c01bbd47fc00a2c39e90264f33305004495a9","hash":"7b9037849bfb0d05175aad25f51a8c499594597f"}
,"/Users/yiangosstroppos/Documents/MarlowProjects/MarlowApp/aphrodite/src/styles/AuthStyles.ts": {"path":"/Users/yiangosstroppos/Documents/MarlowProjects/MarlowApp/aphrodite/src/styles/AuthStyles.ts","statementMap":{"0":{"start":{"line":9,"column":28},"end":{"line":9,"column":36}},"1":{"start":{"line":10,"column":29},"end":{"line":10,"column":38}},"2":{"start":{"line":11,"column":30},"end":{"line":11,"column":39}},"3":{"start":{"line":12,"column":21},"end":{"line":12,"column":36}}},"fnMap":{},"branchMap":{},"s":{"0":21,"1":21,"2":21,"3":21},"f":{},"b":{},"_coverageSchema":"1a1c01bbd47fc00a2c39e90264f33305004495a9","hash":"6524daeefe1dcaf9f8c6e2a0cefa6d4a1dd146d2"}
,"/Users/yiangosstroppos/Documents/MarlowProjects/MarlowApp/aphrodite/src/styles/ChatStyles.ts": {"path":"/Users/yiangosstroppos/Documents/MarlowProjects/MarlowApp/aphrodite/src/styles/ChatStyles.ts","statementMap":{},"fnMap":{},"branchMap":{},"s":{},"f":{},"b":{},"_coverageSchema":"1a1c01bbd47fc00a2c39e90264f33305004495a9","hash":"d5c6a593bac19d053ba40f69841b67377a418198"}
,"/Users/yiangosstroppos/Documents/MarlowProjects/MarlowApp/aphrodite/src/styles/FAQStyles.ts": {"path":"/Users/yiangosstroppos/Documents/MarlowProjects/MarlowApp/aphrodite/src/styles/FAQStyles.ts","statementMap":{"0":{"start":{"line":8,"column":23},"end":{"line":8,"column":38}}},"fnMap":{},"branchMap":{},"s":{"0":21},"f":{},"b":{},"_coverageSchema":"1a1c01bbd47fc00a2c39e90264f33305004495a9","hash":"fe6369d7808a10b3669e5d414906b2bd8098b325"}
,"/Users/yiangosstroppos/Documents/MarlowProjects/MarlowApp/aphrodite/src/styles/FlightCardStyles.ts": {"path":"/Users/yiangosstroppos/Documents/MarlowProjects/MarlowApp/aphrodite/src/styles/FlightCardStyles.ts","statementMap":{},"fnMap":{},"branchMap":{},"s":{},"f":{},"b":{},"_coverageSchema":"1a1c01bbd47fc00a2c39e90264f33305004495a9","hash":"06a1d66a7cce40dc2279c096a15f576b5d480c85"}
,"/Users/yiangosstroppos/Documents/MarlowProjects/MarlowApp/aphrodite/src/styles/MoreScreenStyles.ts": {"path":"/Users/yiangosstroppos/Documents/MarlowProjects/MarlowApp/aphrodite/src/styles/MoreScreenStyles.ts","statementMap":{"0":{"start":{"line":8,"column":28},"end":{"line":8,"column":36}},"1":{"start":{"line":9,"column":29},"end":{"line":9,"column":37}}},"fnMap":{},"branchMap":{},"s":{"0":6,"1":6},"f":{},"b":{},"_coverageSchema":"1a1c01bbd47fc00a2c39e90264f33305004495a9","hash":"6c03e76af3e68dbbae1b86d4a591bf2cc0420306"}
,"/Users/yiangosstroppos/Documents/MarlowProjects/MarlowApp/aphrodite/src/styles/NotificationsScreenStyles.ts": {"path":"/Users/yiangosstroppos/Documents/MarlowProjects/MarlowApp/aphrodite/src/styles/NotificationsScreenStyles.ts","statementMap":{},"fnMap":{},"branchMap":{},"s":{},"f":{},"b":{},"_coverageSchema":"1a1c01bbd47fc00a2c39e90264f33305004495a9","hash":"c62fdeba384de1436cc216e225940ea77a135d89"}
,"/Users/yiangosstroppos/Documents/MarlowProjects/MarlowApp/aphrodite/src/styles/PassCodeStyles.ts": {"path":"/Users/yiangosstroppos/Documents/MarlowProjects/MarlowApp/aphrodite/src/styles/PassCodeStyles.ts","statementMap":{},"fnMap":{},"branchMap":{},"s":{},"f":{},"b":{},"_coverageSchema":"1a1c01bbd47fc00a2c39e90264f33305004495a9","hash":"2f6979b15ed804fb1618978219afddcfc010d45a"}
,"/Users/yiangosstroppos/Documents/MarlowProjects/MarlowApp/aphrodite/src/styles/SeafarerDetailsStyles.ts": {"path":"/Users/yiangosstroppos/Documents/MarlowProjects/MarlowApp/aphrodite/src/styles/SeafarerDetailsStyles.ts","statementMap":{},"fnMap":{},"branchMap":{},"s":{},"f":{},"b":{},"_coverageSchema":"1a1c01bbd47fc00a2c39e90264f33305004495a9","hash":"df82366c2dde4a839b72458fa6711fdf336e310d"}
,"/Users/yiangosstroppos/Documents/MarlowProjects/MarlowApp/aphrodite/src/styles/assignments/EmploymentOfferStyles.ts": {"path":"/Users/yiangosstroppos/Documents/MarlowProjects/MarlowApp/aphrodite/src/styles/assignments/EmploymentOfferStyles.ts","statementMap":{},"fnMap":{},"branchMap":{},"s":{},"f":{},"b":{},"_coverageSchema":"1a1c01bbd47fc00a2c39e90264f33305004495a9","hash":"e6c781b70d078308042845d13e62a04752ff1296"}
,"/Users/yiangosstroppos/Documents/MarlowProjects/MarlowApp/aphrodite/src/styles/customHeaderStyles/CustomHeaderNotAuthStyles.tsx": {"path":"/Users/yiangosstroppos/Documents/MarlowProjects/MarlowApp/aphrodite/src/styles/customHeaderStyles/CustomHeaderNotAuthStyles.tsx","statementMap":{"0":{"start":{"line":8,"column":29},"end":{"line":8,"column":37}}},"fnMap":{},"branchMap":{},"s":{"0":3},"f":{},"b":{},"_coverageSchema":"1a1c01bbd47fc00a2c39e90264f33305004495a9","hash":"5061dd84ac32b3549e1fadc9b664d57f27c3534d"}
,"/Users/yiangosstroppos/Documents/MarlowProjects/MarlowApp/aphrodite/src/styles/more_screens/AppColorSchemeStyles.ts": {"path":"/Users/yiangosstroppos/Documents/MarlowProjects/MarlowApp/aphrodite/src/styles/more_screens/AppColorSchemeStyles.ts","statementMap":{},"fnMap":{},"branchMap":{},"s":{},"f":{},"b":{},"_coverageSchema":"1a1c01bbd47fc00a2c39e90264f33305004495a9","hash":"d59451a5e503de8827bdf67f099b27fe5260fc68"}
,"/Users/yiangosstroppos/Documents/MarlowProjects/MarlowApp/aphrodite/src/styles/more_screens/BiometricLoginStyle.ts": {"path":"/Users/yiangosstroppos/Documents/MarlowProjects/MarlowApp/aphrodite/src/styles/more_screens/BiometricLoginStyle.ts","statementMap":{},"fnMap":{},"branchMap":{},"s":{},"f":{},"b":{},"_coverageSchema":"1a1c01bbd47fc00a2c39e90264f33305004495a9","hash":"58cfe38653a3f4edcb3bcce1c5a718ffca20d327"}
,"/Users/yiangosstroppos/Documents/MarlowProjects/MarlowApp/aphrodite/src/styles/more_screens/ContactsStyles.ts": {"path":"/Users/yiangosstroppos/Documents/MarlowProjects/MarlowApp/aphrodite/src/styles/more_screens/ContactsStyles.ts","statementMap":{},"fnMap":{},"branchMap":{},"s":{},"f":{},"b":{},"_coverageSchema":"1a1c01bbd47fc00a2c39e90264f33305004495a9","hash":"91ce044c937a0c9bbd2f59f85026a3b4189e9bb6"}
,"/Users/yiangosstroppos/Documents/MarlowProjects/MarlowApp/aphrodite/src/styles/more_screens/CrewManagerStyles.ts": {"path":"/Users/yiangosstroppos/Documents/MarlowProjects/MarlowApp/aphrodite/src/styles/more_screens/CrewManagerStyles.ts","statementMap":{},"fnMap":{},"branchMap":{},"s":{},"f":{},"b":{},"_coverageSchema":"1a1c01bbd47fc00a2c39e90264f33305004495a9","hash":"8cbf5e62b3d45feca0d841a7f1aa622585d3a99d"}
,"/Users/yiangosstroppos/Documents/MarlowProjects/MarlowApp/aphrodite/src/styles/more_screens/DarkModeChangeModalStyles.ts": {"path":"/Users/yiangosstroppos/Documents/MarlowProjects/MarlowApp/aphrodite/src/styles/more_screens/DarkModeChangeModalStyles.ts","statementMap":{"0":{"start":{"line":4,"column":26},"end":{"line":4,"column":50}}},"fnMap":{},"branchMap":{},"s":{"0":8},"f":{},"b":{},"_coverageSchema":"1a1c01bbd47fc00a2c39e90264f33305004495a9","hash":"fbe5881edff2d58c3ab42bca494fdc35b2b5a777"}
,"/Users/yiangosstroppos/Documents/MarlowProjects/MarlowApp/aphrodite/src/styles/more_screens/ImgRenderStyles.ts": {"path":"/Users/yiangosstroppos/Documents/MarlowProjects/MarlowApp/aphrodite/src/styles/more_screens/ImgRenderStyles.ts","statementMap":{},"fnMap":{},"branchMap":{},"s":{},"f":{},"b":{},"_coverageSchema":"1a1c01bbd47fc00a2c39e90264f33305004495a9","hash":"d9a0ebe8c842e2af345c3c12eae7ad47bdc4e721"}
,"/Users/yiangosstroppos/Documents/MarlowProjects/MarlowApp/aphrodite/src/styles/more_screens/ImprintStyles.ts": {"path":"/Users/yiangosstroppos/Documents/MarlowProjects/MarlowApp/aphrodite/src/styles/more_screens/ImprintStyles.ts","statementMap":{},"fnMap":{},"branchMap":{},"s":{},"f":{},"b":{},"_coverageSchema":"1a1c01bbd47fc00a2c39e90264f33305004495a9","hash":"eaf25fffcdae276d4b96c6cdd2c8035029238a57"}
,"/Users/yiangosstroppos/Documents/MarlowProjects/MarlowApp/aphrodite/src/styles/more_screens/ManningAgentStyles.ts": {"path":"/Users/yiangosstroppos/Documents/MarlowProjects/MarlowApp/aphrodite/src/styles/more_screens/ManningAgentStyles.ts","statementMap":{},"fnMap":{},"branchMap":{},"s":{},"f":{},"b":{},"_coverageSchema":"1a1c01bbd47fc00a2c39e90264f33305004495a9","hash":"f92b5a6985a67152778e7b59028bf9d253ca81d2"}
,"/Users/yiangosstroppos/Documents/MarlowProjects/MarlowApp/aphrodite/src/styles/more_screens/NewsCardStyles.ts": {"path":"/Users/yiangosstroppos/Documents/MarlowProjects/MarlowApp/aphrodite/src/styles/more_screens/NewsCardStyles.ts","statementMap":{"0":{"start":{"line":8,"column":26},"end":{"line":25,"column":7}}},"fnMap":{},"branchMap":{},"s":{"0":12},"f":{},"b":{},"_coverageSchema":"1a1c01bbd47fc00a2c39e90264f33305004495a9","hash":"117c0be89662e71d2c10600a1e474f1b5c473325"}
,"/Users/yiangosstroppos/Documents/MarlowProjects/MarlowApp/aphrodite/src/styles/more_screens/PdfRenderStyles.ts": {"path":"/Users/yiangosstroppos/Documents/MarlowProjects/MarlowApp/aphrodite/src/styles/more_screens/PdfRenderStyles.ts","statementMap":{},"fnMap":{},"branchMap":{},"s":{},"f":{},"b":{},"_coverageSchema":"1a1c01bbd47fc00a2c39e90264f33305004495a9","hash":"5c3cce0bdf516923da7f4dd0572e51d46b11940b"}
,"/Users/yiangosstroppos/Documents/MarlowProjects/MarlowApp/aphrodite/src/styles/more_screens/SalaryAllotmentsStyles.ts": {"path":"/Users/yiangosstroppos/Documents/MarlowProjects/MarlowApp/aphrodite/src/styles/more_screens/SalaryAllotmentsStyles.ts","statementMap":{"0":{"start":{"line":8,"column":18},"end":{"line":8,"column":30}}},"fnMap":{},"branchMap":{},"s":{"0":11},"f":{},"b":{},"_coverageSchema":"1a1c01bbd47fc00a2c39e90264f33305004495a9","hash":"97d6de3f2343292be9c0a39b38adeb150c5a7f23"}
,"/Users/yiangosstroppos/Documents/MarlowProjects/MarlowApp/aphrodite/src/styles/more_screens/SalaryPdfStyles.ts": {"path":"/Users/yiangosstroppos/Documents/MarlowProjects/MarlowApp/aphrodite/src/styles/more_screens/SalaryPdfStyles.ts","statementMap":{},"fnMap":{},"branchMap":{},"s":{},"f":{},"b":{},"_coverageSchema":"1a1c01bbd47fc00a2c39e90264f33305004495a9","hash":"3c01bd1cf1129f62543cdaffe1fdbb1b14ecf3b9"}
,"/Users/yiangosstroppos/Documents/MarlowProjects/MarlowApp/aphrodite/src/styles/more_screens/SeaServiceDetailsStyles.ts": {"path":"/Users/yiangosstroppos/Documents/MarlowProjects/MarlowApp/aphrodite/src/styles/more_screens/SeaServiceDetailsStyles.ts","statementMap":{"0":{"start":{"line":8,"column":18},"end":{"line":8,"column":30}},"1":{"start":{"line":10,"column":27},"end":{"line":10,"column":29}},"2":{"start":{"line":11,"column":26},"end":{"line":11,"column":28}}},"fnMap":{},"branchMap":{},"s":{"0":8,"1":8,"2":8},"f":{},"b":{},"_coverageSchema":"1a1c01bbd47fc00a2c39e90264f33305004495a9","hash":"db6e294ceb1aa939851614087018cdb3c59e7805"}
,"/Users/yiangosstroppos/Documents/MarlowProjects/MarlowApp/aphrodite/src/styles/more_screens/SeafarerDocumentationStyles.ts": {"path":"/Users/yiangosstroppos/Documents/MarlowProjects/MarlowApp/aphrodite/src/styles/more_screens/SeafarerDocumentationStyles.ts","statementMap":{"0":{"start":{"line":8,"column":18},"end":{"line":8,"column":30}}},"fnMap":{},"branchMap":{},"s":{"0":12},"f":{},"b":{},"_coverageSchema":"1a1c01bbd47fc00a2c39e90264f33305004495a9","hash":"1137158c835b919ba60c9cf781d01f07aa176372"}
,"/Users/yiangosstroppos/Documents/MarlowProjects/MarlowApp/aphrodite/src/styles/more_screens/SettingsStyles.ts": {"path":"/Users/yiangosstroppos/Documents/MarlowProjects/MarlowApp/aphrodite/src/styles/more_screens/SettingsStyles.ts","statementMap":{"0":{"start":{"line":8,"column":15},"end":{"line":37,"column":2}}},"fnMap":{},"branchMap":{},"s":{"0":7},"f":{},"b":{},"_coverageSchema":"1a1c01bbd47fc00a2c39e90264f33305004495a9","hash":"95358c087b963a6d745d0965dbc51bc0229caef0"}
,"/Users/yiangosstroppos/Documents/MarlowProjects/MarlowApp/aphrodite/src/styles/more_screens/SupportStyles.ts": {"path":"/Users/yiangosstroppos/Documents/MarlowProjects/MarlowApp/aphrodite/src/styles/more_screens/SupportStyles.ts","statementMap":{"0":{"start":{"line":8,"column":15},"end":{"line":68,"column":2}}},"fnMap":{},"branchMap":{},"s":{"0":7},"f":{},"b":{},"_coverageSchema":"1a1c01bbd47fc00a2c39e90264f33305004495a9","hash":"3fe1784d6c37179ce3392e6e20eeb8cdfe0ca180"}
,"/Users/yiangosstroppos/Documents/MarlowProjects/MarlowApp/aphrodite/src/styles/more_screens/SwipeNavigatorStyles.ts": {"path":"/Users/yiangosstroppos/Documents/MarlowProjects/MarlowApp/aphrodite/src/styles/more_screens/SwipeNavigatorStyles.ts","statementMap":{"0":{"start":{"line":8,"column":15},"end":{"line":40,"column":2}}},"fnMap":{},"branchMap":{},"s":{"0":3},"f":{},"b":{},"_coverageSchema":"1a1c01bbd47fc00a2c39e90264f33305004495a9","hash":"bb8b8f47ca0487c6a60449fd7a1c1ea1ac2fbe32"}
,"/Users/yiangosstroppos/Documents/MarlowProjects/MarlowApp/aphrodite/src/styles/more_screens/VesselTrackerStyles.ts": {"path":"/Users/yiangosstroppos/Documents/MarlowProjects/MarlowApp/aphrodite/src/styles/more_screens/VesselTrackerStyles.ts","statementMap":{},"fnMap":{},"branchMap":{},"s":{},"f":{},"b":{},"_coverageSchema":"1a1c01bbd47fc00a2c39e90264f33305004495a9","hash":"7fe42bb7c17c3d9609c495a227037f4fc851cb56"}
,"/Users/yiangosstroppos/Documents/MarlowProjects/MarlowApp/aphrodite/src/styles/more_screens/workingClothesStyles.ts": {"path":"/Users/yiangosstroppos/Documents/MarlowProjects/MarlowApp/aphrodite/src/styles/more_screens/workingClothesStyles.ts","statementMap":{},"fnMap":{},"branchMap":{},"s":{},"f":{},"b":{},"_coverageSchema":"1a1c01bbd47fc00a2c39e90264f33305004495a9","hash":"15201080fc295956200530401488ff38eedddb28"}
}
