{"total": {"lines":{"total":3407,"covered":3197,"skipped":0,"pct":93.84},"statements":{"total":3479,"covered":3266,"skipped":0,"pct":93.88},"functions":{"total":1176,"covered":1065,"skipped":0,"pct":90.56},"branches":{"total":1110,"covered":1011,"skipped":0,"pct":91.08}}
,"/Users/yiangosstroppos/Documents/MarlowProjects/MarlowApp/aphrodite/aws-exports.js": {"lines":{"total":1,"covered":1,"skipped":0,"pct":100},"functions":{"total":0,"covered":0,"skipped":0,"pct":100},"statements":{"total":1,"covered":1,"skipped":0,"pct":100},"branches":{"total":0,"covered":0,"skipped":0,"pct":100}}
,"/Users/yiangosstroppos/Documents/MarlowProjects/MarlowApp/aphrodite/assets/icons/more_screen/years_10.png": {"lines":{"total":1,"covered":1,"skipped":0,"pct":100},"functions":{"total":0,"covered":0,"skipped":0,"pct":100},"statements":{"total":1,"covered":1,"skipped":0,"pct":100},"branches":{"total":0,"covered":0,"skipped":0,"pct":100}}
,"/Users/yiangosstroppos/Documents/MarlowProjects/MarlowApp/aphrodite/assets/icons/more_screen/years_25.png": {"lines":{"total":1,"covered":1,"skipped":0,"pct":100},"functions":{"total":0,"covered":0,"skipped":0,"pct":100},"statements":{"total":1,"covered":1,"skipped":0,"pct":100},"branches":{"total":0,"covered":0,"skipped":0,"pct":100}}
,"/Users/yiangosstroppos/Documents/MarlowProjects/MarlowApp/aphrodite/assets/images/ic_nextjob_bg.png": {"lines":{"total":1,"covered":1,"skipped":0,"pct":100},"functions":{"total":0,"covered":0,"skipped":0,"pct":100},"statements":{"total":1,"covered":1,"skipped":0,"pct":100},"branches":{"total":0,"covered":0,"skipped":0,"pct":100}}
,"/Users/yiangosstroppos/Documents/MarlowProjects/MarlowApp/aphrodite/assets/images/ic_pin_small.png": {"lines":{"total":1,"covered":1,"skipped":0,"pct":100},"functions":{"total":0,"covered":0,"skipped":0,"pct":100},"statements":{"total":1,"covered":1,"skipped":0,"pct":100},"branches":{"total":0,"covered":0,"skipped":0,"pct":100}}
,"/Users/yiangosstroppos/Documents/MarlowProjects/MarlowApp/aphrodite/assets/images/marlow_gif.gif": {"lines":{"total":1,"covered":1,"skipped":0,"pct":100},"functions":{"total":0,"covered":0,"skipped":0,"pct":100},"statements":{"total":1,"covered":1,"skipped":0,"pct":100},"branches":{"total":0,"covered":0,"skipped":0,"pct":100}}
,"/Users/yiangosstroppos/Documents/MarlowProjects/MarlowApp/aphrodite/src/index.tsx": {"lines":{"total":31,"covered":27,"skipped":0,"pct":87.1},"functions":{"total":15,"covered":7,"skipped":0,"pct":46.67},"statements":{"total":31,"covered":27,"skipped":0,"pct":87.1},"branches":{"total":15,"covered":11,"skipped":0,"pct":73.33}}
,"/Users/yiangosstroppos/Documents/MarlowProjects/MarlowApp/aphrodite/src/api/assignmentDetailsApi.ts": {"lines":{"total":5,"covered":5,"skipped":0,"pct":100},"functions":{"total":4,"covered":4,"skipped":0,"pct":100},"statements":{"total":6,"covered":6,"skipped":0,"pct":100},"branches":{"total":0,"covered":0,"skipped":0,"pct":100}}
,"/Users/yiangosstroppos/Documents/MarlowProjects/MarlowApp/aphrodite/src/api/contactApi.ts": {"lines":{"total":5,"covered":5,"skipped":0,"pct":100},"functions":{"total":4,"covered":4,"skipped":0,"pct":100},"statements":{"total":6,"covered":6,"skipped":0,"pct":100},"branches":{"total":0,"covered":0,"skipped":0,"pct":100}}
,"/Users/yiangosstroppos/Documents/MarlowProjects/MarlowApp/aphrodite/src/api/covidDocumentApi.ts": {"lines":{"total":7,"covered":7,"skipped":0,"pct":100},"functions":{"total":5,"covered":5,"skipped":0,"pct":100},"statements":{"total":8,"covered":8,"skipped":0,"pct":100},"branches":{"total":0,"covered":0,"skipped":0,"pct":100}}
,"/Users/yiangosstroppos/Documents/MarlowProjects/MarlowApp/aphrodite/src/api/flightDetailsApi.ts": {"lines":{"total":5,"covered":5,"skipped":0,"pct":100},"functions":{"total":4,"covered":4,"skipped":0,"pct":100},"statements":{"total":6,"covered":6,"skipped":0,"pct":100},"branches":{"total":0,"covered":0,"skipped":0,"pct":100}}
,"/Users/yiangosstroppos/Documents/MarlowProjects/MarlowApp/aphrodite/src/api/imprintDetailsApi.ts": {"lines":{"total":5,"covered":5,"skipped":0,"pct":100},"functions":{"total":4,"covered":4,"skipped":0,"pct":100},"statements":{"total":6,"covered":6,"skipped":0,"pct":100},"branches":{"total":0,"covered":0,"skipped":0,"pct":100}}
,"/Users/yiangosstroppos/Documents/MarlowProjects/MarlowApp/aphrodite/src/api/newsApi.ts": {"lines":{"total":5,"covered":5,"skipped":0,"pct":100},"functions":{"total":4,"covered":4,"skipped":0,"pct":100},"statements":{"total":6,"covered":6,"skipped":0,"pct":100},"branches":{"total":0,"covered":0,"skipped":0,"pct":100}}
,"/Users/yiangosstroppos/Documents/MarlowProjects/MarlowApp/aphrodite/src/api/notificationsApi.ts": {"lines":{"total":5,"covered":5,"skipped":0,"pct":100},"functions":{"total":4,"covered":4,"skipped":0,"pct":100},"statements":{"total":6,"covered":6,"skipped":0,"pct":100},"branches":{"total":0,"covered":0,"skipped":0,"pct":100}}
,"/Users/yiangosstroppos/Documents/MarlowProjects/MarlowApp/aphrodite/src/api/privacyPolicyApi.ts": {"lines":{"total":5,"covered":5,"skipped":0,"pct":100},"functions":{"total":4,"covered":4,"skipped":0,"pct":100},"statements":{"total":6,"covered":6,"skipped":0,"pct":100},"branches":{"total":0,"covered":0,"skipped":0,"pct":100}}
,"/Users/yiangosstroppos/Documents/MarlowProjects/MarlowApp/aphrodite/src/api/salaryApi.ts": {"lines":{"total":9,"covered":9,"skipped":0,"pct":100},"functions":{"total":8,"covered":8,"skipped":0,"pct":100},"statements":{"total":11,"covered":11,"skipped":0,"pct":100},"branches":{"total":0,"covered":0,"skipped":0,"pct":100}}
,"/Users/yiangosstroppos/Documents/MarlowProjects/MarlowApp/aphrodite/src/api/seaServiceApi.ts": {"lines":{"total":5,"covered":5,"skipped":0,"pct":100},"functions":{"total":4,"covered":4,"skipped":0,"pct":100},"statements":{"total":6,"covered":6,"skipped":0,"pct":100},"branches":{"total":0,"covered":0,"skipped":0,"pct":100}}
,"/Users/yiangosstroppos/Documents/MarlowProjects/MarlowApp/aphrodite/src/api/seafarerBadgesApi.ts": {"lines":{"total":6,"covered":6,"skipped":0,"pct":100},"functions":{"total":4,"covered":4,"skipped":0,"pct":100},"statements":{"total":7,"covered":7,"skipped":0,"pct":100},"branches":{"total":0,"covered":0,"skipped":0,"pct":100}}
,"/Users/yiangosstroppos/Documents/MarlowProjects/MarlowApp/aphrodite/src/api/seafarerDetailsApi.ts": {"lines":{"total":5,"covered":5,"skipped":0,"pct":100},"functions":{"total":4,"covered":4,"skipped":0,"pct":100},"statements":{"total":6,"covered":6,"skipped":0,"pct":100},"branches":{"total":0,"covered":0,"skipped":0,"pct":100}}
,"/Users/yiangosstroppos/Documents/MarlowProjects/MarlowApp/aphrodite/src/api/seafarerDocumentsApi.ts": {"lines":{"total":5,"covered":5,"skipped":0,"pct":100},"functions":{"total":4,"covered":4,"skipped":0,"pct":100},"statements":{"total":6,"covered":6,"skipped":0,"pct":100},"branches":{"total":0,"covered":0,"skipped":0,"pct":100}}
,"/Users/yiangosstroppos/Documents/MarlowProjects/MarlowApp/aphrodite/src/api/termsAndConditionsApi.ts": {"lines":{"total":6,"covered":6,"skipped":0,"pct":100},"functions":{"total":4,"covered":4,"skipped":0,"pct":100},"statements":{"total":7,"covered":7,"skipped":0,"pct":100},"branches":{"total":0,"covered":0,"skipped":0,"pct":100}}
,"/Users/yiangosstroppos/Documents/MarlowProjects/MarlowApp/aphrodite/src/api/versionCheckApi.ts": {"lines":{"total":5,"covered":5,"skipped":0,"pct":100},"functions":{"total":4,"covered":4,"skipped":0,"pct":100},"statements":{"total":6,"covered":6,"skipped":0,"pct":100},"branches":{"total":0,"covered":0,"skipped":0,"pct":100}}
,"/Users/yiangosstroppos/Documents/MarlowProjects/MarlowApp/aphrodite/src/api/workingClothesApi.ts": {"lines":{"total":5,"covered":5,"skipped":0,"pct":100},"functions":{"total":4,"covered":4,"skipped":0,"pct":100},"statements":{"total":6,"covered":6,"skipped":0,"pct":100},"branches":{"total":0,"covered":0,"skipped":0,"pct":100}}
,"/Users/yiangosstroppos/Documents/MarlowProjects/MarlowApp/aphrodite/src/common/AwsCustomStorage.ts": {"lines":{"total":49,"covered":49,"skipped":0,"pct":100},"functions":{"total":14,"covered":14,"skipped":0,"pct":100},"statements":{"total":50,"covered":50,"skipped":0,"pct":100},"branches":{"total":10,"covered":10,"skipped":0,"pct":100}}
,"/Users/yiangosstroppos/Documents/MarlowProjects/MarlowApp/aphrodite/src/common/checkResponseStatus.ts": {"lines":{"total":4,"covered":4,"skipped":0,"pct":100},"functions":{"total":1,"covered":1,"skipped":0,"pct":100},"statements":{"total":4,"covered":4,"skipped":0,"pct":100},"branches":{"total":2,"covered":2,"skipped":0,"pct":100}}
,"/Users/yiangosstroppos/Documents/MarlowProjects/MarlowApp/aphrodite/src/common/dateUtils.ts": {"lines":{"total":45,"covered":45,"skipped":0,"pct":100},"functions":{"total":8,"covered":8,"skipped":0,"pct":100},"statements":{"total":45,"covered":45,"skipped":0,"pct":100},"branches":{"total":45,"covered":45,"skipped":0,"pct":100}}
,"/Users/yiangosstroppos/Documents/MarlowProjects/MarlowApp/aphrodite/src/common/errorHandling.ts": {"lines":{"total":8,"covered":8,"skipped":0,"pct":100},"functions":{"total":1,"covered":1,"skipped":0,"pct":100},"statements":{"total":8,"covered":8,"skipped":0,"pct":100},"branches":{"total":7,"covered":7,"skipped":0,"pct":100}}
,"/Users/yiangosstroppos/Documents/MarlowProjects/MarlowApp/aphrodite/src/common/handleLink.ts": {"lines":{"total":6,"covered":6,"skipped":0,"pct":100},"functions":{"total":1,"covered":1,"skipped":0,"pct":100},"statements":{"total":6,"covered":6,"skipped":0,"pct":100},"branches":{"total":10,"covered":10,"skipped":0,"pct":100}}
,"/Users/yiangosstroppos/Documents/MarlowProjects/MarlowApp/aphrodite/src/common/pushNotifications.ts": {"lines":{"total":85,"covered":85,"skipped":0,"pct":100},"functions":{"total":18,"covered":18,"skipped":0,"pct":100},"statements":{"total":85,"covered":85,"skipped":0,"pct":100},"branches":{"total":48,"covered":47,"skipped":0,"pct":97.92}}
,"/Users/yiangosstroppos/Documents/MarlowProjects/MarlowApp/aphrodite/src/common/reduceToSumNumbersCounter.ts": {"lines":{"total":2,"covered":2,"skipped":0,"pct":100},"functions":{"total":2,"covered":2,"skipped":0,"pct":100},"statements":{"total":3,"covered":3,"skipped":0,"pct":100},"branches":{"total":2,"covered":2,"skipped":0,"pct":100}}
,"/Users/yiangosstroppos/Documents/MarlowProjects/MarlowApp/aphrodite/src/common/request.ts": {"lines":{"total":98,"covered":98,"skipped":0,"pct":100},"functions":{"total":24,"covered":24,"skipped":0,"pct":100},"statements":{"total":113,"covered":113,"skipped":0,"pct":100},"branches":{"total":52,"covered":52,"skipped":0,"pct":100}}
,"/Users/yiangosstroppos/Documents/MarlowProjects/MarlowApp/aphrodite/src/common/valueOrDefault.ts": {"lines":{"total":4,"covered":4,"skipped":0,"pct":100},"functions":{"total":1,"covered":1,"skipped":0,"pct":100},"statements":{"total":4,"covered":4,"skipped":0,"pct":100},"branches":{"total":2,"covered":2,"skipped":0,"pct":100}}
,"/Users/yiangosstroppos/Documents/MarlowProjects/MarlowApp/aphrodite/src/common/websocketFunctions.ts": {"lines":{"total":28,"covered":28,"skipped":0,"pct":100},"functions":{"total":11,"covered":11,"skipped":0,"pct":100},"statements":{"total":28,"covered":28,"skipped":0,"pct":100},"branches":{"total":0,"covered":0,"skipped":0,"pct":100}}
,"/Users/yiangosstroppos/Documents/MarlowProjects/MarlowApp/aphrodite/src/common/array_utilities/addOrReplace.ts": {"lines":{"total":7,"covered":7,"skipped":0,"pct":100},"functions":{"total":3,"covered":3,"skipped":0,"pct":100},"statements":{"total":8,"covered":8,"skipped":0,"pct":100},"branches":{"total":2,"covered":2,"skipped":0,"pct":100}}
,"/Users/yiangosstroppos/Documents/MarlowProjects/MarlowApp/aphrodite/src/common/array_utilities/splitArrayItems.ts": {"lines":{"total":5,"covered":5,"skipped":0,"pct":100},"functions":{"total":1,"covered":1,"skipped":0,"pct":100},"statements":{"total":5,"covered":5,"skipped":0,"pct":100},"branches":{"total":4,"covered":4,"skipped":0,"pct":100}}
,"/Users/yiangosstroppos/Documents/MarlowProjects/MarlowApp/aphrodite/src/common/offline_utilities/ShareFiles.ts": {"lines":{"total":9,"covered":9,"skipped":0,"pct":100},"functions":{"total":4,"covered":2,"skipped":0,"pct":50},"statements":{"total":9,"covered":9,"skipped":0,"pct":100},"branches":{"total":10,"covered":10,"skipped":0,"pct":100}}
,"/Users/yiangosstroppos/Documents/MarlowProjects/MarlowApp/aphrodite/src/common/offline_utilities/getOfflineFiles.ts": {"lines":{"total":19,"covered":19,"skipped":0,"pct":100},"functions":{"total":9,"covered":9,"skipped":0,"pct":100},"statements":{"total":21,"covered":21,"skipped":0,"pct":100},"branches":{"total":4,"covered":4,"skipped":0,"pct":100}}
,"/Users/yiangosstroppos/Documents/MarlowProjects/MarlowApp/aphrodite/src/common/offline_utilities/removeFileFromLocalStorage.ts": {"lines":{"total":22,"covered":22,"skipped":0,"pct":100},"functions":{"total":6,"covered":6,"skipped":0,"pct":100},"statements":{"total":22,"covered":22,"skipped":0,"pct":100},"branches":{"total":14,"covered":14,"skipped":0,"pct":100}}
,"/Users/yiangosstroppos/Documents/MarlowProjects/MarlowApp/aphrodite/src/common/offline_utilities/saveFileOffline.ts": {"lines":{"total":30,"covered":30,"skipped":0,"pct":100},"functions":{"total":5,"covered":5,"skipped":0,"pct":100},"statements":{"total":30,"covered":30,"skipped":0,"pct":100},"branches":{"total":12,"covered":12,"skipped":0,"pct":100}}
,"/Users/yiangosstroppos/Documents/MarlowProjects/MarlowApp/aphrodite/src/components/AlertPopUpMessageComponent.tsx": {"lines":{"total":6,"covered":6,"skipped":0,"pct":100},"functions":{"total":2,"covered":2,"skipped":0,"pct":100},"statements":{"total":6,"covered":6,"skipped":0,"pct":100},"branches":{"total":4,"covered":4,"skipped":0,"pct":100}}
,"/Users/yiangosstroppos/Documents/MarlowProjects/MarlowApp/aphrodite/src/components/BackIcon.tsx": {"lines":{"total":10,"covered":10,"skipped":0,"pct":100},"functions":{"total":3,"covered":3,"skipped":0,"pct":100},"statements":{"total":10,"covered":10,"skipped":0,"pct":100},"branches":{"total":6,"covered":6,"skipped":0,"pct":100}}
,"/Users/yiangosstroppos/Documents/MarlowProjects/MarlowApp/aphrodite/src/components/Card.tsx": {"lines":{"total":9,"covered":9,"skipped":0,"pct":100},"functions":{"total":5,"covered":5,"skipped":0,"pct":100},"statements":{"total":9,"covered":9,"skipped":0,"pct":100},"branches":{"total":10,"covered":10,"skipped":0,"pct":100}}
,"/Users/yiangosstroppos/Documents/MarlowProjects/MarlowApp/aphrodite/src/components/EmployeeIdInput.tsx": {"lines":{"total":4,"covered":4,"skipped":0,"pct":100},"functions":{"total":2,"covered":2,"skipped":0,"pct":100},"statements":{"total":4,"covered":4,"skipped":0,"pct":100},"branches":{"total":0,"covered":0,"skipped":0,"pct":100}}
,"/Users/yiangosstroppos/Documents/MarlowProjects/MarlowApp/aphrodite/src/components/FaqView.tsx": {"lines":{"total":17,"covered":17,"skipped":0,"pct":100},"functions":{"total":8,"covered":8,"skipped":0,"pct":100},"statements":{"total":17,"covered":17,"skipped":0,"pct":100},"branches":{"total":8,"covered":8,"skipped":0,"pct":100}}
,"/Users/yiangosstroppos/Documents/MarlowProjects/MarlowApp/aphrodite/src/components/ImgRender.tsx": {"lines":{"total":8,"covered":8,"skipped":0,"pct":100},"functions":{"total":2,"covered":2,"skipped":0,"pct":100},"statements":{"total":8,"covered":8,"skipped":0,"pct":100},"branches":{"total":4,"covered":4,"skipped":0,"pct":100}}
,"/Users/yiangosstroppos/Documents/MarlowProjects/MarlowApp/aphrodite/src/components/Input.tsx": {"lines":{"total":14,"covered":14,"skipped":0,"pct":100},"functions":{"total":5,"covered":5,"skipped":0,"pct":100},"statements":{"total":14,"covered":14,"skipped":0,"pct":100},"branches":{"total":10,"covered":10,"skipped":0,"pct":100}}
,"/Users/yiangosstroppos/Documents/MarlowProjects/MarlowApp/aphrodite/src/components/LoadingScreen.tsx": {"lines":{"total":5,"covered":5,"skipped":0,"pct":100},"functions":{"total":1,"covered":1,"skipped":0,"pct":100},"statements":{"total":5,"covered":5,"skipped":0,"pct":100},"branches":{"total":4,"covered":4,"skipped":0,"pct":100}}
,"/Users/yiangosstroppos/Documents/MarlowProjects/MarlowApp/aphrodite/src/components/NewMessageAlert.tsx": {"lines":{"total":10,"covered":10,"skipped":0,"pct":100},"functions":{"total":3,"covered":3,"skipped":0,"pct":100},"statements":{"total":10,"covered":10,"skipped":0,"pct":100},"branches":{"total":4,"covered":4,"skipped":0,"pct":100}}
,"/Users/yiangosstroppos/Documents/MarlowProjects/MarlowApp/aphrodite/src/components/NewsAndMarlowBottomLinks.tsx": {"lines":{"total":11,"covered":10,"skipped":0,"pct":90.91},"functions":{"total":4,"covered":4,"skipped":0,"pct":100},"statements":{"total":11,"covered":10,"skipped":0,"pct":90.91},"branches":{"total":2,"covered":1,"skipped":0,"pct":50}}
,"/Users/yiangosstroppos/Documents/MarlowProjects/MarlowApp/aphrodite/src/components/NewsLink.tsx": {"lines":{"total":4,"covered":4,"skipped":0,"pct":100},"functions":{"total":2,"covered":2,"skipped":0,"pct":100},"statements":{"total":4,"covered":4,"skipped":0,"pct":100},"branches":{"total":0,"covered":0,"skipped":0,"pct":100}}
,"/Users/yiangosstroppos/Documents/MarlowProjects/MarlowApp/aphrodite/src/components/NoInternetHeader.tsx": {"lines":{"total":8,"covered":8,"skipped":0,"pct":100},"functions":{"total":3,"covered":3,"skipped":0,"pct":100},"statements":{"total":8,"covered":8,"skipped":0,"pct":100},"branches":{"total":5,"covered":5,"skipped":0,"pct":100}}
,"/Users/yiangosstroppos/Documents/MarlowProjects/MarlowApp/aphrodite/src/components/PdfRender.tsx": {"lines":{"total":3,"covered":3,"skipped":0,"pct":100},"functions":{"total":1,"covered":1,"skipped":0,"pct":100},"statements":{"total":3,"covered":3,"skipped":0,"pct":100},"branches":{"total":0,"covered":0,"skipped":0,"pct":100}}
,"/Users/yiangosstroppos/Documents/MarlowProjects/MarlowApp/aphrodite/src/components/StyledText.tsx": {"lines":{"total":3,"covered":3,"skipped":0,"pct":100},"functions":{"total":1,"covered":1,"skipped":0,"pct":100},"statements":{"total":3,"covered":3,"skipped":0,"pct":100},"branches":{"total":0,"covered":0,"skipped":0,"pct":100}}
,"/Users/yiangosstroppos/Documents/MarlowProjects/MarlowApp/aphrodite/src/components/Toggle.tsx": {"lines":{"total":16,"covered":15,"skipped":0,"pct":93.75},"functions":{"total":5,"covered":4,"skipped":0,"pct":80},"statements":{"total":16,"covered":15,"skipped":0,"pct":93.75},"branches":{"total":19,"covered":18,"skipped":0,"pct":94.74}}
,"/Users/yiangosstroppos/Documents/MarlowProjects/MarlowApp/aphrodite/src/components/TouchableOpacitiesSection.tsx": {"lines":{"total":9,"covered":9,"skipped":0,"pct":100},"functions":{"total":6,"covered":6,"skipped":0,"pct":100},"statements":{"total":9,"covered":9,"skipped":0,"pct":100},"branches":{"total":12,"covered":12,"skipped":0,"pct":100}}
,"/Users/yiangosstroppos/Documents/MarlowProjects/MarlowApp/aphrodite/src/components/WebRender.tsx": {"lines":{"total":8,"covered":8,"skipped":0,"pct":100},"functions":{"total":2,"covered":2,"skipped":0,"pct":100},"statements":{"total":8,"covered":8,"skipped":0,"pct":100},"branches":{"total":2,"covered":2,"skipped":0,"pct":100}}
,"/Users/yiangosstroppos/Documents/MarlowProjects/MarlowApp/aphrodite/src/components/assignments/AssignmentBasicInformationComponent.tsx": {"lines":{"total":3,"covered":3,"skipped":0,"pct":100},"functions":{"total":1,"covered":1,"skipped":0,"pct":100},"statements":{"total":3,"covered":3,"skipped":0,"pct":100},"branches":{"total":0,"covered":0,"skipped":0,"pct":100}}
,"/Users/yiangosstroppos/Documents/MarlowProjects/MarlowApp/aphrodite/src/components/assignments/AssignmentDetails.tsx": {"lines":{"total":12,"covered":12,"skipped":0,"pct":100},"functions":{"total":4,"covered":4,"skipped":0,"pct":100},"statements":{"total":12,"covered":12,"skipped":0,"pct":100},"branches":{"total":4,"covered":4,"skipped":0,"pct":100}}
,"/Users/yiangosstroppos/Documents/MarlowProjects/MarlowApp/aphrodite/src/components/assignments/AssignmentTopSection.tsx": {"lines":{"total":6,"covered":6,"skipped":0,"pct":100},"functions":{"total":2,"covered":2,"skipped":0,"pct":100},"statements":{"total":6,"covered":6,"skipped":0,"pct":100},"branches":{"total":0,"covered":0,"skipped":0,"pct":100}}
,"/Users/yiangosstroppos/Documents/MarlowProjects/MarlowApp/aphrodite/src/components/assignments/CargoInstallationComponent.tsx": {"lines":{"total":4,"covered":4,"skipped":0,"pct":100},"functions":{"total":1,"covered":1,"skipped":0,"pct":100},"statements":{"total":4,"covered":4,"skipped":0,"pct":100},"branches":{"total":0,"covered":0,"skipped":0,"pct":100}}
,"/Users/yiangosstroppos/Documents/MarlowProjects/MarlowApp/aphrodite/src/components/assignments/CargoInstallationDetailsSection.tsx": {"lines":{"total":6,"covered":6,"skipped":0,"pct":100},"functions":{"total":3,"covered":3,"skipped":0,"pct":100},"statements":{"total":6,"covered":6,"skipped":0,"pct":100},"branches":{"total":0,"covered":0,"skipped":0,"pct":100}}
,"/Users/yiangosstroppos/Documents/MarlowProjects/MarlowApp/aphrodite/src/components/assignments/VesselDetailsComponent.tsx": {"lines":{"total":3,"covered":3,"skipped":0,"pct":100},"functions":{"total":1,"covered":1,"skipped":0,"pct":100},"statements":{"total":3,"covered":3,"skipped":0,"pct":100},"branches":{"total":0,"covered":0,"skipped":0,"pct":100}}
,"/Users/yiangosstroppos/Documents/MarlowProjects/MarlowApp/aphrodite/src/components/assignments/VesselDetailsSection.tsx": {"lines":{"total":7,"covered":7,"skipped":0,"pct":100},"functions":{"total":2,"covered":2,"skipped":0,"pct":100},"statements":{"total":7,"covered":7,"skipped":0,"pct":100},"branches":{"total":2,"covered":2,"skipped":0,"pct":100}}
,"/Users/yiangosstroppos/Documents/MarlowProjects/MarlowApp/aphrodite/src/components/authentication/AuthMainView.tsx": {"lines":{"total":2,"covered":2,"skipped":0,"pct":100},"functions":{"total":1,"covered":1,"skipped":0,"pct":100},"statements":{"total":2,"covered":2,"skipped":0,"pct":100},"branches":{"total":2,"covered":2,"skipped":0,"pct":100}}
,"/Users/yiangosstroppos/Documents/MarlowProjects/MarlowApp/aphrodite/src/components/authentication/ExitButton.tsx": {"lines":{"total":6,"covered":6,"skipped":0,"pct":100},"functions":{"total":2,"covered":2,"skipped":0,"pct":100},"statements":{"total":6,"covered":6,"skipped":0,"pct":100},"branches":{"total":4,"covered":4,"skipped":0,"pct":100}}
,"/Users/yiangosstroppos/Documents/MarlowProjects/MarlowApp/aphrodite/src/components/authentication/GradientBackground.tsx": {"lines":{"total":5,"covered":4,"skipped":0,"pct":80},"functions":{"total":1,"covered":1,"skipped":0,"pct":100},"statements":{"total":5,"covered":4,"skipped":0,"pct":80},"branches":{"total":2,"covered":1,"skipped":0,"pct":50}}
,"/Users/yiangosstroppos/Documents/MarlowProjects/MarlowApp/aphrodite/src/components/authentication/PasswordValidationsSection.tsx": {"lines":{"total":33,"covered":33,"skipped":0,"pct":100},"functions":{"total":7,"covered":7,"skipped":0,"pct":100},"statements":{"total":33,"covered":33,"skipped":0,"pct":100},"branches":{"total":15,"covered":15,"skipped":0,"pct":100}}
,"/Users/yiangosstroppos/Documents/MarlowProjects/MarlowApp/aphrodite/src/components/bioSettingsScreen/BiometricLoginSwitch.tsx": {"lines":{"total":4,"covered":4,"skipped":0,"pct":100},"functions":{"total":1,"covered":1,"skipped":0,"pct":100},"statements":{"total":4,"covered":4,"skipped":0,"pct":100},"branches":{"total":2,"covered":2,"skipped":0,"pct":100}}
,"/Users/yiangosstroppos/Documents/MarlowProjects/MarlowApp/aphrodite/src/components/chat/ChatIcon.tsx": {"lines":{"total":10,"covered":10,"skipped":0,"pct":100},"functions":{"total":3,"covered":3,"skipped":0,"pct":100},"statements":{"total":10,"covered":10,"skipped":0,"pct":100},"branches":{"total":2,"covered":2,"skipped":0,"pct":100}}
,"/Users/yiangosstroppos/Documents/MarlowProjects/MarlowApp/aphrodite/src/components/contact/ContactScreenTopMenu.tsx": {"lines":{"total":10,"covered":10,"skipped":0,"pct":100},"functions":{"total":5,"covered":5,"skipped":0,"pct":100},"statements":{"total":10,"covered":10,"skipped":0,"pct":100},"branches":{"total":4,"covered":4,"skipped":0,"pct":100}}
,"/Users/yiangosstroppos/Documents/MarlowProjects/MarlowApp/aphrodite/src/components/contact/CrewManagerContactDetails.tsx": {"lines":{"total":29,"covered":29,"skipped":0,"pct":100},"functions":{"total":18,"covered":17,"skipped":0,"pct":94.44},"statements":{"total":30,"covered":29,"skipped":0,"pct":96.67},"branches":{"total":5,"covered":5,"skipped":0,"pct":100}}
,"/Users/yiangosstroppos/Documents/MarlowProjects/MarlowApp/aphrodite/src/components/contact/ManningAgentContactDetails.tsx": {"lines":{"total":19,"covered":19,"skipped":0,"pct":100},"functions":{"total":13,"covered":13,"skipped":0,"pct":100},"statements":{"total":19,"covered":19,"skipped":0,"pct":100},"branches":{"total":0,"covered":0,"skipped":0,"pct":100}}
,"/Users/yiangosstroppos/Documents/MarlowProjects/MarlowApp/aphrodite/src/components/contact/PortAgentContactDetails.tsx": {"lines":{"total":16,"covered":16,"skipped":0,"pct":100},"functions":{"total":11,"covered":11,"skipped":0,"pct":100},"statements":{"total":16,"covered":16,"skipped":0,"pct":100},"branches":{"total":0,"covered":0,"skipped":0,"pct":100}}
,"/Users/yiangosstroppos/Documents/MarlowProjects/MarlowApp/aphrodite/src/components/customHeaders/index.tsx": {"lines":{"total":5,"covered":5,"skipped":0,"pct":100},"functions":{"total":2,"covered":2,"skipped":0,"pct":100},"statements":{"total":5,"covered":5,"skipped":0,"pct":100},"branches":{"total":0,"covered":0,"skipped":0,"pct":100}}
,"/Users/yiangosstroppos/Documents/MarlowProjects/MarlowApp/aphrodite/src/components/flights/FlightCard.tsx": {"lines":{"total":9,"covered":9,"skipped":0,"pct":100},"functions":{"total":4,"covered":4,"skipped":0,"pct":100},"statements":{"total":9,"covered":9,"skipped":0,"pct":100},"branches":{"total":2,"covered":2,"skipped":0,"pct":100}}
,"/Users/yiangosstroppos/Documents/MarlowProjects/MarlowApp/aphrodite/src/components/imprint/ImprintLink.tsx": {"lines":{"total":5,"covered":5,"skipped":0,"pct":100},"functions":{"total":2,"covered":2,"skipped":0,"pct":100},"statements":{"total":5,"covered":5,"skipped":0,"pct":100},"branches":{"total":0,"covered":0,"skipped":0,"pct":100}}
,"/Users/yiangosstroppos/Documents/MarlowProjects/MarlowApp/aphrodite/src/components/newsScreen/LatestReleasesSection.tsx": {"lines":{"total":8,"covered":8,"skipped":0,"pct":100},"functions":{"total":2,"covered":2,"skipped":0,"pct":100},"statements":{"total":8,"covered":8,"skipped":0,"pct":100},"branches":{"total":0,"covered":0,"skipped":0,"pct":100}}
,"/Users/yiangosstroppos/Documents/MarlowProjects/MarlowApp/aphrodite/src/components/newsScreen/MoreNewsSection.tsx": {"lines":{"total":8,"covered":8,"skipped":0,"pct":100},"functions":{"total":4,"covered":4,"skipped":0,"pct":100},"statements":{"total":8,"covered":8,"skipped":0,"pct":100},"branches":{"total":0,"covered":0,"skipped":0,"pct":100}}
,"/Users/yiangosstroppos/Documents/MarlowProjects/MarlowApp/aphrodite/src/components/notifications/NotificationIcon.tsx": {"lines":{"total":9,"covered":9,"skipped":0,"pct":100},"functions":{"total":2,"covered":2,"skipped":0,"pct":100},"statements":{"total":9,"covered":9,"skipped":0,"pct":100},"branches":{"total":2,"covered":2,"skipped":0,"pct":100}}
,"/Users/yiangosstroppos/Documents/MarlowProjects/MarlowApp/aphrodite/src/components/notifications/NotificationSection.tsx": {"lines":{"total":22,"covered":22,"skipped":0,"pct":100},"functions":{"total":5,"covered":5,"skipped":0,"pct":100},"statements":{"total":22,"covered":22,"skipped":0,"pct":100},"branches":{"total":13,"covered":13,"skipped":0,"pct":100}}
,"/Users/yiangosstroppos/Documents/MarlowProjects/MarlowApp/aphrodite/src/components/salaryScreen/AllotmentsDetailsComponent.tsx": {"lines":{"total":4,"covered":4,"skipped":0,"pct":100},"functions":{"total":1,"covered":1,"skipped":0,"pct":100},"statements":{"total":4,"covered":4,"skipped":0,"pct":100},"branches":{"total":0,"covered":0,"skipped":0,"pct":100}}
,"/Users/yiangosstroppos/Documents/MarlowProjects/MarlowApp/aphrodite/src/components/salaryScreen/AllotmentsDetailsSection.tsx": {"lines":{"total":6,"covered":6,"skipped":0,"pct":100},"functions":{"total":3,"covered":3,"skipped":0,"pct":100},"statements":{"total":6,"covered":6,"skipped":0,"pct":100},"branches":{"total":0,"covered":0,"skipped":0,"pct":100}}
,"/Users/yiangosstroppos/Documents/MarlowProjects/MarlowApp/aphrodite/src/components/salaryScreen/PayslipDetailsComponent.tsx": {"lines":{"total":15,"covered":15,"skipped":0,"pct":100},"functions":{"total":6,"covered":6,"skipped":0,"pct":100},"statements":{"total":15,"covered":15,"skipped":0,"pct":100},"branches":{"total":4,"covered":4,"skipped":0,"pct":100}}
,"/Users/yiangosstroppos/Documents/MarlowProjects/MarlowApp/aphrodite/src/components/salaryScreen/PayslipDetailsSection.tsx": {"lines":{"total":7,"covered":7,"skipped":0,"pct":100},"functions":{"total":3,"covered":3,"skipped":0,"pct":100},"statements":{"total":7,"covered":7,"skipped":0,"pct":100},"branches":{"total":0,"covered":0,"skipped":0,"pct":100}}
,"/Users/yiangosstroppos/Documents/MarlowProjects/MarlowApp/aphrodite/src/components/seaService/SeaServiceList.tsx": {"lines":{"total":8,"covered":8,"skipped":0,"pct":100},"functions":{"total":3,"covered":3,"skipped":0,"pct":100},"statements":{"total":8,"covered":8,"skipped":0,"pct":100},"branches":{"total":8,"covered":8,"skipped":0,"pct":100}}
,"/Users/yiangosstroppos/Documents/MarlowProjects/MarlowApp/aphrodite/src/components/seafarerDocuments/SeafarerDocumentsRenderSection.tsx": {"lines":{"total":32,"covered":32,"skipped":0,"pct":100},"functions":{"total":11,"covered":11,"skipped":0,"pct":100},"statements":{"total":32,"covered":32,"skipped":0,"pct":100},"branches":{"total":39,"covered":39,"skipped":0,"pct":100}}
,"/Users/yiangosstroppos/Documents/MarlowProjects/MarlowApp/aphrodite/src/components/seafarerDocuments/SeafarerDocumentsTopBar.tsx": {"lines":{"total":10,"covered":10,"skipped":0,"pct":100},"functions":{"total":5,"covered":5,"skipped":0,"pct":100},"statements":{"total":10,"covered":10,"skipped":0,"pct":100},"branches":{"total":4,"covered":4,"skipped":0,"pct":100}}
,"/Users/yiangosstroppos/Documents/MarlowProjects/MarlowApp/aphrodite/src/components/settingsScreen/AppColorScheme.tsx": {"lines":{"total":6,"covered":6,"skipped":0,"pct":100},"functions":{"total":2,"covered":2,"skipped":0,"pct":100},"statements":{"total":6,"covered":6,"skipped":0,"pct":100},"branches":{"total":0,"covered":0,"skipped":0,"pct":100}}
,"/Users/yiangosstroppos/Documents/MarlowProjects/MarlowApp/aphrodite/src/components/settingsScreen/DarkModeChangeModal.tsx": {"lines":{"total":13,"covered":12,"skipped":0,"pct":92.31},"functions":{"total":6,"covered":5,"skipped":0,"pct":83.33},"statements":{"total":13,"covered":12,"skipped":0,"pct":92.31},"branches":{"total":6,"covered":6,"skipped":0,"pct":100}}
,"/Users/yiangosstroppos/Documents/MarlowProjects/MarlowApp/aphrodite/src/components/termsAndPrivacyPolicy/TermsAndPrivacyPolicyLink.tsx": {"lines":{"total":5,"covered":5,"skipped":0,"pct":100},"functions":{"total":3,"covered":3,"skipped":0,"pct":100},"statements":{"total":5,"covered":5,"skipped":0,"pct":100},"branches":{"total":0,"covered":0,"skipped":0,"pct":100}}
,"/Users/yiangosstroppos/Documents/MarlowProjects/MarlowApp/aphrodite/src/components/workingClothes/ClothesList.tsx": {"lines":{"total":7,"covered":7,"skipped":0,"pct":100},"functions":{"total":3,"covered":3,"skipped":0,"pct":100},"statements":{"total":7,"covered":7,"skipped":0,"pct":100},"branches":{"total":0,"covered":0,"skipped":0,"pct":100}}
,"/Users/yiangosstroppos/Documents/MarlowProjects/MarlowApp/aphrodite/src/components/workingClothes/ShoeSizeTable.tsx": {"lines":{"total":4,"covered":4,"skipped":0,"pct":100},"functions":{"total":1,"covered":1,"skipped":0,"pct":100},"statements":{"total":4,"covered":4,"skipped":0,"pct":100},"branches":{"total":0,"covered":0,"skipped":0,"pct":100}}
,"/Users/yiangosstroppos/Documents/MarlowProjects/MarlowApp/aphrodite/src/constants/NewsConstants.ts": {"lines":{"total":3,"covered":3,"skipped":0,"pct":100},"functions":{"total":0,"covered":0,"skipped":0,"pct":100},"statements":{"total":3,"covered":3,"skipped":0,"pct":100},"branches":{"total":0,"covered":0,"skipped":0,"pct":100}}
,"/Users/yiangosstroppos/Documents/MarlowProjects/MarlowApp/aphrodite/src/constants/Platforms.ts": {"lines":{"total":2,"covered":2,"skipped":0,"pct":100},"functions":{"total":0,"covered":0,"skipped":0,"pct":100},"statements":{"total":2,"covered":2,"skipped":0,"pct":100},"branches":{"total":0,"covered":0,"skipped":0,"pct":100}}
,"/Users/yiangosstroppos/Documents/MarlowProjects/MarlowApp/aphrodite/src/constants/assignmentConstants.ts": {"lines":{"total":2,"covered":2,"skipped":0,"pct":100},"functions":{"total":0,"covered":0,"skipped":0,"pct":100},"statements":{"total":2,"covered":2,"skipped":0,"pct":100},"branches":{"total":0,"covered":0,"skipped":0,"pct":100}}
,"/Users/yiangosstroppos/Documents/MarlowProjects/MarlowApp/aphrodite/src/constants/config.ts": {"lines":{"total":1,"covered":1,"skipped":0,"pct":100},"functions":{"total":1,"covered":1,"skipped":0,"pct":100},"statements":{"total":1,"covered":1,"skipped":0,"pct":100},"branches":{"total":2,"covered":2,"skipped":0,"pct":100}}
,"/Users/yiangosstroppos/Documents/MarlowProjects/MarlowApp/aphrodite/src/constants/contactConstants.ts": {"lines":{"total":3,"covered":3,"skipped":0,"pct":100},"functions":{"total":0,"covered":0,"skipped":0,"pct":100},"statements":{"total":3,"covered":3,"skipped":0,"pct":100},"branches":{"total":0,"covered":0,"skipped":0,"pct":100}}
,"/Users/yiangosstroppos/Documents/MarlowProjects/MarlowApp/aphrodite/src/constants/notificationsConstants.ts": {"lines":{"total":9,"covered":9,"skipped":0,"pct":100},"functions":{"total":0,"covered":0,"skipped":0,"pct":100},"statements":{"total":9,"covered":9,"skipped":0,"pct":100},"branches":{"total":0,"covered":0,"skipped":0,"pct":100}}
,"/Users/yiangosstroppos/Documents/MarlowProjects/MarlowApp/aphrodite/src/constants/routes.ts": {"lines":{"total":36,"covered":36,"skipped":0,"pct":100},"functions":{"total":0,"covered":0,"skipped":0,"pct":100},"statements":{"total":36,"covered":36,"skipped":0,"pct":100},"branches":{"total":0,"covered":0,"skipped":0,"pct":100}}
,"/Users/yiangosstroppos/Documents/MarlowProjects/MarlowApp/aphrodite/src/constants/salaryConstants.ts": {"lines":{"total":2,"covered":2,"skipped":0,"pct":100},"functions":{"total":0,"covered":0,"skipped":0,"pct":100},"statements":{"total":2,"covered":2,"skipped":0,"pct":100},"branches":{"total":0,"covered":0,"skipped":0,"pct":100}}
,"/Users/yiangosstroppos/Documents/MarlowProjects/MarlowApp/aphrodite/src/constants/seaServiceConstants.ts": {"lines":{"total":2,"covered":2,"skipped":0,"pct":100},"functions":{"total":0,"covered":0,"skipped":0,"pct":100},"statements":{"total":2,"covered":2,"skipped":0,"pct":100},"branches":{"total":0,"covered":0,"skipped":0,"pct":100}}
,"/Users/yiangosstroppos/Documents/MarlowProjects/MarlowApp/aphrodite/src/constants/api_endpoints/index.ts": {"lines":{"total":47,"covered":47,"skipped":0,"pct":100},"functions":{"total":22,"covered":22,"skipped":0,"pct":100},"statements":{"total":48,"covered":48,"skipped":0,"pct":100},"branches":{"total":8,"covered":8,"skipped":0,"pct":100}}
,"/Users/yiangosstroppos/Documents/MarlowProjects/MarlowApp/aphrodite/src/constants/styles/FlightCardConstants.ts": {"lines":{"total":1,"covered":1,"skipped":0,"pct":100},"functions":{"total":0,"covered":0,"skipped":0,"pct":100},"statements":{"total":1,"covered":1,"skipped":0,"pct":100},"branches":{"total":0,"covered":0,"skipped":0,"pct":100}}
,"/Users/yiangosstroppos/Documents/MarlowProjects/MarlowApp/aphrodite/src/constants/styles/Layout.ts": {"lines":{"total":2,"covered":2,"skipped":0,"pct":100},"functions":{"total":0,"covered":0,"skipped":0,"pct":100},"statements":{"total":2,"covered":2,"skipped":0,"pct":100},"branches":{"total":0,"covered":0,"skipped":0,"pct":100}}
,"/Users/yiangosstroppos/Documents/MarlowProjects/MarlowApp/aphrodite/src/constants/styles/colors.ts": {"lines":{"total":34,"covered":34,"skipped":0,"pct":100},"functions":{"total":0,"covered":0,"skipped":0,"pct":100},"statements":{"total":34,"covered":34,"skipped":0,"pct":100},"branches":{"total":0,"covered":0,"skipped":0,"pct":100}}
,"/Users/yiangosstroppos/Documents/MarlowProjects/MarlowApp/aphrodite/src/hooks/useSelectedQuestion.tsx": {"lines":{"total":12,"covered":12,"skipped":0,"pct":100},"functions":{"total":5,"covered":5,"skipped":0,"pct":100},"statements":{"total":12,"covered":12,"skipped":0,"pct":100},"branches":{"total":6,"covered":6,"skipped":0,"pct":100}}
,"/Users/yiangosstroppos/Documents/MarlowProjects/MarlowApp/aphrodite/src/interfaces/CrewManagerTypes.ts": {"lines":{"total":0,"covered":0,"skipped":0,"pct":100},"functions":{"total":0,"covered":0,"skipped":0,"pct":100},"statements":{"total":0,"covered":0,"skipped":0,"pct":100},"branches":{"total":0,"covered":0,"skipped":0,"pct":100}}
,"/Users/yiangosstroppos/Documents/MarlowProjects/MarlowApp/aphrodite/src/interfaces/ManningAgentTypes.ts": {"lines":{"total":0,"covered":0,"skipped":0,"pct":100},"functions":{"total":0,"covered":0,"skipped":0,"pct":100},"statements":{"total":0,"covered":0,"skipped":0,"pct":100},"branches":{"total":0,"covered":0,"skipped":0,"pct":100}}
,"/Users/yiangosstroppos/Documents/MarlowProjects/MarlowApp/aphrodite/src/interfaces/assignmentDetailsTypes.ts": {"lines":{"total":0,"covered":0,"skipped":0,"pct":100},"functions":{"total":0,"covered":0,"skipped":0,"pct":100},"statements":{"total":0,"covered":0,"skipped":0,"pct":100},"branches":{"total":0,"covered":0,"skipped":0,"pct":100}}
,"/Users/yiangosstroppos/Documents/MarlowProjects/MarlowApp/aphrodite/src/interfaces/contactTypes.ts": {"lines":{"total":0,"covered":0,"skipped":0,"pct":100},"functions":{"total":0,"covered":0,"skipped":0,"pct":100},"statements":{"total":0,"covered":0,"skipped":0,"pct":100},"branches":{"total":0,"covered":0,"skipped":0,"pct":100}}
,"/Users/yiangosstroppos/Documents/MarlowProjects/MarlowApp/aphrodite/src/interfaces/covidDocumentTypes.ts": {"lines":{"total":0,"covered":0,"skipped":0,"pct":100},"functions":{"total":0,"covered":0,"skipped":0,"pct":100},"statements":{"total":0,"covered":0,"skipped":0,"pct":100},"branches":{"total":0,"covered":0,"skipped":0,"pct":100}}
,"/Users/yiangosstroppos/Documents/MarlowProjects/MarlowApp/aphrodite/src/interfaces/imprintDetailsTypes.ts": {"lines":{"total":0,"covered":0,"skipped":0,"pct":100},"functions":{"total":0,"covered":0,"skipped":0,"pct":100},"statements":{"total":0,"covered":0,"skipped":0,"pct":100},"branches":{"total":0,"covered":0,"skipped":0,"pct":100}}
,"/Users/yiangosstroppos/Documents/MarlowProjects/MarlowApp/aphrodite/src/interfaces/index.ts": {"lines":{"total":0,"covered":0,"skipped":0,"pct":100},"functions":{"total":0,"covered":0,"skipped":0,"pct":100},"statements":{"total":0,"covered":0,"skipped":0,"pct":100},"branches":{"total":0,"covered":0,"skipped":0,"pct":100}}
,"/Users/yiangosstroppos/Documents/MarlowProjects/MarlowApp/aphrodite/src/interfaces/newsType.ts": {"lines":{"total":0,"covered":0,"skipped":0,"pct":100},"functions":{"total":0,"covered":0,"skipped":0,"pct":100},"statements":{"total":0,"covered":0,"skipped":0,"pct":100},"branches":{"total":0,"covered":0,"skipped":0,"pct":100}}
,"/Users/yiangosstroppos/Documents/MarlowProjects/MarlowApp/aphrodite/src/interfaces/notificationsTypes.ts": {"lines":{"total":0,"covered":0,"skipped":0,"pct":100},"functions":{"total":0,"covered":0,"skipped":0,"pct":100},"statements":{"total":0,"covered":0,"skipped":0,"pct":100},"branches":{"total":0,"covered":0,"skipped":0,"pct":100}}
,"/Users/yiangosstroppos/Documents/MarlowProjects/MarlowApp/aphrodite/src/interfaces/privacyPolicyTypes.ts": {"lines":{"total":0,"covered":0,"skipped":0,"pct":100},"functions":{"total":0,"covered":0,"skipped":0,"pct":100},"statements":{"total":0,"covered":0,"skipped":0,"pct":100},"branches":{"total":0,"covered":0,"skipped":0,"pct":100}}
,"/Users/yiangosstroppos/Documents/MarlowProjects/MarlowApp/aphrodite/src/interfaces/requestMethodsTypes.ts": {"lines":{"total":0,"covered":0,"skipped":0,"pct":100},"functions":{"total":0,"covered":0,"skipped":0,"pct":100},"statements":{"total":0,"covered":0,"skipped":0,"pct":100},"branches":{"total":0,"covered":0,"skipped":0,"pct":100}}
,"/Users/yiangosstroppos/Documents/MarlowProjects/MarlowApp/aphrodite/src/interfaces/salaryDetailsTypes.ts": {"lines":{"total":0,"covered":0,"skipped":0,"pct":100},"functions":{"total":0,"covered":0,"skipped":0,"pct":100},"statements":{"total":0,"covered":0,"skipped":0,"pct":100},"branches":{"total":0,"covered":0,"skipped":0,"pct":100}}
,"/Users/yiangosstroppos/Documents/MarlowProjects/MarlowApp/aphrodite/src/interfaces/seaServiceDetailsTypes.ts": {"lines":{"total":0,"covered":0,"skipped":0,"pct":100},"functions":{"total":0,"covered":0,"skipped":0,"pct":100},"statements":{"total":0,"covered":0,"skipped":0,"pct":100},"branches":{"total":0,"covered":0,"skipped":0,"pct":100}}
,"/Users/yiangosstroppos/Documents/MarlowProjects/MarlowApp/aphrodite/src/interfaces/seafarerBadgesTypes.ts": {"lines":{"total":0,"covered":0,"skipped":0,"pct":100},"functions":{"total":0,"covered":0,"skipped":0,"pct":100},"statements":{"total":0,"covered":0,"skipped":0,"pct":100},"branches":{"total":0,"covered":0,"skipped":0,"pct":100}}
,"/Users/yiangosstroppos/Documents/MarlowProjects/MarlowApp/aphrodite/src/interfaces/seafarerDetailsTypes.ts": {"lines":{"total":0,"covered":0,"skipped":0,"pct":100},"functions":{"total":0,"covered":0,"skipped":0,"pct":100},"statements":{"total":0,"covered":0,"skipped":0,"pct":100},"branches":{"total":0,"covered":0,"skipped":0,"pct":100}}
,"/Users/yiangosstroppos/Documents/MarlowProjects/MarlowApp/aphrodite/src/interfaces/seafarerDocumentsTypes.ts": {"lines":{"total":0,"covered":0,"skipped":0,"pct":100},"functions":{"total":0,"covered":0,"skipped":0,"pct":100},"statements":{"total":0,"covered":0,"skipped":0,"pct":100},"branches":{"total":0,"covered":0,"skipped":0,"pct":100}}
,"/Users/yiangosstroppos/Documents/MarlowProjects/MarlowApp/aphrodite/src/interfaces/termsAndConditionsTypes.ts": {"lines":{"total":0,"covered":0,"skipped":0,"pct":100},"functions":{"total":0,"covered":0,"skipped":0,"pct":100},"statements":{"total":0,"covered":0,"skipped":0,"pct":100},"branches":{"total":0,"covered":0,"skipped":0,"pct":100}}
,"/Users/yiangosstroppos/Documents/MarlowProjects/MarlowApp/aphrodite/src/interfaces/versionCheckTypes.ts": {"lines":{"total":0,"covered":0,"skipped":0,"pct":100},"functions":{"total":0,"covered":0,"skipped":0,"pct":100},"statements":{"total":0,"covered":0,"skipped":0,"pct":100},"branches":{"total":0,"covered":0,"skipped":0,"pct":100}}
,"/Users/yiangosstroppos/Documents/MarlowProjects/MarlowApp/aphrodite/src/interfaces/websocketTypes.ts": {"lines":{"total":13,"covered":13,"skipped":0,"pct":100},"functions":{"total":0,"covered":0,"skipped":0,"pct":100},"statements":{"total":13,"covered":13,"skipped":0,"pct":100},"branches":{"total":0,"covered":0,"skipped":0,"pct":100}}
,"/Users/yiangosstroppos/Documents/MarlowProjects/MarlowApp/aphrodite/src/interfaces/workingClothesTypes.ts": {"lines":{"total":0,"covered":0,"skipped":0,"pct":100},"functions":{"total":0,"covered":0,"skipped":0,"pct":100},"statements":{"total":0,"covered":0,"skipped":0,"pct":100},"branches":{"total":0,"covered":0,"skipped":0,"pct":100}}
,"/Users/yiangosstroppos/Documents/MarlowProjects/MarlowApp/aphrodite/src/navigation/AppNavigator.tsx": {"lines":{"total":50,"covered":41,"skipped":0,"pct":82},"functions":{"total":18,"covered":10,"skipped":0,"pct":55.56},"statements":{"total":50,"covered":41,"skipped":0,"pct":82},"branches":{"total":14,"covered":12,"skipped":0,"pct":85.71}}
,"/Users/yiangosstroppos/Documents/MarlowProjects/MarlowApp/aphrodite/src/navigation/MainTabNavigator.tsx": {"lines":{"total":52,"covered":39,"skipped":0,"pct":75},"functions":{"total":34,"covered":22,"skipped":0,"pct":64.71},"statements":{"total":52,"covered":39,"skipped":0,"pct":75},"branches":{"total":6,"covered":6,"skipped":0,"pct":100}}
,"/Users/yiangosstroppos/Documents/MarlowProjects/MarlowApp/aphrodite/src/navigation/MoreScreenNavigation.tsx": {"lines":{"total":37,"covered":20,"skipped":0,"pct":54.05},"functions":{"total":26,"covered":9,"skipped":0,"pct":34.62},"statements":{"total":37,"covered":20,"skipped":0,"pct":54.05},"branches":{"total":0,"covered":0,"skipped":0,"pct":100}}
,"/Users/yiangosstroppos/Documents/MarlowProjects/MarlowApp/aphrodite/src/redux/index.ts": {"lines":{"total":13,"covered":12,"skipped":0,"pct":92.31},"functions":{"total":2,"covered":1,"skipped":0,"pct":50},"statements":{"total":13,"covered":12,"skipped":0,"pct":92.31},"branches":{"total":2,"covered":1,"skipped":0,"pct":50}}
,"/Users/yiangosstroppos/Documents/MarlowProjects/MarlowApp/aphrodite/src/redux/actions/assignmentDetailsActions.ts": {"lines":{"total":6,"covered":6,"skipped":0,"pct":100},"functions":{"total":4,"covered":4,"skipped":0,"pct":100},"statements":{"total":7,"covered":7,"skipped":0,"pct":100},"branches":{"total":0,"covered":0,"skipped":0,"pct":100}}
,"/Users/yiangosstroppos/Documents/MarlowProjects/MarlowApp/aphrodite/src/redux/actions/contactDetailsActions.ts": {"lines":{"total":5,"covered":5,"skipped":0,"pct":100},"functions":{"total":4,"covered":4,"skipped":0,"pct":100},"statements":{"total":6,"covered":6,"skipped":0,"pct":100},"branches":{"total":0,"covered":0,"skipped":0,"pct":100}}
,"/Users/yiangosstroppos/Documents/MarlowProjects/MarlowApp/aphrodite/src/redux/actions/covidDocumentActions.ts": {"lines":{"total":5,"covered":5,"skipped":0,"pct":100},"functions":{"total":4,"covered":4,"skipped":0,"pct":100},"statements":{"total":6,"covered":6,"skipped":0,"pct":100},"branches":{"total":0,"covered":0,"skipped":0,"pct":100}}
,"/Users/yiangosstroppos/Documents/MarlowProjects/MarlowApp/aphrodite/src/redux/actions/darkModeOptionsActions.ts": {"lines":{"total":2,"covered":2,"skipped":0,"pct":100},"functions":{"total":1,"covered":1,"skipped":0,"pct":100},"statements":{"total":2,"covered":2,"skipped":0,"pct":100},"branches":{"total":0,"covered":0,"skipped":0,"pct":100}}
,"/Users/yiangosstroppos/Documents/MarlowProjects/MarlowApp/aphrodite/src/redux/actions/flightsDetailsActions.ts": {"lines":{"total":6,"covered":6,"skipped":0,"pct":100},"functions":{"total":4,"covered":4,"skipped":0,"pct":100},"statements":{"total":7,"covered":7,"skipped":0,"pct":100},"branches":{"total":0,"covered":0,"skipped":0,"pct":100}}
,"/Users/yiangosstroppos/Documents/MarlowProjects/MarlowApp/aphrodite/src/redux/actions/imprintDetailsActions.ts": {"lines":{"total":4,"covered":4,"skipped":0,"pct":100},"functions":{"total":3,"covered":3,"skipped":0,"pct":100},"statements":{"total":5,"covered":5,"skipped":0,"pct":100},"branches":{"total":0,"covered":0,"skipped":0,"pct":100}}
,"/Users/yiangosstroppos/Documents/MarlowProjects/MarlowApp/aphrodite/src/redux/actions/index.ts": {"lines":{"total":1,"covered":1,"skipped":0,"pct":100},"functions":{"total":1,"covered":1,"skipped":0,"pct":100},"statements":{"total":1,"covered":1,"skipped":0,"pct":100},"branches":{"total":0,"covered":0,"skipped":0,"pct":100}}
,"/Users/yiangosstroppos/Documents/MarlowProjects/MarlowApp/aphrodite/src/redux/actions/newsActions.ts": {"lines":{"total":5,"covered":5,"skipped":0,"pct":100},"functions":{"total":4,"covered":4,"skipped":0,"pct":100},"statements":{"total":7,"covered":7,"skipped":0,"pct":100},"branches":{"total":0,"covered":0,"skipped":0,"pct":100}}
,"/Users/yiangosstroppos/Documents/MarlowProjects/MarlowApp/aphrodite/src/redux/actions/notificationsActions.ts": {"lines":{"total":13,"covered":13,"skipped":0,"pct":100},"functions":{"total":10,"covered":10,"skipped":0,"pct":100},"statements":{"total":17,"covered":17,"skipped":0,"pct":100},"branches":{"total":0,"covered":0,"skipped":0,"pct":100}}
,"/Users/yiangosstroppos/Documents/MarlowProjects/MarlowApp/aphrodite/src/redux/actions/privacyPolicyActions.ts": {"lines":{"total":4,"covered":4,"skipped":0,"pct":100},"functions":{"total":3,"covered":3,"skipped":0,"pct":100},"statements":{"total":5,"covered":5,"skipped":0,"pct":100},"branches":{"total":0,"covered":0,"skipped":0,"pct":100}}
,"/Users/yiangosstroppos/Documents/MarlowProjects/MarlowApp/aphrodite/src/redux/actions/salaryDetailsActions.ts": {"lines":{"total":16,"covered":16,"skipped":0,"pct":100},"functions":{"total":12,"covered":12,"skipped":0,"pct":100},"statements":{"total":19,"covered":19,"skipped":0,"pct":100},"branches":{"total":0,"covered":0,"skipped":0,"pct":100}}
,"/Users/yiangosstroppos/Documents/MarlowProjects/MarlowApp/aphrodite/src/redux/actions/seaServiceDetailsActions.ts": {"lines":{"total":5,"covered":5,"skipped":0,"pct":100},"functions":{"total":4,"covered":4,"skipped":0,"pct":100},"statements":{"total":6,"covered":6,"skipped":0,"pct":100},"branches":{"total":0,"covered":0,"skipped":0,"pct":100}}
,"/Users/yiangosstroppos/Documents/MarlowProjects/MarlowApp/aphrodite/src/redux/actions/seafarerDetailsActions.ts": {"lines":{"total":7,"covered":7,"skipped":0,"pct":100},"functions":{"total":5,"covered":5,"skipped":0,"pct":100},"statements":{"total":10,"covered":10,"skipped":0,"pct":100},"branches":{"total":0,"covered":0,"skipped":0,"pct":100}}
,"/Users/yiangosstroppos/Documents/MarlowProjects/MarlowApp/aphrodite/src/redux/actions/seafarerDocumentsActions.ts": {"lines":{"total":16,"covered":16,"skipped":0,"pct":100},"functions":{"total":12,"covered":12,"skipped":0,"pct":100},"statements":{"total":19,"covered":19,"skipped":0,"pct":100},"branches":{"total":0,"covered":0,"skipped":0,"pct":100}}
,"/Users/yiangosstroppos/Documents/MarlowProjects/MarlowApp/aphrodite/src/redux/actions/termsAndConditionsActions.ts": {"lines":{"total":5,"covered":5,"skipped":0,"pct":100},"functions":{"total":3,"covered":3,"skipped":0,"pct":100},"statements":{"total":5,"covered":5,"skipped":0,"pct":100},"branches":{"total":0,"covered":0,"skipped":0,"pct":100}}
,"/Users/yiangosstroppos/Documents/MarlowProjects/MarlowApp/aphrodite/src/redux/actions/websocketActions.ts": {"lines":{"total":13,"covered":13,"skipped":0,"pct":100},"functions":{"total":13,"covered":13,"skipped":0,"pct":100},"statements":{"total":13,"covered":13,"skipped":0,"pct":100},"branches":{"total":0,"covered":0,"skipped":0,"pct":100}}
,"/Users/yiangosstroppos/Documents/MarlowProjects/MarlowApp/aphrodite/src/redux/actions/workingClothesActions.ts": {"lines":{"total":6,"covered":6,"skipped":0,"pct":100},"functions":{"total":4,"covered":4,"skipped":0,"pct":100},"statements":{"total":8,"covered":8,"skipped":0,"pct":100},"branches":{"total":0,"covered":0,"skipped":0,"pct":100}}
,"/Users/yiangosstroppos/Documents/MarlowProjects/MarlowApp/aphrodite/src/redux/constants/assignmentDetailsConstants.ts": {"lines":{"total":4,"covered":4,"skipped":0,"pct":100},"functions":{"total":0,"covered":0,"skipped":0,"pct":100},"statements":{"total":4,"covered":4,"skipped":0,"pct":100},"branches":{"total":0,"covered":0,"skipped":0,"pct":100}}
,"/Users/yiangosstroppos/Documents/MarlowProjects/MarlowApp/aphrodite/src/redux/constants/contactDetailsConstants.ts": {"lines":{"total":4,"covered":4,"skipped":0,"pct":100},"functions":{"total":0,"covered":0,"skipped":0,"pct":100},"statements":{"total":4,"covered":4,"skipped":0,"pct":100},"branches":{"total":0,"covered":0,"skipped":0,"pct":100}}
,"/Users/yiangosstroppos/Documents/MarlowProjects/MarlowApp/aphrodite/src/redux/constants/covidDocumentConstants.ts": {"lines":{"total":4,"covered":4,"skipped":0,"pct":100},"functions":{"total":0,"covered":0,"skipped":0,"pct":100},"statements":{"total":4,"covered":4,"skipped":0,"pct":100},"branches":{"total":0,"covered":0,"skipped":0,"pct":100}}
,"/Users/yiangosstroppos/Documents/MarlowProjects/MarlowApp/aphrodite/src/redux/constants/darkModeOptionsConstants.ts": {"lines":{"total":2,"covered":2,"skipped":0,"pct":100},"functions":{"total":0,"covered":0,"skipped":0,"pct":100},"statements":{"total":2,"covered":2,"skipped":0,"pct":100},"branches":{"total":0,"covered":0,"skipped":0,"pct":100}}
,"/Users/yiangosstroppos/Documents/MarlowProjects/MarlowApp/aphrodite/src/redux/constants/flightsDetailsConstants.ts": {"lines":{"total":4,"covered":4,"skipped":0,"pct":100},"functions":{"total":0,"covered":0,"skipped":0,"pct":100},"statements":{"total":4,"covered":4,"skipped":0,"pct":100},"branches":{"total":0,"covered":0,"skipped":0,"pct":100}}
,"/Users/yiangosstroppos/Documents/MarlowProjects/MarlowApp/aphrodite/src/redux/constants/imprintDetailsConstants.ts": {"lines":{"total":3,"covered":3,"skipped":0,"pct":100},"functions":{"total":0,"covered":0,"skipped":0,"pct":100},"statements":{"total":3,"covered":3,"skipped":0,"pct":100},"branches":{"total":0,"covered":0,"skipped":0,"pct":100}}
,"/Users/yiangosstroppos/Documents/MarlowProjects/MarlowApp/aphrodite/src/redux/constants/index.ts": {"lines":{"total":1,"covered":1,"skipped":0,"pct":100},"functions":{"total":0,"covered":0,"skipped":0,"pct":100},"statements":{"total":1,"covered":1,"skipped":0,"pct":100},"branches":{"total":0,"covered":0,"skipped":0,"pct":100}}
,"/Users/yiangosstroppos/Documents/MarlowProjects/MarlowApp/aphrodite/src/redux/constants/newsConstants.ts": {"lines":{"total":4,"covered":4,"skipped":0,"pct":100},"functions":{"total":0,"covered":0,"skipped":0,"pct":100},"statements":{"total":4,"covered":4,"skipped":0,"pct":100},"branches":{"total":0,"covered":0,"skipped":0,"pct":100}}
,"/Users/yiangosstroppos/Documents/MarlowProjects/MarlowApp/aphrodite/src/redux/constants/notificationsConstants.ts": {"lines":{"total":10,"covered":10,"skipped":0,"pct":100},"functions":{"total":0,"covered":0,"skipped":0,"pct":100},"statements":{"total":10,"covered":10,"skipped":0,"pct":100},"branches":{"total":0,"covered":0,"skipped":0,"pct":100}}
,"/Users/yiangosstroppos/Documents/MarlowProjects/MarlowApp/aphrodite/src/redux/constants/privacyPolicyConstants.ts": {"lines":{"total":3,"covered":3,"skipped":0,"pct":100},"functions":{"total":0,"covered":0,"skipped":0,"pct":100},"statements":{"total":3,"covered":3,"skipped":0,"pct":100},"branches":{"total":0,"covered":0,"skipped":0,"pct":100}}
,"/Users/yiangosstroppos/Documents/MarlowProjects/MarlowApp/aphrodite/src/redux/constants/salaryDetailsConstants.ts": {"lines":{"total":12,"covered":12,"skipped":0,"pct":100},"functions":{"total":0,"covered":0,"skipped":0,"pct":100},"statements":{"total":12,"covered":12,"skipped":0,"pct":100},"branches":{"total":0,"covered":0,"skipped":0,"pct":100}}
,"/Users/yiangosstroppos/Documents/MarlowProjects/MarlowApp/aphrodite/src/redux/constants/seaServiceDetailsConstants.ts": {"lines":{"total":4,"covered":4,"skipped":0,"pct":100},"functions":{"total":0,"covered":0,"skipped":0,"pct":100},"statements":{"total":4,"covered":4,"skipped":0,"pct":100},"branches":{"total":0,"covered":0,"skipped":0,"pct":100}}
,"/Users/yiangosstroppos/Documents/MarlowProjects/MarlowApp/aphrodite/src/redux/constants/seafarerDetailsConstants.ts": {"lines":{"total":5,"covered":5,"skipped":0,"pct":100},"functions":{"total":0,"covered":0,"skipped":0,"pct":100},"statements":{"total":5,"covered":5,"skipped":0,"pct":100},"branches":{"total":0,"covered":0,"skipped":0,"pct":100}}
,"/Users/yiangosstroppos/Documents/MarlowProjects/MarlowApp/aphrodite/src/redux/constants/seafarerDocumentsConstants.ts": {"lines":{"total":12,"covered":12,"skipped":0,"pct":100},"functions":{"total":0,"covered":0,"skipped":0,"pct":100},"statements":{"total":12,"covered":12,"skipped":0,"pct":100},"branches":{"total":0,"covered":0,"skipped":0,"pct":100}}
,"/Users/yiangosstroppos/Documents/MarlowProjects/MarlowApp/aphrodite/src/redux/constants/termsAndConditionsConstants.ts": {"lines":{"total":3,"covered":3,"skipped":0,"pct":100},"functions":{"total":0,"covered":0,"skipped":0,"pct":100},"statements":{"total":3,"covered":3,"skipped":0,"pct":100},"branches":{"total":0,"covered":0,"skipped":0,"pct":100}}
,"/Users/yiangosstroppos/Documents/MarlowProjects/MarlowApp/aphrodite/src/redux/constants/websocketConstants.ts": {"lines":{"total":13,"covered":13,"skipped":0,"pct":100},"functions":{"total":0,"covered":0,"skipped":0,"pct":100},"statements":{"total":13,"covered":13,"skipped":0,"pct":100},"branches":{"total":0,"covered":0,"skipped":0,"pct":100}}
,"/Users/yiangosstroppos/Documents/MarlowProjects/MarlowApp/aphrodite/src/redux/constants/workingClothesConstants.ts": {"lines":{"total":4,"covered":4,"skipped":0,"pct":100},"functions":{"total":0,"covered":0,"skipped":0,"pct":100},"statements":{"total":4,"covered":4,"skipped":0,"pct":100},"branches":{"total":0,"covered":0,"skipped":0,"pct":100}}
,"/Users/yiangosstroppos/Documents/MarlowProjects/MarlowApp/aphrodite/src/redux/reducers/assignmentDetailsReducer.ts": {"lines":{"total":7,"covered":7,"skipped":0,"pct":100},"functions":{"total":1,"covered":1,"skipped":0,"pct":100},"statements":{"total":7,"covered":7,"skipped":0,"pct":100},"branches":{"total":6,"covered":6,"skipped":0,"pct":100}}
,"/Users/yiangosstroppos/Documents/MarlowProjects/MarlowApp/aphrodite/src/redux/reducers/contactDetailsReducer.ts": {"lines":{"total":7,"covered":7,"skipped":0,"pct":100},"functions":{"total":1,"covered":1,"skipped":0,"pct":100},"statements":{"total":7,"covered":7,"skipped":0,"pct":100},"branches":{"total":6,"covered":6,"skipped":0,"pct":100}}
,"/Users/yiangosstroppos/Documents/MarlowProjects/MarlowApp/aphrodite/src/redux/reducers/covidDocumentReducer.ts": {"lines":{"total":7,"covered":7,"skipped":0,"pct":100},"functions":{"total":1,"covered":1,"skipped":0,"pct":100},"statements":{"total":7,"covered":7,"skipped":0,"pct":100},"branches":{"total":6,"covered":6,"skipped":0,"pct":100}}
,"/Users/yiangosstroppos/Documents/MarlowProjects/MarlowApp/aphrodite/src/redux/reducers/darkModeOptionsReducer.ts": {"lines":{"total":5,"covered":5,"skipped":0,"pct":100},"functions":{"total":1,"covered":1,"skipped":0,"pct":100},"statements":{"total":5,"covered":5,"skipped":0,"pct":100},"branches":{"total":4,"covered":4,"skipped":0,"pct":100}}
,"/Users/yiangosstroppos/Documents/MarlowProjects/MarlowApp/aphrodite/src/redux/reducers/flightDetailsReducer.ts": {"lines":{"total":7,"covered":7,"skipped":0,"pct":100},"functions":{"total":1,"covered":1,"skipped":0,"pct":100},"statements":{"total":7,"covered":7,"skipped":0,"pct":100},"branches":{"total":6,"covered":6,"skipped":0,"pct":100}}
,"/Users/yiangosstroppos/Documents/MarlowProjects/MarlowApp/aphrodite/src/redux/reducers/imprintDetailsReducer.ts": {"lines":{"total":5,"covered":5,"skipped":0,"pct":100},"functions":{"total":1,"covered":1,"skipped":0,"pct":100},"statements":{"total":5,"covered":5,"skipped":0,"pct":100},"branches":{"total":4,"covered":4,"skipped":0,"pct":100}}
,"/Users/yiangosstroppos/Documents/MarlowProjects/MarlowApp/aphrodite/src/redux/reducers/index.ts": {"lines":{"total":3,"covered":3,"skipped":0,"pct":100},"functions":{"total":1,"covered":1,"skipped":0,"pct":100},"statements":{"total":3,"covered":3,"skipped":0,"pct":100},"branches":{"total":0,"covered":0,"skipped":0,"pct":100}}
,"/Users/yiangosstroppos/Documents/MarlowProjects/MarlowApp/aphrodite/src/redux/reducers/newsReducer.ts": {"lines":{"total":7,"covered":7,"skipped":0,"pct":100},"functions":{"total":1,"covered":1,"skipped":0,"pct":100},"statements":{"total":7,"covered":7,"skipped":0,"pct":100},"branches":{"total":6,"covered":6,"skipped":0,"pct":100}}
,"/Users/yiangosstroppos/Documents/MarlowProjects/MarlowApp/aphrodite/src/redux/reducers/notificationsReducer.ts": {"lines":{"total":8,"covered":8,"skipped":0,"pct":100},"functions":{"total":1,"covered":1,"skipped":0,"pct":100},"statements":{"total":8,"covered":8,"skipped":0,"pct":100},"branches":{"total":7,"covered":7,"skipped":0,"pct":100}}
,"/Users/yiangosstroppos/Documents/MarlowProjects/MarlowApp/aphrodite/src/redux/reducers/privacyPolicyReducer.ts": {"lines":{"total":5,"covered":5,"skipped":0,"pct":100},"functions":{"total":1,"covered":1,"skipped":0,"pct":100},"statements":{"total":5,"covered":5,"skipped":0,"pct":100},"branches":{"total":4,"covered":4,"skipped":0,"pct":100}}
,"/Users/yiangosstroppos/Documents/MarlowProjects/MarlowApp/aphrodite/src/redux/reducers/salaryDetailsReducer.ts": {"lines":{"total":10,"covered":10,"skipped":0,"pct":100},"functions":{"total":1,"covered":1,"skipped":0,"pct":100},"statements":{"total":10,"covered":10,"skipped":0,"pct":100},"branches":{"total":12,"covered":12,"skipped":0,"pct":100}}
,"/Users/yiangosstroppos/Documents/MarlowProjects/MarlowApp/aphrodite/src/redux/reducers/seaServiceDetailsReducer.ts": {"lines":{"total":7,"covered":7,"skipped":0,"pct":100},"functions":{"total":1,"covered":1,"skipped":0,"pct":100},"statements":{"total":7,"covered":7,"skipped":0,"pct":100},"branches":{"total":6,"covered":6,"skipped":0,"pct":100}}
,"/Users/yiangosstroppos/Documents/MarlowProjects/MarlowApp/aphrodite/src/redux/reducers/seafarerDetailsReducer.ts": {"lines":{"total":7,"covered":7,"skipped":0,"pct":100},"functions":{"total":1,"covered":1,"skipped":0,"pct":100},"statements":{"total":7,"covered":7,"skipped":0,"pct":100},"branches":{"total":7,"covered":7,"skipped":0,"pct":100}}
,"/Users/yiangosstroppos/Documents/MarlowProjects/MarlowApp/aphrodite/src/redux/reducers/seafarerDocumentsReducer.ts": {"lines":{"total":10,"covered":10,"skipped":0,"pct":100},"functions":{"total":1,"covered":1,"skipped":0,"pct":100},"statements":{"total":10,"covered":10,"skipped":0,"pct":100},"branches":{"total":9,"covered":9,"skipped":0,"pct":100}}
,"/Users/yiangosstroppos/Documents/MarlowProjects/MarlowApp/aphrodite/src/redux/reducers/termsAndConditionsReducer.ts": {"lines":{"total":5,"covered":5,"skipped":0,"pct":100},"functions":{"total":1,"covered":1,"skipped":0,"pct":100},"statements":{"total":5,"covered":5,"skipped":0,"pct":100},"branches":{"total":4,"covered":4,"skipped":0,"pct":100}}
,"/Users/yiangosstroppos/Documents/MarlowProjects/MarlowApp/aphrodite/src/redux/reducers/websocketReducer.ts": {"lines":{"total":17,"covered":17,"skipped":0,"pct":100},"functions":{"total":1,"covered":1,"skipped":0,"pct":100},"statements":{"total":17,"covered":17,"skipped":0,"pct":100},"branches":{"total":17,"covered":17,"skipped":0,"pct":100}}
,"/Users/yiangosstroppos/Documents/MarlowProjects/MarlowApp/aphrodite/src/redux/reducers/workingClothesReducer.ts": {"lines":{"total":7,"covered":7,"skipped":0,"pct":100},"functions":{"total":1,"covered":1,"skipped":0,"pct":100},"statements":{"total":7,"covered":7,"skipped":0,"pct":100},"branches":{"total":6,"covered":6,"skipped":0,"pct":100}}
,"/Users/yiangosstroppos/Documents/MarlowProjects/MarlowApp/aphrodite/src/redux/sagas/assignmentDetailsSagas.ts": {"lines":{"total":10,"covered":10,"skipped":0,"pct":100},"functions":{"total":5,"covered":5,"skipped":0,"pct":100},"statements":{"total":10,"covered":10,"skipped":0,"pct":100},"branches":{"total":0,"covered":0,"skipped":0,"pct":100}}
,"/Users/yiangosstroppos/Documents/MarlowProjects/MarlowApp/aphrodite/src/redux/sagas/contactDetailsSagas.ts": {"lines":{"total":9,"covered":9,"skipped":0,"pct":100},"functions":{"total":5,"covered":5,"skipped":0,"pct":100},"statements":{"total":9,"covered":9,"skipped":0,"pct":100},"branches":{"total":0,"covered":0,"skipped":0,"pct":100}}
,"/Users/yiangosstroppos/Documents/MarlowProjects/MarlowApp/aphrodite/src/redux/sagas/covidDocumentSagas.ts": {"lines":{"total":11,"covered":11,"skipped":0,"pct":100},"functions":{"total":5,"covered":5,"skipped":0,"pct":100},"statements":{"total":11,"covered":11,"skipped":0,"pct":100},"branches":{"total":0,"covered":0,"skipped":0,"pct":100}}
,"/Users/yiangosstroppos/Documents/MarlowProjects/MarlowApp/aphrodite/src/redux/sagas/flightDetailsSaga.ts": {"lines":{"total":10,"covered":10,"skipped":0,"pct":100},"functions":{"total":5,"covered":5,"skipped":0,"pct":100},"statements":{"total":10,"covered":10,"skipped":0,"pct":100},"branches":{"total":0,"covered":0,"skipped":0,"pct":100}}
,"/Users/yiangosstroppos/Documents/MarlowProjects/MarlowApp/aphrodite/src/redux/sagas/imprintDetailsSagas.ts": {"lines":{"total":10,"covered":10,"skipped":0,"pct":100},"functions":{"total":5,"covered":5,"skipped":0,"pct":100},"statements":{"total":10,"covered":10,"skipped":0,"pct":100},"branches":{"total":0,"covered":0,"skipped":0,"pct":100}}
,"/Users/yiangosstroppos/Documents/MarlowProjects/MarlowApp/aphrodite/src/redux/sagas/index.ts": {"lines":{"total":1,"covered":1,"skipped":0,"pct":100},"functions":{"total":1,"covered":1,"skipped":0,"pct":100},"statements":{"total":1,"covered":1,"skipped":0,"pct":100},"branches":{"total":0,"covered":0,"skipped":0,"pct":100}}
,"/Users/yiangosstroppos/Documents/MarlowProjects/MarlowApp/aphrodite/src/redux/sagas/newsSagas.ts": {"lines":{"total":10,"covered":10,"skipped":0,"pct":100},"functions":{"total":5,"covered":5,"skipped":0,"pct":100},"statements":{"total":10,"covered":10,"skipped":0,"pct":100},"branches":{"total":0,"covered":0,"skipped":0,"pct":100}}
,"/Users/yiangosstroppos/Documents/MarlowProjects/MarlowApp/aphrodite/src/redux/sagas/notificationsSagas.ts": {"lines":{"total":23,"covered":23,"skipped":0,"pct":100},"functions":{"total":11,"covered":11,"skipped":0,"pct":100},"statements":{"total":23,"covered":23,"skipped":0,"pct":100},"branches":{"total":0,"covered":0,"skipped":0,"pct":100}}
,"/Users/yiangosstroppos/Documents/MarlowProjects/MarlowApp/aphrodite/src/redux/sagas/privacyPolicySagas.ts": {"lines":{"total":10,"covered":10,"skipped":0,"pct":100},"functions":{"total":5,"covered":5,"skipped":0,"pct":100},"statements":{"total":10,"covered":10,"skipped":0,"pct":100},"branches":{"total":0,"covered":0,"skipped":0,"pct":100}}
,"/Users/yiangosstroppos/Documents/MarlowProjects/MarlowApp/aphrodite/src/redux/sagas/salaryDetailsSagas.ts": {"lines":{"total":59,"covered":59,"skipped":0,"pct":100},"functions":{"total":16,"covered":16,"skipped":0,"pct":100},"statements":{"total":59,"covered":59,"skipped":0,"pct":100},"branches":{"total":10,"covered":10,"skipped":0,"pct":100}}
,"/Users/yiangosstroppos/Documents/MarlowProjects/MarlowApp/aphrodite/src/redux/sagas/seaServiceDetailsSagas.ts": {"lines":{"total":9,"covered":9,"skipped":0,"pct":100},"functions":{"total":5,"covered":5,"skipped":0,"pct":100},"statements":{"total":9,"covered":9,"skipped":0,"pct":100},"branches":{"total":0,"covered":0,"skipped":0,"pct":100}}
,"/Users/yiangosstroppos/Documents/MarlowProjects/MarlowApp/aphrodite/src/redux/sagas/seafarerDetailsSagas.ts": {"lines":{"total":16,"covered":16,"skipped":0,"pct":100},"functions":{"total":8,"covered":8,"skipped":0,"pct":100},"statements":{"total":16,"covered":16,"skipped":0,"pct":100},"branches":{"total":0,"covered":0,"skipped":0,"pct":100}}
,"/Users/yiangosstroppos/Documents/MarlowProjects/MarlowApp/aphrodite/src/redux/sagas/seafarerDocumentsSagas.ts": {"lines":{"total":56,"covered":56,"skipped":0,"pct":100},"functions":{"total":13,"covered":13,"skipped":0,"pct":100},"statements":{"total":56,"covered":56,"skipped":0,"pct":100},"branches":{"total":2,"covered":2,"skipped":0,"pct":100}}
,"/Users/yiangosstroppos/Documents/MarlowProjects/MarlowApp/aphrodite/src/redux/sagas/termsAndConditionsSagas.ts": {"lines":{"total":10,"covered":10,"skipped":0,"pct":100},"functions":{"total":5,"covered":5,"skipped":0,"pct":100},"statements":{"total":10,"covered":10,"skipped":0,"pct":100},"branches":{"total":0,"covered":0,"skipped":0,"pct":100}}
,"/Users/yiangosstroppos/Documents/MarlowProjects/MarlowApp/aphrodite/src/redux/sagas/websocketSagas.ts": {"lines":{"total":94,"covered":94,"skipped":0,"pct":100},"functions":{"total":21,"covered":21,"skipped":0,"pct":100},"statements":{"total":98,"covered":98,"skipped":0,"pct":100},"branches":{"total":38,"covered":38,"skipped":0,"pct":100}}
,"/Users/yiangosstroppos/Documents/MarlowProjects/MarlowApp/aphrodite/src/redux/sagas/workingClothesDetailsSagas.ts": {"lines":{"total":9,"covered":9,"skipped":0,"pct":100},"functions":{"total":5,"covered":5,"skipped":0,"pct":100},"statements":{"total":9,"covered":9,"skipped":0,"pct":100},"branches":{"total":0,"covered":0,"skipped":0,"pct":100}}
,"/Users/yiangosstroppos/Documents/MarlowProjects/MarlowApp/aphrodite/src/screens/AssignmentScreen.tsx": {"lines":{"total":43,"covered":43,"skipped":0,"pct":100},"functions":{"total":16,"covered":16,"skipped":0,"pct":100},"statements":{"total":43,"covered":43,"skipped":0,"pct":100},"branches":{"total":22,"covered":22,"skipped":0,"pct":100}}
,"/Users/yiangosstroppos/Documents/MarlowProjects/MarlowApp/aphrodite/src/screens/BottomTabMainScreen.tsx": {"lines":{"total":73,"covered":51,"skipped":0,"pct":69.86},"functions":{"total":23,"covered":16,"skipped":0,"pct":69.57},"statements":{"total":73,"covered":51,"skipped":0,"pct":69.86},"branches":{"total":28,"covered":12,"skipped":0,"pct":42.86}}
,"/Users/yiangosstroppos/Documents/MarlowProjects/MarlowApp/aphrodite/src/screens/FAQScreen.tsx": {"lines":{"total":93,"covered":83,"skipped":0,"pct":89.25},"functions":{"total":35,"covered":32,"skipped":0,"pct":91.43},"statements":{"total":93,"covered":83,"skipped":0,"pct":89.25},"branches":{"total":39,"covered":34,"skipped":0,"pct":87.18}}
,"/Users/yiangosstroppos/Documents/MarlowProjects/MarlowApp/aphrodite/src/screens/FlightsScreen.tsx": {"lines":{"total":17,"covered":17,"skipped":0,"pct":100},"functions":{"total":7,"covered":7,"skipped":0,"pct":100},"statements":{"total":17,"covered":17,"skipped":0,"pct":100},"branches":{"total":2,"covered":1,"skipped":0,"pct":50}}
,"/Users/yiangosstroppos/Documents/MarlowProjects/MarlowApp/aphrodite/src/screens/MoreScreen.tsx": {"lines":{"total":39,"covered":31,"skipped":0,"pct":79.49},"functions":{"total":13,"covered":8,"skipped":0,"pct":61.54},"statements":{"total":40,"covered":32,"skipped":0,"pct":80},"branches":{"total":21,"covered":18,"skipped":0,"pct":85.71}}
,"/Users/yiangosstroppos/Documents/MarlowProjects/MarlowApp/aphrodite/src/screens/NotificationsScreen.tsx": {"lines":{"total":18,"covered":18,"skipped":0,"pct":100},"functions":{"total":8,"covered":8,"skipped":0,"pct":100},"statements":{"total":18,"covered":18,"skipped":0,"pct":100},"branches":{"total":0,"covered":0,"skipped":0,"pct":100}}
,"/Users/yiangosstroppos/Documents/MarlowProjects/MarlowApp/aphrodite/src/screens/assignments/EmploymentOfferScreen.tsx": {"lines":{"total":10,"covered":10,"skipped":0,"pct":100},"functions":{"total":3,"covered":3,"skipped":0,"pct":100},"statements":{"total":10,"covered":10,"skipped":0,"pct":100},"branches":{"total":9,"covered":9,"skipped":0,"pct":100}}
,"/Users/yiangosstroppos/Documents/MarlowProjects/MarlowApp/aphrodite/src/screens/authentication/AccountVerificationScreen.tsx": {"lines":{"total":28,"covered":28,"skipped":0,"pct":100},"functions":{"total":10,"covered":10,"skipped":0,"pct":100},"statements":{"total":28,"covered":28,"skipped":0,"pct":100},"branches":{"total":10,"covered":10,"skipped":0,"pct":100}}
,"/Users/yiangosstroppos/Documents/MarlowProjects/MarlowApp/aphrodite/src/screens/authentication/AuthLoadingScreen.tsx": {"lines":{"total":85,"covered":85,"skipped":0,"pct":100},"functions":{"total":20,"covered":19,"skipped":0,"pct":95},"statements":{"total":86,"covered":85,"skipped":0,"pct":98.84},"branches":{"total":50,"covered":48,"skipped":0,"pct":96}}
,"/Users/yiangosstroppos/Documents/MarlowProjects/MarlowApp/aphrodite/src/screens/authentication/ForceUpdatePasswordScreen.tsx": {"lines":{"total":33,"covered":33,"skipped":0,"pct":100},"functions":{"total":11,"covered":11,"skipped":0,"pct":100},"statements":{"total":33,"covered":33,"skipped":0,"pct":100},"branches":{"total":12,"covered":10,"skipped":0,"pct":83.33}}
,"/Users/yiangosstroppos/Documents/MarlowProjects/MarlowApp/aphrodite/src/screens/authentication/ForgotPasswordScreen.tsx": {"lines":{"total":19,"covered":19,"skipped":0,"pct":100},"functions":{"total":5,"covered":5,"skipped":0,"pct":100},"statements":{"total":19,"covered":19,"skipped":0,"pct":100},"branches":{"total":0,"covered":0,"skipped":0,"pct":100}}
,"/Users/yiangosstroppos/Documents/MarlowProjects/MarlowApp/aphrodite/src/screens/authentication/PassCodeScreen.tsx": {"lines":{"total":143,"covered":104,"skipped":0,"pct":72.73},"functions":{"total":38,"covered":30,"skipped":0,"pct":78.95},"statements":{"total":144,"covered":105,"skipped":0,"pct":72.92},"branches":{"total":65,"covered":44,"skipped":0,"pct":67.69}}
,"/Users/yiangosstroppos/Documents/MarlowProjects/MarlowApp/aphrodite/src/screens/authentication/PrivacyPolicyScreen.tsx": {"lines":{"total":8,"covered":8,"skipped":0,"pct":100},"functions":{"total":3,"covered":3,"skipped":0,"pct":100},"statements":{"total":8,"covered":8,"skipped":0,"pct":100},"branches":{"total":2,"covered":2,"skipped":0,"pct":100}}
,"/Users/yiangosstroppos/Documents/MarlowProjects/MarlowApp/aphrodite/src/screens/authentication/ResetPasswordScreen.tsx": {"lines":{"total":29,"covered":29,"skipped":0,"pct":100},"functions":{"total":9,"covered":9,"skipped":0,"pct":100},"statements":{"total":29,"covered":29,"skipped":0,"pct":100},"branches":{"total":8,"covered":8,"skipped":0,"pct":100}}
,"/Users/yiangosstroppos/Documents/MarlowProjects/MarlowApp/aphrodite/src/screens/authentication/SignInScreen.tsx": {"lines":{"total":53,"covered":53,"skipped":0,"pct":100},"functions":{"total":19,"covered":19,"skipped":0,"pct":100},"statements":{"total":53,"covered":53,"skipped":0,"pct":100},"branches":{"total":22,"covered":21,"skipped":0,"pct":95.45}}
,"/Users/yiangosstroppos/Documents/MarlowProjects/MarlowApp/aphrodite/src/screens/authentication/SignUpScreen.tsx": {"lines":{"total":25,"covered":23,"skipped":0,"pct":92},"functions":{"total":8,"covered":7,"skipped":0,"pct":87.5},"statements":{"total":25,"covered":23,"skipped":0,"pct":92},"branches":{"total":4,"covered":3,"skipped":0,"pct":75}}
,"/Users/yiangosstroppos/Documents/MarlowProjects/MarlowApp/aphrodite/src/screens/authentication/TermsAndConditionsScreen.tsx": {"lines":{"total":8,"covered":8,"skipped":0,"pct":100},"functions":{"total":3,"covered":3,"skipped":0,"pct":100},"statements":{"total":8,"covered":8,"skipped":0,"pct":100},"branches":{"total":2,"covered":2,"skipped":0,"pct":100}}
,"/Users/yiangosstroppos/Documents/MarlowProjects/MarlowApp/aphrodite/src/screens/chat/ChatHistoryScreen.tsx": {"lines":{"total":41,"covered":40,"skipped":0,"pct":97.56},"functions":{"total":21,"covered":20,"skipped":0,"pct":95.24},"statements":{"total":41,"covered":40,"skipped":0,"pct":97.56},"branches":{"total":16,"covered":16,"skipped":0,"pct":100}}
,"/Users/yiangosstroppos/Documents/MarlowProjects/MarlowApp/aphrodite/src/screens/chat/ChatRoomScreen.tsx": {"lines":{"total":80,"covered":58,"skipped":0,"pct":72.5},"functions":{"total":23,"covered":15,"skipped":0,"pct":65.22},"statements":{"total":80,"covered":58,"skipped":0,"pct":72.5},"branches":{"total":15,"covered":2,"skipped":0,"pct":13.33}}
,"/Users/yiangosstroppos/Documents/MarlowProjects/MarlowApp/aphrodite/src/screens/chat/WhosAroundScreen.tsx": {"lines":{"total":69,"covered":40,"skipped":0,"pct":57.97},"functions":{"total":17,"covered":11,"skipped":0,"pct":64.71},"statements":{"total":69,"covered":40,"skipped":0,"pct":57.97},"branches":{"total":18,"covered":10,"skipped":0,"pct":55.56}}
,"/Users/yiangosstroppos/Documents/MarlowProjects/MarlowApp/aphrodite/src/screens/more_screens/ContactScreen.tsx": {"lines":{"total":21,"covered":20,"skipped":0,"pct":95.24},"functions":{"total":7,"covered":7,"skipped":0,"pct":100},"statements":{"total":21,"covered":20,"skipped":0,"pct":95.24},"branches":{"total":4,"covered":3,"skipped":0,"pct":75}}
,"/Users/yiangosstroppos/Documents/MarlowProjects/MarlowApp/aphrodite/src/screens/more_screens/CovidDocumentScreen.tsx": {"lines":{"total":14,"covered":14,"skipped":0,"pct":100},"functions":{"total":4,"covered":4,"skipped":0,"pct":100},"statements":{"total":14,"covered":14,"skipped":0,"pct":100},"branches":{"total":4,"covered":4,"skipped":0,"pct":100}}
,"/Users/yiangosstroppos/Documents/MarlowProjects/MarlowApp/aphrodite/src/screens/more_screens/ImprintScreen.tsx": {"lines":{"total":29,"covered":27,"skipped":0,"pct":93.1},"functions":{"total":17,"covered":15,"skipped":0,"pct":88.24},"statements":{"total":29,"covered":27,"skipped":0,"pct":93.1},"branches":{"total":4,"covered":4,"skipped":0,"pct":100}}
,"/Users/yiangosstroppos/Documents/MarlowProjects/MarlowApp/aphrodite/src/screens/more_screens/NewsScreen.tsx": {"lines":{"total":35,"covered":33,"skipped":0,"pct":94.29},"functions":{"total":13,"covered":11,"skipped":0,"pct":84.62},"statements":{"total":36,"covered":34,"skipped":0,"pct":94.44},"branches":{"total":8,"covered":8,"skipped":0,"pct":100}}
,"/Users/yiangosstroppos/Documents/MarlowProjects/MarlowApp/aphrodite/src/screens/more_screens/SalaryScreen.tsx": {"lines":{"total":21,"covered":21,"skipped":0,"pct":100},"functions":{"total":8,"covered":8,"skipped":0,"pct":100},"statements":{"total":21,"covered":21,"skipped":0,"pct":100},"branches":{"total":2,"covered":2,"skipped":0,"pct":100}}
,"/Users/yiangosstroppos/Documents/MarlowProjects/MarlowApp/aphrodite/src/screens/more_screens/SeaServiceRecordsScreen.tsx": {"lines":{"total":20,"covered":20,"skipped":0,"pct":100},"functions":{"total":7,"covered":7,"skipped":0,"pct":100},"statements":{"total":20,"covered":20,"skipped":0,"pct":100},"branches":{"total":2,"covered":2,"skipped":0,"pct":100}}
,"/Users/yiangosstroppos/Documents/MarlowProjects/MarlowApp/aphrodite/src/screens/more_screens/SeafarerDetailsScreen.tsx": {"lines":{"total":37,"covered":33,"skipped":0,"pct":89.19},"functions":{"total":13,"covered":11,"skipped":0,"pct":84.62},"statements":{"total":37,"covered":33,"skipped":0,"pct":89.19},"branches":{"total":18,"covered":15,"skipped":0,"pct":83.33}}
,"/Users/yiangosstroppos/Documents/MarlowProjects/MarlowApp/aphrodite/src/screens/more_screens/SeafarerDocumentsScreen.tsx": {"lines":{"total":30,"covered":30,"skipped":0,"pct":100},"functions":{"total":12,"covered":12,"skipped":0,"pct":100},"statements":{"total":30,"covered":30,"skipped":0,"pct":100},"branches":{"total":12,"covered":12,"skipped":0,"pct":100}}
,"/Users/yiangosstroppos/Documents/MarlowProjects/MarlowApp/aphrodite/src/screens/more_screens/SettingsScreen.tsx": {"lines":{"total":44,"covered":29,"skipped":0,"pct":65.91},"functions":{"total":17,"covered":9,"skipped":0,"pct":52.94},"statements":{"total":44,"covered":29,"skipped":0,"pct":65.91},"branches":{"total":12,"covered":5,"skipped":0,"pct":41.67}}
,"/Users/yiangosstroppos/Documents/MarlowProjects/MarlowApp/aphrodite/src/screens/more_screens/SupportScreen.tsx": {"lines":{"total":17,"covered":15,"skipped":0,"pct":88.24},"functions":{"total":8,"covered":6,"skipped":0,"pct":75},"statements":{"total":17,"covered":15,"skipped":0,"pct":88.24},"branches":{"total":2,"covered":2,"skipped":0,"pct":100}}
,"/Users/yiangosstroppos/Documents/MarlowProjects/MarlowApp/aphrodite/src/screens/more_screens/SwipeNavigatorScreen.tsx": {"lines":{"total":3,"covered":3,"skipped":0,"pct":100},"functions":{"total":1,"covered":1,"skipped":0,"pct":100},"statements":{"total":3,"covered":3,"skipped":0,"pct":100},"branches":{"total":0,"covered":0,"skipped":0,"pct":100}}
,"/Users/yiangosstroppos/Documents/MarlowProjects/MarlowApp/aphrodite/src/screens/more_screens/VesselTrackerScreen.tsx": {"lines":{"total":23,"covered":20,"skipped":0,"pct":86.96},"functions":{"total":11,"covered":7,"skipped":0,"pct":63.64},"statements":{"total":24,"covered":20,"skipped":0,"pct":83.33},"branches":{"total":13,"covered":11,"skipped":0,"pct":84.62}}
,"/Users/yiangosstroppos/Documents/MarlowProjects/MarlowApp/aphrodite/src/screens/more_screens/WorkingClothesScreen.tsx": {"lines":{"total":18,"covered":18,"skipped":0,"pct":100},"functions":{"total":7,"covered":7,"skipped":0,"pct":100},"statements":{"total":18,"covered":18,"skipped":0,"pct":100},"branches":{"total":0,"covered":0,"skipped":0,"pct":100}}
,"/Users/yiangosstroppos/Documents/MarlowProjects/MarlowApp/aphrodite/src/screens/more_screens/FAQScreenContents/AssignmentTabContent.tsx": {"lines":{"total":2,"covered":2,"skipped":0,"pct":100},"functions":{"total":1,"covered":1,"skipped":0,"pct":100},"statements":{"total":2,"covered":2,"skipped":0,"pct":100},"branches":{"total":0,"covered":0,"skipped":0,"pct":100}}
,"/Users/yiangosstroppos/Documents/MarlowProjects/MarlowApp/aphrodite/src/screens/more_screens/FAQScreenContents/GeneralTab.tsx": {"lines":{"total":2,"covered":2,"skipped":0,"pct":100},"functions":{"total":1,"covered":1,"skipped":0,"pct":100},"statements":{"total":2,"covered":2,"skipped":0,"pct":100},"branches":{"total":0,"covered":0,"skipped":0,"pct":100}}
,"/Users/yiangosstroppos/Documents/MarlowProjects/MarlowApp/aphrodite/src/screens/more_screens/FAQScreenContents/LoginAndPasswordTab.tsx": {"lines":{"total":2,"covered":2,"skipped":0,"pct":100},"functions":{"total":1,"covered":1,"skipped":0,"pct":100},"statements":{"total":2,"covered":2,"skipped":0,"pct":100},"branches":{"total":0,"covered":0,"skipped":0,"pct":100}}
,"/Users/yiangosstroppos/Documents/MarlowProjects/MarlowApp/aphrodite/src/screens/more_screens/FAQScreenContents/PersonalInfoTab.tsx": {"lines":{"total":2,"covered":2,"skipped":0,"pct":100},"functions":{"total":1,"covered":1,"skipped":0,"pct":100},"statements":{"total":2,"covered":2,"skipped":0,"pct":100},"branches":{"total":0,"covered":0,"skipped":0,"pct":100}}
,"/Users/yiangosstroppos/Documents/MarlowProjects/MarlowApp/aphrodite/src/screens/more_screens/FAQScreenContents/RegistrationTab.tsx": {"lines":{"total":2,"covered":2,"skipped":0,"pct":100},"functions":{"total":1,"covered":1,"skipped":0,"pct":100},"statements":{"total":2,"covered":2,"skipped":0,"pct":100},"branches":{"total":0,"covered":0,"skipped":0,"pct":100}}
,"/Users/yiangosstroppos/Documents/MarlowProjects/MarlowApp/aphrodite/src/screens/more_screens/FAQScreenContents/TechnicalTab.tsx": {"lines":{"total":2,"covered":2,"skipped":0,"pct":100},"functions":{"total":1,"covered":1,"skipped":0,"pct":100},"statements":{"total":2,"covered":2,"skipped":0,"pct":100},"branches":{"total":0,"covered":0,"skipped":0,"pct":100}}
,"/Users/yiangosstroppos/Documents/MarlowProjects/MarlowApp/aphrodite/src/screens/more_screens/FAQScreenContents/faqContent.ts": {"lines":{"total":7,"covered":7,"skipped":0,"pct":100},"functions":{"total":0,"covered":0,"skipped":0,"pct":100},"statements":{"total":7,"covered":7,"skipped":0,"pct":100},"branches":{"total":0,"covered":0,"skipped":0,"pct":100}}
,"/Users/yiangosstroppos/Documents/MarlowProjects/MarlowApp/aphrodite/src/screens/more_screens/FAQScreenContents/index.ts": {"lines":{"total":0,"covered":0,"skipped":0,"pct":100},"functions":{"total":0,"covered":0,"skipped":0,"pct":100},"statements":{"total":0,"covered":0,"skipped":0,"pct":100},"branches":{"total":0,"covered":0,"skipped":0,"pct":100}}
,"/Users/yiangosstroppos/Documents/MarlowProjects/MarlowApp/aphrodite/src/screens/more_screens/salary/ReadMorePayslipScreen.tsx": {"lines":{"total":26,"covered":26,"skipped":0,"pct":100},"functions":{"total":7,"covered":7,"skipped":0,"pct":100},"statements":{"total":26,"covered":26,"skipped":0,"pct":100},"branches":{"total":10,"covered":8,"skipped":0,"pct":80}}
,"/Users/yiangosstroppos/Documents/MarlowProjects/MarlowApp/aphrodite/src/screens/more_screens/seafarerDocuments/ExcelRenderer.tsx": {"lines":{"total":33,"covered":33,"skipped":0,"pct":100},"functions":{"total":8,"covered":8,"skipped":0,"pct":100},"statements":{"total":33,"covered":33,"skipped":0,"pct":100},"branches":{"total":15,"covered":15,"skipped":0,"pct":100}}
,"/Users/yiangosstroppos/Documents/MarlowProjects/MarlowApp/aphrodite/src/screens/more_screens/seafarerDocuments/MoreSeafarerDocumentsScreen.tsx": {"lines":{"total":28,"covered":28,"skipped":0,"pct":100},"functions":{"total":9,"covered":9,"skipped":0,"pct":100},"statements":{"total":28,"covered":28,"skipped":0,"pct":100},"branches":{"total":10,"covered":10,"skipped":0,"pct":100}}
,"/Users/yiangosstroppos/Documents/MarlowProjects/MarlowApp/aphrodite/src/screens/news/ReadMoreNewsScreen.tsx": {"lines":{"total":4,"covered":4,"skipped":0,"pct":100},"functions":{"total":1,"covered":1,"skipped":0,"pct":100},"statements":{"total":4,"covered":4,"skipped":0,"pct":100},"branches":{"total":2,"covered":2,"skipped":0,"pct":100}}
,"/Users/yiangosstroppos/Documents/MarlowProjects/MarlowApp/aphrodite/src/styles/AppStyles.ts": {"lines":{"total":1,"covered":1,"skipped":0,"pct":100},"functions":{"total":0,"covered":0,"skipped":0,"pct":100},"statements":{"total":1,"covered":1,"skipped":0,"pct":100},"branches":{"total":0,"covered":0,"skipped":0,"pct":100}}
,"/Users/yiangosstroppos/Documents/MarlowProjects/MarlowApp/aphrodite/src/styles/AssignmentScreenStyles.ts": {"lines":{"total":0,"covered":0,"skipped":0,"pct":100},"functions":{"total":0,"covered":0,"skipped":0,"pct":100},"statements":{"total":0,"covered":0,"skipped":0,"pct":100},"branches":{"total":0,"covered":0,"skipped":0,"pct":100}}
,"/Users/yiangosstroppos/Documents/MarlowProjects/MarlowApp/aphrodite/src/styles/AuthStyles.ts": {"lines":{"total":4,"covered":4,"skipped":0,"pct":100},"functions":{"total":0,"covered":0,"skipped":0,"pct":100},"statements":{"total":4,"covered":4,"skipped":0,"pct":100},"branches":{"total":0,"covered":0,"skipped":0,"pct":100}}
,"/Users/yiangosstroppos/Documents/MarlowProjects/MarlowApp/aphrodite/src/styles/ChatStyles.ts": {"lines":{"total":0,"covered":0,"skipped":0,"pct":100},"functions":{"total":0,"covered":0,"skipped":0,"pct":100},"statements":{"total":0,"covered":0,"skipped":0,"pct":100},"branches":{"total":0,"covered":0,"skipped":0,"pct":100}}
,"/Users/yiangosstroppos/Documents/MarlowProjects/MarlowApp/aphrodite/src/styles/FAQStyles.ts": {"lines":{"total":1,"covered":1,"skipped":0,"pct":100},"functions":{"total":0,"covered":0,"skipped":0,"pct":100},"statements":{"total":1,"covered":1,"skipped":0,"pct":100},"branches":{"total":0,"covered":0,"skipped":0,"pct":100}}
,"/Users/yiangosstroppos/Documents/MarlowProjects/MarlowApp/aphrodite/src/styles/FlightCardStyles.ts": {"lines":{"total":0,"covered":0,"skipped":0,"pct":100},"functions":{"total":0,"covered":0,"skipped":0,"pct":100},"statements":{"total":0,"covered":0,"skipped":0,"pct":100},"branches":{"total":0,"covered":0,"skipped":0,"pct":100}}
,"/Users/yiangosstroppos/Documents/MarlowProjects/MarlowApp/aphrodite/src/styles/MoreScreenStyles.ts": {"lines":{"total":2,"covered":2,"skipped":0,"pct":100},"functions":{"total":0,"covered":0,"skipped":0,"pct":100},"statements":{"total":2,"covered":2,"skipped":0,"pct":100},"branches":{"total":0,"covered":0,"skipped":0,"pct":100}}
,"/Users/yiangosstroppos/Documents/MarlowProjects/MarlowApp/aphrodite/src/styles/NotificationsScreenStyles.ts": {"lines":{"total":0,"covered":0,"skipped":0,"pct":100},"functions":{"total":0,"covered":0,"skipped":0,"pct":100},"statements":{"total":0,"covered":0,"skipped":0,"pct":100},"branches":{"total":0,"covered":0,"skipped":0,"pct":100}}
,"/Users/yiangosstroppos/Documents/MarlowProjects/MarlowApp/aphrodite/src/styles/PassCodeStyles.ts": {"lines":{"total":0,"covered":0,"skipped":0,"pct":100},"functions":{"total":0,"covered":0,"skipped":0,"pct":100},"statements":{"total":0,"covered":0,"skipped":0,"pct":100},"branches":{"total":0,"covered":0,"skipped":0,"pct":100}}
,"/Users/yiangosstroppos/Documents/MarlowProjects/MarlowApp/aphrodite/src/styles/SeafarerDetailsStyles.ts": {"lines":{"total":0,"covered":0,"skipped":0,"pct":100},"functions":{"total":0,"covered":0,"skipped":0,"pct":100},"statements":{"total":0,"covered":0,"skipped":0,"pct":100},"branches":{"total":0,"covered":0,"skipped":0,"pct":100}}
,"/Users/yiangosstroppos/Documents/MarlowProjects/MarlowApp/aphrodite/src/styles/assignments/EmploymentOfferStyles.ts": {"lines":{"total":0,"covered":0,"skipped":0,"pct":100},"functions":{"total":0,"covered":0,"skipped":0,"pct":100},"statements":{"total":0,"covered":0,"skipped":0,"pct":100},"branches":{"total":0,"covered":0,"skipped":0,"pct":100}}
,"/Users/yiangosstroppos/Documents/MarlowProjects/MarlowApp/aphrodite/src/styles/customHeaderStyles/CustomHeaderNotAuthStyles.tsx": {"lines":{"total":1,"covered":1,"skipped":0,"pct":100},"functions":{"total":0,"covered":0,"skipped":0,"pct":100},"statements":{"total":1,"covered":1,"skipped":0,"pct":100},"branches":{"total":0,"covered":0,"skipped":0,"pct":100}}
,"/Users/yiangosstroppos/Documents/MarlowProjects/MarlowApp/aphrodite/src/styles/more_screens/AppColorSchemeStyles.ts": {"lines":{"total":0,"covered":0,"skipped":0,"pct":100},"functions":{"total":0,"covered":0,"skipped":0,"pct":100},"statements":{"total":0,"covered":0,"skipped":0,"pct":100},"branches":{"total":0,"covered":0,"skipped":0,"pct":100}}
,"/Users/yiangosstroppos/Documents/MarlowProjects/MarlowApp/aphrodite/src/styles/more_screens/BiometricLoginStyle.ts": {"lines":{"total":0,"covered":0,"skipped":0,"pct":100},"functions":{"total":0,"covered":0,"skipped":0,"pct":100},"statements":{"total":0,"covered":0,"skipped":0,"pct":100},"branches":{"total":0,"covered":0,"skipped":0,"pct":100}}
,"/Users/yiangosstroppos/Documents/MarlowProjects/MarlowApp/aphrodite/src/styles/more_screens/ContactsStyles.ts": {"lines":{"total":0,"covered":0,"skipped":0,"pct":100},"functions":{"total":0,"covered":0,"skipped":0,"pct":100},"statements":{"total":0,"covered":0,"skipped":0,"pct":100},"branches":{"total":0,"covered":0,"skipped":0,"pct":100}}
,"/Users/yiangosstroppos/Documents/MarlowProjects/MarlowApp/aphrodite/src/styles/more_screens/CrewManagerStyles.ts": {"lines":{"total":0,"covered":0,"skipped":0,"pct":100},"functions":{"total":0,"covered":0,"skipped":0,"pct":100},"statements":{"total":0,"covered":0,"skipped":0,"pct":100},"branches":{"total":0,"covered":0,"skipped":0,"pct":100}}
,"/Users/yiangosstroppos/Documents/MarlowProjects/MarlowApp/aphrodite/src/styles/more_screens/DarkModeChangeModalStyles.ts": {"lines":{"total":1,"covered":1,"skipped":0,"pct":100},"functions":{"total":0,"covered":0,"skipped":0,"pct":100},"statements":{"total":1,"covered":1,"skipped":0,"pct":100},"branches":{"total":0,"covered":0,"skipped":0,"pct":100}}
,"/Users/yiangosstroppos/Documents/MarlowProjects/MarlowApp/aphrodite/src/styles/more_screens/ImgRenderStyles.ts": {"lines":{"total":0,"covered":0,"skipped":0,"pct":100},"functions":{"total":0,"covered":0,"skipped":0,"pct":100},"statements":{"total":0,"covered":0,"skipped":0,"pct":100},"branches":{"total":0,"covered":0,"skipped":0,"pct":100}}
,"/Users/yiangosstroppos/Documents/MarlowProjects/MarlowApp/aphrodite/src/styles/more_screens/ImprintStyles.ts": {"lines":{"total":0,"covered":0,"skipped":0,"pct":100},"functions":{"total":0,"covered":0,"skipped":0,"pct":100},"statements":{"total":0,"covered":0,"skipped":0,"pct":100},"branches":{"total":0,"covered":0,"skipped":0,"pct":100}}
,"/Users/yiangosstroppos/Documents/MarlowProjects/MarlowApp/aphrodite/src/styles/more_screens/ManningAgentStyles.ts": {"lines":{"total":0,"covered":0,"skipped":0,"pct":100},"functions":{"total":0,"covered":0,"skipped":0,"pct":100},"statements":{"total":0,"covered":0,"skipped":0,"pct":100},"branches":{"total":0,"covered":0,"skipped":0,"pct":100}}
,"/Users/yiangosstroppos/Documents/MarlowProjects/MarlowApp/aphrodite/src/styles/more_screens/NewsCardStyles.ts": {"lines":{"total":1,"covered":1,"skipped":0,"pct":100},"functions":{"total":0,"covered":0,"skipped":0,"pct":100},"statements":{"total":1,"covered":1,"skipped":0,"pct":100},"branches":{"total":0,"covered":0,"skipped":0,"pct":100}}
,"/Users/yiangosstroppos/Documents/MarlowProjects/MarlowApp/aphrodite/src/styles/more_screens/PdfRenderStyles.ts": {"lines":{"total":0,"covered":0,"skipped":0,"pct":100},"functions":{"total":0,"covered":0,"skipped":0,"pct":100},"statements":{"total":0,"covered":0,"skipped":0,"pct":100},"branches":{"total":0,"covered":0,"skipped":0,"pct":100}}
,"/Users/yiangosstroppos/Documents/MarlowProjects/MarlowApp/aphrodite/src/styles/more_screens/SalaryAllotmentsStyles.ts": {"lines":{"total":1,"covered":1,"skipped":0,"pct":100},"functions":{"total":0,"covered":0,"skipped":0,"pct":100},"statements":{"total":1,"covered":1,"skipped":0,"pct":100},"branches":{"total":0,"covered":0,"skipped":0,"pct":100}}
,"/Users/yiangosstroppos/Documents/MarlowProjects/MarlowApp/aphrodite/src/styles/more_screens/SalaryPdfStyles.ts": {"lines":{"total":0,"covered":0,"skipped":0,"pct":100},"functions":{"total":0,"covered":0,"skipped":0,"pct":100},"statements":{"total":0,"covered":0,"skipped":0,"pct":100},"branches":{"total":0,"covered":0,"skipped":0,"pct":100}}
,"/Users/yiangosstroppos/Documents/MarlowProjects/MarlowApp/aphrodite/src/styles/more_screens/SeaServiceDetailsStyles.ts": {"lines":{"total":3,"covered":3,"skipped":0,"pct":100},"functions":{"total":0,"covered":0,"skipped":0,"pct":100},"statements":{"total":3,"covered":3,"skipped":0,"pct":100},"branches":{"total":0,"covered":0,"skipped":0,"pct":100}}
,"/Users/yiangosstroppos/Documents/MarlowProjects/MarlowApp/aphrodite/src/styles/more_screens/SeafarerDocumentationStyles.ts": {"lines":{"total":1,"covered":1,"skipped":0,"pct":100},"functions":{"total":0,"covered":0,"skipped":0,"pct":100},"statements":{"total":1,"covered":1,"skipped":0,"pct":100},"branches":{"total":0,"covered":0,"skipped":0,"pct":100}}
,"/Users/yiangosstroppos/Documents/MarlowProjects/MarlowApp/aphrodite/src/styles/more_screens/SettingsStyles.ts": {"lines":{"total":1,"covered":1,"skipped":0,"pct":100},"functions":{"total":0,"covered":0,"skipped":0,"pct":100},"statements":{"total":1,"covered":1,"skipped":0,"pct":100},"branches":{"total":0,"covered":0,"skipped":0,"pct":100}}
,"/Users/yiangosstroppos/Documents/MarlowProjects/MarlowApp/aphrodite/src/styles/more_screens/SupportStyles.ts": {"lines":{"total":1,"covered":1,"skipped":0,"pct":100},"functions":{"total":0,"covered":0,"skipped":0,"pct":100},"statements":{"total":1,"covered":1,"skipped":0,"pct":100},"branches":{"total":0,"covered":0,"skipped":0,"pct":100}}
,"/Users/yiangosstroppos/Documents/MarlowProjects/MarlowApp/aphrodite/src/styles/more_screens/SwipeNavigatorStyles.ts": {"lines":{"total":1,"covered":1,"skipped":0,"pct":100},"functions":{"total":0,"covered":0,"skipped":0,"pct":100},"statements":{"total":1,"covered":1,"skipped":0,"pct":100},"branches":{"total":0,"covered":0,"skipped":0,"pct":100}}
,"/Users/yiangosstroppos/Documents/MarlowProjects/MarlowApp/aphrodite/src/styles/more_screens/VesselTrackerStyles.ts": {"lines":{"total":0,"covered":0,"skipped":0,"pct":100},"functions":{"total":0,"covered":0,"skipped":0,"pct":100},"statements":{"total":0,"covered":0,"skipped":0,"pct":100},"branches":{"total":0,"covered":0,"skipped":0,"pct":100}}
,"/Users/yiangosstroppos/Documents/MarlowProjects/MarlowApp/aphrodite/src/styles/more_screens/workingClothesStyles.ts": {"lines":{"total":0,"covered":0,"skipped":0,"pct":100},"functions":{"total":0,"covered":0,"skipped":0,"pct":100},"statements":{"total":0,"covered":0,"skipped":0,"pct":100},"branches":{"total":0,"covered":0,"skipped":0,"pct":100}}
}
