TN:
SF:aws-exports.js
FNF:0
FNH:0
DA:3,1
LF:1
LH:1
BRF:0
BRH:0
end_of_record
TN:
SF:assets/icons/more_screen/years_10.png
FNF:0
FNH:0
DA:1,7
LF:1
LH:1
BRF:0
BRH:0
end_of_record
TN:
SF:assets/icons/more_screen/years_25.png
FNF:0
FNH:0
DA:1,7
LF:1
LH:1
BRF:0
BRH:0
end_of_record
TN:
SF:assets/images/ic_nextjob_bg.png
FNF:0
FNH:0
DA:1,3
LF:1
LH:1
BRF:0
BRH:0
end_of_record
TN:
SF:assets/images/ic_pin_small.png
FNF:0
FNH:0
DA:1,4
LF:1
LH:1
BRF:0
BRH:0
end_of_record
TN:
SF:assets/images/marlow_gif.gif
FNF:0
FNH:0
DA:1,14
LF:1
LH:1
BRF:0
BRH:0
end_of_record
TN:
SF:src/index.tsx
FN:49,(anonymous_0)
FN:52,(anonymous_1)
FN:55,(anonymous_2)
FN:57,(anonymous_3)
FN:58,(anonymous_4)
FN:61,(anonymous_5)
FN:64,(anonymous_6)
FN:65,(anonymous_7)
FN:67,(anonymous_8)
FN:76,(anonymous_9)
FN:83,(anonymous_10)
FN:84,(anonymous_11)
FN:92,(anonymous_12)
FN:106,(anonymous_13)
FN:117,(anonymous_14)
FNF:15
FNH:7
FNDA:5,(anonymous_0)
FNDA:5,(anonymous_1)
FNDA:0,(anonymous_2)
FNDA:0,(anonymous_3)
FNDA:0,(anonymous_4)
FNDA:5,(anonymous_5)
FNDA:0,(anonymous_6)
FNDA:0,(anonymous_7)
FNDA:0,(anonymous_8)
FNDA:0,(anonymous_9)
FNDA:5,(anonymous_10)
FNDA:5,(anonymous_11)
FNDA:5,(anonymous_12)
FNDA:3,(anonymous_13)
FNDA:0,(anonymous_14)
DA:27,1
DA:37,1
DA:38,1
DA:43,1
DA:46,1
DA:47,1
DA:49,1
DA:50,5
DA:52,5
DA:55,5
DA:56,0
DA:60,5
DA:62,5
DA:69,5
DA:70,0
DA:76,0
DA:83,5
DA:84,5
DA:85,5
DA:87,5
DA:89,5
DA:92,5
DA:93,5
DA:94,2
DA:95,3
DA:99,1
DA:103,5
DA:106,5
DA:107,3
DA:117,0
DA:124,5
LF:31
LH:27
BRDA:62,0,0,5
BRDA:62,0,1,0
BRDA:69,1,0,0
BRDA:69,1,1,5
BRDA:69,2,0,5
BRDA:69,2,1,0
BRDA:69,2,2,0
BRDA:93,3,0,2
BRDA:93,3,1,3
BRDA:93,4,0,5
BRDA:93,4,1,3
BRDA:95,5,0,1
BRDA:95,5,1,2
BRDA:96,6,0,3
BRDA:96,6,1,2
BRF:15
BRH:11
end_of_record
TN:
SF:src/api/assignmentDetailsApi.ts
FN:6,(anonymous_0)
FN:7,(anonymous_1)
FN:8,(anonymous_2)
FN:9,(anonymous_3)
FNF:4
FNH:4
FNDA:7,(anonymous_0)
FNDA:7,(anonymous_1)
FNDA:7,(anonymous_2)
FNDA:11,(anonymous_3)
DA:4,32
DA:6,32
DA:7,7
DA:8,7
DA:9,11
LF:5
LH:5
BRF:0
BRH:0
end_of_record
TN:
SF:src/api/contactApi.ts
FN:6,(anonymous_0)
FN:7,(anonymous_1)
FN:8,(anonymous_2)
FN:9,(anonymous_3)
FNF:4
FNH:4
FNDA:6,(anonymous_0)
FNDA:6,(anonymous_1)
FNDA:5,(anonymous_2)
FNDA:6,(anonymous_3)
DA:4,32
DA:6,32
DA:7,6
DA:8,6
DA:9,6
LF:5
LH:5
BRF:0
BRH:0
end_of_record
TN:
SF:src/api/covidDocumentApi.ts
FN:8,(anonymous_0)
FN:9,(anonymous_1)
FN:10,(anonymous_2)
FN:12,(anonymous_3)
FN:12,(anonymous_4)
FNF:5
FNH:5
FNDA:6,(anonymous_0)
FNDA:6,(anonymous_1)
FNDA:6,(anonymous_2)
FNDA:1,(anonymous_3)
FNDA:5,(anonymous_4)
DA:4,31
DA:6,31
DA:8,31
DA:9,6
DA:10,6
DA:11,6
DA:12,5
LF:7
LH:7
BRF:0
BRH:0
end_of_record
TN:
SF:src/api/flightDetailsApi.ts
FN:6,(anonymous_0)
FN:7,(anonymous_1)
FN:8,(anonymous_2)
FN:9,(anonymous_3)
FNF:4
FNH:4
FNDA:7,(anonymous_0)
FNDA:7,(anonymous_1)
FNDA:7,(anonymous_2)
FNDA:7,(anonymous_3)
DA:4,32
DA:6,32
DA:7,7
DA:8,7
DA:9,7
LF:5
LH:5
BRF:0
BRH:0
end_of_record
TN:
SF:src/api/imprintDetailsApi.ts
FN:6,(anonymous_0)
FN:7,(anonymous_1)
FN:8,(anonymous_2)
FN:9,(anonymous_3)
FNF:4
FNH:4
FNDA:7,(anonymous_0)
FNDA:7,(anonymous_1)
FNDA:6,(anonymous_2)
FNDA:8,(anonymous_3)
DA:4,33
DA:6,33
DA:7,7
DA:8,7
DA:9,8
LF:5
LH:5
BRF:0
BRH:0
end_of_record
TN:
SF:src/api/newsApi.ts
FN:6,(anonymous_0)
FN:7,(anonymous_1)
FN:8,(anonymous_2)
FN:9,(anonymous_3)
FNF:4
FNH:4
FNDA:7,(anonymous_0)
FNDA:7,(anonymous_1)
FNDA:7,(anonymous_2)
FNDA:7,(anonymous_3)
DA:4,32
DA:6,32
DA:7,7
DA:8,7
DA:9,7
LF:5
LH:5
BRF:0
BRH:0
end_of_record
TN:
SF:src/api/notificationsApi.ts
FN:6,(anonymous_0)
FN:9,(anonymous_1)
FN:10,(anonymous_2)
FN:11,(anonymous_3)
FNF:4
FNH:4
FNDA:8,(anonymous_0)
FNDA:8,(anonymous_1)
FNDA:8,(anonymous_2)
FNDA:8,(anonymous_3)
DA:4,32
DA:6,32
DA:9,8
DA:10,8
DA:11,8
LF:5
LH:5
BRF:0
BRH:0
end_of_record
TN:
SF:src/api/privacyPolicyApi.ts
FN:6,(anonymous_0)
FN:7,(anonymous_1)
FN:8,(anonymous_2)
FN:9,(anonymous_3)
FNF:4
FNH:4
FNDA:6,(anonymous_0)
FNDA:6,(anonymous_1)
FNDA:6,(anonymous_2)
FNDA:7,(anonymous_3)
DA:4,32
DA:6,32
DA:7,6
DA:8,6
DA:9,7
LF:5
LH:5
BRF:0
BRH:0
end_of_record
TN:
SF:src/api/salaryApi.ts
FN:7,(anonymous_0)
FN:10,(anonymous_1)
FN:11,(anonymous_2)
FN:12,(anonymous_3)
FN:16,(anonymous_4)
FN:19,(anonymous_5)
FN:20,(anonymous_6)
FN:21,(anonymous_7)
FNF:8
FNH:8
FNDA:14,(anonymous_0)
FNDA:14,(anonymous_1)
FNDA:14,(anonymous_2)
FNDA:14,(anonymous_3)
FNDA:5,(anonymous_4)
FNDA:5,(anonymous_5)
FNDA:5,(anonymous_6)
FNDA:5,(anonymous_7)
DA:5,32
DA:7,32
DA:10,14
DA:11,14
DA:12,14
DA:16,32
DA:19,5
DA:20,5
DA:21,5
LF:9
LH:9
BRF:0
BRH:0
end_of_record
TN:
SF:src/api/seaServiceApi.ts
FN:6,(anonymous_0)
FN:7,(anonymous_1)
FN:8,(anonymous_2)
FN:9,(anonymous_3)
FNF:4
FNH:4
FNDA:7,(anonymous_0)
FNDA:7,(anonymous_1)
FNDA:6,(anonymous_2)
FNDA:6,(anonymous_3)
DA:4,33
DA:6,33
DA:7,7
DA:8,7
DA:9,6
LF:5
LH:5
BRF:0
BRH:0
end_of_record
TN:
SF:src/api/seafarerBadgesApi.ts
FN:8,(anonymous_0)
FN:9,(anonymous_1)
FN:10,(anonymous_2)
FN:11,(anonymous_3)
FNF:4
FNH:4
FNDA:8,(anonymous_0)
FNDA:8,(anonymous_1)
FNDA:8,(anonymous_2)
FNDA:8,(anonymous_3)
DA:4,33
DA:6,33
DA:8,33
DA:9,8
DA:10,8
DA:11,8
LF:6
LH:6
BRF:0
BRH:0
end_of_record
TN:
SF:src/api/seafarerDetailsApi.ts
FN:6,(anonymous_0)
FN:9,(anonymous_1)
FN:10,(anonymous_2)
FN:11,(anonymous_3)
FNF:4
FNH:4
FNDA:8,(anonymous_0)
FNDA:8,(anonymous_1)
FNDA:8,(anonymous_2)
FNDA:8,(anonymous_3)
DA:4,33
DA:6,33
DA:9,8
DA:10,8
DA:11,8
LF:5
LH:5
BRF:0
BRH:0
end_of_record
TN:
SF:src/api/seafarerDocumentsApi.ts
FN:9,(anonymous_0)
FN:12,(anonymous_1)
FN:13,(anonymous_2)
FN:14,(anonymous_3)
FNF:4
FNH:4
FNDA:18,(anonymous_0)
FNDA:18,(anonymous_1)
FNDA:16,(anonymous_2)
FNDA:18,(anonymous_3)
DA:7,32
DA:9,32
DA:12,18
DA:13,18
DA:14,18
LF:5
LH:5
BRF:0
BRH:0
end_of_record
TN:
SF:src/api/termsAndConditionsApi.ts
FN:10,(anonymous_0)
FN:13,(anonymous_1)
FN:14,(anonymous_2)
FN:15,(anonymous_3)
FNF:4
FNH:4
FNDA:6,(anonymous_0)
FNDA:6,(anonymous_1)
FNDA:5,(anonymous_2)
FNDA:5,(anonymous_3)
DA:3,32
DA:8,32
DA:10,32
DA:13,6
DA:14,6
DA:15,5
LF:6
LH:6
BRF:0
BRH:0
end_of_record
TN:
SF:src/api/versionCheckApi.ts
FN:6,(anonymous_0)
FN:7,(anonymous_1)
FN:8,(anonymous_2)
FN:9,(anonymous_3)
FNF:4
FNH:4
FNDA:7,(anonymous_0)
FNDA:7,(anonymous_1)
FNDA:7,(anonymous_2)
FNDA:7,(anonymous_3)
DA:4,31
DA:6,31
DA:7,7
DA:8,7
DA:9,7
LF:5
LH:5
BRF:0
BRH:0
end_of_record
TN:
SF:src/api/workingClothesApi.ts
FN:6,(anonymous_0)
FN:9,(anonymous_1)
FN:10,(anonymous_2)
FN:11,(anonymous_3)
FNF:4
FNH:4
FNDA:6,(anonymous_0)
FNDA:6,(anonymous_1)
FNDA:6,(anonymous_2)
FNDA:6,(anonymous_3)
DA:4,32
DA:6,32
DA:9,6
DA:10,6
DA:11,6
LF:5
LH:5
BRF:0
BRH:0
end_of_record
TN:
SF:src/common/AwsCustomStorage.ts
FN:7,handleItemInKeychain
FN:28,(anonymous_1)
FN:30,(anonymous_2)
FN:31,(anonymous_3)
FN:34,(anonymous_4)
FN:43,(anonymous_5)
FN:52,(anonymous_6)
FN:57,(anonymous_7)
FN:65,(anonymous_8)
FN:67,(anonymous_9)
FN:73,(anonymous_10)
FN:76,(anonymous_11)
FN:83,(anonymous_12)
FN:91,(anonymous_13)
FNF:14
FNH:14
FNDA:39,handleItemInKeychain
FNDA:11,(anonymous_1)
FNDA:24,(anonymous_2)
FNDA:24,(anonymous_3)
FNDA:1,(anonymous_4)
FNDA:13,(anonymous_5)
FNDA:41,(anonymous_6)
FNDA:2,(anonymous_7)
FNDA:7,(anonymous_8)
FNDA:13,(anonymous_9)
FNDA:3,(anonymous_10)
FNDA:9,(anonymous_11)
FNDA:9,(anonymous_12)
FNDA:4,(anonymous_13)
DA:2,4
DA:12,39
DA:13,39
DA:14,9
DA:15,30
DA:16,17
DA:18,13
DA:21,3
DA:26,4
DA:28,4
DA:29,11
DA:31,24
DA:32,24
DA:35,1
DA:43,4
DA:44,13
DA:45,13
DA:47,1
DA:49,13
DA:50,13
DA:52,4
DA:53,41
DA:54,41
DA:57,4
DA:58,2
DA:59,2
DA:60,1
DA:62,1
DA:65,4
DA:66,7
DA:67,7
DA:68,13
DA:70,7
DA:71,7
DA:73,4
DA:74,3
DA:75,3
DA:76,3
DA:77,9
DA:79,3
DA:83,3
DA:84,9
DA:85,6
DA:86,6
DA:91,4
DA:92,4
DA:93,4
DA:94,3
DA:96,4
LF:49
LH:49
BRDA:13,0,0,9
BRDA:13,0,1,30
BRDA:15,1,0,17
BRDA:15,1,1,13
BRDA:54,2,0,34
BRDA:54,2,1,7
BRDA:84,3,0,6
BRDA:84,3,1,3
BRDA:93,4,0,3
BRDA:93,4,1,1
BRF:10
BRH:10
end_of_record
TN:
SF:src/common/checkResponseStatus.ts
FN:1,(anonymous_0)
FNF:1
FNH:1
FNDA:6,(anonymous_0)
DA:1,7
DA:2,6
DA:3,5
DA:5,1
LF:4
LH:4
BRDA:2,0,0,5
BRDA:2,0,1,1
BRF:2
BRH:2
end_of_record
TN:
SF:src/common/dateUtils.ts
FN:10,(anonymous_0)
FN:15,(anonymous_1)
FN:40,(anonymous_2)
FN:43,(anonymous_3)
FN:56,(anonymous_4)
FN:65,(anonymous_5)
FN:74,(anonymous_6)
FN:89,(anonymous_7)
FNF:8
FNH:8
FNDA:3,(anonymous_0)
FNDA:19,(anonymous_1)
FNDA:3,(anonymous_2)
FNDA:10,(anonymous_3)
FNDA:3,(anonymous_4)
FNDA:4,(anonymous_5)
FNDA:2,(anonymous_6)
FNDA:5,(anonymous_7)
DA:10,12
DA:11,3
DA:15,12
DA:16,19
DA:17,16
DA:18,16
DA:19,16
DA:23,16
DA:24,2
DA:25,1
DA:27,1
DA:29,14
DA:30,1
DA:31,13
DA:32,1
DA:34,12
DA:37,3
DA:40,12
DA:41,3
DA:43,12
DA:44,10
DA:45,7
DA:46,7
DA:47,7
DA:51,7
DA:53,3
DA:56,12
DA:57,3
DA:58,2
DA:59,2
DA:61,1
DA:65,12
DA:66,4
DA:67,3
DA:68,3
DA:70,1
DA:74,12
DA:75,2
DA:79,2
DA:80,1
DA:85,1
DA:89,12
DA:94,5
DA:95,4
DA:97,1
LF:45
LH:45
BRDA:11,0,0,2
BRDA:11,0,1,1
BRDA:16,1,0,16
BRDA:16,1,1,3
BRDA:16,2,0,19
BRDA:16,2,1,17
BRDA:23,3,0,2
BRDA:23,3,1,14
BRDA:23,4,0,16
BRDA:23,4,1,12
BRDA:24,5,0,1
BRDA:24,5,1,1
BRDA:24,6,0,2
BRDA:24,6,1,2
BRDA:29,7,0,1
BRDA:29,7,1,13
BRDA:29,8,0,14
BRDA:29,8,1,11
BRDA:31,9,0,1
BRDA:31,9,1,12
BRDA:31,10,0,13
BRDA:31,10,1,11
BRDA:40,11,0,2
BRDA:41,12,0,2
BRDA:41,12,1,1
BRDA:44,13,0,7
BRDA:44,13,1,3
BRDA:44,14,0,10
BRDA:44,14,1,8
BRDA:51,15,0,2
BRDA:51,15,1,5
BRDA:51,16,0,5
BRDA:51,16,1,5
BRDA:57,17,0,2
BRDA:57,17,1,1
BRDA:66,18,0,3
BRDA:66,18,1,1
BRDA:79,19,0,1
BRDA:79,19,1,1
BRDA:79,20,0,2
BRDA:79,20,1,2
BRDA:79,20,2,2
BRDA:92,21,0,1
BRDA:94,22,0,4
BRDA:94,22,1,1
BRF:45
BRH:45
end_of_record
TN:
SF:src/common/errorHandling.ts
FN:1,(anonymous_0)
FNF:1
FNH:1
FNDA:13,(anonymous_0)
DA:2,13
DA:4,1
DA:6,1
DA:8,1
DA:10,1
DA:12,3
DA:14,3
DA:16,3
LF:8
LH:8
BRDA:2,0,0,1
BRDA:2,0,1,1
BRDA:2,0,2,1
BRDA:2,0,3,1
BRDA:2,0,4,3
BRDA:2,0,5,3
BRDA:2,0,6,3
BRF:7
BRH:7
end_of_record
TN:
SF:src/common/handleLink.ts
FN:3,(anonymous_0)
FNF:1
FNH:1
FNDA:17,(anonymous_0)
DA:3,17
DA:7,17
DA:8,3
DA:9,14
DA:10,8
DA:12,6
LF:6
LH:6
BRDA:7,0,0,3
BRDA:7,0,1,14
BRDA:8,1,0,3
BRDA:8,1,1,2
BRDA:9,2,0,8
BRDA:9,2,1,6
BRDA:10,3,0,8
BRDA:10,3,1,7
BRDA:12,4,0,6
BRDA:12,4,1,5
BRF:10
BRH:10
end_of_record
TN:
SF:src/common/pushNotifications.ts
FN:32,(anonymous_0)
FN:48,(anonymous_1)
FN:69,(anonymous_2)
FN:79,(anonymous_3)
FN:87,(anonymous_4)
FN:126,(anonymous_5)
FN:130,(anonymous_6)
FN:138,(anonymous_7)
FN:139,(anonymous_8)
FN:148,(anonymous_9)
FN:157,(anonymous_10)
FN:163,(anonymous_11)
FN:173,(anonymous_12)
FN:179,(anonymous_13)
FN:184,(anonymous_14)
FN:186,(anonymous_15)
FN:194,(anonymous_16)
FN:199,(anonymous_17)
FNF:18
FNH:18
FNDA:2,(anonymous_0)
FNDA:3,(anonymous_1)
FNDA:4,(anonymous_2)
FNDA:3,(anonymous_3)
FNDA:10,(anonymous_4)
FNDA:9,(anonymous_5)
FNDA:4,(anonymous_6)
FNDA:1,(anonymous_7)
FNDA:1,(anonymous_8)
FNDA:8,(anonymous_9)
FNDA:1,(anonymous_10)
FNDA:1,(anonymous_11)
FNDA:5,(anonymous_12)
FNDA:2,(anonymous_13)
FNDA:11,(anonymous_14)
FNDA:3,(anonymous_15)
FNDA:1,(anonymous_16)
FNDA:1,(anonymous_17)
DA:30,8
DA:32,8
DA:33,2
DA:34,2
DA:38,2
DA:39,2
DA:40,2
DA:41,2
DA:42,2
DA:43,2
DA:44,2
DA:45,2
DA:46,2
DA:47,1
DA:49,3
DA:50,3
DA:56,2
DA:58,2
DA:69,8
DA:70,4
DA:71,2
DA:75,2
DA:79,8
DA:80,3
DA:81,1
DA:83,2
DA:87,8
DA:92,10
DA:94,1
DA:95,1
DA:97,1
DA:98,1
DA:100,1
DA:101,1
DA:103,1
DA:104,1
DA:106,1
DA:107,1
DA:109,1
DA:110,1
DA:112,1
DA:113,1
DA:115,1
DA:116,1
DA:118,1
DA:119,1
DA:121,1
DA:122,1
DA:128,9
DA:129,4
DA:131,4
DA:132,3
DA:135,2
DA:139,1
DA:141,2
DA:147,9
DA:149,8
DA:150,8
DA:153,8
DA:154,5
DA:155,1
DA:157,1
DA:160,3
DA:161,2
DA:163,1
DA:165,2
DA:172,8
DA:174,5
DA:177,5
DA:179,2
DA:184,8
DA:185,11
DA:187,3
DA:188,3
DA:189,3
DA:190,3
DA:193,3
DA:194,1
DA:195,1
DA:198,3
DA:199,1
DA:200,1
DA:203,3
DA:204,1
DA:213,1
LF:85
LH:85
BRDA:41,0,0,2
BRDA:41,0,1,2
BRDA:44,1,0,2
BRDA:44,1,1,2
BRDA:46,2,0,1
BRDA:46,2,1,1
BRDA:49,3,0,3
BRDA:49,3,1,0
BRDA:49,4,0,3
BRDA:49,4,1,3
BRDA:56,5,0,2
BRDA:56,5,1,2
BRDA:58,6,0,2
BRDA:58,6,1,2
BRDA:70,7,0,2
BRDA:70,7,1,2
BRDA:71,8,0,1
BRDA:71,8,1,1
BRDA:80,9,0,1
BRDA:80,9,1,2
BRDA:92,10,0,1
BRDA:92,10,1,1
BRDA:92,10,2,1
BRDA:92,10,3,1
BRDA:92,10,4,1
BRDA:92,10,5,1
BRDA:92,10,6,1
BRDA:92,10,7,1
BRDA:92,10,8,1
BRDA:92,10,9,1
BRDA:128,11,0,4
BRDA:128,11,1,5
BRDA:131,12,0,3
BRDA:131,12,1,1
BRDA:153,13,0,5
BRDA:153,13,1,3
BRDA:154,14,0,1
BRDA:154,14,1,4
BRDA:160,15,0,2
BRDA:160,15,1,1
BRDA:160,16,0,3
BRDA:160,16,1,3
BRDA:193,17,0,1
BRDA:193,17,1,2
BRDA:198,18,0,1
BRDA:198,18,1,2
BRDA:203,19,0,1
BRDA:203,19,1,2
BRF:48
BRH:47
end_of_record
TN:
SF:src/common/reduceToSumNumbersCounter.ts
FN:1,(anonymous_0)
FN:5,(anonymous_1)
FNF:2
FNH:2
FNDA:96,(anonymous_0)
FNDA:16,(anonymous_1)
DA:1,4
DA:5,96
LF:2
LH:2
BRDA:5,0,0,12
BRDA:5,0,1,4
BRF:2
BRH:2
end_of_record
TN:
SF:src/common/request.ts
FN:59,(anonymous_0)
FN:67,(anonymous_1)
FN:74,(anonymous_2)
FN:92,(anonymous_3)
FN:95,(anonymous_4)
FN:97,(anonymous_5)
FN:99,(anonymous_6)
FN:101,(anonymous_7)
FN:104,(anonymous_8)
FN:107,(anonymous_9)
FN:110,(anonymous_10)
FN:113,(anonymous_11)
FN:115,(anonymous_12)
FN:117,(anonymous_13)
FN:119,(anonymous_14)
FN:121,(anonymous_15)
FN:123,(anonymous_16)
FN:126,(anonymous_17)
FN:130,(anonymous_18)
FN:134,(anonymous_19)
FN:136,(anonymous_20)
FN:138,(anonymous_21)
FN:142,(anonymous_22)
FN:146,(anonymous_23)
FNF:24
FNH:24
FNDA:1,(anonymous_0)
FNDA:4,(anonymous_1)
FNDA:4,(anonymous_2)
FNDA:30,(anonymous_3)
FNDA:1,(anonymous_4)
FNDA:1,(anonymous_5)
FNDA:1,(anonymous_6)
FNDA:6,(anonymous_7)
FNDA:1,(anonymous_8)
FNDA:1,(anonymous_9)
FNDA:1,(anonymous_10)
FNDA:1,(anonymous_11)
FNDA:1,(anonymous_12)
FNDA:1,(anonymous_13)
FNDA:1,(anonymous_14)
FNDA:1,(anonymous_15)
FNDA:1,(anonymous_16)
FNDA:4,(anonymous_17)
FNDA:3,(anonymous_18)
FNDA:1,(anonymous_19)
FNDA:1,(anonymous_20)
FNDA:1,(anonymous_21)
FNDA:1,(anonymous_22)
FNDA:52,(anonymous_23)
DA:59,31
DA:60,1
DA:61,1
DA:67,31
DA:68,4
DA:69,1
DA:71,3
DA:74,31
DA:81,4
DA:92,31
DA:93,30
DA:95,1
DA:97,1
DA:99,1
DA:101,6
DA:103,1
DA:104,1
DA:107,1
DA:109,1
DA:110,1
DA:113,1
DA:115,1
DA:117,1
DA:119,1
DA:121,1
DA:123,1
DA:125,4
DA:126,4
DA:129,3
DA:131,3
DA:134,1
DA:136,1
DA:138,1
DA:140,1
DA:142,1
DA:147,52
DA:148,52
DA:149,30
DA:151,22
DA:154,1
DA:155,1
DA:156,1
DA:163,1
DA:164,1
DA:170,1
DA:171,1
DA:178,1
DA:179,1
DA:186,1
DA:187,1
DA:188,1
DA:195,1
DA:196,1
DA:202,1
DA:203,1
DA:209,1
DA:210,1
DA:211,1
DA:218,1
DA:219,1
DA:220,1
DA:227,1
DA:228,1
DA:229,1
DA:236,1
DA:237,1
DA:243,1
DA:250,1
DA:251,1
DA:252,1
DA:259,1
DA:260,1
DA:261,1
DA:268,1
DA:269,1
DA:270,1
DA:286,1
DA:287,1
DA:291,1
DA:299,1
DA:300,1
DA:301,1
DA:309,1
DA:310,1
DA:316,1
DA:323,1
DA:324,1
DA:325,1
DA:332,1
DA:333,1
DA:339,1
DA:340,1
DA:344,1
DA:351,1
DA:352,1
DA:359,1
DA:360,1
DA:361,1
LF:98
LH:98
BRDA:68,0,0,1
BRDA:68,0,1,3
BRDA:82,1,0,1
BRDA:82,1,1,3
BRDA:85,2,0,4
BRDA:85,2,1,3
BRDA:86,3,0,1
BRDA:86,3,1,3
BRDA:93,4,0,1
BRDA:93,4,1,1
BRDA:93,4,2,1
BRDA:93,4,3,6
BRDA:93,4,4,1
BRDA:93,4,5,1
BRDA:93,4,6,1
BRDA:93,4,7,1
BRDA:93,4,8,1
BRDA:93,4,9,1
BRDA:93,4,10,1
BRDA:93,4,11,1
BRDA:93,4,12,1
BRDA:93,4,13,4
BRDA:93,4,14,3
BRDA:93,4,15,1
BRDA:93,4,16,1
BRDA:93,4,17,1
BRDA:93,4,18,1
BRDA:93,4,19,1
BRDA:148,5,0,30
BRDA:148,5,1,22
BRDA:151,6,0,1
BRDA:151,6,1,1
BRDA:151,6,2,1
BRDA:151,6,3,1
BRDA:151,6,4,1
BRDA:151,6,5,1
BRDA:151,6,6,1
BRDA:151,6,7,1
BRDA:151,6,8,1
BRDA:151,6,9,1
BRDA:151,6,10,1
BRDA:151,6,11,1
BRDA:151,6,12,1
BRDA:151,6,13,1
BRDA:151,6,14,1
BRDA:151,6,15,1
BRDA:151,6,16,1
BRDA:151,6,17,1
BRDA:151,6,18,1
BRDA:151,6,19,1
BRDA:151,6,20,1
BRDA:151,6,21,1
BRF:52
BRH:52
end_of_record
TN:
SF:src/common/valueOrDefault.ts
FN:71,(anonymous_0)
FNF:1
FNH:1
FNDA:1495,(anonymous_0)
DA:71,45
DA:75,1495
DA:76,1111
DA:78,384
LF:4
LH:4
BRDA:75,0,0,1111
BRDA:75,0,1,384
BRF:2
BRH:2
end_of_record
TN:
SF:src/common/websocketFunctions.ts
FN:11,(anonymous_0)
FN:19,(anonymous_1)
FN:27,(anonymous_2)
FN:35,(anonymous_3)
FN:45,(anonymous_4)
FN:56,(anonymous_5)
FN:57,(anonymous_6)
FN:61,(anonymous_7)
FN:66,(anonymous_8)
FN:74,(anonymous_9)
FN:79,(anonymous_10)
FNF:11
FNH:11
FNDA:1,(anonymous_0)
FNDA:1,(anonymous_1)
FNDA:1,(anonymous_2)
FNDA:1,(anonymous_3)
FNDA:1,(anonymous_4)
FNDA:9,(anonymous_5)
FNDA:1,(anonymous_6)
FNDA:9,(anonymous_7)
FNDA:1,(anonymous_8)
FNDA:9,(anonymous_9)
FNDA:1,(anonymous_10)
DA:11,4
DA:13,1
DA:19,4
DA:20,1
DA:21,1
DA:22,1
DA:23,1
DA:24,1
DA:27,4
DA:28,1
DA:29,1
DA:30,1
DA:35,4
DA:41,1
DA:42,1
DA:45,4
DA:46,1
DA:53,1
DA:56,4
DA:57,9
DA:58,1
DA:61,4
DA:66,9
DA:67,1
DA:74,4
DA:79,9
DA:80,1
DA:86,1
LF:28
LH:28
BRF:0
BRH:0
end_of_record
TN:
SF:src/common/array_utilities/addOrReplace.ts
FN:3,(anonymous_0)
FN:4,(anonymous_1)
FN:12,(anonymous_2)
FNF:3
FNH:3
FNDA:1,(anonymous_0)
FNDA:2,(anonymous_1)
FNDA:5,(anonymous_2)
DA:3,1
DA:4,1
DA:5,2
DA:6,2
DA:7,1
DA:9,1
DA:12,5
LF:7
LH:7
BRDA:6,0,0,1
BRDA:6,0,1,1
BRF:2
BRH:2
end_of_record
TN:
SF:src/common/array_utilities/splitArrayItems.ts
FN:3,(anonymous_0)
FNF:1
FNH:1
FNDA:23,(anonymous_0)
DA:3,9
DA:4,23
DA:5,23
DA:6,23
DA:8,23
LF:5
LH:5
BRDA:5,0,0,23
BRDA:5,0,1,20
BRDA:6,1,0,23
BRDA:6,1,1,20
BRF:4
BRH:4
end_of_record
TN:
SF:src/common/offline_utilities/ShareFiles.ts
FN:6,(anonymous_0)
FN:11,(anonymous_1)
FN:41,(anonymous_2)
FN:55,(anonymous_3)
FNF:4
FNH:2
FNDA:7,(anonymous_0)
FNDA:7,(anonymous_1)
FNDA:0,(anonymous_2)
FNDA:0,(anonymous_3)
DA:6,12
DA:11,7
DA:12,7
DA:23,7
DA:24,7
DA:30,7
DA:32,7
DA:33,5
DA:44,2
LF:9
LH:9
BRDA:19,0,0,4
BRDA:19,0,1,3
BRDA:19,1,0,7
BRDA:19,1,1,5
BRDA:25,2,0,4
BRDA:25,2,1,3
BRDA:26,3,0,4
BRDA:26,3,1,3
BRDA:32,4,0,5
BRDA:32,4,1,2
BRF:10
BRH:10
end_of_record
TN:
SF:src/common/offline_utilities/getOfflineFiles.ts
FN:18,(anonymous_0)
FN:22,(anonymous_1)
FN:32,(anonymous_2)
FN:35,(anonymous_3)
FN:40,(anonymous_4)
FN:52,(anonymous_5)
FN:65,(anonymous_6)
FN:68,(anonymous_7)
FN:73,(anonymous_8)
FNF:9
FNH:9
FNDA:3,(anonymous_0)
FNDA:7,(anonymous_1)
FNDA:1,(anonymous_2)
FNDA:51,(anonymous_3)
FNDA:1,(anonymous_4)
FNDA:3,(anonymous_5)
FNDA:2,(anonymous_6)
FNDA:3,(anonymous_7)
FNDA:1,(anonymous_8)
DA:18,6
DA:21,3
DA:22,3
DA:23,7
DA:25,7
DA:29,7
DA:33,1
DA:35,51
DA:40,7
DA:45,7
DA:52,6
DA:55,3
DA:56,3
DA:60,3
DA:62,3
DA:66,2
DA:68,3
DA:73,3
DA:78,3
LF:19
LH:19
BRDA:25,0,0,7
BRDA:25,0,1,6
BRDA:33,1,0,1
BRDA:33,1,1,1
BRF:4
BRH:4
end_of_record
TN:
SF:src/common/offline_utilities/removeFileFromLocalStorage.ts
FN:14,(anonymous_0)
FN:31,(anonymous_1)
FN:40,(anonymous_2)
FN:59,(anonymous_3)
FN:65,(anonymous_4)
FN:70,(anonymous_5)
FNF:6
FNH:6
FNDA:3,(anonymous_0)
FNDA:1,(anonymous_1)
FNDA:3,(anonymous_2)
FNDA:2,(anonymous_3)
FNDA:2,(anonymous_4)
FNDA:5,(anonymous_5)
DA:14,6
DA:20,3
DA:21,1
DA:25,2
DA:29,2
DA:31,1
DA:33,2
DA:40,6
DA:46,3
DA:53,3
DA:59,6
DA:63,2
DA:65,2
DA:67,2
DA:70,6
DA:73,5
DA:74,5
DA:76,5
DA:80,5
DA:89,5
DA:91,5
DA:100,5
LF:22
LH:22
BRDA:20,0,0,1
BRDA:20,0,1,2
BRDA:31,1,0,1
BRDA:31,1,1,1
BRDA:74,2,0,3
BRDA:74,2,1,2
BRDA:74,3,0,5
BRDA:74,3,1,2
BRDA:76,4,0,3
BRDA:76,4,1,2
BRDA:80,5,0,3
BRDA:80,5,1,2
BRDA:91,6,0,3
BRDA:91,6,1,2
BRF:14
BRH:14
end_of_record
TN:
SF:src/common/offline_utilities/saveFileOffline.ts
FN:15,(anonymous_0)
FN:38,(anonymous_1)
FN:63,(anonymous_2)
FN:79,(anonymous_3)
FN:86,(anonymous_4)
FNF:5
FNH:5
FNDA:3,(anonymous_0)
FNDA:3,(anonymous_1)
FNDA:4,(anonymous_2)
FNDA:6,(anonymous_3)
FNDA:7,(anonymous_4)
DA:15,6
DA:21,3
DA:22,1
DA:26,2
DA:30,2
DA:31,2
DA:38,6
DA:43,3
DA:47,3
DA:48,3
DA:55,3
DA:60,3
DA:63,6
DA:67,4
DA:71,3
DA:72,3
DA:73,3
DA:79,6
DA:80,6
DA:81,6
DA:82,2
DA:86,6
DA:87,7
DA:95,7
DA:97,7
DA:100,7
DA:104,7
DA:114,6
DA:115,6
DA:117,1
LF:30
LH:30
BRDA:21,0,0,1
BRDA:21,0,1,2
BRDA:81,1,0,2
BRDA:81,1,1,4
BRDA:97,2,0,3
BRDA:97,2,1,4
BRDA:97,3,0,7
BRDA:97,3,1,4
BRDA:100,4,0,3
BRDA:100,4,1,4
BRDA:104,5,0,3
BRDA:104,5,1,4
BRF:12
BRH:12
end_of_record
TN:
SF:src/components/AlertPopUpMessageComponent.tsx
FN:18,(anonymous_0)
FN:26,(anonymous_1)
FNF:2
FNH:2
FNDA:2,(anonymous_0)
FNDA:2,(anonymous_1)
DA:11,11
DA:12,11
DA:18,11
DA:19,2
DA:20,2
DA:26,2
LF:6
LH:6
BRDA:25,0,0,2
BRDA:25,0,1,2
BRDA:29,1,0,2
BRDA:29,1,1,2
BRF:4
BRH:4
end_of_record
TN:
SF:src/components/BackIcon.tsx
FN:15,(anonymous_0)
FN:19,(anonymous_1)
FN:31,(anonymous_2)
FNF:3
FNH:3
FNDA:6,(anonymous_0)
FNDA:2,(anonymous_1)
FNDA:2,(anonymous_2)
DA:13,12
DA:16,6
DA:17,6
DA:18,6
DA:19,6
DA:20,2
DA:21,1
DA:23,1
DA:27,6
DA:31,2
LF:10
LH:10
BRDA:20,0,0,1
BRDA:20,0,1,1
BRDA:20,1,0,2
BRDA:20,1,1,1
BRDA:34,2,0,6
BRDA:34,2,1,6
BRF:6
BRH:6
end_of_record
TN:
SF:src/components/Card.tsx
FN:20,handlePress
FN:33,showReadMore
FN:43,(anonymous_2)
FN:57,(anonymous_3)
FN:64,(anonymous_4)
FNF:5
FNH:5
FNDA:5,handlePress
FNDA:17,showReadMore
FNDA:3,(anonymous_2)
FNDA:17,(anonymous_3)
FNDA:2,(anonymous_4)
DA:26,5
DA:27,4
DA:40,17
DA:43,3
DA:57,10
DA:58,17
DA:59,17
DA:60,17
DA:64,2
LF:9
LH:9
BRDA:23,0,0,1
BRDA:26,1,0,4
BRDA:26,1,1,1
BRDA:26,2,0,5
BRDA:26,2,1,4
BRDA:37,3,0,1
BRDA:40,4,0,16
BRDA:40,4,1,1
BRDA:40,5,0,17
BRDA:40,5,1,16
BRF:10
BRH:10
end_of_record
TN:
SF:src/components/EmployeeIdInput.tsx
FN:12,(anonymous_0)
FN:21,(anonymous_1)
FNF:2
FNH:2
FNDA:26,(anonymous_0)
FNDA:6,(anonymous_1)
DA:12,5
DA:13,26
DA:14,26
DA:21,6
LF:4
LH:4
BRF:0
BRH:0
end_of_record
TN:
SF:src/components/FaqView.tsx
FN:23,(anonymous_0)
FN:39,(anonymous_1)
FN:40,(anonymous_2)
FN:50,(anonymous_3)
FN:67,(anonymous_4)
FN:89,(anonymous_5)
FN:112,(anonymous_6)
FN:119,(anonymous_7)
FNF:8
FNH:8
FNDA:68,(anonymous_0)
FNDA:1,(anonymous_1)
FNDA:2,(anonymous_2)
FNDA:164,(anonymous_3)
FNDA:1,(anonymous_4)
FNDA:1,(anonymous_5)
FNDA:1,(anonymous_6)
FNDA:165,(anonymous_7)
DA:23,21
DA:24,68
DA:25,68
DA:33,68
DA:39,68
DA:40,1
DA:41,2
DA:42,1
DA:44,1
DA:47,1
DA:50,68
DA:63,164
DA:68,1
DA:90,1
DA:109,68
DA:112,1
DA:119,165
LF:17
LH:17
BRDA:41,0,0,1
BRDA:41,0,1,1
BRDA:81,1,0,5
BRDA:81,1,1,159
BRDA:86,2,0,5
BRDA:86,2,1,159
BRDA:90,3,0,1
BRDA:90,3,1,1
BRF:8
BRH:8
end_of_record
TN:
SF:src/components/ImgRender.tsx
FN:8,(anonymous_0)
FN:20,(anonymous_1)
FNF:2
FNH:2
FNDA:7,(anonymous_0)
FNDA:7,(anonymous_1)
DA:8,8
DA:13,7
DA:14,1
DA:16,6
DA:20,8
DA:21,7
DA:22,7
DA:24,7
LF:8
LH:8
BRDA:13,0,0,1
BRDA:13,0,1,6
BRDA:31,1,0,7
BRDA:31,1,1,7
BRF:4
BRH:4
end_of_record
TN:
SF:src/components/Input.tsx
FN:30,(anonymous_0)
FN:33,(anonymous_1)
FN:46,(anonymous_2)
FN:74,(anonymous_3)
FN:75,(anonymous_4)
FNF:5
FNH:5
FNDA:222,(anonymous_0)
FNDA:222,(anonymous_1)
FNDA:222,(anonymous_2)
FNDA:1,(anonymous_3)
FNDA:1,(anonymous_4)
DA:30,10
DA:31,222
DA:32,222
DA:33,222
DA:34,222
DA:35,221
DA:44,1
DA:46,222
DA:47,222
DA:48,221
DA:55,1
DA:57,222
DA:74,1
DA:75,1
LF:14
LH:14
BRDA:34,0,0,221
BRDA:34,0,1,1
BRDA:38,1,0,1
BRDA:38,1,1,220
BRDA:47,2,0,221
BRDA:47,2,1,1
BRDA:51,3,0,1
BRDA:51,3,1,220
BRDA:63,4,0,222
BRDA:63,4,1,105
BRF:10
BRH:10
end_of_record
TN:
SF:src/components/LoadingScreen.tsx
FN:26,(anonymous_0)
FNF:1
FNH:1
FNDA:53,(anonymous_0)
DA:8,14
DA:26,14
DA:27,53
DA:29,53
DA:35,53
LF:5
LH:5
BRDA:29,0,0,52
BRDA:29,0,1,1
BRDA:29,1,0,53
BRDA:29,1,1,52
BRF:4
BRH:4
end_of_record
TN:
SF:src/components/NewMessageAlert.tsx
FN:7,(anonymous_0)
FN:12,(anonymous_1)
FN:14,(anonymous_2)
FNF:3
FNH:3
FNDA:7,(anonymous_0)
FNDA:14,(anonymous_1)
FNDA:7,(anonymous_2)
DA:7,2
DA:8,7
DA:9,7
DA:12,14
DA:14,7
DA:15,7
DA:16,1
DA:17,1
DA:18,1
DA:26,7
LF:10
LH:10
BRDA:15,0,0,1
BRDA:15,0,1,6
BRDA:15,1,0,7
BRDA:15,1,1,1
BRF:4
BRH:4
end_of_record
TN:
SF:src/components/NewsAndMarlowBottomLinks.tsx
FN:14,(anonymous_0)
FN:19,(anonymous_1)
FN:32,(anonymous_2)
FN:49,(anonymous_3)
FNF:4
FNH:4
FNDA:4,(anonymous_0)
FNDA:4,(anonymous_1)
FNDA:1,(anonymous_2)
FNDA:1,(anonymous_3)
DA:14,1
DA:15,4
DA:16,4
DA:17,4
DA:19,4
DA:20,4
DA:21,0
DA:23,4
DA:26,4
DA:32,1
DA:49,1
LF:11
LH:10
BRDA:20,0,0,0
BRDA:20,0,1,4
BRF:2
BRH:1
end_of_record
TN:
SF:src/components/NewsLink.tsx
FN:9,(anonymous_0)
FN:17,(anonymous_1)
FNF:2
FNH:2
FNDA:1,(anonymous_0)
FNDA:1,(anonymous_1)
DA:9,1
DA:10,1
DA:12,1
DA:17,1
LF:4
LH:4
BRF:0
BRH:0
end_of_record
TN:
SF:src/components/NoInternetHeader.tsx
FN:6,(anonymous_0)
FN:10,(anonymous_1)
FN:13,(anonymous_2)
FNF:3
FNH:3
FNDA:7,(anonymous_0)
FNDA:14,(anonymous_1)
FNDA:7,(anonymous_2)
DA:6,2
DA:7,7
DA:9,7
DA:10,14
DA:13,7
DA:14,7
DA:15,1
DA:25,7
LF:8
LH:8
BRDA:14,0,0,1
BRDA:14,0,1,6
BRDA:14,1,0,7
BRDA:14,1,1,7
BRDA:14,1,2,1
BRF:5
BRH:5
end_of_record
TN:
SF:src/components/PdfRender.tsx
FN:9,(anonymous_0)
FNF:1
FNH:1
FNDA:8,(anonymous_0)
DA:9,14
DA:10,8
DA:11,8
LF:3
LH:3
BRF:0
BRH:0
end_of_record
TN:
SF:src/components/StyledText.tsx
FN:19,(anonymous_0)
FNF:1
FNH:1
FNDA:5479,(anonymous_0)
DA:12,81
DA:20,5479
DA:21,5479
LF:3
LH:3
BRF:0
BRH:0
end_of_record
TN:
SF:src/components/Toggle.tsx
FN:27,(anonymous_0)
FN:45,handleAlertClick
FN:49,handleOnToggle
FN:61,chooseIconToShow
FN:82,(anonymous_4)
FNF:5
FNH:4
FNDA:25,(anonymous_0)
FNDA:2,handleAlertClick
FNDA:4,handleOnToggle
FNDA:25,chooseIconToShow
FNDA:0,(anonymous_4)
DA:9,11
DA:38,25
DA:40,25
DA:42,25
DA:43,25
DA:46,2
DA:50,4
DA:51,2
DA:53,2
DA:62,25
DA:68,3
DA:75,22
DA:76,0
DA:78,22
DA:82,25
DA:84,25
LF:16
LH:15
BRDA:40,0,0,25
BRDA:40,0,1,21
BRDA:50,1,0,2
BRDA:50,1,1,2
BRDA:62,2,0,3
BRDA:62,2,1,22
BRDA:63,3,0,25
BRDA:63,3,1,5
BRDA:63,3,2,3
BRDA:63,3,3,1
BRDA:63,3,4,1
BRDA:75,4,0,0
BRDA:75,4,1,22
BRDA:75,5,0,22
BRDA:75,5,1,4
BRDA:82,6,0,20
BRDA:82,6,1,5
BRDA:99,7,0,25
BRDA:99,7,1,5
BRF:19
BRH:18
end_of_record
TN:
SF:src/components/TouchableOpacitiesSection.tsx
FN:26,chooseTouchableOpacityStyle
FN:39,chooseTextStyle
FN:63,isDisabled
FN:70,(anonymous_3)
FN:100,(anonymous_4)
FN:122,(anonymous_5)
FNF:6
FNH:6
FNDA:64,chooseTouchableOpacityStyle
FNDA:64,chooseTextStyle
FNDA:64,isDisabled
FNDA:32,(anonymous_3)
FNDA:1,(anonymous_4)
FNDA:7,(anonymous_5)
DA:31,64
DA:46,64
DA:67,64
DA:70,11
DA:81,32
DA:82,32
DA:83,32
DA:100,1
DA:122,7
LF:9
LH:9
BRDA:31,0,0,32
BRDA:31,0,1,32
BRDA:34,1,0,4
BRDA:34,1,1,28
BRDA:46,2,0,32
BRDA:46,2,1,32
BRDA:52,3,0,4
BRDA:52,3,1,28
BRDA:53,4,0,26
BRDA:53,4,1,6
BRDA:90,5,0,26
BRDA:90,5,1,6
BRF:12
BRH:12
end_of_record
TN:
SF:src/components/WebRender.tsx
FN:7,(anonymous_0)
FN:15,(anonymous_1)
FNF:2
FNH:2
FNDA:3,(anonymous_0)
FNDA:3,(anonymous_1)
DA:7,8
DA:8,3
DA:9,2
DA:11,1
DA:15,8
DA:16,3
DA:17,3
DA:18,3
LF:8
LH:8
BRDA:8,0,0,2
BRDA:8,0,1,1
BRF:2
BRH:2
end_of_record
TN:
SF:src/components/assignments/AssignmentBasicInformationComponent.tsx
FN:13,(anonymous_0)
FNF:1
FNH:1
FNDA:85,(anonymous_0)
DA:13,6
DA:20,85
DA:21,85
LF:3
LH:3
BRF:0
BRH:0
end_of_record
TN:
SF:src/components/assignments/AssignmentDetails.tsx
FN:31,setBasicInfoToShow
FN:146,(anonymous_1)
FN:152,(anonymous_2)
FN:170,(anonymous_3)
FNF:4
FNH:4
FNDA:35,setBasicInfoToShow
FNDA:35,(anonymous_1)
FNDA:21,(anonymous_2)
FNDA:84,(anonymous_3)
DA:35,35
DA:146,5
DA:147,35
DA:148,35
DA:150,35
DA:152,35
DA:153,21
DA:154,21
DA:155,21
DA:164,35
DA:166,35
DA:171,84
LF:12
LH:12
BRDA:153,0,0,21
BRDA:153,0,1,19
BRDA:169,1,0,14
BRDA:169,1,1,21
BRF:4
BRH:4
end_of_record
TN:
SF:src/components/assignments/AssignmentTopSection.tsx
FN:15,(anonymous_0)
FN:31,(anonymous_1)
FNF:2
FNH:2
FNDA:32,(anonymous_0)
FNDA:1,(anonymous_1)
DA:15,5
DA:16,32
DA:17,32
DA:18,32
DA:19,32
DA:31,1
LF:6
LH:6
BRF:0
BRH:0
end_of_record
TN:
SF:src/components/assignments/CargoInstallationComponent.tsx
FN:10,(anonymous_0)
FNF:1
FNH:1
FNDA:57,(anonymous_0)
DA:10,6
DA:11,57
DA:12,57
DA:13,57
LF:4
LH:4
BRF:0
BRH:0
end_of_record
TN:
SF:src/components/assignments/CargoInstallationDetailsSection.tsx
FN:13,(anonymous_0)
FN:31,(anonymous_1)
FN:34,(anonymous_2)
FNF:3
FNH:3
FNDA:15,(anonymous_0)
FNDA:14,(anonymous_1)
FNDA:56,(anonymous_2)
DA:13,5
DA:14,15
DA:15,15
DA:16,15
DA:32,14
DA:38,56
LF:6
LH:6
BRF:0
BRH:0
end_of_record
TN:
SF:src/components/assignments/VesselDetailsComponent.tsx
FN:8,(anonymous_0)
FNF:1
FNH:1
FNDA:1,(anonymous_0)
DA:8,1
DA:9,1
DA:10,1
LF:3
LH:3
BRF:0
BRH:0
end_of_record
TN:
SF:src/components/assignments/VesselDetailsSection.tsx
FN:11,(anonymous_0)
FN:219,(anonymous_1)
FNF:2
FNH:2
FNDA:15,(anonymous_0)
FNDA:15,(anonymous_1)
DA:11,5
DA:12,15
DA:219,5
DA:220,15
DA:221,15
DA:223,15
DA:226,15
LF:7
LH:7
BRDA:223,0,0,15
BRDA:223,0,1,14
BRF:2
BRH:2
end_of_record
TN:
SF:src/components/authentication/AuthMainView.tsx
FN:12,(anonymous_0)
FNF:1
FNH:1
FNDA:115,(anonymous_0)
DA:12,9
DA:13,115
LF:2
LH:2
BRDA:16,0,0,96
BRDA:16,0,1,19
BRF:2
BRH:2
end_of_record
TN:
SF:src/components/authentication/ExitButton.tsx
FN:17,(anonymous_0)
FN:41,(anonymous_1)
FNF:2
FNH:2
FNDA:114,(anonymous_0)
FNDA:4,(anonymous_1)
DA:17,9
DA:18,114
DA:19,114
DA:22,114
DA:32,114
DA:42,4
LF:6
LH:6
BRDA:22,0,0,65
BRDA:22,0,1,49
BRDA:33,1,0,114
BRDA:33,1,1,65
BRF:4
BRH:4
end_of_record
TN:
SF:src/components/authentication/GradientBackground.tsx
FN:11,(anonymous_0)
FNF:1
FNH:1
FNDA:117,(anonymous_0)
DA:11,10
DA:12,117
DA:14,117
DA:15,0
DA:26,117
LF:5
LH:4
BRDA:14,0,0,0
BRDA:14,0,1,117
BRF:2
BRH:1
end_of_record
TN:
SF:src/components/authentication/PasswordValidationsSection.tsx
FN:12,(anonymous_0)
FN:30,(anonymous_1)
FN:41,(anonymous_2)
FN:48,(anonymous_3)
FN:55,(anonymous_4)
FN:63,(anonymous_5)
FN:80,(anonymous_6)
FNF:7
FNH:7
FNDA:32,(anonymous_0)
FNDA:10,(anonymous_1)
FNDA:10,(anonymous_2)
FNDA:10,(anonymous_3)
FNDA:10,(anonymous_4)
FNDA:10,(anonymous_5)
FNDA:96,(anonymous_6)
DA:12,5
DA:13,32
DA:17,32
DA:18,32
DA:22,32
DA:24,32
DA:30,32
DA:31,10
DA:33,10
DA:34,5
DA:36,5
DA:41,32
DA:42,10
DA:43,5
DA:45,5
DA:48,32
DA:49,10
DA:50,5
DA:52,5
DA:55,32
DA:56,10
DA:57,5
DA:59,5
DA:63,32
DA:65,10
DA:66,10
DA:67,10
DA:68,10
DA:69,10
DA:70,10
DA:71,10
DA:74,32
DA:81,96
LF:33
LH:33
BRDA:33,0,0,5
BRDA:33,0,1,5
BRDA:33,1,0,10
BRDA:33,1,1,5
BRDA:33,1,2,5
BRDA:42,2,0,5
BRDA:42,2,1,5
BRDA:49,3,0,5
BRDA:49,3,1,5
BRDA:56,4,0,5
BRDA:56,4,1,5
BRDA:83,5,0,51
BRDA:83,5,1,45
BRDA:96,6,0,51
BRDA:96,6,1,45
BRF:15
BRH:15
end_of_record
TN:
SF:src/components/bioSettingsScreen/BiometricLoginSwitch.tsx
FN:14,(anonymous_0)
FNF:1
FNH:1
FNDA:4,(anonymous_0)
DA:14,8
DA:15,4
DA:16,4
DA:17,4
LF:4
LH:4
BRDA:31,0,0,2
BRDA:31,0,1,2
BRF:2
BRH:2
end_of_record
TN:
SF:src/components/chat/ChatIcon.tsx
FN:19,(anonymous_0)
FN:24,(anonymous_1)
FN:26,(anonymous_2)
FNF:3
FNH:3
FNDA:26,(anonymous_0)
FNDA:96,(anonymous_1)
FNDA:16,(anonymous_2)
DA:19,4
DA:20,26
DA:21,26
DA:22,26
DA:23,26
DA:25,96
DA:26,16
DA:31,26
DA:45,26
DA:46,26
LF:10
LH:10
BRDA:54,0,0,13
BRDA:54,0,1,13
BRF:2
BRH:2
end_of_record
TN:
SF:src/components/contact/ContactScreenTopMenu.tsx
FN:19,setStyleOfButton
FN:26,setStyleOfText
FN:32,(anonymous_2)
FN:42,(anonymous_3)
FN:51,(anonymous_4)
FNF:5
FNH:5
FNDA:36,setStyleOfButton
FNDA:36,setStyleOfText
FNDA:12,(anonymous_2)
FNDA:36,(anonymous_3)
FNDA:3,(anonymous_4)
DA:12,8
DA:20,36
DA:21,12
DA:23,24
DA:27,36
DA:32,8
DA:33,12
DA:35,12
DA:43,36
DA:52,3
LF:10
LH:10
BRDA:20,0,0,12
BRDA:20,0,1,24
BRDA:27,1,0,12
BRDA:27,1,1,24
BRF:4
BRH:4
end_of_record
TN:
SF:src/components/contact/CrewManagerContactDetails.tsx
FN:17,(anonymous_0)
FN:21,(anonymous_1)
FN:25,(anonymous_2)
FN:38,(anonymous_3)
FN:94,(anonymous_4)
FN:98,(anonymous_5)
FN:113,(anonymous_6)
FN:117,(anonymous_7)
FN:132,(anonymous_8)
FN:136,(anonymous_9)
FN:151,(anonymous_10)
FN:168,(anonymous_11)
FN:182,(anonymous_12)
FN:187,(anonymous_13)
FN:189,(anonymous_14)
FN:190,(anonymous_15)
FN:192,(anonymous_16)
FN:207,(anonymous_17)
FNF:18
FNH:17
FNDA:24,(anonymous_0)
FNDA:24,(anonymous_1)
FNDA:2,(anonymous_2)
FNDA:16,(anonymous_3)
FNDA:16,(anonymous_4)
FNDA:1,(anonymous_5)
FNDA:16,(anonymous_6)
FNDA:1,(anonymous_7)
FNDA:16,(anonymous_8)
FNDA:1,(anonymous_9)
FNDA:1,(anonymous_10)
FNDA:1,(anonymous_11)
FNDA:16,(anonymous_12)
FNDA:16,(anonymous_13)
FNDA:16,(anonymous_14)
FNDA:0,(anonymous_15)
FNDA:16,(anonymous_16)
FNDA:144,(anonymous_17)
DA:17,9
DA:18,24
DA:19,24
DA:22,24
DA:25,2
DA:38,9
DA:44,16
DA:50,16
DA:95,16
DA:98,1
DA:114,16
DA:117,1
DA:133,16
DA:136,1
DA:151,1
DA:168,1
DA:182,9
DA:183,16
DA:184,16
DA:185,16
DA:187,16
DA:189,16
DA:190,16
DA:192,16
DA:193,16
DA:196,16
DA:198,16
DA:204,16
DA:208,144
LF:29
LH:29
BRDA:44,0,0,14
BRDA:44,0,1,2
BRDA:74,1,0,16
BRDA:74,1,1,16
BRDA:74,1,2,1
BRF:5
BRH:5
end_of_record
TN:
SF:src/components/contact/ManningAgentContactDetails.tsx
FN:11,(anonymous_0)
FN:15,(anonymous_1)
FN:23,(anonymous_2)
FN:48,(anonymous_3)
FN:59,(anonymous_4)
FN:70,(anonymous_5)
FN:74,(anonymous_6)
FN:85,(anonymous_7)
FN:100,(anonymous_8)
FN:104,(anonymous_9)
FN:115,(anonymous_10)
FN:128,(anonymous_11)
FN:135,(anonymous_12)
FNF:13
FNH:13
FNDA:8,(anonymous_0)
FNDA:16,(anonymous_1)
FNDA:2,(anonymous_2)
FNDA:8,(anonymous_3)
FNDA:8,(anonymous_4)
FNDA:8,(anonymous_5)
FNDA:1,(anonymous_6)
FNDA:1,(anonymous_7)
FNDA:8,(anonymous_8)
FNDA:1,(anonymous_9)
FNDA:1,(anonymous_10)
FNDA:8,(anonymous_11)
FNDA:72,(anonymous_12)
DA:11,8
DA:15,8
DA:20,16
DA:23,2
DA:31,8
DA:49,8
DA:60,8
DA:71,8
DA:74,1
DA:85,1
DA:101,8
DA:104,1
DA:115,1
DA:128,8
DA:129,8
DA:130,8
DA:131,8
DA:133,8
DA:136,72
LF:19
LH:19
BRF:0
BRH:0
end_of_record
TN:
SF:src/components/contact/PortAgentContactDetails.tsx
FN:12,(anonymous_0)
FN:30,(anonymous_1)
FN:34,(anonymous_2)
FN:47,(anonymous_3)
FN:51,(anonymous_4)
FN:69,(anonymous_5)
FN:73,(anonymous_6)
FN:88,(anonymous_7)
FN:105,(anonymous_8)
FN:116,(anonymous_9)
FN:123,(anonymous_10)
FNF:11
FNH:11
FNDA:8,(anonymous_0)
FNDA:8,(anonymous_1)
FNDA:1,(anonymous_2)
FNDA:8,(anonymous_3)
FNDA:1,(anonymous_4)
FNDA:8,(anonymous_5)
FNDA:1,(anonymous_6)
FNDA:1,(anonymous_7)
FNDA:1,(anonymous_8)
FNDA:8,(anonymous_9)
FNDA:72,(anonymous_10)
DA:12,8
DA:13,8
DA:31,8
DA:34,1
DA:48,8
DA:51,1
DA:70,8
DA:73,1
DA:88,1
DA:105,1
DA:116,8
DA:117,8
DA:118,8
DA:119,8
DA:121,8
DA:124,72
LF:16
LH:16
BRF:0
BRH:0
end_of_record
TN:
SF:src/components/customHeaders/index.tsx
FN:16,(anonymous_0)
FN:30,(anonymous_1)
FNF:2
FNH:2
FNDA:24,(anonymous_0)
FNDA:1,(anonymous_1)
DA:16,3
DA:17,24
DA:18,24
DA:20,24
DA:31,1
LF:5
LH:5
BRF:0
BRH:0
end_of_record
TN:
SF:src/components/flights/FlightCard.tsx
FN:15,(anonymous_0)
FN:32,(anonymous_1)
FN:129,(anonymous_2)
FN:162,(anonymous_3)
FNF:4
FNH:4
FNDA:30,(anonymous_0)
FNDA:30,(anonymous_1)
FNDA:30,(anonymous_2)
FNDA:66,(anonymous_3)
DA:15,5
DA:16,30
DA:18,30
DA:33,30
DA:34,30
DA:35,30
DA:36,30
DA:130,30
DA:163,66
LF:9
LH:9
BRDA:18,0,0,1
BRDA:18,0,1,29
BRF:2
BRH:2
end_of_record
TN:
SF:src/components/imprint/ImprintLink.tsx
FN:11,(anonymous_0)
FN:18,(anonymous_1)
FNF:2
FNH:2
FNDA:1,(anonymous_0)
FNDA:1,(anonymous_1)
DA:7,1
DA:11,1
DA:12,1
DA:13,1
DA:18,1
LF:5
LH:5
BRF:0
BRH:0
end_of_record
TN:
SF:src/components/newsScreen/LatestReleasesSection.tsx
FN:21,(anonymous_0)
FN:25,(anonymous_1)
FNF:2
FNH:2
FNDA:23,(anonymous_0)
FNDA:12,(anonymous_1)
DA:12,9
DA:13,9
DA:21,9
DA:22,23
DA:23,23
DA:25,23
DA:32,12
DA:45,23
LF:8
LH:8
BRF:0
BRH:0
end_of_record
TN:
SF:src/components/newsScreen/MoreNewsSection.tsx
FN:17,(anonymous_0)
FN:21,(anonymous_1)
FN:45,(anonymous_2)
FN:56,(anonymous_3)
FNF:4
FNH:4
FNDA:22,(anonymous_0)
FNDA:2,(anonymous_1)
FNDA:1,(anonymous_2)
FNDA:1,(anonymous_3)
DA:17,8
DA:18,22
DA:19,22
DA:21,22
DA:22,2
DA:30,22
DA:45,1
DA:56,1
LF:8
LH:8
BRF:0
BRH:0
end_of_record
TN:
SF:src/components/notifications/NotificationIcon.tsx
FN:18,(anonymous_0)
FN:23,(anonymous_1)
FNF:2
FNH:2
FNDA:26,(anonymous_0)
FNDA:96,(anonymous_1)
DA:18,4
DA:19,26
DA:20,26
DA:21,26
DA:22,26
DA:24,96
DA:27,26
DA:41,26
DA:42,26
LF:9
LH:9
BRDA:50,0,0,13
BRDA:50,0,1,13
BRF:2
BRH:2
end_of_record
TN:
SF:src/components/notifications/NotificationSection.tsx
FN:26,handleOnClick
FN:60,renderNotification
FN:71,(anonymous_2)
FN:105,(anonymous_3)
FN:116,(anonymous_4)
FNF:5
FNH:5
FNDA:8,handleOnClick
FNDA:13,renderNotification
FNDA:8,(anonymous_2)
FNDA:11,(anonymous_3)
FNDA:13,(anonymous_4)
DA:30,8
DA:31,7
DA:35,7
DA:38,8
DA:40,1
DA:41,1
DA:43,1
DA:44,1
DA:46,1
DA:47,1
DA:49,2
DA:50,2
DA:52,1
DA:53,1
DA:55,1
DA:66,13
DA:71,8
DA:105,5
DA:106,11
DA:107,11
DA:109,11
DA:117,13
LF:22
LH:22
BRDA:30,0,0,7
BRDA:30,0,1,1
BRDA:38,1,0,1
BRDA:38,1,1,1
BRDA:38,1,2,1
BRDA:38,1,3,2
BRDA:38,1,4,1
BRDA:38,1,5,1
BRDA:38,1,6,1
BRDA:75,2,0,1
BRDA:75,2,1,12
BRDA:88,3,0,1
BRDA:88,3,1,12
BRF:13
BRH:13
end_of_record
TN:
SF:src/components/salaryScreen/AllotmentsDetailsComponent.tsx
FN:14,(anonymous_0)
FNF:1
FNH:1
FNDA:5,(anonymous_0)
DA:14,9
DA:15,5
DA:16,5
DA:17,5
LF:4
LH:4
BRF:0
BRH:0
end_of_record
TN:
SF:src/components/salaryScreen/AllotmentsDetailsSection.tsx
FN:11,(anonymous_0)
FN:27,(anonymous_1)
FN:35,(anonymous_2)
FNF:3
FNH:3
FNDA:4,(anonymous_0)
FNDA:2,(anonymous_1)
FNDA:4,(anonymous_2)
DA:11,8
DA:15,4
DA:27,8
DA:28,2
DA:29,2
DA:36,4
LF:6
LH:6
BRF:0
BRH:0
end_of_record
TN:
SF:src/components/salaryScreen/PayslipDetailsComponent.tsx
FN:26,(anonymous_0)
FN:29,(anonymous_1)
FN:32,(anonymous_2)
FN:38,(anonymous_3)
FN:59,(anonymous_4)
FN:139,(anonymous_5)
FNF:6
FNH:6
FNDA:16,(anonymous_0)
FNDA:38,(anonymous_1)
FNDA:38,(anonymous_2)
FNDA:2,(anonymous_3)
FNDA:1,(anonymous_4)
FNDA:1,(anonymous_5)
DA:26,9
DA:27,16
DA:28,16
DA:29,38
DA:31,16
DA:33,38
DA:35,16
DA:36,16
DA:37,16
DA:38,16
DA:42,2
DA:53,16
DA:54,16
DA:60,1
DA:140,1
LF:15
LH:15
BRDA:42,0,0,1
BRDA:42,0,1,1
BRDA:68,1,0,3
BRDA:68,1,1,13
BRF:4
BRH:4
end_of_record
TN:
SF:src/components/salaryScreen/PayslipDetailsSection.tsx
FN:13,(anonymous_0)
FN:27,(anonymous_1)
FN:35,(anonymous_2)
FNF:3
FNH:3
FNDA:8,(anonymous_0)
FNDA:5,(anonymous_1)
FNDA:8,(anonymous_2)
DA:13,8
DA:18,8
DA:27,8
DA:28,5
DA:29,5
DA:30,5
DA:36,8
LF:7
LH:7
BRF:0
BRH:0
end_of_record
TN:
SF:src/components/seaService/SeaServiceList.tsx
FN:15,(anonymous_0)
FN:19,(anonymous_1)
FN:143,(anonymous_2)
FNF:3
FNH:3
FNDA:6,(anonymous_0)
FNDA:12,(anonymous_1)
FNDA:12,(anonymous_2)
DA:15,8
DA:16,6
DA:17,6
DA:19,6
DA:23,12
DA:35,12
DA:139,6
DA:144,12
LF:8
LH:8
BRDA:23,0,0,6
BRDA:23,0,1,6
BRDA:51,1,0,12
BRDA:51,1,1,6
BRDA:81,2,0,12
BRDA:81,2,1,6
BRDA:85,3,0,3
BRDA:85,3,1,3
BRF:8
BRH:8
end_of_record
TN:
SF:src/components/seafarerDocuments/SeafarerDocumentsRenderSection.tsx
FN:25,(anonymous_0)
FN:43,(anonymous_1)
FN:57,(anonymous_2)
FN:67,(anonymous_3)
FN:69,(anonymous_4)
FN:72,(anonymous_5)
FN:75,(anonymous_6)
FN:80,(anonymous_7)
FN:91,(anonymous_8)
FN:154,(anonymous_9)
FN:259,(anonymous_10)
FNF:11
FNH:11
FNDA:3,(anonymous_0)
FNDA:51,(anonymous_1)
FNDA:51,(anonymous_2)
FNDA:51,(anonymous_3)
FNDA:141,(anonymous_4)
FNDA:141,(anonymous_5)
FNDA:141,(anonymous_6)
FNDA:2,(anonymous_7)
FNDA:51,(anonymous_8)
FNDA:3,(anonymous_9)
FNDA:2,(anonymous_10)
DA:25,8
DA:29,3
DA:33,2
DA:37,1
DA:43,8
DA:50,51
DA:51,13
DA:53,38
DA:57,8
DA:58,51
DA:59,51
DA:60,1
DA:64,50
DA:67,8
DA:68,51
DA:69,141
DA:71,51
DA:72,141
DA:74,51
DA:75,141
DA:77,51
DA:78,51
DA:79,51
DA:80,51
DA:84,2
DA:91,51
DA:92,51
DA:111,51
DA:114,51
DA:117,51
DA:155,3
DA:260,2
LF:32
LH:32
BRDA:29,0,0,2
BRDA:29,0,1,1
BRDA:30,1,0,3
BRDA:30,1,1,2
BRDA:50,2,0,13
BRDA:50,2,1,38
BRDA:50,3,0,51
BRDA:50,3,1,38
BRDA:59,4,0,1
BRDA:59,4,1,50
BRDA:59,5,0,51
BRDA:59,5,1,13
BRDA:84,6,0,1
BRDA:84,6,1,1
BRDA:93,7,0,51
BRDA:93,7,1,13
BRDA:93,7,2,10
BRDA:93,7,3,9
BRDA:114,8,0,51
BRDA:114,8,1,13
BRDA:114,8,2,51
BRDA:122,9,0,15
BRDA:122,9,1,36
BRDA:132,10,0,2
BRDA:132,10,1,49
BRDA:142,11,0,15
BRDA:142,11,1,36
BRDA:165,12,0,15
BRDA:165,12,1,36
BRDA:186,13,0,15
BRDA:186,13,1,36
BRDA:204,14,0,15
BRDA:204,14,1,36
BRDA:229,15,0,15
BRDA:229,15,1,36
BRDA:243,16,0,15
BRDA:243,16,1,36
BRDA:268,17,0,15
BRDA:268,17,1,36
BRF:39
BRH:39
end_of_record
TN:
SF:src/components/seafarerDocuments/SeafarerDocumentsTopBar.tsx
FN:15,setStyleOfButton
FN:22,setStyleOfText
FN:38,(anonymous_2)
FN:48,(anonymous_3)
FN:57,(anonymous_4)
FNF:5
FNH:5
FNDA:20,setStyleOfButton
FNDA:20,setStyleOfText
FNDA:4,(anonymous_2)
FNDA:20,(anonymous_3)
FNDA:2,(anonymous_4)
DA:16,20
DA:17,4
DA:19,16
DA:27,20
DA:38,8
DA:39,4
DA:40,4
DA:41,4
DA:49,20
DA:58,2
LF:10
LH:10
BRDA:16,0,0,4
BRDA:16,0,1,16
BRDA:27,1,0,4
BRDA:27,1,1,16
BRF:4
BRH:4
end_of_record
TN:
SF:src/components/settingsScreen/AppColorScheme.tsx
FN:13,(anonymous_0)
FN:18,(anonymous_1)
FNF:2
FNH:2
FNDA:10,(anonymous_0)
FNDA:16,(anonymous_1)
DA:13,8
DA:14,10
DA:15,10
DA:17,10
DA:18,16
DA:21,10
LF:6
LH:6
BRF:0
BRH:0
end_of_record
TN:
SF:src/components/settingsScreen/DarkModeChangeModal.tsx
FN:17,(anonymous_0)
FN:22,(anonymous_1)
FN:29,(anonymous_2)
FN:43,(anonymous_3)
FN:58,(anonymous_4)
FN:73,(anonymous_5)
FNF:6
FNH:5
FNDA:16,(anonymous_0)
FNDA:31,(anonymous_1)
FNDA:0,(anonymous_2)
FNDA:1,(anonymous_3)
FNDA:2,(anonymous_4)
FNDA:1,(anonymous_5)
DA:17,8
DA:18,16
DA:19,16
DA:21,16
DA:22,31
DA:25,16
DA:30,0
DA:44,1
DA:45,1
DA:59,2
DA:60,2
DA:74,1
DA:75,1
LF:13
LH:12
BRDA:50,0,0,11
BRDA:50,0,1,5
BRDA:65,1,0,1
BRDA:65,1,1,15
BRDA:80,2,0,4
BRDA:80,2,1,12
BRF:6
BRH:6
end_of_record
TN:
SF:src/components/termsAndPrivacyPolicy/TermsAndPrivacyPolicyLink.tsx
FN:12,(anonymous_0)
FN:20,(anonymous_1)
FN:30,(anonymous_2)
FNF:3
FNH:3
FNDA:115,(anonymous_0)
FNDA:1,(anonymous_1)
FNDA:1,(anonymous_2)
DA:12,9
DA:13,115
DA:14,115
DA:20,1
DA:30,1
LF:5
LH:5
BRF:0
BRH:0
end_of_record
TN:
SF:src/components/workingClothes/ClothesList.tsx
FN:10,(anonymous_0)
FN:76,(anonymous_1)
FN:91,(anonymous_2)
FNF:3
FNH:3
FNDA:6,(anonymous_0)
FNDA:3,(anonymous_1)
FNDA:6,(anonymous_2)
DA:10,8
DA:15,6
DA:76,8
DA:77,3
DA:78,3
DA:79,3
DA:92,6
LF:7
LH:7
BRF:0
BRH:0
end_of_record
TN:
SF:src/components/workingClothes/ShoeSizeTable.tsx
FN:11,(anonymous_0)
FNF:1
FNH:1
FNDA:3,(anonymous_0)
DA:11,8
DA:12,3
DA:13,3
DA:14,3
LF:4
LH:4
BRF:0
BRH:0
end_of_record
TN:
SF:src/constants/NewsConstants.ts
FNF:0
FNH:0
DA:1,11
DA:7,11
DA:8,11
LF:3
LH:3
BRF:0
BRH:0
end_of_record
TN:
SF:src/constants/Platforms.ts
FNF:0
FNH:0
DA:1,25
DA:2,25
LF:2
LH:2
BRF:0
BRH:0
end_of_record
TN:
SF:src/constants/assignmentConstants.ts
FNF:0
FNH:0
DA:1,6
DA:2,6
LF:2
LH:2
BRF:0
BRH:0
end_of_record
TN:
SF:src/constants/config.ts
FN:9,(anonymous_0)
FNF:1
FNH:1
FNDA:33,(anonymous_0)
DA:10,33
LF:1
LH:1
BRDA:11,0,0,33
BRDA:11,0,1,33
BRF:2
BRH:2
end_of_record
TN:
SF:src/constants/contactConstants.ts
FNF:0
FNH:0
DA:1,8
DA:2,8
DA:3,8
LF:3
LH:3
BRF:0
BRH:0
end_of_record
TN:
SF:src/constants/notificationsConstants.ts
FNF:0
FNH:0
DA:1,10
DA:2,10
DA:3,10
DA:4,10
DA:5,10
DA:6,10
DA:7,10
DA:8,10
DA:9,10
LF:9
LH:9
BRF:0
BRH:0
end_of_record
TN:
SF:src/constants/routes.ts
FNF:0
FNH:0
DA:1,28
DA:4,28
DA:5,28
DA:6,28
DA:7,28
DA:8,28
DA:9,28
DA:10,28
DA:13,28
DA:14,28
DA:15,28
DA:16,28
DA:17,28
DA:18,28
DA:19,28
DA:20,28
DA:21,28
DA:22,28
DA:23,28
DA:24,28
DA:25,28
DA:26,28
DA:27,28
DA:28,28
DA:29,28
DA:30,28
DA:31,28
DA:32,28
DA:35,28
DA:36,28
DA:37,28
DA:38,28
DA:39,28
DA:40,28
DA:41,28
DA:42,28
LF:36
LH:36
BRF:0
BRH:0
end_of_record
TN:
SF:src/constants/salaryConstants.ts
FNF:0
FNH:0
DA:1,7
DA:2,7
LF:2
LH:2
BRF:0
BRH:0
end_of_record
TN:
SF:src/constants/seaServiceConstants.ts
FNF:0
FNH:0
DA:1,7
DA:2,7
LF:2
LH:2
BRF:0
BRH:0
end_of_record
TN:
SF:src/constants/api_endpoints/index.ts
FN:1,(anonymous_0)
FN:6,(anonymous_1)
FN:9,(anonymous_2)
FN:12,(anonymous_3)
FN:14,(anonymous_4)
FN:19,(anonymous_5)
FN:31,(anonymous_6)
FN:34,(anonymous_7)
FN:37,(anonymous_8)
FN:40,(anonymous_9)
FN:45,(anonymous_10)
FN:50,(anonymous_11)
FN:53,(anonymous_12)
FN:56,(anonymous_13)
FN:68,(anonymous_14)
FN:73,(anonymous_15)
FN:78,(anonymous_16)
FN:81,(anonymous_17)
FN:86,(anonymous_18)
FN:89,(anonymous_19)
FN:92,(anonymous_20)
FN:95,(anonymous_21)
FNF:22
FNH:22
FNDA:1,(anonymous_0)
FNDA:1,(anonymous_1)
FNDA:1,(anonymous_2)
FNDA:1,(anonymous_3)
FNDA:1,(anonymous_4)
FNDA:4,(anonymous_5)
FNDA:1,(anonymous_6)
FNDA:1,(anonymous_7)
FNDA:1,(anonymous_8)
FNDA:1,(anonymous_9)
FNDA:1,(anonymous_10)
FNDA:1,(anonymous_11)
FNDA:1,(anonymous_12)
FNDA:5,(anonymous_13)
FNDA:1,(anonymous_14)
FNDA:1,(anonymous_15)
FNDA:1,(anonymous_16)
FNDA:1,(anonymous_17)
FNDA:1,(anonymous_18)
FNDA:1,(anonymous_19)
FNDA:1,(anonymous_20)
FNDA:1,(anonymous_21)
DA:1,32
DA:4,1
DA:6,32
DA:7,1
DA:9,32
DA:10,1
DA:12,32
DA:14,32
DA:17,1
DA:19,32
DA:25,4
DA:26,1
DA:28,3
DA:31,32
DA:32,1
DA:34,32
DA:35,1
DA:37,32
DA:38,1
DA:40,32
DA:43,1
DA:45,32
DA:48,1
DA:50,32
DA:51,1
DA:53,32
DA:54,1
DA:56,32
DA:62,5
DA:63,2
DA:65,3
DA:68,32
DA:71,1
DA:73,32
DA:76,1
DA:78,32
DA:79,1
DA:81,32
DA:84,1
DA:86,32
DA:87,1
DA:89,32
DA:90,1
DA:92,32
DA:93,1
DA:95,32
DA:98,1
LF:47
LH:47
BRDA:25,0,0,1
BRDA:25,0,1,3
BRDA:25,1,0,4
BRDA:25,1,1,2
BRDA:62,2,0,2
BRDA:62,2,1,3
BRDA:62,3,0,5
BRDA:62,3,1,3
BRF:8
BRH:8
end_of_record
TN:
SF:src/constants/styles/FlightCardConstants.ts
FNF:0
FNH:0
DA:1,5
LF:1
LH:1
BRF:0
BRH:0
end_of_record
TN:
SF:src/constants/styles/Layout.ts
FNF:0
FNH:0
DA:3,36
DA:4,36
LF:2
LH:2
BRF:0
BRH:0
end_of_record
TN:
SF:src/constants/styles/colors.ts
FNF:0
FNH:0
DA:3,90
DA:4,90
DA:6,90
DA:7,90
DA:8,90
DA:9,90
DA:10,90
DA:11,90
DA:12,90
DA:13,90
DA:14,90
DA:15,90
DA:16,90
DA:17,90
DA:18,90
DA:19,90
DA:20,90
DA:21,90
DA:22,90
DA:23,90
DA:24,90
DA:25,90
DA:26,90
DA:27,90
DA:28,90
DA:29,90
DA:30,90
DA:31,90
DA:32,90
DA:33,90
DA:34,90
DA:35,90
DA:72,90
DA:116,90
LF:34
LH:34
BRF:0
BRH:0
end_of_record
TN:
SF:src/hooks/useSelectedQuestion.tsx
FN:5,(anonymous_0)
FN:32,(anonymous_1)
FN:35,(anonymous_2)
FN:42,(anonymous_3)
FN:46,(anonymous_4)
FNF:5
FNH:5
FNDA:68,(anonymous_0)
FNDA:40,(anonymous_1)
FNDA:2,(anonymous_2)
FNDA:2,(anonymous_3)
FNDA:2,(anonymous_4)
DA:5,21
DA:22,68
DA:32,68
DA:33,40
DA:34,2
DA:35,2
DA:37,2
DA:38,1
DA:42,2
DA:46,2
DA:49,1
DA:58,68
LF:12
LH:12
BRDA:33,0,0,2
BRDA:33,0,1,38
BRDA:37,1,0,1
BRDA:37,1,1,1
BRDA:49,2,0,1
BRDA:49,2,1,1
BRF:6
BRH:6
end_of_record
TN:
SF:src/interfaces/CrewManagerTypes.ts
FNF:0
FNH:0
LF:0
LH:0
BRF:0
BRH:0
end_of_record
TN:
SF:src/interfaces/ManningAgentTypes.ts
FNF:0
FNH:0
LF:0
LH:0
BRF:0
BRH:0
end_of_record
TN:
SF:src/interfaces/assignmentDetailsTypes.ts
FNF:0
FNH:0
LF:0
LH:0
BRF:0
BRH:0
end_of_record
TN:
SF:src/interfaces/contactTypes.ts
FNF:0
FNH:0
LF:0
LH:0
BRF:0
BRH:0
end_of_record
TN:
SF:src/interfaces/covidDocumentTypes.ts
FNF:0
FNH:0
LF:0
LH:0
BRF:0
BRH:0
end_of_record
TN:
SF:src/interfaces/imprintDetailsTypes.ts
FNF:0
FNH:0
LF:0
LH:0
BRF:0
BRH:0
end_of_record
TN:
SF:src/interfaces/index.ts
FNF:0
FNH:0
LF:0
LH:0
BRF:0
BRH:0
end_of_record
TN:
SF:src/interfaces/newsType.ts
FNF:0
FNH:0
LF:0
LH:0
BRF:0
BRH:0
end_of_record
TN:
SF:src/interfaces/notificationsTypes.ts
FNF:0
FNH:0
LF:0
LH:0
BRF:0
BRH:0
end_of_record
TN:
SF:src/interfaces/privacyPolicyTypes.ts
FNF:0
FNH:0
LF:0
LH:0
BRF:0
BRH:0
end_of_record
TN:
SF:src/interfaces/requestMethodsTypes.ts
FNF:0
FNH:0
LF:0
LH:0
BRF:0
BRH:0
end_of_record
TN:
SF:src/interfaces/salaryDetailsTypes.ts
FNF:0
FNH:0
LF:0
LH:0
BRF:0
BRH:0
end_of_record
TN:
SF:src/interfaces/seaServiceDetailsTypes.ts
FNF:0
FNH:0
LF:0
LH:0
BRF:0
BRH:0
end_of_record
TN:
SF:src/interfaces/seafarerBadgesTypes.ts
FNF:0
FNH:0
LF:0
LH:0
BRF:0
BRH:0
end_of_record
TN:
SF:src/interfaces/seafarerDetailsTypes.ts
FNF:0
FNH:0
LF:0
LH:0
BRF:0
BRH:0
end_of_record
TN:
SF:src/interfaces/seafarerDocumentsTypes.ts
FNF:0
FNH:0
LF:0
LH:0
BRF:0
BRH:0
end_of_record
TN:
SF:src/interfaces/termsAndConditionsTypes.ts
FNF:0
FNH:0
LF:0
LH:0
BRF:0
BRH:0
end_of_record
TN:
SF:src/interfaces/versionCheckTypes.ts
FNF:0
FNH:0
LF:0
LH:0
BRF:0
BRH:0
end_of_record
TN:
SF:src/interfaces/websocketTypes.ts
FNF:0
FNH:0
DA:110,17
DA:111,17
DA:112,17
DA:113,17
DA:114,17
DA:115,17
DA:116,17
DA:117,17
DA:118,17
DA:119,17
DA:120,17
DA:121,17
DA:122,17
LF:13
LH:13
BRF:0
BRH:0
end_of_record
TN:
SF:src/interfaces/workingClothesTypes.ts
FNF:0
FNH:0
LF:0
LH:0
BRF:0
BRH:0
end_of_record
TN:
SF:src/navigation/AppNavigator.tsx
FN:56,(anonymous_0)
FN:120,(anonymous_1)
FN:121,(anonymous_2)
FN:130,(anonymous_3)
FN:131,(anonymous_4)
FN:161,(anonymous_5)
FN:162,(anonymous_6)
FN:175,(anonymous_7)
FN:198,(anonymous_8)
FN:299,(anonymous_9)
FN:308,(anonymous_10)
FN:311,(anonymous_11)
FN:317,(anonymous_12)
FN:320,(anonymous_13)
FN:329,(anonymous_14)
FN:330,(anonymous_15)
FN:334,(anonymous_16)
FN:342,(anonymous_17)
FNF:18
FNH:10
FNDA:1,(anonymous_0)
FNDA:0,(anonymous_1)
FNDA:0,(anonymous_2)
FNDA:0,(anonymous_3)
FNDA:0,(anonymous_4)
FNDA:0,(anonymous_5)
FNDA:0,(anonymous_6)
FNDA:1,(anonymous_7)
FNDA:36,(anonymous_8)
FNDA:51,(anonymous_9)
FNDA:12,(anonymous_10)
FNDA:12,(anonymous_11)
FNDA:0,(anonymous_12)
FNDA:12,(anonymous_13)
FNDA:12,(anonymous_14)
FNDA:0,(anonymous_15)
FNDA:9,(anonymous_16)
FNDA:12,(anonymous_17)
DA:54,2
DA:56,2
DA:57,1
DA:58,1
DA:120,0
DA:121,0
DA:130,0
DA:131,0
DA:161,0
DA:162,0
DA:173,2
DA:175,2
DA:176,1
DA:196,2
DA:198,2
DA:199,36
DA:200,36
DA:298,36
DA:299,51
DA:302,36
DA:303,36
DA:305,36
DA:306,36
DA:307,36
DA:308,36
DA:309,12
DA:314,12
DA:318,0
DA:321,12
DA:322,0
DA:325,12
DA:329,36
DA:330,12
DA:331,0
DA:333,12
DA:334,9
DA:335,9
DA:338,3
DA:342,36
DA:343,12
DA:347,12
DA:348,6
DA:351,6
DA:353,6
DA:356,6
DA:360,36
DA:362,36
DA:363,15
DA:367,21
DA:377,21
LF:50
LH:41
BRDA:321,0,0,0
BRDA:321,0,1,12
BRDA:333,1,0,9
BRDA:333,1,1,3
BRDA:347,2,0,6
BRDA:347,2,1,6
BRDA:348,3,0,0
BRDA:348,3,1,6
BRDA:362,4,0,15
BRDA:362,4,1,21
BRDA:367,5,0,1
BRDA:367,5,1,20
BRDA:383,6,0,21
BRDA:383,6,1,17
BRF:14
BRH:12
end_of_record
TN:
SF:src/navigation/MainTabNavigator.tsx
FN:56,(anonymous_0)
FN:72,(anonymous_1)
FN:77,(anonymous_2)
FN:82,(anonymous_3)
FN:86,(anonymous_4)
FN:97,(anonymous_5)
FN:121,(anonymous_6)
FN:122,(anonymous_7)
FN:134,(anonymous_8)
FN:135,(anonymous_9)
FN:147,(anonymous_10)
FN:148,(anonymous_11)
FN:156,(anonymous_12)
FN:161,(anonymous_13)
FN:169,(anonymous_14)
FN:186,(anonymous_15)
FN:202,(anonymous_16)
FN:222,(anonymous_17)
FN:234,(anonymous_18)
FN:241,(anonymous_19)
FN:267,(anonymous_20)
FN:283,(anonymous_21)
FN:306,(anonymous_22)
FN:310,(anonymous_23)
FN:321,(anonymous_24)
FN:325,(anonymous_25)
FN:338,(anonymous_26)
FN:342,(anonymous_27)
FN:355,(anonymous_28)
FN:359,(anonymous_29)
FN:367,(anonymous_30)
FN:371,(anonymous_31)
FN:379,(anonymous_32)
FN:382,(anonymous_33)
FNF:34
FNH:22
FNDA:8,(anonymous_0)
FNDA:8,(anonymous_1)
FNDA:16,(anonymous_2)
FNDA:16,(anonymous_3)
FNDA:1,(anonymous_4)
FNDA:0,(anonymous_5)
FNDA:0,(anonymous_6)
FNDA:0,(anonymous_7)
FNDA:0,(anonymous_8)
FNDA:0,(anonymous_9)
FNDA:0,(anonymous_10)
FNDA:0,(anonymous_11)
FNDA:0,(anonymous_12)
FNDA:0,(anonymous_13)
FNDA:1,(anonymous_14)
FNDA:2,(anonymous_15)
FNDA:1,(anonymous_16)
FNDA:0,(anonymous_17)
FNDA:0,(anonymous_18)
FNDA:0,(anonymous_19)
FNDA:1,(anonymous_20)
FNDA:2,(anonymous_21)
FNDA:8,(anonymous_22)
FNDA:12,(anonymous_23)
FNDA:12,(anonymous_24)
FNDA:24,(anonymous_25)
FNDA:12,(anonymous_26)
FNDA:24,(anonymous_27)
FNDA:12,(anonymous_28)
FNDA:24,(anonymous_29)
FNDA:12,(anonymous_30)
FNDA:24,(anonymous_31)
FNDA:12,(anonymous_32)
FNDA:24,(anonymous_33)
DA:40,3
DA:41,3
DA:53,3
DA:55,3
DA:56,3
DA:57,8
DA:58,8
DA:60,8
DA:72,8
DA:78,16
DA:83,16
DA:87,1
DA:97,0
DA:121,0
DA:122,0
DA:134,0
DA:135,0
DA:147,0
DA:148,0
DA:156,0
DA:161,0
DA:169,3
DA:173,1
DA:174,1
DA:187,2
DA:202,3
DA:203,1
DA:204,1
DA:205,1
DA:223,0
DA:235,0
DA:236,0
DA:242,0
DA:267,3
DA:271,1
DA:272,1
DA:273,1
DA:284,2
DA:304,3
DA:307,8
DA:308,8
DA:310,12
DA:321,12
DA:326,24
DA:338,12
DA:343,24
DA:355,12
DA:360,24
DA:367,12
DA:372,24
DA:379,12
DA:383,24
LF:52
LH:39
BRDA:330,0,0,12
BRDA:330,0,1,12
BRDA:347,1,0,12
BRDA:347,1,1,12
BRDA:387,2,0,12
BRDA:387,2,1,12
BRF:6
BRH:6
end_of_record
TN:
SF:src/navigation/MoreScreenNavigation.tsx
FN:107,(anonymous_0)
FN:115,(anonymous_1)
FN:117,(anonymous_2)
FN:126,(anonymous_3)
FN:138,(anonymous_4)
FN:154,(anonymous_5)
FN:184,(anonymous_6)
FN:192,(anonymous_7)
FN:194,(anonymous_8)
FN:203,(anonymous_9)
FN:211,(anonymous_10)
FN:218,(anonymous_11)
FN:253,(anonymous_12)
FN:272,(anonymous_13)
FN:301,(anonymous_14)
FN:302,(anonymous_15)
FN:317,(anonymous_16)
FN:318,(anonymous_17)
FN:327,(anonymous_18)
FN:328,(anonymous_19)
FN:337,(anonymous_20)
FN:338,(anonymous_21)
FN:354,(anonymous_22)
FN:355,(anonymous_23)
FN:364,(anonymous_24)
FN:365,(anonymous_25)
FNF:26
FNH:9
FNDA:1,(anonymous_0)
FNDA:2,(anonymous_1)
FNDA:2,(anonymous_2)
FNDA:0,(anonymous_3)
FNDA:7,(anonymous_4)
FNDA:0,(anonymous_5)
FNDA:1,(anonymous_6)
FNDA:2,(anonymous_7)
FNDA:2,(anonymous_8)
FNDA:0,(anonymous_9)
FNDA:0,(anonymous_10)
FNDA:2,(anonymous_11)
FNDA:4,(anonymous_12)
FNDA:0,(anonymous_13)
FNDA:0,(anonymous_14)
FNDA:0,(anonymous_15)
FNDA:0,(anonymous_16)
FNDA:0,(anonymous_17)
FNDA:0,(anonymous_18)
FNDA:0,(anonymous_19)
FNDA:0,(anonymous_20)
FNDA:0,(anonymous_21)
FNDA:0,(anonymous_22)
FNDA:0,(anonymous_23)
FNDA:0,(anonymous_24)
FNDA:0,(anonymous_25)
DA:43,6
DA:107,6
DA:108,1
DA:109,1
DA:115,2
DA:117,2
DA:126,0
DA:138,6
DA:139,7
DA:140,7
DA:154,0
DA:184,6
DA:185,1
DA:186,1
DA:192,2
DA:194,2
DA:203,0
DA:211,0
DA:218,6
DA:234,2
DA:235,2
DA:236,2
DA:237,2
DA:254,4
DA:272,0
DA:301,0
DA:302,0
DA:317,0
DA:318,0
DA:327,0
DA:328,0
DA:337,0
DA:338,0
DA:354,0
DA:355,0
DA:364,0
DA:365,0
LF:37
LH:20
BRF:0
BRH:0
end_of_record
TN:
SF:src/redux/index.ts
FN:35,(anonymous_0)
FN:61,(anonymous_1)
FNF:2
FNH:1
FNDA:0,(anonymous_0)
FNDA:6,(anonymous_1)
DA:23,2
DA:24,2
DA:26,2
DA:31,2
DA:32,2
DA:34,2
DA:35,0
DA:38,2
DA:48,2
DA:51,2
DA:56,2
DA:59,2
DA:62,6
LF:13
LH:12
BRDA:31,0,0,0
BRDA:31,0,1,2
BRF:2
BRH:1
end_of_record
TN:
SF:src/redux/actions/assignmentDetailsActions.ts
FN:15,getAssignmentDetails
FN:19,(anonymous_1)
FN:26,(anonymous_2)
FN:33,(anonymous_3)
FNF:4
FNH:4
FNDA:15,getAssignmentDetails
FNDA:2,(anonymous_1)
FNDA:2,(anonymous_2)
FNDA:3,(anonymous_3)
DA:16,15
DA:19,54
DA:21,2
DA:26,54
DA:28,2
DA:33,54
LF:6
LH:6
BRF:0
BRH:0
end_of_record
TN:
SF:src/redux/actions/contactDetailsActions.ts
FN:15,getContactDetails
FN:19,setRefreshingContactDetails
FN:25,(anonymous_2)
FN:32,(anonymous_3)
FNF:4
FNH:4
FNDA:12,getContactDetails
FNDA:5,setRefreshingContactDetails
FNDA:2,(anonymous_2)
FNDA:3,(anonymous_3)
DA:16,12
DA:22,5
DA:25,54
DA:27,2
DA:32,54
LF:5
LH:5
BRF:0
BRH:0
end_of_record
TN:
SF:src/redux/actions/covidDocumentActions.ts
FN:14,getCovidDocument
FN:18,setIsLoadingCovid
FN:22,(anonymous_2)
FN:31,(anonymous_3)
FNF:4
FNH:4
FNDA:4,getCovidDocument
FNDA:4,setIsLoadingCovid
FNDA:3,(anonymous_2)
FNDA:3,(anonymous_3)
DA:15,4
DA:19,4
DA:22,54
DA:25,3
DA:31,54
LF:5
LH:5
BRF:0
BRH:0
end_of_record
TN:
SF:src/redux/actions/darkModeOptionsActions.ts
FN:4,(anonymous_0)
FNF:1
FNH:1
FNDA:4,(anonymous_0)
DA:4,53
DA:7,4
LF:2
LH:2
BRF:0
BRH:0
end_of_record
TN:
SF:src/redux/actions/flightsDetailsActions.ts
FN:15,getFlightsDetails
FN:19,(anonymous_1)
FN:26,(anonymous_2)
FN:33,(anonymous_3)
FNF:4
FNH:4
FNDA:6,getFlightsDetails
FNDA:3,(anonymous_1)
FNDA:2,(anonymous_2)
FNDA:3,(anonymous_3)
DA:16,6
DA:19,54
DA:21,3
DA:26,54
DA:28,2
DA:33,54
LF:6
LH:6
BRF:0
BRH:0
end_of_record
TN:
SF:src/redux/actions/imprintDetailsActions.ts
FN:14,getImprintDetails
FN:18,(anonymous_1)
FN:25,(anonymous_2)
FNF:3
FNH:3
FNDA:10,getImprintDetails
FNDA:3,(anonymous_1)
FNDA:3,(anonymous_2)
DA:15,10
DA:18,54
DA:20,3
DA:25,54
LF:4
LH:4
BRF:0
BRH:0
end_of_record
TN:
SF:src/redux/actions/index.ts
FN:20,clearAllState
FNF:1
FNH:1
FNDA:1,clearAllState
DA:21,1
LF:1
LH:1
BRF:0
BRH:0
end_of_record
TN:
SF:src/redux/actions/newsActions.ts
FN:14,getAllNews
FN:18,(anonymous_1)
FN:23,(anonymous_2)
FN:30,(anonymous_3)
FNF:4
FNH:4
FNDA:25,getAllNews
FNDA:2,(anonymous_1)
FNDA:3,(anonymous_2)
FNDA:3,(anonymous_3)
DA:15,25
DA:18,54
DA:23,54
DA:25,3
DA:30,54
LF:5
LH:5
BRF:0
BRH:0
end_of_record
TN:
SF:src/redux/actions/notificationsActions.ts
FN:22,getNotificationsDetails
FN:26,(anonymous_1)
FN:33,(anonymous_2)
FN:40,(anonymous_3)
FN:45,sendNotificationsDetails
FN:51,(anonymous_5)
FN:55,(anonymous_6)
FN:60,setShouldRingBell
FN:67,(anonymous_8)
FN:74,(anonymous_9)
FNF:10
FNH:10
FNDA:14,getNotificationsDetails
FNDA:2,(anonymous_1)
FNDA:2,(anonymous_2)
FNDA:3,(anonymous_3)
FNDA:2,sendNotificationsDetails
FNDA:2,(anonymous_5)
FNDA:3,(anonymous_6)
FNDA:1,setShouldRingBell
FNDA:4,(anonymous_8)
FNDA:3,(anonymous_9)
DA:23,14
DA:26,54
DA:28,2
DA:33,54
DA:35,2
DA:40,54
DA:48,2
DA:51,54
DA:55,54
DA:61,1
DA:67,54
DA:69,4
DA:74,54
LF:13
LH:13
BRF:0
BRH:0
end_of_record
TN:
SF:src/redux/actions/privacyPolicyActions.ts
FN:14,getPrivacyPolicyDetails
FN:18,(anonymous_1)
FN:25,(anonymous_2)
FNF:3
FNH:3
FNDA:3,getPrivacyPolicyDetails
FNDA:2,(anonymous_1)
FNDA:3,(anonymous_2)
DA:15,3
DA:18,54
DA:20,2
DA:25,54
LF:4
LH:4
BRF:0
BRH:0
end_of_record
TN:
SF:src/redux/actions/salaryDetailsActions.ts
FN:28,getPayslipDetails
FN:32,setRefreshingPayslipDetails
FN:38,(anonymous_2)
FN:48,(anonymous_3)
FN:59,(anonymous_4)
FN:65,removePayslipDocumentsFileFromLocal
FN:70,(anonymous_6)
FN:74,(anonymous_7)
FN:83,getPayslipDocumentsFile
FN:100,(anonymous_9)
FN:107,(anonymous_10)
FN:112,setIsLoadingNewPayslip
FNF:12
FNH:12
FNDA:5,getPayslipDetails
FNDA:2,setRefreshingPayslipDetails
FNDA:13,(anonymous_2)
FNDA:4,(anonymous_3)
FNDA:3,(anonymous_4)
FNDA:2,removePayslipDocumentsFileFromLocal
FNDA:3,(anonymous_6)
FNDA:5,(anonymous_7)
FNDA:5,getPayslipDocumentsFile
FNDA:2,(anonymous_9)
FNDA:3,(anonymous_10)
FNDA:4,setIsLoadingNewPayslip
DA:29,5
DA:35,2
DA:38,54
DA:42,13
DA:48,54
DA:54,4
DA:59,54
DA:68,2
DA:70,54
DA:74,54
DA:76,5
DA:93,5
DA:100,54
DA:102,2
DA:107,54
DA:115,4
LF:16
LH:16
BRF:0
BRH:0
end_of_record
TN:
SF:src/redux/actions/seaServiceDetailsActions.ts
FN:15,getSeaServiceDetails
FN:19,setRefreshingSeaServiceDetails
FN:25,(anonymous_2)
FN:32,(anonymous_3)
FNF:4
FNH:4
FNDA:5,getSeaServiceDetails
FNDA:3,setRefreshingSeaServiceDetails
FNDA:3,(anonymous_2)
FNDA:3,(anonymous_3)
DA:16,5
DA:22,3
DA:25,54
DA:27,3
DA:32,54
LF:5
LH:5
BRF:0
BRH:0
end_of_record
TN:
SF:src/redux/actions/seafarerDetailsActions.ts
FN:17,(anonymous_0)
FN:21,(anonymous_1)
FN:28,(anonymous_2)
FN:33,(anonymous_3)
FN:41,(anonymous_4)
FNF:5
FNH:5
FNDA:18,(anonymous_0)
FNDA:5,(anonymous_1)
FNDA:3,(anonymous_2)
FNDA:3,(anonymous_3)
FNDA:3,(anonymous_4)
DA:17,54
DA:21,54
DA:23,5
DA:28,54
DA:33,54
DA:36,3
DA:41,54
LF:7
LH:7
BRF:0
BRH:0
end_of_record
TN:
SF:src/redux/actions/seafarerDocumentsActions.ts
FN:25,getSeafarerDocuments
FN:29,setRefreshingSeafarerDocuments
FN:35,(anonymous_2)
FN:50,setIsLoadingNewDocument
FN:56,removeDocumentFromLocal
FN:60,(anonymous_5)
FN:64,(anonymous_6)
FN:69,getSeafarerDocumentsFile
FN:80,(anonymous_8)
FN:87,(anonymous_9)
FN:94,(anonymous_10)
FN:100,(anonymous_11)
FNF:12
FNH:12
FNDA:7,getSeafarerDocuments
FNDA:3,setRefreshingSeafarerDocuments
FNDA:13,(anonymous_2)
FNDA:5,setIsLoadingNewDocument
FNDA:2,removeDocumentFromLocal
FNDA:3,(anonymous_5)
FNDA:3,(anonymous_6)
FNDA:12,getSeafarerDocumentsFile
FNDA:6,(anonymous_8)
FNDA:2,(anonymous_9)
FNDA:3,(anonymous_10)
FNDA:3,(anonymous_11)
DA:26,7
DA:32,3
DA:35,54
DA:44,13
DA:53,5
DA:57,2
DA:60,54
DA:64,54
DA:73,12
DA:80,54
DA:82,6
DA:87,54
DA:89,2
DA:94,54
DA:95,3
DA:100,54
LF:16
LH:16
BRF:0
BRH:0
end_of_record
TN:
SF:src/redux/actions/termsAndConditionsActions.ts
FN:14,getTermsAndConditionsDetails
FN:18,(anonymous_1)
FN:25,(anonymous_2)
FNF:3
FNH:3
FNDA:3,getTermsAndConditionsDetails
FNDA:2,(anonymous_1)
FNDA:3,(anonymous_2)
DA:15,3
DA:18,54
DA:20,2
DA:25,54
DA:27,3
LF:5
LH:5
BRF:0
BRH:0
end_of_record
TN:
SF:src/redux/actions/websocketActions.ts
FN:29,setWebsocketData
FN:33,setRefreshingHistoryData
FN:40,getDirectMessage
FN:47,setHistoryMessage
FN:53,sendEvent
FN:60,setInitialHistory
FN:69,setMyProfile
FN:76,setIsOnline
FN:85,setPushNotificationToPop
FN:94,clearSentMessage
FN:100,setWhoIsAround
FN:109,receiveConversationForChat
FN:118,setChatUsers
FNF:13
FNH:13
FNDA:8,setWebsocketData
FNDA:2,setRefreshingHistoryData
FNDA:3,getDirectMessage
FNDA:11,setHistoryMessage
FNDA:13,sendEvent
FNDA:3,setInitialHistory
FNDA:3,setMyProfile
FNDA:3,setIsOnline
FNDA:7,setPushNotificationToPop
FNDA:1,clearSentMessage
FNDA:3,setWhoIsAround
FNDA:3,receiveConversationForChat
FNDA:1,setChatUsers
DA:30,8
DA:34,2
DA:44,3
DA:50,11
DA:54,13
DA:63,3
DA:70,3
DA:79,3
DA:88,7
DA:95,1
DA:103,3
DA:112,3
DA:119,1
LF:13
LH:13
BRF:0
BRH:0
end_of_record
TN:
SF:src/redux/actions/workingClothesActions.ts
FN:15,(anonymous_0)
FN:19,(anonymous_1)
FN:26,(anonymous_2)
FN:33,(anonymous_3)
FNF:4
FNH:4
FNDA:5,(anonymous_0)
FNDA:3,(anonymous_1)
FNDA:3,(anonymous_2)
FNDA:3,(anonymous_3)
DA:15,54
DA:19,54
DA:21,3
DA:26,54
DA:28,3
DA:33,54
LF:6
LH:6
BRF:0
BRH:0
end_of_record
TN:
SF:src/redux/constants/assignmentDetailsConstants.ts
FNF:0
FNH:0
DA:1,85
DA:2,85
DA:3,85
DA:5,85
LF:4
LH:4
BRF:0
BRH:0
end_of_record
TN:
SF:src/redux/constants/contactDetailsConstants.ts
FNF:0
FNH:0
DA:1,85
DA:2,85
DA:3,85
DA:4,85
LF:4
LH:4
BRF:0
BRH:0
end_of_record
TN:
SF:src/redux/constants/covidDocumentConstants.ts
FNF:0
FNH:0
DA:1,85
DA:2,85
DA:3,85
DA:4,85
LF:4
LH:4
BRF:0
BRH:0
end_of_record
TN:
SF:src/redux/constants/darkModeOptionsConstants.ts
FNF:0
FNH:0
DA:1,85
DA:2,85
LF:2
LH:2
BRF:0
BRH:0
end_of_record
TN:
SF:src/redux/constants/flightsDetailsConstants.ts
FNF:0
FNH:0
DA:1,85
DA:2,85
DA:3,85
DA:4,85
LF:4
LH:4
BRF:0
BRH:0
end_of_record
TN:
SF:src/redux/constants/imprintDetailsConstants.ts
FNF:0
FNH:0
DA:1,85
DA:2,85
DA:3,85
LF:3
LH:3
BRF:0
BRH:0
end_of_record
TN:
SF:src/redux/constants/index.ts
FNF:0
FNH:0
DA:17,85
LF:1
LH:1
BRF:0
BRH:0
end_of_record
TN:
SF:src/redux/constants/newsConstants.ts
FNF:0
FNH:0
DA:1,85
DA:2,85
DA:3,85
DA:4,85
LF:4
LH:4
BRF:0
BRH:0
end_of_record
TN:
SF:src/redux/constants/notificationsConstants.ts
FNF:0
FNH:0
DA:1,85
DA:3,85
DA:4,85
DA:5,85
DA:7,85
DA:9,85
DA:10,85
DA:11,85
DA:12,85
DA:14,85
LF:10
LH:10
BRF:0
BRH:0
end_of_record
TN:
SF:src/redux/constants/privacyPolicyConstants.ts
FNF:0
FNH:0
DA:1,85
DA:3,85
DA:5,85
LF:3
LH:3
BRF:0
BRH:0
end_of_record
TN:
SF:src/redux/constants/salaryDetailsConstants.ts
FNF:0
FNH:0
DA:2,85
DA:3,85
DA:4,85
DA:5,85
DA:7,85
DA:9,85
DA:11,85
DA:13,85
DA:14,85
DA:16,85
DA:18,85
DA:19,85
LF:12
LH:12
BRF:0
BRH:0
end_of_record
TN:
SF:src/redux/constants/seaServiceDetailsConstants.ts
FNF:0
FNH:0
DA:1,85
DA:3,85
DA:5,85
DA:6,85
LF:4
LH:4
BRF:0
BRH:0
end_of_record
TN:
SF:src/redux/constants/seafarerDetailsConstants.ts
FNF:0
FNH:0
DA:1,85
DA:3,85
DA:4,85
DA:6,85
DA:7,85
LF:5
LH:5
BRF:0
BRH:0
end_of_record
TN:
SF:src/redux/constants/seafarerDocumentsConstants.ts
FNF:0
FNH:0
DA:1,85
DA:3,85
DA:4,85
DA:5,85
DA:6,85
DA:7,85
DA:9,85
DA:12,85
DA:14,85
DA:15,85
DA:17,85
DA:19,85
LF:12
LH:12
BRF:0
BRH:0
end_of_record
TN:
SF:src/redux/constants/termsAndConditionsConstants.ts
FNF:0
FNH:0
DA:2,85
DA:4,85
DA:6,85
LF:3
LH:3
BRF:0
BRH:0
end_of_record
TN:
SF:src/redux/constants/websocketConstants.ts
FNF:0
FNH:0
DA:1,85
DA:2,85
DA:3,85
DA:4,85
DA:5,85
DA:6,85
DA:7,85
DA:8,85
DA:9,85
DA:10,85
DA:11,85
DA:12,85
DA:13,85
LF:13
LH:13
BRF:0
BRH:0
end_of_record
TN:
SF:src/redux/constants/workingClothesConstants.ts
FNF:0
FNH:0
DA:1,85
DA:3,85
DA:5,85
DA:7,85
LF:4
LH:4
BRF:0
BRH:0
end_of_record
TN:
SF:src/redux/reducers/assignmentDetailsReducer.ts
FN:24,(anonymous_0)
FNF:1
FNH:1
FNDA:24,(anonymous_0)
DA:19,7
DA:31,24
DA:33,1
DA:39,1
DA:44,1
DA:49,1
DA:51,20
LF:7
LH:7
BRDA:25,0,0,15
BRDA:31,1,0,1
BRDA:31,1,1,1
BRDA:31,1,2,1
BRDA:31,1,3,1
BRDA:31,1,4,20
BRF:6
BRH:6
end_of_record
TN:
SF:src/redux/reducers/contactDetailsReducer.ts
FN:28,(anonymous_0)
FNF:1
FNH:1
FNDA:24,(anonymous_0)
DA:19,7
DA:32,24
DA:34,1
DA:40,1
DA:42,1
DA:47,1
DA:52,20
LF:7
LH:7
BRDA:29,0,0,15
BRDA:32,1,0,1
BRDA:32,1,1,1
BRDA:32,1,2,1
BRDA:32,1,3,1
BRDA:32,1,4,20
BRF:6
BRH:6
end_of_record
TN:
SF:src/redux/reducers/covidDocumentReducer.ts
FN:23,(anonymous_0)
FNF:1
FNH:1
FNDA:24,(anonymous_0)
DA:18,7
DA:27,24
DA:29,1
DA:34,1
DA:39,1
DA:45,1
DA:47,20
LF:7
LH:7
BRDA:24,0,0,15
BRDA:27,1,0,1
BRDA:27,1,1,1
BRDA:27,1,2,1
BRDA:27,1,3,1
BRDA:27,1,4,20
BRF:6
BRH:6
end_of_record
TN:
SF:src/redux/reducers/darkModeOptionsReducer.ts
FN:14,(anonymous_0)
FNF:1
FNH:1
FNDA:22,(anonymous_0)
DA:9,7
DA:18,22
DA:20,1
DA:26,1
DA:31,20
LF:5
LH:5
BRDA:15,0,0,15
BRDA:18,1,0,1
BRDA:18,1,1,1
BRDA:18,1,2,20
BRF:4
BRH:4
end_of_record
TN:
SF:src/redux/reducers/flightDetailsReducer.ts
FN:25,(anonymous_0)
FNF:1
FNH:1
FNDA:24,(anonymous_0)
DA:20,7
DA:32,24
DA:34,1
DA:40,1
DA:45,1
DA:50,1
DA:52,20
LF:7
LH:7
BRDA:26,0,0,15
BRDA:32,1,0,1
BRDA:32,1,1,1
BRDA:32,1,2,1
BRDA:32,1,3,1
BRDA:32,1,4,20
BRF:6
BRH:6
end_of_record
TN:
SF:src/redux/reducers/imprintDetailsReducer.ts
FN:18,(anonymous_0)
FNF:1
FNH:1
FNDA:22,(anonymous_0)
DA:14,7
DA:22,22
DA:24,1
DA:30,1
DA:32,20
LF:5
LH:5
BRDA:19,0,0,15
BRDA:22,1,0,1
BRDA:22,1,1,1
BRDA:22,1,2,20
BRF:4
BRH:4
end_of_record
TN:
SF:src/redux/reducers/index.ts
FN:128,(anonymous_0)
FNF:1
FNH:1
FNDA:2,(anonymous_0)
DA:88,6
DA:108,6
DA:128,2
LF:3
LH:3
BRF:0
BRH:0
end_of_record
TN:
SF:src/redux/reducers/newsReducer.ts
FN:23,(anonymous_0)
FNF:1
FNH:1
FNDA:24,(anonymous_0)
DA:19,7
DA:27,24
DA:29,1
DA:35,1
DA:37,1
DA:41,1
DA:46,20
LF:7
LH:7
BRDA:24,0,0,15
BRDA:27,1,0,1
BRDA:27,1,1,1
BRDA:27,1,2,1
BRDA:27,1,3,1
BRDA:27,1,4,20
BRF:6
BRH:6
end_of_record
TN:
SF:src/redux/reducers/notificationsReducer.ts
FN:27,(anonymous_0)
FNF:1
FNH:1
FNDA:25,(anonymous_0)
DA:21,7
DA:34,25
DA:36,1
DA:42,1
DA:47,1
DA:52,1
DA:58,1
DA:60,20
LF:8
LH:8
BRDA:28,0,0,15
BRDA:34,1,0,1
BRDA:34,1,1,1
BRDA:34,1,2,1
BRDA:34,1,3,1
BRDA:34,1,4,1
BRDA:34,1,5,20
BRF:7
BRH:7
end_of_record
TN:
SF:src/redux/reducers/privacyPolicyReducer.ts
FN:22,(anonymous_0)
FNF:1
FNH:1
FNDA:22,(anonymous_0)
DA:17,7
DA:29,22
DA:31,1
DA:37,1
DA:39,20
LF:5
LH:5
BRDA:23,0,0,15
BRDA:29,1,0,1
BRDA:29,1,1,1
BRDA:29,1,2,20
BRF:4
BRH:4
end_of_record
TN:
SF:src/redux/reducers/salaryDetailsReducer.ts
FN:45,(anonymous_0)
FNF:1
FNH:1
FNDA:29,(anonymous_0)
DA:30,7
DA:49,29
DA:51,2
DA:61,2
DA:66,1
DA:72,1
DA:77,1
DA:79,1
DA:85,1
DA:90,20
LF:10
LH:10
BRDA:46,0,0,15
BRDA:49,1,0,2
BRDA:49,1,1,1
BRDA:49,1,2,2
BRDA:49,1,3,1
BRDA:49,1,4,1
BRDA:49,1,5,1
BRDA:49,1,6,1
BRDA:49,1,7,1
BRDA:49,1,8,20
BRDA:55,2,0,1
BRDA:55,2,1,1
BRF:12
BRH:12
end_of_record
TN:
SF:src/redux/reducers/seaServiceDetailsReducer.ts
FN:24,(anonymous_0)
FNF:1
FNH:1
FNDA:24,(anonymous_0)
DA:19,7
DA:31,24
DA:33,1
DA:39,1
DA:44,1
DA:49,1
DA:51,20
LF:7
LH:7
BRDA:25,0,0,15
BRDA:31,1,0,1
BRDA:31,1,1,1
BRDA:31,1,2,1
BRDA:31,1,3,1
BRDA:31,1,4,20
BRF:6
BRH:6
end_of_record
TN:
SF:src/redux/reducers/seafarerDetailsReducer.ts
FN:26,(anonymous_0)
FNF:1
FNH:1
FNDA:25,(anonymous_0)
DA:22,7
DA:33,25
DA:36,2
DA:41,1
DA:48,1
DA:50,1
DA:55,20
LF:7
LH:7
BRDA:27,0,0,15
BRDA:33,1,0,1
BRDA:33,1,1,2
BRDA:33,1,2,1
BRDA:33,1,3,1
BRDA:33,1,4,1
BRDA:33,1,5,20
BRF:7
BRH:7
end_of_record
TN:
SF:src/redux/reducers/seafarerDocumentsReducer.ts
FN:43,(anonymous_0)
FNF:1
FNH:1
FNDA:27,(anonymous_0)
DA:29,7
DA:47,27
DA:49,1
DA:55,1
DA:61,1
DA:68,1
DA:73,1
DA:78,1
DA:83,1
DA:85,20
LF:10
LH:10
BRDA:44,0,0,15
BRDA:47,1,0,1
BRDA:47,1,1,1
BRDA:47,1,2,1
BRDA:47,1,3,1
BRDA:47,1,4,1
BRDA:47,1,5,1
BRDA:47,1,6,1
BRDA:47,1,7,20
BRF:9
BRH:9
end_of_record
TN:
SF:src/redux/reducers/termsAndConditionsReducer.ts
FN:22,(anonymous_0)
FNF:1
FNH:1
FNDA:22,(anonymous_0)
DA:17,7
DA:29,22
DA:31,1
DA:37,1
DA:39,20
LF:5
LH:5
BRDA:23,0,0,15
BRDA:29,1,0,1
BRDA:29,1,1,1
BRDA:29,1,2,20
BRF:4
BRH:4
end_of_record
TN:
SF:src/redux/reducers/websocketReducer.ts
FN:62,(anonymous_0)
FNF:1
FNH:1
FNDA:34,(anonymous_0)
DA:42,7
DA:66,34
DA:68,1
DA:69,1
DA:75,1
DA:81,1
DA:86,1
DA:92,1
DA:98,1
DA:105,1
DA:111,1
DA:117,1
DA:123,2
DA:131,1
DA:137,1
DA:142,1
DA:144,20
LF:17
LH:17
BRDA:63,0,0,15
BRDA:66,1,0,1
BRDA:66,1,1,1
BRDA:66,1,2,1
BRDA:66,1,3,1
BRDA:66,1,4,1
BRDA:66,1,5,1
BRDA:66,1,6,1
BRDA:66,1,7,1
BRDA:66,1,8,1
BRDA:66,1,9,2
BRDA:66,1,10,1
BRDA:66,1,11,1
BRDA:66,1,12,1
BRDA:66,1,13,20
BRDA:127,2,0,1
BRDA:127,2,1,1
BRF:17
BRH:17
end_of_record
TN:
SF:src/redux/reducers/workingClothesReducer.ts
FN:24,(anonymous_0)
FNF:1
FNH:1
FNDA:24,(anonymous_0)
DA:19,7
DA:31,24
DA:33,1
DA:39,1
DA:41,1
DA:46,1
DA:51,20
LF:7
LH:7
BRDA:25,0,0,15
BRDA:31,1,0,1
BRDA:31,1,1,1
BRDA:31,1,2,1
BRDA:31,1,3,1
BRDA:31,1,4,20
BRF:6
BRH:6
end_of_record
TN:
SF:src/redux/sagas/assignmentDetailsSagas.ts
FN:10,(anonymous_0)
FN:16,(anonymous_1)
FN:18,getAssignmentDetailsFn
FN:30,watchGetAssignmentDetails
FN:34,rootSaga
FNF:5
FNH:5
FNDA:1,(anonymous_0)
FNDA:1,(anonymous_1)
FNDA:2,getAssignmentDetailsFn
FNDA:3,watchGetAssignmentDetails
FNDA:5,rootSaga
DA:10,4
DA:13,1
DA:16,1
DA:19,2
DA:20,2
DA:23,1
DA:25,1
DA:26,1
DA:31,3
DA:35,5
LF:10
LH:10
BRF:0
BRH:0
end_of_record
TN:
SF:src/redux/sagas/contactDetailsSagas.ts
FN:7,(anonymous_0)
FN:13,(anonymous_1)
FN:15,getContactDetailsFn
FN:25,watchGetContactDetails
FN:29,rootSaga
FNF:5
FNH:5
FNDA:1,(anonymous_0)
FNDA:1,(anonymous_1)
FNDA:2,getContactDetailsFn
FNDA:3,watchGetContactDetails
FNDA:5,rootSaga
DA:7,4
DA:10,1
DA:13,1
DA:16,2
DA:17,2
DA:19,1
DA:21,1
DA:26,3
DA:30,5
LF:9
LH:9
BRF:0
BRH:0
end_of_record
TN:
SF:src/redux/sagas/covidDocumentSagas.ts
FN:11,(anonymous_0)
FN:15,(anonymous_1)
FN:19,getCovidDocumentFn
FN:30,watchGetCovidDocument
FN:34,rootSaga
FNF:5
FNH:5
FNDA:1,(anonymous_0)
FNDA:1,(anonymous_1)
FNDA:2,getCovidDocumentFn
FNDA:3,watchGetCovidDocument
FNDA:5,rootSaga
DA:11,4
DA:12,1
DA:16,1
DA:20,2
DA:21,2
DA:22,1
DA:23,1
DA:25,1
DA:26,1
DA:31,3
DA:35,5
LF:11
LH:11
BRF:0
BRH:0
end_of_record
TN:
SF:src/redux/sagas/flightDetailsSaga.ts
FN:7,(anonymous_0)
FN:13,(anonymous_1)
FN:15,getFlightDetailsFn
FN:25,watchGetFlightDetails
FN:29,rootSaga
FNF:5
FNH:5
FNDA:1,(anonymous_0)
FNDA:1,(anonymous_1)
FNDA:2,getFlightDetailsFn
FNDA:3,watchGetFlightDetails
FNDA:5,rootSaga
DA:7,4
DA:10,1
DA:13,1
DA:16,2
DA:17,2
DA:18,1
DA:20,1
DA:21,1
DA:26,3
DA:30,5
LF:10
LH:10
BRF:0
BRH:0
end_of_record
TN:
SF:src/redux/sagas/imprintDetailsSagas.ts
FN:7,(anonymous_0)
FN:10,(anonymous_1)
FN:14,getImprintDetailsFn
FN:24,watchGetImprintDetails
FN:28,rootSaga
FNF:5
FNH:5
FNDA:1,(anonymous_0)
FNDA:1,(anonymous_1)
FNDA:2,getImprintDetailsFn
FNDA:3,watchGetImprintDetails
FNDA:5,rootSaga
DA:7,4
DA:10,1
DA:11,1
DA:15,2
DA:16,2
DA:17,1
DA:19,1
DA:20,1
DA:25,3
DA:29,5
LF:10
LH:10
BRF:0
BRH:0
end_of_record
TN:
SF:src/redux/sagas/index.ts
FN:20,root
FNF:1
FNH:1
FNDA:3,root
DA:21,3
LF:1
LH:1
BRF:0
BRH:0
end_of_record
TN:
SF:src/redux/sagas/newsSagas.ts
FN:7,(anonymous_0)
FN:11,(anonymous_1)
FN:13,getAllNewsFn
FN:23,watchGetAllNews
FN:27,rootSaga
FNF:5
FNH:5
FNDA:1,(anonymous_0)
FNDA:1,(anonymous_1)
FNDA:2,getAllNewsFn
FNDA:3,watchGetAllNews
FNDA:5,rootSaga
DA:7,4
DA:8,1
DA:11,1
DA:14,2
DA:15,2
DA:16,1
DA:18,1
DA:19,1
DA:24,3
DA:28,5
LF:10
LH:10
BRF:0
BRH:0
end_of_record
TN:
SF:src/redux/sagas/notificationsSagas.ts
FN:24,(anonymous_0)
FN:30,(anonymous_1)
FN:32,getNotificationsDetailsFn
FN:44,watchGetNotificationsDetails
FN:48,(anonymous_4)
FN:55,(anonymous_5)
FN:57,sendNotificationsDetailsFn
FN:67,watchSetNotificationsDetails
FN:71,setShouldRingBellFn
FN:80,watchSetShouldRingBell
FN:84,rootSaga
FNF:11
FNH:11
FNDA:1,(anonymous_0)
FNDA:1,(anonymous_1)
FNDA:2,getNotificationsDetailsFn
FNDA:3,watchGetNotificationsDetails
FNDA:1,(anonymous_4)
FNDA:1,(anonymous_5)
FNDA:2,sendNotificationsDetailsFn
FNDA:3,watchSetNotificationsDetails
FNDA:2,setShouldRingBellFn
FNDA:3,watchSetShouldRingBell
FNDA:5,rootSaga
DA:24,4
DA:27,1
DA:30,1
DA:33,2
DA:34,2
DA:38,1
DA:40,1
DA:45,3
DA:48,4
DA:51,1
DA:55,1
DA:58,2
DA:59,2
DA:60,1
DA:61,1
DA:63,1
DA:68,3
DA:72,2
DA:73,2
DA:74,2
DA:76,1
DA:81,3
DA:85,5
LF:23
LH:23
BRF:0
BRH:0
end_of_record
TN:
SF:src/redux/sagas/privacyPolicySagas.ts
FN:10,(anonymous_0)
FN:16,(anonymous_1)
FN:18,getPrivacyPolicyDetailsFn
FN:30,watchGetPrivacyPolicyDetails
FN:34,rootSaga
FNF:5
FNH:5
FNDA:1,(anonymous_0)
FNDA:1,(anonymous_1)
FNDA:2,getPrivacyPolicyDetailsFn
FNDA:3,watchGetPrivacyPolicyDetails
FNDA:5,rootSaga
DA:10,4
DA:13,1
DA:16,1
DA:19,2
DA:20,2
DA:23,1
DA:25,1
DA:26,1
DA:31,3
DA:35,5
LF:10
LH:10
BRF:0
BRH:0
end_of_record
TN:
SF:src/redux/sagas/salaryDetailsSagas.ts
FN:32,(anonymous_0)
FN:39,(anonymous_1)
FN:40,(anonymous_2)
FN:46,(anonymous_3)
FN:53,(anonymous_4)
FN:54,(anonymous_5)
FN:58,getPayslipDetailsFn
FN:75,(anonymous_7)
FN:90,(anonymous_8)
FN:100,removePayslipDocumentFromLocalFn
FN:128,(anonymous_10)
FN:141,getPayslipDocumentsFileFn
FN:188,watchGetPayslipDetails
FN:192,watchGetPayslipDocumentsFile
FN:196,watchRemovePayslipDocumentsFileFromLocal
FN:203,rootSaga
FNF:16
FNH:16
FNDA:2,(anonymous_0)
FNDA:1,(anonymous_1)
FNDA:1,(anonymous_2)
FNDA:2,(anonymous_3)
FNDA:1,(anonymous_4)
FNDA:1,(anonymous_5)
FNDA:2,getPayslipDetailsFn
FNDA:1,(anonymous_7)
FNDA:1,(anonymous_8)
FNDA:3,removePayslipDocumentFromLocalFn
FNDA:1,(anonymous_10)
FNDA:3,getPayslipDocumentsFileFn
FNDA:3,watchGetPayslipDetails
FNDA:3,watchGetPayslipDocumentsFile
FNDA:3,watchRemovePayslipDocumentsFileFromLocal
FNDA:5,rootSaga
DA:32,4
DA:35,2
DA:39,1
DA:41,1
DA:43,2
DA:46,4
DA:49,2
DA:53,1
DA:55,1
DA:59,2
DA:60,2
DA:63,2
DA:67,1
DA:69,1
DA:70,1
DA:75,4
DA:79,1
DA:80,1
DA:81,1
DA:90,4
DA:93,1
DA:94,1
DA:103,3
DA:104,3
DA:105,2
DA:106,1
DA:107,1
DA:108,1
DA:111,1
DA:112,1
DA:116,1
DA:119,2
DA:120,2
DA:121,2
DA:128,4
DA:131,1
DA:132,1
DA:138,1
DA:145,3
DA:146,3
DA:147,2
DA:148,1
DA:151,1
DA:155,1
DA:160,1
DA:163,1
DA:164,1
DA:168,1
DA:169,1
DA:173,1
DA:174,1
DA:177,1
DA:180,1
DA:181,1
DA:182,1
DA:189,3
DA:193,3
DA:197,3
DA:204,5
LF:59
LH:59
BRDA:104,0,0,2
BRDA:104,0,1,1
BRDA:122,1,0,2
BRDA:122,1,1,1
BRDA:146,2,0,2
BRDA:146,2,1,1
BRDA:147,3,0,1
BRDA:147,3,1,1
BRDA:183,4,0,1
BRDA:183,4,1,1
BRF:10
BRH:10
end_of_record
TN:
SF:src/redux/sagas/seaServiceDetailsSagas.ts
FN:10,(anonymous_0)
FN:16,(anonymous_1)
FN:18,getSeaServiceDetailsFn
FN:30,watchGetSeaServiceDetails
FN:34,rootSaga
FNF:5
FNH:5
FNDA:1,(anonymous_0)
FNDA:1,(anonymous_1)
FNDA:2,getSeaServiceDetailsFn
FNDA:3,watchGetSeaServiceDetails
FNDA:5,rootSaga
DA:10,4
DA:13,1
DA:16,1
DA:19,2
DA:20,2
DA:24,1
DA:26,1
DA:31,3
DA:35,5
LF:9
LH:9
BRF:0
BRH:0
end_of_record
TN:
SF:src/redux/sagas/seafarerDetailsSagas.ts
FN:12,(anonymous_0)
FN:18,(anonymous_1)
FN:21,(anonymous_2)
FN:28,(anonymous_3)
FN:29,(anonymous_4)
FN:32,getAllSeafarerDetailsFn
FN:51,watchGetSeafarerDetails
FN:55,rootSaga
FNF:8
FNH:8
FNDA:1,(anonymous_0)
FNDA:1,(anonymous_1)
FNDA:2,(anonymous_2)
FNDA:1,(anonymous_3)
FNDA:1,(anonymous_4)
FNDA:2,getAllSeafarerDetailsFn
FNDA:3,watchGetSeafarerDetails
FNDA:5,rootSaga
DA:12,4
DA:15,1
DA:18,1
DA:21,4
DA:24,2
DA:28,1
DA:29,1
DA:33,2
DA:34,2
DA:35,1
DA:38,1
DA:42,1
DA:46,1
DA:47,1
DA:52,3
DA:56,5
LF:16
LH:16
BRF:0
BRH:0
end_of_record
TN:
SF:src/redux/sagas/seafarerDocumentsSagas.ts
FN:32,(anonymous_0)
FN:39,(anonymous_1)
FN:40,(anonymous_2)
FN:68,(anonymous_3)
FN:85,(anonymous_4)
FN:101,(anonymous_5)
FN:114,getSeafarerDocumentsFn
FN:126,removeDocumentFromLocalFn
FN:164,getSeafarerDocumentsFileFn
FN:216,watchGetSeafarerDocuments
FN:220,watchRemoveDocumentFromLocalFile
FN:224,watchGetSeafarerDocumentsFile
FN:228,rootSaga
FNF:13
FNH:13
FNDA:2,(anonymous_0)
FNDA:1,(anonymous_1)
FNDA:1,(anonymous_2)
FNDA:1,(anonymous_3)
FNDA:1,(anonymous_4)
FNDA:1,(anonymous_5)
FNDA:2,getSeafarerDocumentsFn
FNDA:2,removeDocumentFromLocalFn
FNDA:3,getSeafarerDocumentsFileFn
FNDA:3,watchGetSeafarerDocuments
FNDA:3,watchRemoveDocumentFromLocalFile
FNDA:3,watchGetSeafarerDocumentsFile
FNDA:5,rootSaga
DA:32,4
DA:35,2
DA:39,1
DA:41,1
DA:44,2
DA:49,2
DA:53,2
DA:57,2
DA:62,2
DA:68,4
DA:76,1
DA:77,1
DA:85,4
DA:89,1
DA:90,1
DA:91,1
DA:101,4
DA:104,1
DA:105,1
DA:111,1
DA:115,2
DA:116,2
DA:119,1
DA:121,1
DA:122,1
DA:129,2
DA:130,2
DA:131,2
DA:138,1
DA:139,1
DA:140,1
DA:143,1
DA:144,1
DA:152,1
DA:153,1
DA:154,1
DA:168,3
DA:169,3
DA:170,3
DA:171,1
DA:178,1
DA:182,1
DA:183,1
DA:186,1
DA:187,1
DA:195,2
DA:196,1
DA:200,1
DA:201,1
DA:204,1
DA:205,1
DA:206,1
DA:217,3
DA:221,3
DA:225,3
DA:229,5
LF:56
LH:56
BRDA:170,0,0,1
BRDA:170,0,1,2
BRF:2
BRH:2
end_of_record
TN:
SF:src/redux/sagas/termsAndConditionsSagas.ts
FN:10,(anonymous_0)
FN:16,(anonymous_1)
FN:18,getTermsAndConditionsDetailsFn
FN:30,watchGetTermsAndConditionsDetails
FN:37,rootSaga
FNF:5
FNH:5
FNDA:1,(anonymous_0)
FNDA:1,(anonymous_1)
FNDA:2,getTermsAndConditionsDetailsFn
FNDA:3,watchGetTermsAndConditionsDetails
FNDA:5,rootSaga
DA:10,4
DA:13,1
DA:16,1
DA:19,2
DA:20,2
DA:23,1
DA:25,1
DA:26,1
DA:31,3
DA:38,5
LF:10
LH:10
BRF:0
BRH:0
end_of_record
TN:
SF:src/redux/sagas/websocketSagas.ts
FN:41,(anonymous_0)
FN:46,(anonymous_1)
FN:49,(anonymous_2)
FN:53,handleGetMessage
FN:63,handleSetHistoryMessage
FN:72,(anonymous_5)
FN:73,(anonymous_6)
FN:80,(anonymous_7)
FN:126,(anonymous_8)
FN:129,(anonymous_9)
FN:133,handleMarkConversationRead
FN:143,(anonymous_11)
FN:150,handleInAppPushNotification
FN:157,(anonymous_13)
FN:158,(anonymous_14)
FN:174,handleSetInitialHistory
FN:178,handleReceiveConversationForChat
FN:184,handleSendMessage
FN:197,chooseMessageType
FN:287,watchSetWebsocketData
FN:291,rootSaga
FNF:21
FNH:21
FNDA:2,(anonymous_0)
FNDA:2,(anonymous_1)
FNDA:2,(anonymous_2)
FNDA:1,handleGetMessage
FNDA:4,handleSetHistoryMessage
FNDA:4,(anonymous_5)
FNDA:2,(anonymous_6)
FNDA:4,(anonymous_7)
FNDA:3,(anonymous_8)
FNDA:1,(anonymous_9)
FNDA:1,handleMarkConversationRead
FNDA:2,(anonymous_11)
FNDA:3,handleInAppPushNotification
FNDA:2,(anonymous_13)
FNDA:2,(anonymous_14)
FNDA:1,handleSetInitialHistory
FNDA:1,handleReceiveConversationForChat
FNDA:1,handleSendMessage
FNDA:14,chooseMessageType
FNDA:3,watchSetWebsocketData
FNDA:5,rootSaga
DA:41,4
DA:44,2
DA:46,4
DA:47,2
DA:49,4
DA:50,2
DA:54,1
DA:55,1
DA:59,1
DA:60,1
DA:67,4
DA:70,4
DA:72,4
DA:73,4
DA:76,4
DA:80,4
DA:83,4
DA:121,4
DA:123,4
DA:127,3
DA:129,1
DA:130,4
DA:134,1
DA:138,1
DA:142,1
DA:144,2
DA:147,1
DA:151,3
DA:152,3
DA:153,3
DA:156,3
DA:157,3
DA:158,3
DA:159,3
DA:160,2
DA:170,1
DA:175,1
DA:181,1
DA:185,1
DA:194,1
DA:198,14
DA:199,14
DA:201,1
DA:202,1
DA:203,1
DA:204,1
DA:207,1
DA:208,1
DA:209,1
DA:214,1
DA:215,1
DA:218,1
DA:219,1
DA:220,1
DA:221,1
DA:224,1
DA:225,1
DA:226,1
DA:227,1
DA:230,1
DA:231,1
DA:232,1
DA:233,1
DA:234,1
DA:237,1
DA:238,1
DA:239,1
DA:242,1
DA:243,1
DA:244,1
DA:247,1
DA:248,1
DA:249,1
DA:250,1
DA:253,1
DA:254,1
DA:255,1
DA:258,1
DA:261,1
DA:262,1
DA:265,1
DA:266,1
DA:267,1
DA:268,1
DA:271,1
DA:272,1
DA:273,1
DA:276,1
DA:277,1
DA:278,1
DA:279,1
DA:282,1
DA:288,3
DA:292,5
LF:94
LH:94
BRDA:44,0,0,2
BRDA:44,0,1,1
BRDA:47,1,0,2
BRDA:47,1,1,1
BRDA:50,2,0,2
BRDA:50,2,1,1
BRDA:76,3,0,2
BRDA:76,3,1,2
BRDA:83,4,0,2
BRDA:83,4,1,2
BRDA:92,5,0,1
BRDA:92,5,1,1
BRDA:116,6,0,1
BRDA:116,6,1,1
BRDA:123,7,0,2
BRDA:123,7,1,2
BRDA:127,8,0,2
BRDA:127,8,1,1
BRDA:144,9,0,1
BRDA:144,9,1,1
BRDA:159,10,0,2
BRDA:159,10,1,1
BRDA:159,11,0,3
BRDA:159,11,1,2
BRDA:199,12,0,1
BRDA:199,12,1,1
BRDA:199,12,2,1
BRDA:199,12,3,1
BRDA:199,12,4,1
BRDA:199,12,5,1
BRDA:199,12,6,1
BRDA:199,12,7,1
BRDA:199,12,8,1
BRDA:199,12,9,1
BRDA:199,12,10,1
BRDA:199,12,11,1
BRDA:199,12,12,1
BRDA:199,12,13,1
BRF:38
BRH:38
end_of_record
TN:
SF:src/redux/sagas/workingClothesDetailsSagas.ts
FN:10,(anonymous_0)
FN:16,(anonymous_1)
FN:18,getWorkingClothesDetailsFn
FN:30,watchGetWorkingClothesDetails
FN:34,rootSaga
FNF:5
FNH:5
FNDA:1,(anonymous_0)
FNDA:1,(anonymous_1)
FNDA:2,getWorkingClothesDetailsFn
FNDA:3,watchGetWorkingClothesDetails
FNDA:5,rootSaga
DA:10,4
DA:13,1
DA:16,1
DA:19,2
DA:20,2
DA:24,1
DA:26,1
DA:31,3
DA:35,5
LF:9
LH:9
BRF:0
BRH:0
end_of_record
TN:
SF:src/screens/AssignmentScreen.tsx
FN:39,(anonymous_0)
FN:41,(anonymous_1)
FN:61,(anonymous_2)
FN:79,(anonymous_3)
FN:83,(anonymous_4)
FN:94,(anonymous_5)
FN:101,(anonymous_6)
FN:107,(anonymous_7)
FN:118,(anonymous_8)
FN:121,(anonymous_9)
FN:127,(anonymous_10)
FN:137,(anonymous_11)
FN:142,(anonymous_12)
FN:158,(anonymous_13)
FN:186,(anonymous_14)
FN:233,(anonymous_15)
FNF:16
FNH:16
FNDA:31,(anonymous_0)
FNDA:87,(anonymous_1)
FNDA:87,(anonymous_2)
FNDA:13,(anonymous_3)
FNDA:13,(anonymous_4)
FNDA:1,(anonymous_5)
FNDA:1,(anonymous_6)
FNDA:1,(anonymous_7)
FNDA:87,(anonymous_8)
FNDA:87,(anonymous_9)
FNDA:13,(anonymous_10)
FNDA:1,(anonymous_11)
FNDA:1,(anonymous_12)
FNDA:31,(anonymous_13)
FNDA:1,(anonymous_14)
FNDA:1,(anonymous_15)
DA:39,4
DA:40,31
DA:41,87
DA:51,31
DA:62,87
DA:66,87
DA:67,87
DA:68,87
DA:79,31
DA:80,13
DA:83,31
DA:84,13
DA:89,13
DA:93,13
DA:94,11
DA:95,1
DA:102,1
DA:108,1
DA:117,31
DA:118,87
DA:120,31
DA:121,87
DA:123,31
DA:124,31
DA:127,31
DA:128,13
DA:129,13
DA:130,13
DA:133,31
DA:137,31
DA:138,1
DA:139,1
DA:142,31
DA:143,1
DA:147,31
DA:151,31
DA:153,31
DA:156,31
DA:158,31
DA:163,31
DA:179,31
DA:186,1
DA:234,1
LF:43
LH:43
BRDA:89,0,0,2
BRDA:89,0,1,11
BRDA:93,1,0,11
BRDA:93,1,1,2
BRDA:147,2,0,28
BRDA:147,2,1,3
BRDA:151,3,0,31
BRDA:151,3,1,13
BRDA:163,4,0,5
BRDA:163,4,1,26
BRDA:163,5,0,31
BRDA:163,5,1,31
BRDA:164,6,0,5
BRDA:164,6,1,5
BRDA:222,7,0,28
BRDA:222,7,1,3
BRDA:228,8,0,31
BRDA:228,8,1,13
BRDA:248,9,0,10
BRDA:248,9,1,3
BRDA:255,10,0,10
BRDA:255,10,1,3
BRF:22
BRH:22
end_of_record
TN:
SF:src/screens/BottomTabMainScreen.tsx
FN:43,(anonymous_0)
FN:47,(anonymous_1)
FN:50,(anonymous_2)
FN:57,(anonymous_3)
FN:62,(anonymous_4)
FN:64,(anonymous_5)
FN:68,(anonymous_6)
FN:69,(anonymous_7)
FN:75,(anonymous_8)
FN:95,(anonymous_9)
FN:117,(anonymous_10)
FN:132,(anonymous_11)
FN:134,(anonymous_12)
FN:142,(anonymous_13)
FN:150,(anonymous_14)
FN:153,(anonymous_15)
FN:158,(anonymous_16)
FN:171,(anonymous_17)
FN:179,(anonymous_18)
FN:181,(anonymous_19)
FN:183,(anonymous_20)
FN:189,(anonymous_21)
FN:190,(anonymous_22)
FNF:23
FNH:16
FNDA:12,(anonymous_0)
FNDA:46,(anonymous_1)
FNDA:46,(anonymous_2)
FNDA:46,(anonymous_3)
FNDA:46,(anonymous_4)
FNDA:8,(anonymous_5)
FNDA:8,(anonymous_6)
FNDA:0,(anonymous_7)
FNDA:0,(anonymous_8)
FNDA:0,(anonymous_9)
FNDA:0,(anonymous_10)
FNDA:8,(anonymous_11)
FNDA:0,(anonymous_12)
[...]
DA:168,0
DA:169,0
DA:177,0
DA:178,0
DA:184,9
DA:185,3
DA:186,3
DA:187,3
DA:188,3
DA:196,3
DA:197,3
DA:199,3
DA:200,3
DA:204,3
DA:205,3
DA:207,3
DA:208,3
DA:209,3
DA:213,9
DA:214,3
DA:215,3
DA:218,9
DA:219,0
DA:220,0
DA:237,9
DA:238,0
DA:252,9
DA:253,0
DA:278,0
DA:285,9
DA:286,0
DA:287,0
DA:292,0
DA:297,0
DA:298,0
DA:305,0
DA:328,9
DA:329,0
DA:339,9
DA:355,15
LF:80
LH:58
BRDA:154,0,0,0
BRDA:154,0,1,0
BRDA:155,1,0,0
BRDA:155,1,1,0
BRDA:164,2,0,0
BRDA:164,2,1,0
BRDA:165,3,0,0
BRDA:165,3,1,0
BRDA:218,4,0,0
BRDA:286,5,0,0
BRDA:286,5,1,0
BRDA:292,6,0,0
BRDA:292,6,1,0
BRDA:372,7,0,3
BRDA:372,7,1,6
BRF:15
BRH:2
end_of_record
TN:
SF:src/screens/chat/WhosAroundScreen.tsx
FN:30,(anonymous_0)
FN:33,(anonymous_1)
FN:36,(anonymous_2)
FN:46,(anonymous_3)
FN:52,(anonymous_4)
FN:63,(anonymous_5)
FN:132,(anonymous_6)
FN:137,(anonymous_7)
FN:146,(anonymous_8)
FN:176,(anonymous_9)
FN:199,(anonymous_10)
FN:217,(anonymous_11)
FN:240,(anonymous_12)
FN:259,(anonymous_13)
FN:264,(anonymous_14)
FN:280,(anonymous_15)
FN:285,(anonymous_16)
FNF:17
FNH:11
FNDA:3,(anonymous_0)
FNDA:6,(anonymous_1)
FNDA:3,(anonymous_2)
FNDA:3,(anonymous_3)
FNDA:1,(anonymous_4)
FNDA:3,(anonymous_5)
FNDA:3,(anonymous_6)
FNDA:6,(anonymous_7)
FNDA:0,(anonymous_8)
FNDA:0,(anonymous_9)
FNDA:0,(anonymous_10)
FNDA:0,(anonymous_11)
FNDA:3,(anonymous_12)
FNDA:0,(anonymous_13)
FNDA:6,(anonymous_14)
FNDA:0,(anonymous_15)
FNDA:2,(anonymous_16)
DA:30,4
DA:31,3
DA:32,3
DA:33,6
DA:35,3
DA:36,3
DA:37,3
DA:38,0
DA:39,0
DA:43,3
DA:46,4
DA:47,3
DA:48,3
DA:49,3
DA:52,1
DA:63,4
DA:70,3
DA:71,3
DA:132,4
DA:133,3
DA:134,3
DA:136,3
DA:137,6
DA:139,3
DA:140,3
DA:141,3
DA:142,3
DA:143,3
DA:144,3
DA:145,3
DA:146,3
DA:147,0
DA:148,0
DA:151,0
DA:167,0
DA:173,0
DA:176,3
DA:177,0
DA:178,0
DA:179,0
DA:187,0
DA:193,0
DA:196,0
DA:199,3
DA:200,0
DA:201,0
DA:202,0
DA:205,0
DA:209,0
DA:211,0
DA:217,3
DA:218,0
DA:219,0
DA:220,0
DA:221,0
DA:229,0
DA:236,0
DA:240,3
DA:242,3
DA:250,3
DA:251,1
DA:260,0
DA:261,0
DA:265,6
DA:281,0
DA:282,0
DA:286,2
DA:300,2
DA:303,3
LF:69
LH:40
BRDA:37,0,0,0
BRDA:37,0,1,3
BRDA:37,1,0,3
BRDA:37,1,1,2
BRDA:73,2,0,1
BRDA:73,2,1,2
BRDA:151,3,0,0
BRDA:151,3,1,0
BRDA:201,4,0,0
BRDA:201,4,1,0
BRDA:219,5,0,0
BRDA:219,5,1,0
BRDA:242,6,0,1
BRDA:242,6,1,2
BRDA:250,7,0,1
BRDA:250,7,1,2
BRDA:309,8,0,0
BRDA:309,8,1,3
BRF:18
BRH:10
end_of_record
TN:
SF:src/screens/more_screens/ContactScreen.tsx
FN:22,(anonymous_0)
FN:26,(anonymous_1)
FN:29,(anonymous_2)
FN:33,(anonymous_3)
FN:37,(anonymous_4)
FN:42,(anonymous_5)
FN:46,(anonymous_6)
FNF:7
FNH:7
FNDA:9,(anonymous_0)
FNDA:31,(anonymous_1)
FNDA:31,(anonymous_2)
FNDA:7,(anonymous_3)
FNDA:4,(anonymous_4)
FNDA:2,(anonymous_5)
FNDA:9,(anonymous_6)
DA:22,7
DA:23,9
DA:25,9
DA:26,31
DA:28,9
DA:29,31
DA:31,9
DA:33,9
DA:34,7
DA:37,9
DA:38,4
DA:39,4
DA:42,9
DA:43,2
DA:46,9
DA:47,9
DA:49,7
DA:56,1
DA:62,1
DA:66,0
DA:69,9
LF:21
LH:20
BRDA:47,0,0,7
BRDA:47,0,1,1
BRDA:47,0,2,1
BRDA:47,0,3,0
BRF:4
BRH:3
end_of_record
TN:
SF:src/screens/more_screens/CovidDocumentScreen.tsx
FN:18,(anonymous_0)
FN:20,(anonymous_1)
FN:24,(anonymous_2)
FN:29,(anonymous_3)
FNF:4
FNH:4
FNDA:3,(anonymous_0)
FNDA:9,(anonymous_1)
FNDA:9,(anonymous_2)
FNDA:3,(anonymous_3)
DA:9,7
DA:11,7
DA:18,7
DA:19,3
DA:20,9
DA:23,3
DA:24,9
DA:27,3
DA:29,3
DA:30,3
DA:33,3
DA:35,3
DA:36,1
DA:43,2
LF:14
LH:14
BRDA:35,0,0,1
BRDA:35,0,1,2
BRDA:45,1,0,1
BRDA:45,1,1,1
BRF:4
BRH:4
end_of_record
TN:
SF:src/screens/more_screens/ImprintScreen.tsx
FN:17,(anonymous_0)
FN:19,(anonymous_1)
FN:20,(anonymous_2)
FN:23,(anonymous_3)
FN:25,(anonymous_4)
FN:37,(anonymous_5)
FN:42,(anonymous_6)
FN:45,(anonymous_7)
FN:49,(anonymous_8)
FN:142,(anonymous_9)
FN:159,(anonymous_10)
FN:177,(anonymous_11)
FN:194,(anonymous_12)
FN:211,(anonymous_13)
FN:230,(anonymous_14)
FN:231,(anonymous_15)
FN:275,(anonymous_16)
FNF:17
FNH:15
FNDA:9,(anonymous_0)
FNDA:9,(anonymous_1)
FNDA:9,(anonymous_2)
FNDA:0,(anonymous_3)
FNDA:0,(anonymous_4)
FNDA:9,(anonymous_5)
FNDA:33,(anonymous_6)
FNDA:9,(anonymous_7)
FNDA:8,(anonymous_8)
FNDA:1,(anonymous_9)
FNDA:1,(anonymous_10)
FNDA:1,(anonymous_11)
FNDA:1,(anonymous_12)
FNDA:1,(anonymous_13)
FNDA:16,(anonymous_14)
FNDA:24,(anonymous_15)
FNDA:80,(anonymous_16)
DA:17,7
DA:18,9
DA:19,9
DA:20,9
DA:21,9
DA:22,1
DA:23,0
DA:25,0
DA:29,8
DA:37,7
DA:38,9
DA:40,9
DA:41,9
DA:42,33
DA:44,9
DA:45,9
DA:46,9
DA:49,9
DA:50,8
DA:142,1
DA:159,1
DA:177,1
DA:194,1
DA:211,1
DA:230,16
DA:232,24
DA:271,9
DA:272,9
DA:276,80
LF:29
LH:27
BRDA:21,0,0,1
BRDA:21,0,1,8
BRDA:271,1,0,8
BRDA:271,1,1,1
BRF:4
BRH:4
end_of_record
TN:
SF:src/screens/more_screens/NewsScreen.tsx
FN:19,(anonymous_0)
FN:24,(anonymous_1)
FN:29,(anonymous_2)
FN:32,(anonymous_3)
FN:33,(anonymous_4)
FN:38,(anonymous_5)
FN:39,(anonymous_6)
FN:53,(anonymous_7)
FN:57,(anonymous_8)
FN:62,(anonymous_9)
FN:64,(anonymous_10)
FN:66,(anonymous_11)
FN:78,(anonymous_12)
FNF:13
FNH:11
FNDA:15,(anonymous_0)
FNDA:43,(anonymous_1)
FNDA:43,(anonymous_2)
FNDA:9,(anonymous_3)
FNDA:9,(anonymous_4)
FNDA:0,(anonymous_5)
FNDA:0,(anonymous_6)
FNDA:9,(anonymous_7)
FNDA:2,(anonymous_8)
FNDA:2,(anonymous_9)
FNDA:15,(anonymous_10)
FNDA:13,(anonymous_11)
FNDA:8,(anonymous_12)
DA:19,7
DA:20,15
DA:21,15
DA:22,15
DA:23,15
DA:24,43
DA:27,15
DA:28,15
DA:29,43
DA:32,15
DA:33,9
DA:34,9
DA:35,1
DA:36,1
DA:37,1
DA:38,0
DA:39,0
DA:43,8
DA:44,8
DA:45,8
DA:52,15
DA:53,15
DA:54,9
DA:57,15
DA:58,2
DA:59,2
DA:62,15
DA:64,15
DA:65,15
DA:67,13
DA:79,8
DA:92,15
DA:96,15
DA:97,15
DA:101,15
LF:35
LH:33
BRDA:34,0,0,1
BRDA:34,0,1,8
BRDA:65,1,0,11
BRDA:65,1,1,4
BRDA:97,2,0,2
BRDA:97,2,1,13
BRDA:110,3,0,2
BRDA:110,3,1,13
BRF:8
BRH:8
end_of_record
TN:
SF:src/screens/more_screens/SalaryScreen.tsx
FN:18,(anonymous_0)
FN:23,(anonymous_1)
FN:26,(anonymous_2)
FN:29,(anonymous_3)
FN:32,(anonymous_4)
FN:36,(anonymous_5)
FN:40,(anonymous_6)
FN:45,(anonymous_7)
FNF:8
FNH:8
FNDA:4,(anonymous_0)
FNDA:12,(anonymous_1)
FNDA:12,(anonymous_2)
FNDA:12,(anonymous_3)
FNDA:3,(anonymous_4)
FNDA:1,(anonymous_5)
FNDA:1,(anonymous_6)
FNDA:4,(anonymous_7)
DA:18,7
DA:19,4
DA:20,4
DA:21,4
DA:22,4
DA:23,12
DA:25,4
DA:26,12
DA:28,4
DA:29,12
DA:31,4
DA:32,4
DA:33,3
DA:36,4
DA:37,1
DA:40,4
DA:41,1
DA:42,1
DA:45,4
DA:49,4
DA:59,4
LF:21
LH:21
BRDA:49,0,0,3
BRDA:49,0,1,1
BRF:2
BRH:2
end_of_record
TN:
SF:src/screens/more_screens/SeaServiceRecordsScreen.tsx
FN:21,(anonymous_0)
FN:28,(anonymous_1)
FN:31,(anonymous_2)
FN:34,(anonymous_3)
FN:38,(anonymous_4)
FN:41,(anonymous_5)
FN:46,(anonymous_6)
FNF:7
FNH:7
FNDA:4,(anonymous_0)
FNDA:12,(anonymous_1)
FNDA:12,(anonymous_2)
FNDA:2,(anonymous_3)
FNDA:2,(anonymous_4)
FNDA:2,(anonymous_5)
FNDA:4,(anonymous_6)
DA:21,7
DA:22,4
DA:23,4
DA:27,4
DA:28,12
DA:30,4
DA:31,12
DA:33,4
DA:34,4
DA:35,2
DA:38,4
DA:39,2
DA:41,4
DA:42,2
DA:43,2
DA:46,4
DA:50,4
DA:63,4
DA:67,4
DA:72,4
LF:20
LH:20
BRDA:50,0,0,2
BRDA:50,0,1,2
BRF:2
BRH:2
end_of_record
TN:
SF:src/screens/more_screens/SeafarerDetailsScreen.tsx
FN:20,(anonymous_0)
FN:35,(anonymous_1)
FN:67,(anonymous_2)
FN:99,(anonymous_3)
FN:109,(anonymous_4)
FN:124,(anonymous_5)
FN:139,(anonymous_6)
FN:157,(anonymous_7)
FN:170,(anonymous_8)
FN:175,(anonymous_9)
FN:184,(anonymous_10)
FN:191,(anonymous_11)
FN:391,(anonymous_12)
FNF:13
FNH:11
FNDA:19,(anonymous_0)
FNDA:19,(anonymous_1)
FNDA:19,(anonymous_2)
FNDA:19,(anonymous_3)
FNDA:19,(anonymous_4)
FNDA:0,(anonymous_5)
FNDA:19,(anonymous_6)
FNDA:32,(anonymous_7)
FNDA:4,(anonymous_8)
FNDA:5,(anonymous_9)
FNDA:0,(anonymous_10)
FNDA:19,(anonymous_11)
FNDA:4,(anonymous_12)
DA:20,7
DA:21,19
DA:22,9
DA:24,4
DA:26,4
DA:28,1
DA:31,10
DA:35,7
DA:46,19
DA:67,7
DA:68,19
DA:69,19
DA:99,7
DA:100,19
DA:101,19
DA:110,19
DA:125,0
DA:139,7
DA:140,19
DA:148,19
DA:158,32
DA:167,19
DA:168,19
DA:170,19
DA:171,4
DA:172,4
DA:175,19
DA:176,5
DA:177,0
DA:178,0
DA:184,0
DA:191,19
DA:192,19
DA:193,19
DA:199,19
DA:384,19
DA:391,4
LF:37
LH:33
BRDA:21,0,0,9
BRDA:21,0,1,10
BRDA:21,1,0,19
BRDA:21,1,1,9
BRDA:22,2,0,4
BRDA:22,2,1,4
BRDA:22,2,2,1
BRDA:176,3,0,0
BRDA:176,3,1,5
BRDA:176,4,0,5
BRDA:176,4,1,3
BRDA:176,4,2,0
BRDA:193,5,0,19
BRDA:193,5,1,0
BRDA:200,6,0,19
BRDA:200,6,1,19
BRDA:311,7,0,19
BRDA:311,7,1,17
BRF:18
BRH:15
end_of_record
TN:
SF:src/screens/more_screens/SeafarerDocumentsScreen.tsx
FN:18,(anonymous_0)
FN:22,(anonymous_1)
FN:27,(anonymous_2)
FN:29,(anonymous_3)
FN:32,(anonymous_4)
FN:36,(anonymous_5)
FN:39,(anonymous_6)
FN:46,(anonymous_7)
FN:57,(anonymous_8)
FN:61,(anonymous_9)
FN:73,(anonymous_10)
FN:93,(anonymous_11)
FNF:12
FNH:12
FNDA:7,(anonymous_0)
FNDA:19,(anonymous_1)
FNDA:19,(anonymous_2)
FNDA:19,(anonymous_3)
FNDA:4,(anonymous_4)
FNDA:7,(anonymous_5)
FNDA:20,(anonymous_6)
FNDA:7,(anonymous_7)
FNDA:1,(anonymous_8)
FNDA:3,(anonymous_9)
FNDA:2,(anonymous_10)
FNDA:37,(anonymous_11)
DA:18,7
DA:19,7
DA:20,7
DA:21,7
DA:22,19
DA:24,7
DA:27,19
DA:28,7
DA:29,19
DA:31,7
DA:32,7
DA:33,4
DA:36,7
DA:37,7
DA:38,5
DA:39,20
DA:41,5
DA:42,5
DA:46,7
DA:47,7
DA:57,7
DA:58,1
DA:61,7
DA:62,3
DA:73,7
DA:74,2
DA:75,2
DA:78,7
DA:79,7
DA:94,37
LF:30
LH:30
BRDA:37,0,0,5
BRDA:37,0,1,2
BRDA:42,1,0,5
BRDA:42,1,1,2
BRDA:47,2,0,3
BRDA:47,2,1,4
BRDA:63,3,0,3
BRDA:63,3,1,3
BRDA:88,4,0,3
BRDA:88,4,1,4
BRDA:92,5,0,3
BRDA:92,5,1,3
BRF:12
BRH:12
end_of_record
TN:
SF:src/screens/more_screens/SettingsScreen.tsx
FN:17,(anonymous_0)
FN:31,(anonymous_1)
FN:40,fetchBiometricToggleFromStore
FN:50,triggerBiometricToggle
FN:59,(anonymous_4)
FN:66,(anonymous_5)
FN:73,setBiometricLogin
FN:77,(anonymous_7)
FN:85,(anonymous_8)
FN:86,(anonymous_9)
FN:91,(anonymous_10)
FN:92,(anonymous_11)
FN:96,isBiometricAbleToUse
FN:98,(anonymous_13)
FN:101,(anonymous_14)
FN:107,(anonymous_15)
FN:112,(anonymous_16)
FNF:17
FNH:9
FNDA:10,(anonymous_0)
FNDA:6,(anonymous_1)
FNDA:6,fetchBiometricToggleFromStore
FNDA:0,triggerBiometricToggle
FNDA:0,(anonymous_4)
FNDA:0,(anonymous_5)
FNDA:0,setBiometricLogin
FNDA:0,(anonymous_7)
FNDA:5,(anonymous_8)
FNDA:0,(anonymous_9)
FNDA:5,(anonymous_10)
FNDA:0,(anonymous_11)
FNDA:6,isBiometricAbleToUse
FNDA:3,(anonymous_13)
FNDA:1,(anonymous_14)
FNDA:0,(anonymous_15)
FNDA:1,(anonymous_16)
DA:17,7
DA:18,10
DA:19,10
DA:20,10
DA:21,10
DA:23,10
DA:27,10
DA:28,10
DA:29,10
DA:31,10
DA:32,6
DA:33,6
DA:35,0
DA:41,6
DA:45,6
DA:46,6
DA:47,6
DA:51,0
DA:52,0
DA:54,0
DA:56,0
DA:59,10
DA:60,0
DA:66,0
DA:74,0
DA:78,0
DA:79,0
DA:80,0
DA:85,10
DA:86,5
DA:87,0
DA:88,0
DA:91,5
DA:92,5
DA:97,6
DA:99,3
DA:102,1
DA:103,1
DA:107,10
DA:108,0
DA:109,0
DA:112,10
DA:113,1
DA:116,10
LF:44
LH:29
BRDA:32,0,0,6
BRDA:32,0,1,0
BRDA:45,1,0,2
BRDA:45,1,1,4
BRDA:51,2,0,0
BRDA:51,2,1,0
BRDA:79,3,0,0
BRDA:79,3,1,0
BRDA:87,4,0,0
BRDA:87,4,1,0
BRDA:118,5,0,3
BRDA:118,5,1,7
BRF:12
BRH:5
end_of_record
TN:
SF:src/screens/more_screens/SupportScreen.tsx
FN:16,(anonymous_0)
FN:19,(anonymous_1)
FN:24,(anonymous_2)
FN:25,(anonymous_3)
FN:28,(anonymous_4)
FN:29,(anonymous_5)
FN:56,(anonymous_6)
FN:72,(anonymous_7)
FNF:8
FNH:6
FNDA:8,(anonymous_0)
FNDA:2,(anonymous_1)
FNDA:8,(anonymous_2)
FNDA:8,(anonymous_3)
FNDA:0,(anonymous_4)
FNDA:0,(anonymous_5)
FNDA:1,(anonymous_6)
FNDA:1,(anonymous_7)
DA:11,7
DA:12,7
DA:14,7
DA:17,8
DA:19,8
DA:20,2
DA:22,8
DA:24,8
DA:25,8
DA:26,8
DA:27,1
DA:28,0
DA:29,0
DA:33,7
DA:39,8
DA:57,1
DA:73,1
LF:17
LH:15
BRDA:26,0,0,1
BRDA:26,0,1,7
BRF:2
BRH:2
end_of_record
TN:
SF:src/screens/more_screens/SwipeNavigatorScreen.tsx
FN:12,(anonymous_0)
FNF:1
FNH:1
FNDA:6,(anonymous_0)
DA:12,3
DA:13,6
DA:20,6
LF:3
LH:3
BRF:0
BRH:0
end_of_record
TN:
SF:src/screens/more_screens/VesselTrackerScreen.tsx
FN:16,(anonymous_0)
FN:25,(anonymous_1)
FN:30,(anonymous_2)
FN:36,(anonymous_3)
FN:45,(anonymous_4)
FN:49,(anonymous_5)
FN:55,(anonymous_6)
FN:61,(anonymous_7)
FN:72,(anonymous_8)
FN:87,(anonymous_9)
FN:100,(anonymous_10)
FNF:11
FNH:7
FNDA:4,(anonymous_0)
FNDA:0,(anonymous_1)
FNDA:6,(anonymous_2)
FNDA:5,(anonymous_3)
FNDA:2,(anonymous_4)
FNDA:2,(anonymous_5)
FNDA:1,(anonymous_6)
FNDA:0,(anonymous_7)
FNDA:0,(anonymous_8)
FNDA:0,(anonymous_9)
FNDA:1,(anonymous_10)
DA:16,4
DA:17,4
DA:18,4
DA:24,4
DA:25,4
DA:26,4
DA:31,6
DA:36,4
DA:37,5
DA:45,4
DA:46,2
DA:49,4
DA:50,2
DA:51,2
DA:55,4
DA:56,1
DA:57,1
DA:61,4
DA:62,0
DA:65,4
DA:73,0
DA:87,0
DA:100,1
LF:23
LH:20
BRDA:38,0,0,5
BRDA:38,0,1,2
BRDA:39,1,0,5
BRDA:39,1,1,2
BRDA:50,2,0,2
BRDA:50,2,1,0
BRDA:50,3,0,2
BRDA:50,3,1,2
BRDA:56,4,0,1
BRDA:56,4,1,0
BRDA:76,5,0,4
BRDA:76,5,1,2
BRDA:76,5,2,2
BRF:13
BRH:11
end_of_record
TN:
SF:src/screens/more_screens/WorkingClothesScreen.tsx
FN:18,(anonymous_0)
FN:22,(anonymous_1)
FN:25,(anonymous_2)
FN:29,(anonymous_3)
FN:33,(anonymous_4)
FN:38,(anonymous_5)
FN:76,(anonymous_6)
FNF:7
FNH:7
FNDA:2,(anonymous_0)
FNDA:10,(anonymous_1)
FNDA:10,(anonymous_2)
FNDA:2,(anonymous_3)
FNDA:2,(anonymous_4)
FNDA:2,(anonymous_5)
FNDA:2,(anonymous_6)
DA:16,7
DA:18,7
DA:19,2
DA:21,2
DA:22,10
DA:24,2
DA:25,10
DA:28,2
DA:29,2
DA:30,2
DA:33,2
DA:34,2
DA:35,2
DA:38,2
DA:41,2
DA:50,2
DA:66,2
DA:76,2
LF:18
LH:18
BRF:0
BRH:0
end_of_record
TN:
SF:src/screens/more_screens/FAQScreenContents/AssignmentTabContent.tsx
FN:9,(anonymous_0)
FNF:1
FNH:1
FNDA:3,(anonymous_0)
DA:9,15
DA:10,3
LF:2
LH:2
BRF:0
BRH:0
end_of_record
TN:
SF:src/screens/more_screens/FAQScreenContents/GeneralTab.tsx
FN:9,(anonymous_0)
FNF:1
FNH:1
FNDA:2,(anonymous_0)
DA:9,15
DA:10,2
LF:2
LH:2
BRF:0
BRH:0
end_of_record
TN:
SF:src/screens/more_screens/FAQScreenContents/LoginAndPasswordTab.tsx
FN:9,(anonymous_0)
FNF:1
FNH:1
FNDA:4,(anonymous_0)
DA:9,15
DA:10,4
LF:2
LH:2
BRF:0
BRH:0
end_of_record
TN:
SF:src/screens/more_screens/FAQScreenContents/PersonalInfoTab.tsx
FN:10,(anonymous_0)
FNF:1
FNH:1
FNDA:3,(anonymous_0)
DA:10,15
DA:11,3
LF:2
LH:2
BRF:0
BRH:0
end_of_record
TN:
SF:src/screens/more_screens/FAQScreenContents/RegistrationTab.tsx
FN:9,(anonymous_0)
FNF:1
FNH:1
FNDA:48,(anonymous_0)
DA:9,15
DA:10,48
LF:2
LH:2
BRF:0
BRH:0
end_of_record
TN:
SF:src/screens/more_screens/FAQScreenContents/TechnicalTab.tsx
FN:10,(anonymous_0)
FNF:1
FNH:1
FNDA:3,(anonymous_0)
DA:10,15
DA:11,3
LF:2
LH:2
BRF:0
BRH:0
end_of_record
TN:
SF:src/screens/more_screens/FAQScreenContents/faqContent.ts
FNF:0
FNH:0
DA:1,20
DA:3,20
DA:27,20
DA:46,20
DA:88,20
DA:112,20
DA:132,20
LF:7
LH:7
BRF:0
BRH:0
end_of_record
TN:
SF:src/screens/more_screens/FAQScreenContents/index.ts
FNF:0
FNH:0
LF:0
LH:0
BRF:0
BRH:0
end_of_record
TN:
SF:src/screens/more_screens/salary/ReadMorePayslipScreen.tsx
FN:21,(anonymous_0)
FN:31,(anonymous_1)
FN:33,(anonymous_2)
FN:36,(anonymous_3)
FN:40,(anonymous_4)
FN:46,(anonymous_5)
FN:56,(anonymous_6)
FNF:7
FNH:7
FNDA:5,(anonymous_0)
FNDA:12,(anonymous_1)
FNDA:12,(anonymous_2)
FNDA:1,(anonymous_3)
FNDA:4,(anonymous_4)
FNDA:1,(anonymous_5)
FNDA:5,(anonymous_6)
DA:15,7
DA:21,7
DA:22,5
DA:25,5
DA:26,5
DA:27,5
DA:28,5
DA:31,12
DA:32,5
DA:33,12
DA:36,5
DA:37,1
DA:40,5
DA:41,4
DA:42,4
DA:43,1
DA:45,1
DA:47,1
DA:52,3
DA:56,5
DA:60,5
DA:61,1
DA:67,4
DA:75,5
DA:77,5
DA:79,5
LF:26
LH:26
BRDA:42,0,0,1
BRDA:42,0,1,3
BRDA:60,1,0,1
BRDA:60,1,1,4
BRDA:68,2,0,4
BRDA:68,2,1,0
BRDA:75,3,0,5
BRDA:75,3,1,4
BRDA:77,4,0,0
BRDA:77,4,1,5
BRF:10
BRH:8
end_of_record
TN:
SF:src/screens/more_screens/seafarerDocuments/ExcelRenderer.tsx
FN:21,(anonymous_0)
FN:26,(anonymous_1)
FN:28,(anonymous_2)
FN:37,(anonymous_3)
FN:43,(anonymous_4)
FN:44,(anonymous_5)
FN:66,(anonymous_6)
FN:84,(anonymous_7)
FNF:8
FNH:8
FNDA:21,(anonymous_0)
FNDA:35,(anonymous_1)
FNDA:35,(anonymous_2)
FNDA:7,(anonymous_3)
FNDA:14,(anonymous_4)
FNDA:2,(anonymous_5)
FNDA:1,(anonymous_6)
FNDA:1,(anonymous_7)
DA:15,7
DA:21,7
DA:22,21
DA:23,21
DA:26,35
DA:27,21
DA:28,35
DA:30,21
DA:31,21
DA:34,21
DA:35,21
DA:37,21
DA:38,7
DA:39,7
DA:40,7
DA:43,21
DA:44,14
DA:45,2
DA:46,1
DA:47,1
DA:49,1
DA:53,14
DA:54,14
DA:55,5
DA:56,2
DA:67,1
DA:71,3
DA:85,1
DA:92,21
DA:93,1
DA:101,20
DA:102,13
DA:108,7
LF:33
LH:33
BRDA:45,0,0,1
BRDA:45,0,1,1
BRDA:54,1,0,5
BRDA:54,1,1,9
BRDA:54,2,0,14
BRDA:54,2,1,12
BRDA:54,2,2,6
BRDA:55,3,0,2
BRDA:55,3,1,3
BRDA:92,4,0,1
BRDA:92,4,1,20
BRDA:101,5,0,13
BRDA:101,5,1,7
BRDA:101,6,0,20
BRDA:101,6,1,8
BRF:15
BRH:15
end_of_record
TN:
SF:src/screens/more_screens/seafarerDocuments/MoreSeafarerDocumentsScreen.tsx
FN:37,(anonymous_0)
FN:46,(anonymous_1)
FN:48,(anonymous_2)
FN:51,(anonymous_3)
FN:59,(anonymous_4)
FN:68,(anonymous_5)
FN:71,(anonymous_6)
FN:80,(anonymous_7)
FN:92,(anonymous_8)
FNF:9
FNH:9
FNDA:8,(anonymous_0)
FNDA:17,(anonymous_1)
FNDA:17,(anonymous_2)
FNDA:3,(anonymous_3)
FNDA:6,(anonymous_4)
FNDA:2,(anonymous_5)
FNDA:1,(anonymous_6)
FNDA:6,(anonymous_7)
FNDA:8,(anonymous_8)
DA:19,7
DA:35,7
DA:37,7
DA:38,8
DA:41,8
DA:43,8
DA:46,17
DA:47,8
DA:48,17
DA:50,8
DA:51,8
DA:56,3
DA:59,8
DA:60,6
DA:62,6
DA:63,3
DA:65,3
DA:69,2
DA:72,1
DA:76,3
DA:80,8
DA:81,6
DA:92,8
DA:96,8
DA:97,1
DA:103,7
DA:108,8
DA:109,8
LF:28
LH:28
BRDA:62,0,0,3
BRDA:62,0,1,3
BRDA:81,1,0,1
BRDA:81,1,1,5
BRDA:96,2,0,1
BRDA:96,2,1,7
BRDA:103,3,0,6
BRDA:103,3,1,1
BRDA:108,4,0,2
BRDA:108,4,1,6
BRF:10
BRH:10
end_of_record
TN:
SF:src/screens/news/ReadMoreNewsScreen.tsx
FN:16,(anonymous_0)
FNF:1
FNH:1
FNDA:2,(anonymous_0)
DA:17,2
DA:18,2
DA:20,2
DA:21,2
LF:4
LH:4
BRDA:21,0,0,1
BRDA:21,0,1,1
BRF:2
BRH:2
end_of_record
TN:
SF:src/styles/AppStyles.ts
FNF:0
FNH:0
DA:8,6
LF:1
LH:1
BRF:0
BRH:0
end_of_record
TN:
SF:src/styles/AssignmentScreenStyles.ts
FNF:0
FNH:0
LF:0
LH:0
BRF:0
BRH:0
end_of_record
TN:
SF:src/styles/AuthStyles.ts
FNF:0
FNH:0
DA:9,21
DA:10,21
DA:11,21
DA:12,21
LF:4
LH:4
BRF:0
BRH:0
end_of_record
TN:
SF:src/styles/ChatStyles.ts
FNF:0
FNH:0
LF:0
LH:0
BRF:0
BRH:0
end_of_record
TN:
SF:src/styles/FAQStyles.ts
FNF:0
FNH:0
DA:8,21
LF:1
LH:1
BRF:0
BRH:0
end_of_record
TN:
SF:src/styles/FlightCardStyles.ts
FNF:0
FNH:0
LF:0
LH:0
BRF:0
BRH:0
end_of_record
TN:
SF:src/styles/MoreScreenStyles.ts
FNF:0
FNH:0
DA:8,6
DA:9,6
LF:2
LH:2
BRF:0
BRH:0
end_of_record
TN:
SF:src/styles/NotificationsScreenStyles.ts
FNF:0
FNH:0
LF:0
LH:0
BRF:0
BRH:0
end_of_record
TN:
SF:src/styles/PassCodeStyles.ts
FNF:0
FNH:0
LF:0
LH:0
BRF:0
BRH:0
end_of_record
TN:
SF:src/styles/SeafarerDetailsStyles.ts
FNF:0
FNH:0
LF:0
LH:0
BRF:0
BRH:0
end_of_record
TN:
SF:src/styles/assignments/EmploymentOfferStyles.ts
FNF:0
FNH:0
LF:0
LH:0
BRF:0
BRH:0
end_of_record
TN:
SF:src/styles/customHeaderStyles/CustomHeaderNotAuthStyles.tsx
FNF:0
FNH:0
DA:8,3
LF:1
LH:1
BRF:0
BRH:0
end_of_record
TN:
SF:src/styles/more_screens/AppColorSchemeStyles.ts
FNF:0
FNH:0
LF:0
LH:0
BRF:0
BRH:0
end_of_record
TN:
SF:src/styles/more_screens/BiometricLoginStyle.ts
FNF:0
FNH:0
LF:0
LH:0
BRF:0
BRH:0
end_of_record
TN:
SF:src/styles/more_screens/ContactsStyles.ts
FNF:0
FNH:0
LF:0
LH:0
BRF:0
BRH:0
end_of_record
TN:
SF:src/styles/more_screens/CrewManagerStyles.ts
FNF:0
FNH:0
LF:0
LH:0
BRF:0
BRH:0
end_of_record
TN:
SF:src/styles/more_screens/DarkModeChangeModalStyles.ts
FNF:0
FNH:0
DA:4,8
LF:1
LH:1
BRF:0
BRH:0
end_of_record
TN:
SF:src/styles/more_screens/ImgRenderStyles.ts
FNF:0
FNH:0
LF:0
LH:0
BRF:0
BRH:0
end_of_record
TN:
SF:src/styles/more_screens/ImprintStyles.ts
FNF:0
FNH:0
LF:0
LH:0
BRF:0
BRH:0
end_of_record
TN:
SF:src/styles/more_screens/ManningAgentStyles.ts
FNF:0
FNH:0
LF:0
LH:0
BRF:0
BRH:0
end_of_record
TN:
SF:src/styles/more_screens/NewsCardStyles.ts
FNF:0
FNH:0
DA:8,12
LF:1
LH:1
BRF:0
BRH:0
end_of_record
TN:
SF:src/styles/more_screens/PdfRenderStyles.ts
FNF:0
FNH:0
LF:0
LH:0
BRF:0
BRH:0
end_of_record
TN:
SF:src/styles/more_screens/SalaryAllotmentsStyles.ts
FNF:0
FNH:0
DA:8,11
LF:1
LH:1
BRF:0
BRH:0
end_of_record
TN:
SF:src/styles/more_screens/SalaryPdfStyles.ts
FNF:0
FNH:0
LF:0
LH:0
BRF:0
BRH:0
end_of_record
TN:
SF:src/styles/more_screens/SeaServiceDetailsStyles.ts
FNF:0
FNH:0
DA:8,8
DA:10,8
DA:11,8
LF:3
LH:3
BRF:0
BRH:0
end_of_record
TN:
SF:src/styles/more_screens/SeafarerDocumentationStyles.ts
FNF:0
FNH:0
DA:8,12
LF:1
LH:1
BRF:0
BRH:0
end_of_record
TN:
SF:src/styles/more_screens/SettingsStyles.ts
FNF:0
FNH:0
DA:8,7
LF:1
LH:1
BRF:0
BRH:0
end_of_record
TN:
SF:src/styles/more_screens/SupportStyles.ts
FNF:0
FNH:0
DA:8,7
LF:1
LH:1
BRF:0
BRH:0
end_of_record
TN:
SF:src/styles/more_screens/SwipeNavigatorStyles.ts
FNF:0
FNH:0
DA:8,3
LF:1
LH:1
BRF:0
BRH:0
end_of_record
TN:
SF:src/styles/more_screens/VesselTrackerStyles.ts
FNF:0
FNH:0
LF:0
LH:0
BRF:0
BRH:0
end_of_record
TN:
SF:src/styles/more_screens/workingClothesStyles.ts
FNF:0
FNH:0
LF:0
LH:0
BRF:0
BRH:0
end_of_record
